[0.101s] Invoking command in '/workspaces/ROS_PointCloud_AGV/build/cpp_pubsub': /usr/local/bin/cmake --build /workspaces/ROS_PointCloud_AGV/build/cpp_pubsub -- -j4 -l4
[0.495s] [ 50%] Built target listener
[0.502s] [100%] Built target talker
[0.541s] Invoked command in '/workspaces/ROS_PointCloud_AGV/build/cpp_pubsub' returned '0': /usr/local/bin/cmake --build /workspaces/ROS_PointCloud_AGV/build/cpp_pubsub -- -j4 -l4
[0.991s] Invoking command in '/workspaces/ROS_PointCloud_AGV/build/cpp_pubsub': /usr/local/bin/cmake --install /workspaces/ROS_PointCloud_AGV/build/cpp_pubsub
[1.137s] -- Install configuration: ""
[1.138s] -- Up-to-date: /workspaces/ROS_PointCloud_AGV/install/cpp_pubsub/lib/cpp_pubsub/talker
[1.139s] -- Up-to-date: /workspaces/ROS_PointCloud_AGV/install/cpp_pubsub/lib/cpp_pubsub/listener
[1.140s] -- Up-to-date: /workspaces/ROS_PointCloud_AGV/install/cpp_pubsub/share/ament_index/resource_index/package_run_dependencies/cpp_pubsub
[1.141s] -- Up-to-date: /workspaces/ROS_PointCloud_AGV/install/cpp_pubsub/share/ament_index/resource_index/parent_prefix_path/cpp_pubsub
[1.141s] -- Up-to-date: /workspaces/ROS_PointCloud_AGV/install/cpp_pubsub/share/cpp_pubsub/environment/ament_prefix_path.sh
[1.142s] -- Up-to-date: /workspaces/ROS_PointCloud_AGV/install/cpp_pubsub/share/cpp_pubsub/environment/ament_prefix_path.dsv
[1.143s] -- Up-to-date: /workspaces/ROS_PointCloud_AGV/install/cpp_pubsub/share/cpp_pubsub/environment/path.sh
[1.145s] -- Up-to-date: /workspaces/ROS_PointCloud_AGV/install/cpp_pubsub/share/cpp_pubsub/environment/path.dsv
[1.145s] -- Up-to-date: /workspaces/ROS_PointCloud_AGV/install/cpp_pubsub/share/cpp_pubsub/local_setup.bash
[1.146s] -- Up-to-date: /workspaces/ROS_PointCloud_AGV/install/cpp_pubsub/share/cpp_pubsub/local_setup.sh
[1.146s] -- Up-to-date: /workspaces/ROS_PointCloud_AGV/install/cpp_pubsub/share/cpp_pubsub/local_setup.zsh
[1.147s] -- Up-to-date: /workspaces/ROS_PointCloud_AGV/install/cpp_pubsub/share/cpp_pubsub/local_setup.dsv
[1.148s] -- Installing: /workspaces/ROS_PointCloud_AGV/install/cpp_pubsub/share/cpp_pubsub/package.dsv
[1.148s] -- Up-to-date: /workspaces/ROS_PointCloud_AGV/install/cpp_pubsub/share/ament_index/resource_index/packages/cpp_pubsub
[1.149s] -- Up-to-date: /workspaces/ROS_PointCloud_AGV/install/cpp_pubsub/share/cpp_pubsub/cmake/cpp_pubsubConfig.cmake
[1.149s] -- Up-to-date: /workspaces/ROS_PointCloud_AGV/install/cpp_pubsub/share/cpp_pubsub/cmake/cpp_pubsubConfig-version.cmake
[1.150s] -- Up-to-date: /workspaces/ROS_PointCloud_AGV/install/cpp_pubsub/share/cpp_pubsub/package.xml
[1.168s] Invoked command in '/workspaces/ROS_PointCloud_AGV/build/cpp_pubsub' returned '0': /usr/local/bin/cmake --install /workspaces/ROS_PointCloud_AGV/build/cpp_pubsub
