-- The C compiler identification is GNU 7.5.0
-- The CXX compiler identification is GNU 7.5.0
-- Detecting C compiler ABI info
-- Detecting C compiler ABI info - done
-- Check for working C compiler: /usr/bin/cc - skipped
-- Detecting C compile features
-- Detecting C compile features - done
-- Detecting CXX compiler ABI info
-- Detecting CXX compiler ABI info - done
-- Check for working CXX compiler: /usr/bin/c++ - skipped
-- Detecting CXX compile features
-- Detecting CXX compile features - done
-- Found ament_cmake: 0.9.12 (/opt/ros/foxy/install/share/ament_cmake/cmake)
-- Found PythonInterp: /usr/bin/python3 (found suitable version "3.6.9", minimum required is "3") 
-- Using PYTHON_EXECUTABLE: /usr/bin/python3
-- ------------------------------------------
-- Depthai ROS MSGS/INTERFACES is being built using AMENT.
-- ------------------------------------------
-- Found geometry_msgs: 2.0.5 (/opt/ros/foxy/install/share/geometry_msgs/cmake)
-- Using all available rosidl_typesupport_c: rosidl_typesupport_fastrtps_c;rosidl_typesupport_introspection_c
-- Found rosidl_adapter: 1.3.1 (/opt/ros/foxy/install/share/rosidl_adapter/cmake)
-- Found OpenSSL: /usr/lib/aarch64-linux-gnu/libcrypto.so (found version "1.1.1")  
-- Found FastRTPS: /opt/ros/foxy/install/include  
-- Using all available rosidl_typesupport_cpp: rosidl_typesupport_fastrtps_cpp;rosidl_typesupport_introspection_cpp
-- Found vision_msgs: 2.0.0 (/opt/ros/foxy/install/share/vision_msgs/cmake)
-- Found rosidl_default_generators: 1.0.1 (/opt/ros/foxy/install/share/rosidl_default_generators/cmake)
-- Found PythonInterp: /usr/bin/python3 (found version "3.6.9") 
-- Found ament_cmake_ros: 0.9.2 (/opt/ros/foxy/install/share/ament_cmake_ros/cmake)
-- Using all available rosidl_typesupport_c: rosidl_typesupport_fastrtps_c;rosidl_typesupport_introspection_c
-- Using all available rosidl_typesupport_cpp: rosidl_typesupport_fastrtps_cpp;rosidl_typesupport_introspection_cpp
-- Found PythonInterp: /usr/bin/python3 (found suitable version "3.6.9", minimum required is "3.5") 
-- Found python_cmake_module: 0.8.1 (/opt/ros/foxy/install/share/python_cmake_module/cmake)
-- Found PythonLibs: /usr/lib/aarch64-linux-gnu/libpython3.6m.so (found suitable version "3.6.9", minimum required is "3.5") 
-- Using PYTHON_EXECUTABLE: /usr/bin/python3
-- Using PYTHON_INCLUDE_DIRS: /usr/include/python3.6m
-- Using PYTHON_LIBRARIES: /usr/lib/aarch64-linux-gnu/libpython3.6m.so
-- Found PythonExtra: .so  
-- Using numpy include directory: /usr/local/lib/python3.6/dist-packages/numpy/core/include
-- Configuring done (15.1s)
-- Generating done (0.6s)
-- Build files have been written to: /workspaces/ROS_PointCloud_AGV/build/depthai_ros_msgs
[  1%] [34m[1mGenerating C code for ROS interfaces[0m
[  2%] [34m[1mGenerating C++ code for ROS interfaces[0m
[  2%] Built target depthai_ros_msgs__cpp
[  3%] [34m[1mGenerating C++ type support dispatch for ROS interfaces[0m
[  5%] [34m[1mGenerating C++ type support for eProsima Fast-RTPS[0m
[  6%] [34m[1mGenerating C++ introspection for ROS interfaces[0m
[  7%] [32mBuilding C object CMakeFiles/depthai_ros_msgs__rosidl_generator_c.dir/rosidl_generator_c/depthai_ros_msgs/msg/detail/auto_focus_ctrl__functions.c.o[0m
[  8%] [32mBuilding C object CMakeFiles/depthai_ros_msgs__rosidl_generator_c.dir/rosidl_generator_c/depthai_ros_msgs/msg/detail/hand_landmark__functions.c.o[0m
[ 10%] [32mBuilding C object CMakeFiles/depthai_ros_msgs__rosidl_generator_c.dir/rosidl_generator_c/depthai_ros_msgs/msg/detail/hand_landmark_array__functions.c.o[0m
[ 11%] [32mBuilding C object CMakeFiles/depthai_ros_msgs__rosidl_generator_c.dir/rosidl_generator_c/depthai_ros_msgs/msg/detail/spatial_detection__functions.c.o[0m
[ 12%] [32mBuilding C object CMakeFiles/depthai_ros_msgs__rosidl_generator_c.dir/rosidl_generator_c/depthai_ros_msgs/msg/detail/spatial_detection_array__functions.c.o[0m
[ 13%] [32mBuilding C object CMakeFiles/depthai_ros_msgs__rosidl_generator_c.dir/rosidl_generator_c/depthai_ros_msgs/srv/detail/trigger_named__functions.c.o[0m
[ 15%] [32mBuilding C object CMakeFiles/depthai_ros_msgs__rosidl_generator_c.dir/rosidl_generator_c/depthai_ros_msgs/srv/detail/normalized_image_crop__functions.c.o[0m
[ 16%] [32m[1mLinking C shared library libdepthai_ros_msgs__rosidl_generator_c.so[0m
[ 16%] Built target depthai_ros_msgs__rosidl_generator_c
[ 17%] [34m[1mGenerating C introspection for ROS interfaces[0m
[ 18%] [32mBuilding CXX object CMakeFiles/depthai_ros_msgs__rosidl_typesupport_cpp.dir/rosidl_typesupport_cpp/depthai_ros_msgs/msg/auto_focus_ctrl__type_support.cpp.o[0m
[ 20%] [32mBuilding CXX object CMakeFiles/depthai_ros_msgs__rosidl_typesupport_introspection_cpp.dir/rosidl_typesupport_introspection_cpp/depthai_ros_msgs/msg/detail/auto_focus_ctrl__type_support.cpp.o[0m
[ 21%] [32mBuilding CXX object CMakeFiles/depthai_ros_msgs__rosidl_typesupport_cpp.dir/rosidl_typesupport_cpp/depthai_ros_msgs/msg/hand_landmark__type_support.cpp.o[0m
[ 22%] [32mBuilding CXX object CMakeFiles/depthai_ros_msgs__rosidl_typesupport_fastrtps_cpp.dir/rosidl_typesupport_fastrtps_cpp/depthai_ros_msgs/msg/detail/dds_fastrtps/auto_focus_ctrl__type_support.cpp.o[0m
[ 24%] [32mBuilding CXX object CMakeFiles/depthai_ros_msgs__rosidl_typesupport_introspection_cpp.dir/rosidl_typesupport_introspection_cpp/depthai_ros_msgs/msg/detail/hand_landmark__type_support.cpp.o[0m
[ 25%] [32mBuilding CXX object CMakeFiles/depthai_ros_msgs__rosidl_typesupport_cpp.dir/rosidl_typesupport_cpp/depthai_ros_msgs/msg/hand_landmark_array__type_support.cpp.o[0m
[ 26%] [32mBuilding CXX object CMakeFiles/depthai_ros_msgs__rosidl_typesupport_introspection_cpp.dir/rosidl_typesupport_introspection_cpp/depthai_ros_msgs/msg/detail/hand_landmark_array__type_support.cpp.o[0m
[ 27%] [32mBuilding C object CMakeFiles/depthai_ros_msgs__rosidl_typesupport_introspection_c.dir/rosidl_typesupport_introspection_c/depthai_ros_msgs/msg/detail/auto_focus_ctrl__type_support.c.o[0m
[ 29%] [32mBuilding CXX object CMakeFiles/depthai_ros_msgs__rosidl_typesupport_fastrtps_cpp.dir/rosidl_typesupport_fastrtps_cpp/depthai_ros_msgs/msg/detail/dds_fastrtps/hand_landmark__type_support.cpp.o[0m
[ 30%] [32mBuilding CXX object CMakeFiles/depthai_ros_msgs__rosidl_typesupport_cpp.dir/rosidl_typesupport_cpp/depthai_ros_msgs/msg/spatial_detection__type_support.cpp.o[0m
[ 31%] [32mBuilding C object CMakeFiles/depthai_ros_msgs__rosidl_typesupport_introspection_c.dir/rosidl_typesupport_introspection_c/depthai_ros_msgs/msg/detail/hand_landmark__type_support.c.o[0m
[ 32%] [32mBuilding C object CMakeFiles/depthai_ros_msgs__rosidl_typesupport_introspection_c.dir/rosidl_typesupport_introspection_c/depthai_ros_msgs/msg/detail/hand_landmark_array__type_support.c.o[0m
[ 34%] [32mBuilding C object CMakeFiles/depthai_ros_msgs__rosidl_typesupport_introspection_c.dir/rosidl_typesupport_introspection_c/depthai_ros_msgs/msg/detail/spatial_detection__type_support.c.o[0m
[ 35%] [32mBuilding C object CMakeFiles/depthai_ros_msgs__rosidl_typesupport_introspection_c.dir/rosidl_typesupport_introspection_c/depthai_ros_msgs/msg/detail/spatial_detection_array__type_support.c.o[0m
[ 36%] [32mBuilding CXX object CMakeFiles/depthai_ros_msgs__rosidl_typesupport_introspection_cpp.dir/rosidl_typesupport_introspection_cpp/depthai_ros_msgs/msg/detail/spatial_detection__type_support.cpp.o[0m
[ 37%] [32mBuilding C object CMakeFiles/depthai_ros_msgs__rosidl_typesupport_introspection_c.dir/rosidl_typesupport_introspection_c/depthai_ros_msgs/srv/detail/trigger_named__type_support.c.o[0m
[ 39%] [32mBuilding C object CMakeFiles/depthai_ros_msgs__rosidl_typesupport_introspection_c.dir/rosidl_typesupport_introspection_c/depthai_ros_msgs/srv/detail/normalized_image_crop__type_support.c.o[0m
[ 40%] [32mBuilding CXX object CMakeFiles/depthai_ros_msgs__rosidl_typesupport_cpp.dir/rosidl_typesupport_cpp/depthai_ros_msgs/msg/spatial_detection_array__type_support.cpp.o[0m
[ 41%] [32m[1mLinking C shared library libdepthai_ros_msgs__rosidl_typesupport_introspection_c.so[0m
[ 41%] Built target depthai_ros_msgs__rosidl_typesupport_introspection_c
[ 43%] [32mBuilding CXX object CMakeFiles/depthai_ros_msgs__rosidl_typesupport_fastrtps_cpp.dir/rosidl_typesupport_fastrtps_cpp/depthai_ros_msgs/msg/detail/dds_fastrtps/hand_landmark_array__type_support.cpp.o[0m
[ 44%] [32mBuilding CXX object CMakeFiles/depthai_ros_msgs__rosidl_typesupport_cpp.dir/rosidl_typesupport_cpp/depthai_ros_msgs/srv/trigger_named__type_support.cpp.o[0m
[ 45%] [32mBuilding CXX object CMakeFiles/depthai_ros_msgs__rosidl_typesupport_introspection_cpp.dir/rosidl_typesupport_introspection_cpp/depthai_ros_msgs/msg/detail/spatial_detection_array__type_support.cpp.o[0m
[ 46%] [32mBuilding CXX object CMakeFiles/depthai_ros_msgs__rosidl_typesupport_cpp.dir/rosidl_typesupport_cpp/depthai_ros_msgs/srv/normalized_image_crop__type_support.cpp.o[0m
[ 48%] [32mBuilding CXX object CMakeFiles/depthai_ros_msgs__rosidl_typesupport_fastrtps_cpp.dir/rosidl_typesupport_fastrtps_cpp/depthai_ros_msgs/msg/detail/dds_fastrtps/spatial_detection__type_support.cpp.o[0m
[ 49%] [32mBuilding CXX object CMakeFiles/depthai_ros_msgs__rosidl_typesupport_introspection_cpp.dir/rosidl_typesupport_introspection_cpp/depthai_ros_msgs/srv/detail/trigger_named__type_support.cpp.o[0m
[ 50%] [32m[1mLinking CXX shared library libdepthai_ros_msgs__rosidl_typesupport_cpp.so[0m
[ 51%] [32mBuilding CXX object CMakeFiles/depthai_ros_msgs__rosidl_typesupport_introspection_cpp.dir/rosidl_typesupport_introspection_cpp/depthai_ros_msgs/srv/detail/normalized_image_crop__type_support.cpp.o[0m
[ 51%] Built target depthai_ros_msgs__rosidl_typesupport_cpp
[ 53%] [32mBuilding CXX object CMakeFiles/depthai_ros_msgs__rosidl_typesupport_fastrtps_cpp.dir/rosidl_typesupport_fastrtps_cpp/depthai_ros_msgs/msg/detail/dds_fastrtps/spatial_detection_array__type_support.cpp.o[0m
[ 54%] [32m[1mLinking CXX shared library libdepthai_ros_msgs__rosidl_typesupport_introspection_cpp.so[0m
[ 54%] Built target depthai_ros_msgs__rosidl_typesupport_introspection_cpp
[ 55%] [32mBuilding CXX object CMakeFiles/depthai_ros_msgs__rosidl_typesupport_fastrtps_cpp.dir/rosidl_typesupport_fastrtps_cpp/depthai_ros_msgs/srv/detail/dds_fastrtps/normalized_image_crop__type_support.cpp.o[0m
[ 56%] [32mBuilding CXX object CMakeFiles/depthai_ros_msgs__rosidl_typesupport_fastrtps_cpp.dir/rosidl_typesupport_fastrtps_cpp/depthai_ros_msgs/srv/detail/dds_fastrtps/trigger_named__type_support.cpp.o[0m
[ 58%] [32m[1mLinking CXX shared library libdepthai_ros_msgs__rosidl_typesupport_fastrtps_cpp.so[0m
[ 58%] Built target depthai_ros_msgs__rosidl_typesupport_fastrtps_cpp
[ 59%] [34m[1mGenerating C type support dispatch for ROS interfaces[0m
[ 60%] [32mBuilding CXX object CMakeFiles/depthai_ros_msgs__rosidl_typesupport_c.dir/rosidl_typesupport_c/depthai_ros_msgs/msg/auto_focus_ctrl__type_support.cpp.o[0m
[ 62%] [32mBuilding CXX object CMakeFiles/depthai_ros_msgs__rosidl_typesupport_c.dir/rosidl_typesupport_c/depthai_ros_msgs/msg/hand_landmark_array__type_support.cpp.o[0m
[ 63%] [32mBuilding CXX object CMakeFiles/depthai_ros_msgs__rosidl_typesupport_c.dir/rosidl_typesupport_c/depthai_ros_msgs/msg/spatial_detection__type_support.cpp.o[0m
[ 64%] [32mBuilding CXX object CMakeFiles/depthai_ros_msgs__rosidl_typesupport_c.dir/rosidl_typesupport_c/depthai_ros_msgs/msg/spatial_detection_array__type_support.cpp.o[0m
[ 65%] [32mBuilding CXX object CMakeFiles/depthai_ros_msgs__rosidl_typesupport_c.dir/rosidl_typesupport_c/depthai_ros_msgs/srv/trigger_named__type_support.cpp.o[0m
[ 67%] [32mBuilding CXX object CMakeFiles/depthai_ros_msgs__rosidl_typesupport_c.dir/rosidl_typesupport_c/depthai_ros_msgs/srv/normalized_image_crop__type_support.cpp.o[0m
[ 68%] [32mBuilding CXX object CMakeFiles/depthai_ros_msgs__rosidl_typesupport_c.dir/rosidl_typesupport_c/depthai_ros_msgs/msg/hand_landmark__type_support.cpp.o[0m
[ 69%] [32m[1mLinking CXX shared library libdepthai_ros_msgs__rosidl_typesupport_c.so[0m
[ 69%] Built target depthai_ros_msgs__rosidl_typesupport_c
[ 70%] [34m[1mGenerating C type support for eProsima Fast-RTPS[0m
[ 72%] [32mBuilding CXX object CMakeFiles/depthai_ros_msgs__rosidl_typesupport_fastrtps_c.dir/rosidl_typesupport_fastrtps_c/depthai_ros_msgs/msg/detail/auto_focus_ctrl__type_support_c.cpp.o[0m
[ 73%] [32mBuilding CXX object CMakeFiles/depthai_ros_msgs__rosidl_typesupport_fastrtps_c.dir/rosidl_typesupport_fastrtps_c/depthai_ros_msgs/msg/detail/spatial_detection__type_support_c.cpp.o[0m
[ 74%] [32mBuilding CXX object CMakeFiles/depthai_ros_msgs__rosidl_typesupport_fastrtps_c.dir/rosidl_typesupport_fastrtps_c/depthai_ros_msgs/msg/detail/spatial_detection_array__type_support_c.cpp.o[0m
[ 75%] [32mBuilding CXX object CMakeFiles/depthai_ros_msgs__rosidl_typesupport_fastrtps_c.dir/rosidl_typesupport_fastrtps_c/depthai_ros_msgs/srv/detail/trigger_named__type_support_c.cpp.o[0m
[ 77%] [32mBuilding CXX object CMakeFiles/depthai_ros_msgs__rosidl_typesupport_fastrtps_c.dir/rosidl_typesupport_fastrtps_c/depthai_ros_msgs/srv/detail/normalized_image_crop__type_support_c.cpp.o[0m
[ 78%] [32mBuilding CXX object CMakeFiles/depthai_ros_msgs__rosidl_typesupport_fastrtps_c.dir/rosidl_typesupport_fastrtps_c/depthai_ros_msgs/msg/detail/hand_landmark_array__type_support_c.cpp.o[0m
[ 79%] [32mBuilding CXX object CMakeFiles/depthai_ros_msgs__rosidl_typesupport_fastrtps_c.dir/rosidl_typesupport_fastrtps_c/depthai_ros_msgs/msg/detail/hand_landmark__type_support_c.cpp.o[0m
[ 81%] [32m[1mLinking CXX shared library libdepthai_ros_msgs__rosidl_typesupport_fastrtps_c.so[0m
[ 81%] Built target depthai_ros_msgs__rosidl_typesupport_fastrtps_c
[ 81%] Built target depthai_ros_msgs
[ 82%] [34m[1mGenerating Python code for ROS interfaces[0m
[ 82%] Built target depthai_ros_msgs__py
[ 86%] [32mBuilding C object CMakeFiles/depthai_ros_msgs__python.dir/rosidl_generator_py/depthai_ros_msgs/msg/_hand_landmark_array_s.c.o[0m
[ 86%] [32mBuilding C object CMakeFiles/depthai_ros_msgs__python.dir/rosidl_generator_py/depthai_ros_msgs/msg/_hand_landmark_s.c.o[0m
[ 84%] [32mBuilding C object CMakeFiles/depthai_ros_msgs__python.dir/rosidl_generator_py/depthai_ros_msgs/msg/_auto_focus_ctrl_s.c.o[0m
[ 87%] [32mBuilding C object CMakeFiles/depthai_ros_msgs__python.dir/rosidl_generator_py/depthai_ros_msgs/msg/_spatial_detection_s.c.o[0m
[ 88%] [32mBuilding C object CMakeFiles/depthai_ros_msgs__python.dir/rosidl_generator_py/depthai_ros_msgs/msg/_spatial_detection_array_s.c.o[0m
[ 89%] [32mBuilding C object CMakeFiles/depthai_ros_msgs__python.dir/rosidl_generator_py/depthai_ros_msgs/srv/_trigger_named_s.c.o[0m
[ 91%] [32mBuilding C object CMakeFiles/depthai_ros_msgs__python.dir/rosidl_generator_py/depthai_ros_msgs/srv/_normalized_image_crop_s.c.o[0m
[ 92%] [32m[1mLinking C shared library rosidl_generator_py/depthai_ros_msgs/libdepthai_ros_msgs__python.so[0m
[ 92%] Built target depthai_ros_msgs__python
[ 93%] [32mBuilding C object CMakeFiles/depthai_ros_msgs__rosidl_typesupport_fastrtps_c__pyext.dir/rosidl_generator_py/depthai_ros_msgs/_depthai_ros_msgs_s.ep.rosidl_typesupport_fastrtps_c.c.o[0m
[ 94%] [32mBuilding C object CMakeFiles/depthai_ros_msgs__rosidl_typesupport_c__pyext.dir/rosidl_generator_py/depthai_ros_msgs/_depthai_ros_msgs_s.ep.rosidl_typesupport_c.c.o[0m
[ 96%] [32mBuilding C object CMakeFiles/depthai_ros_msgs__rosidl_typesupport_introspection_c__pyext.dir/rosidl_generator_py/depthai_ros_msgs/_depthai_ros_msgs_s.ep.rosidl_typesupport_introspection_c.c.o[0m
[ 97%] [32m[1mLinking CXX shared library rosidl_generator_py/depthai_ros_msgs/depthai_ros_msgs_s__rosidl_typesupport_fastrtps_c.cpython-36m-aarch64-linux-gnu.so[0m
[ 98%] [32m[1mLinking C shared library rosidl_generator_py/depthai_ros_msgs/depthai_ros_msgs_s__rosidl_typesupport_introspection_c.cpython-36m-aarch64-linux-gnu.so[0m
[100%] [32m[1mLinking C shared library rosidl_generator_py/depthai_ros_msgs/depthai_ros_msgs_s__rosidl_typesupport_c.cpython-36m-aarch64-linux-gnu.so[0m
[100%] Built target depthai_ros_msgs__rosidl_typesupport_introspection_c__pyext
[100%] Built target depthai_ros_msgs__rosidl_typesupport_c__pyext
[100%] Built target depthai_ros_msgs__rosidl_typesupport_fastrtps_c__pyext
-- Install configuration: ""
-- Installing: /workspaces/ROS_PointCloud_AGV/install/depthai_ros_msgs/share/ament_index/resource_index/rosidl_interfaces/depthai_ros_msgs
-- Installing: /workspaces/ROS_PointCloud_AGV/install/depthai_ros_msgs/include/depthai_ros_msgs
-- Installing: /workspaces/ROS_PointCloud_AGV/install/depthai_ros_msgs/include/depthai_ros_msgs/srv
-- Installing: /workspaces/ROS_PointCloud_AGV/install/depthai_ros_msgs/include/depthai_ros_msgs/srv/trigger_named.h
-- Installing: /workspaces/ROS_PointCloud_AGV/install/depthai_ros_msgs/include/depthai_ros_msgs/srv/normalized_image_crop.h
-- Installing: /workspaces/ROS_PointCloud_AGV/install/depthai_ros_msgs/include/depthai_ros_msgs/srv/detail
-- Installing: /workspaces/ROS_PointCloud_AGV/install/depthai_ros_msgs/include/depthai_ros_msgs/srv/detail/trigger_named__struct.h
-- Installing: /workspaces/ROS_PointCloud_AGV/install/depthai_ros_msgs/include/depthai_ros_msgs/srv/detail/normalized_image_crop__functions.c
-- Installing: /workspaces/ROS_PointCloud_AGV/install/depthai_ros_msgs/include/depthai_ros_msgs/srv/detail/trigger_named__functions.c
-- Installing: /workspaces/ROS_PointCloud_AGV/install/depthai_ros_msgs/include/depthai_ros_msgs/srv/detail/trigger_named__functions.h
-- Installing: /workspaces/ROS_PointCloud_AGV/install/depthai_ros_msgs/include/depthai_ros_msgs/srv/detail/normalized_image_crop__type_support.h
-- Installing: /workspaces/ROS_PointCloud_AGV/install/depthai_ros_msgs/include/depthai_ros_msgs/srv/detail/trigger_named__type_support.h
-- Installing: /workspaces/ROS_PointCloud_AGV/install/depthai_ros_msgs/include/depthai_ros_msgs/srv/detail/normalized_image_crop__struct.h
-- Installing: /workspaces/ROS_PointCloud_AGV/install/depthai_ros_msgs/include/depthai_ros_msgs/srv/detail/normalized_image_crop__functions.h
-- Installing: /workspaces/ROS_PointCloud_AGV/install/depthai_ros_msgs/include/depthai_ros_msgs/msg
-- Installing: /workspaces/ROS_PointCloud_AGV/install/depthai_ros_msgs/include/depthai_ros_msgs/msg/hand_landmark.h
-- Installing: /workspaces/ROS_PointCloud_AGV/install/depthai_ros_msgs/include/depthai_ros_msgs/msg/spatial_detection_array.h
-- Installing: /workspaces/ROS_PointCloud_AGV/install/depthai_ros_msgs/include/depthai_ros_msgs/msg/spatial_detection.h
-- Installing: /workspaces/ROS_PointCloud_AGV/install/depthai_ros_msgs/include/depthai_ros_msgs/msg/auto_focus_ctrl.h
-- Installing: /workspaces/ROS_PointCloud_AGV/install/depthai_ros_msgs/include/depthai_ros_msgs/msg/hand_landmark_array.h
-- Installing: /workspaces/ROS_PointCloud_AGV/install/depthai_ros_msgs/include/depthai_ros_msgs/msg/detail
-- Installing: /workspaces/ROS_PointCloud_AGV/install/depthai_ros_msgs/include/depthai_ros_msgs/msg/detail/hand_landmark_array__functions.h
-- Installing: /workspaces/ROS_PointCloud_AGV/install/depthai_ros_msgs/include/depthai_ros_msgs/msg/detail/spatial_detection_array__type_support.h
-- Installing: /workspaces/ROS_PointCloud_AGV/install/depthai_ros_msgs/include/depthai_ros_msgs/msg/detail/hand_landmark__type_support.h
-- Installing: /workspaces/ROS_PointCloud_AGV/install/depthai_ros_msgs/include/depthai_ros_msgs/msg/detail/hand_landmark__functions.c
-- Installing: /workspaces/ROS_PointCloud_AGV/install/depthai_ros_msgs/include/depthai_ros_msgs/msg/detail/hand_landmark__functions.h
-- Installing: /workspaces/ROS_PointCloud_AGV/install/depthai_ros_msgs/include/depthai_ros_msgs/msg/detail/hand_landmark__struct.h
-- Installing: /workspaces/ROS_PointCloud_AGV/install/depthai_ros_msgs/include/depthai_ros_msgs/msg/detail/spatial_detection_array__functions.h
-- Installing: /workspaces/ROS_PointCloud_AGV/install/depthai_ros_msgs/include/depthai_ros_msgs/msg/detail/hand_landmark_array__functions.c
-- Installing: /workspaces/ROS_PointCloud_AGV/install/depthai_ros_msgs/include/depthai_ros_msgs/msg/detail/spatial_detection__type_support.h
-- Installing: /workspaces/ROS_PointCloud_AGV/install/depthai_ros_msgs/include/depthai_ros_msgs/msg/detail/spatial_detection_array__functions.c
-- Installing: /workspaces/ROS_PointCloud_AGV/install/depthai_ros_msgs/include/depthai_ros_msgs/msg/detail/spatial_detection__functions.c
-- Installing: /workspaces/ROS_PointCloud_AGV/install/depthai_ros_msgs/include/depthai_ros_msgs/msg/detail/spatial_detection__functions.h
-- Installing: /workspaces/ROS_PointCloud_AGV/install/depthai_ros_msgs/include/depthai_ros_msgs/msg/detail/spatial_detection_array__struct.h
-- Installing: /workspaces/ROS_PointCloud_AGV/install/depthai_ros_msgs/include/depthai_ros_msgs/msg/detail/auto_focus_ctrl__type_support.h
-- Installing: /workspaces/ROS_PointCloud_AGV/install/depthai_ros_msgs/include/depthai_ros_msgs/msg/detail/auto_focus_ctrl__functions.h
-- Installing: /workspaces/ROS_PointCloud_AGV/install/depthai_ros_msgs/include/depthai_ros_msgs/msg/detail/auto_focus_ctrl__struct.h
-- Installing: /workspaces/ROS_PointCloud_AGV/install/depthai_ros_msgs/include/depthai_ros_msgs/msg/detail/auto_focus_ctrl__functions.c
-- Installing: /workspaces/ROS_PointCloud_AGV/install/depthai_ros_msgs/include/depthai_ros_msgs/msg/detail/spatial_detection__struct.h
-- Installing: /workspaces/ROS_PointCloud_AGV/install/depthai_ros_msgs/include/depthai_ros_msgs/msg/detail/hand_landmark_array__struct.h
-- Installing: /workspaces/ROS_PointCloud_AGV/install/depthai_ros_msgs/include/depthai_ros_msgs/msg/detail/hand_landmark_array__type_support.h
-- Installing: /workspaces/ROS_PointCloud_AGV/install/depthai_ros_msgs/include/depthai_ros_msgs/msg/rosidl_generator_c__visibility_control.h
-- Installing: /workspaces/ROS_PointCloud_AGV/install/depthai_ros_msgs/share/depthai_ros_msgs/environment/library_path.sh
-- Installing: /workspaces/ROS_PointCloud_AGV/install/depthai_ros_msgs/share/depthai_ros_msgs/environment/library_path.dsv
-- Installing: /workspaces/ROS_PointCloud_AGV/install/depthai_ros_msgs/lib/libdepthai_ros_msgs__rosidl_generator_c.so
-- Set runtime path of "/workspaces/ROS_PointCloud_AGV/install/depthai_ros_msgs/lib/libdepthai_ros_msgs__rosidl_generator_c.so" to ""
-- Up-to-date: /workspaces/ROS_PointCloud_AGV/install/depthai_ros_msgs/include/depthai_ros_msgs
-- Up-to-date: /workspaces/ROS_PointCloud_AGV/install/depthai_ros_msgs/include/depthai_ros_msgs/srv
-- Up-to-date: /workspaces/ROS_PointCloud_AGV/install/depthai_ros_msgs/include/depthai_ros_msgs/srv/detail
-- Installing: /workspaces/ROS_PointCloud_AGV/install/depthai_ros_msgs/include/depthai_ros_msgs/srv/detail/normalized_image_crop__rosidl_typesupport_fastrtps_c.h
-- Installing: /workspaces/ROS_PointCloud_AGV/install/depthai_ros_msgs/include/depthai_ros_msgs/srv/detail/trigger_named__rosidl_typesupport_fastrtps_c.h
-- Up-to-date: /workspaces/ROS_PointCloud_AGV/install/depthai_ros_msgs/include/depthai_ros_msgs/msg
-- Installing: /workspaces/ROS_PointCloud_AGV/install/depthai_ros_msgs/include/depthai_ros_msgs/msg/rosidl_typesupport_fastrtps_c__visibility_control.h
-- Up-to-date: /workspaces/ROS_PointCloud_AGV/install/depthai_ros_msgs/include/depthai_ros_msgs/msg/detail
-- Installing: /workspaces/ROS_PointCloud_AGV/install/depthai_ros_msgs/include/depthai_ros_msgs/msg/detail/spatial_detection__rosidl_typesupport_fastrtps_c.h
-- Installing: /workspaces/ROS_PointCloud_AGV/install/depthai_ros_msgs/include/depthai_ros_msgs/msg/detail/hand_landmark__rosidl_typesupport_fastrtps_c.h
-- Installing: /workspaces/ROS_PointCloud_AGV/install/depthai_ros_msgs/include/depthai_ros_msgs/msg/detail/spatial_detection_array__rosidl_typesupport_fastrtps_c.h
-- Installing: /workspaces/ROS_PointCloud_AGV/install/depthai_ros_msgs/include/depthai_ros_msgs/msg/detail/auto_focus_ctrl__rosidl_typesupport_fastrtps_c.h
-- Installing: /workspaces/ROS_PointCloud_AGV/install/depthai_ros_msgs/include/depthai_ros_msgs/msg/detail/hand_landmark_array__rosidl_typesupport_fastrtps_c.h
-- Installing: /workspaces/ROS_PointCloud_AGV/install/depthai_ros_msgs/lib/libdepthai_ros_msgs__rosidl_typesupport_fastrtps_c.so
-- Set runtime path of "/workspaces/ROS_PointCloud_AGV/install/depthai_ros_msgs/lib/libdepthai_ros_msgs__rosidl_typesupport_fastrtps_c.so" to ""
-- Up-to-date: /workspaces/ROS_PointCloud_AGV/install/depthai_ros_msgs/include/depthai_ros_msgs
-- Up-to-date: /workspaces/ROS_PointCloud_AGV/install/depthai_ros_msgs/include/depthai_ros_msgs/srv
-- Up-to-date: /workspaces/ROS_PointCloud_AGV/install/depthai_ros_msgs/include/depthai_ros_msgs/srv/detail
-- Installing: /workspaces/ROS_PointCloud_AGV/install/depthai_ros_msgs/include/depthai_ros_msgs/srv/detail/normalized_image_crop__rosidl_typesupport_fastrtps_cpp.hpp
-- Installing: /workspaces/ROS_PointCloud_AGV/install/depthai_ros_msgs/include/depthai_ros_msgs/srv/detail/trigger_named__rosidl_typesupport_fastrtps_cpp.hpp
-- Installing: /workspaces/ROS_PointCloud_AGV/install/depthai_ros_msgs/include/depthai_ros_msgs/srv/detail/dds_fastrtps
-- Up-to-date: /workspaces/ROS_PointCloud_AGV/install/depthai_ros_msgs/include/depthai_ros_msgs/msg
-- Installing: /workspaces/ROS_PointCloud_AGV/install/depthai_ros_msgs/include/depthai_ros_msgs/msg/rosidl_typesupport_fastrtps_cpp__visibility_control.h
-- Up-to-date: /workspaces/ROS_PointCloud_AGV/install/depthai_ros_msgs/include/depthai_ros_msgs/msg/detail
-- Installing: /workspaces/ROS_PointCloud_AGV/install/depthai_ros_msgs/include/depthai_ros_msgs/msg/detail/spatial_detection_array__rosidl_typesupport_fastrtps_cpp.hpp
-- Installing: /workspaces/ROS_PointCloud_AGV/install/depthai_ros_msgs/include/depthai_ros_msgs/msg/detail/spatial_detection__rosidl_typesupport_fastrtps_cpp.hpp
-- Installing: /workspaces/ROS_PointCloud_AGV/install/depthai_ros_msgs/include/depthai_ros_msgs/msg/detail/auto_focus_ctrl__rosidl_typesupport_fastrtps_cpp.hpp
-- Installing: /workspaces/ROS_PointCloud_AGV/install/depthai_ros_msgs/include/depthai_ros_msgs/msg/detail/hand_landmark_array__rosidl_typesupport_fastrtps_cpp.hpp
-- Installing: /workspaces/ROS_PointCloud_AGV/install/depthai_ros_msgs/include/depthai_ros_msgs/msg/detail/hand_landmark__rosidl_typesupport_fastrtps_cpp.hpp
-- Installing: /workspaces/ROS_PointCloud_AGV/install/depthai_ros_msgs/include/depthai_ros_msgs/msg/detail/dds_fastrtps
-- Installing: /workspaces/ROS_PointCloud_AGV/install/depthai_ros_msgs/lib/libdepthai_ros_msgs__rosidl_typesupport_fastrtps_cpp.so
-- Set runtime path of "/workspaces/ROS_PointCloud_AGV/install/depthai_ros_msgs/lib/libdepthai_ros_msgs__rosidl_typesupport_fastrtps_cpp.so" to ""
-- Up-to-date: /workspaces/ROS_PointCloud_AGV/install/depthai_ros_msgs/include/depthai_ros_msgs
-- Up-to-date: /workspaces/ROS_PointCloud_AGV/install/depthai_ros_msgs/include/depthai_ros_msgs/srv
-- Up-to-date: /workspaces/ROS_PointCloud_AGV/install/depthai_ros_msgs/include/depthai_ros_msgs/srv/detail
-- Installing: /workspaces/ROS_PointCloud_AGV/install/depthai_ros_msgs/include/depthai_ros_msgs/srv/detail/normalized_image_crop__rosidl_typesupport_introspection_c.h
-- Installing: /workspaces/ROS_PointCloud_AGV/install/depthai_ros_msgs/include/depthai_ros_msgs/srv/detail/trigger_named__type_support.c
-- Installing: /workspaces/ROS_PointCloud_AGV/install/depthai_ros_msgs/include/depthai_ros_msgs/srv/detail/trigger_named__rosidl_typesupport_introspection_c.h
-- Installing: /workspaces/ROS_PointCloud_AGV/install/depthai_ros_msgs/include/depthai_ros_msgs/srv/detail/normalized_image_crop__type_support.c
-- Up-to-date: /workspaces/ROS_PointCloud_AGV/install/depthai_ros_msgs/include/depthai_ros_msgs/msg
-- Up-to-date: /workspaces/ROS_PointCloud_AGV/install/depthai_ros_msgs/include/depthai_ros_msgs/msg/detail
-- Installing: /workspaces/ROS_PointCloud_AGV/install/depthai_ros_msgs/include/depthai_ros_msgs/msg/detail/spatial_detection_array__rosidl_typesupport_introspection_c.h
-- Installing: /workspaces/ROS_PointCloud_AGV/install/depthai_ros_msgs/include/depthai_ros_msgs/msg/detail/auto_focus_ctrl__type_support.c
-- Installing: /workspaces/ROS_PointCloud_AGV/install/depthai_ros_msgs/include/depthai_ros_msgs/msg/detail/hand_landmark_array__rosidl_typesupport_introspection_c.h
-- Installing: /workspaces/ROS_PointCloud_AGV/install/depthai_ros_msgs/include/depthai_ros_msgs/msg/detail/spatial_detection__type_support.c
-- Installing: /workspaces/ROS_PointCloud_AGV/install/depthai_ros_msgs/include/depthai_ros_msgs/msg/detail/hand_landmark__type_support.c
-- Installing: /workspaces/ROS_PointCloud_AGV/install/depthai_ros_msgs/include/depthai_ros_msgs/msg/detail/auto_focus_ctrl__rosidl_typesupport_introspection_c.h
-- Installing: /workspaces/ROS_PointCloud_AGV/install/depthai_ros_msgs/include/depthai_ros_msgs/msg/detail/spatial_detection_array__type_support.c
-- Installing: /workspaces/ROS_PointCloud_AGV/install/depthai_ros_msgs/include/depthai_ros_msgs/msg/detail/hand_landmark__rosidl_typesupport_introspection_c.h
-- Installing: /workspaces/ROS_PointCloud_AGV/install/depthai_ros_msgs/include/depthai_ros_msgs/msg/detail/hand_landmark_array__type_support.c
-- Installing: /workspaces/ROS_PointCloud_AGV/install/depthai_ros_msgs/include/depthai_ros_msgs/msg/detail/spatial_detection__rosidl_typesupport_introspection_c.h
-- Installing: /workspaces/ROS_PointCloud_AGV/install/depthai_ros_msgs/include/depthai_ros_msgs/msg/rosidl_typesupport_introspection_c__visibility_control.h
-- Installing: /workspaces/ROS_PointCloud_AGV/install/depthai_ros_msgs/lib/libdepthai_ros_msgs__rosidl_typesupport_introspection_c.so
-- Set runtime path of "/workspaces/ROS_PointCloud_AGV/install/depthai_ros_msgs/lib/libdepthai_ros_msgs__rosidl_typesupport_introspection_c.so" to ""
-- Installing: /workspaces/ROS_PointCloud_AGV/install/depthai_ros_msgs/lib/libdepthai_ros_msgs__rosidl_typesupport_c.so
-- Set runtime path of "/workspaces/ROS_PointCloud_AGV/install/depthai_ros_msgs/lib/libdepthai_ros_msgs__rosidl_typesupport_c.so" to ""
-- Up-to-date: /workspaces/ROS_PointCloud_AGV/install/depthai_ros_msgs/include/depthai_ros_msgs
-- Up-to-date: /workspaces/ROS_PointCloud_AGV/install/depthai_ros_msgs/include/depthai_ros_msgs/srv
-- Installing: /workspaces/ROS_PointCloud_AGV/install/depthai_ros_msgs/include/depthai_ros_msgs/srv/normalized_image_crop.hpp
-- Up-to-date: /workspaces/ROS_PointCloud_AGV/install/depthai_ros_msgs/include/depthai_ros_msgs/srv/detail
-- Installing: /workspaces/ROS_PointCloud_AGV/install/depthai_ros_msgs/include/depthai_ros_msgs/srv/detail/trigger_named__builder.hpp
-- Installing: /workspaces/ROS_PointCloud_AGV/install/depthai_ros_msgs/include/depthai_ros_msgs/srv/detail/trigger_named__struct.hpp
-- Installing: /workspaces/ROS_PointCloud_AGV/install/depthai_ros_msgs/include/depthai_ros_msgs/srv/detail/trigger_named__traits.hpp
-- Installing: /workspaces/ROS_PointCloud_AGV/install/depthai_ros_msgs/include/depthai_ros_msgs/srv/detail/normalized_image_crop__traits.hpp
-- Installing: /workspaces/ROS_PointCloud_AGV/install/depthai_ros_msgs/include/depthai_ros_msgs/srv/detail/trigger_named__type_support.hpp
-- Installing: /workspaces/ROS_PointCloud_AGV/install/depthai_ros_msgs/include/depthai_ros_msgs/srv/detail/normalized_image_crop__struct.hpp
-- Installing: /workspaces/ROS_PointCloud_AGV/install/depthai_ros_msgs/include/depthai_ros_msgs/srv/detail/normalized_image_crop__builder.hpp
-- Installing: /workspaces/ROS_PointCloud_AGV/install/depthai_ros_msgs/include/depthai_ros_msgs/srv/detail/normalized_image_crop__type_support.hpp
-- Installing: /workspaces/ROS_PointCloud_AGV/install/depthai_ros_msgs/include/depthai_ros_msgs/srv/trigger_named.hpp
-- Up-to-date: /workspaces/ROS_PointCloud_AGV/install/depthai_ros_msgs/include/depthai_ros_msgs/msg
-- Installing: /workspaces/ROS_PointCloud_AGV/install/depthai_ros_msgs/include/depthai_ros_msgs/msg/spatial_detection_array.hpp
-- Installing: /workspaces/ROS_PointCloud_AGV/install/depthai_ros_msgs/include/depthai_ros_msgs/msg/hand_landmark.hpp
-- Installing: /workspaces/ROS_PointCloud_AGV/install/depthai_ros_msgs/include/depthai_ros_msgs/msg/hand_landmark_array.hpp
-- Installing: /workspaces/ROS_PointCloud_AGV/install/depthai_ros_msgs/include/depthai_ros_msgs/msg/rosidl_generator_cpp__visibility_control.hpp
-- Installing: /workspaces/ROS_PointCloud_AGV/install/depthai_ros_msgs/include/depthai_ros_msgs/msg/spatial_detection.hpp
-- Up-to-date: /workspaces/ROS_PointCloud_AGV/install/depthai_ros_msgs/include/depthai_ros_msgs/msg/detail
-- Installing: /workspaces/ROS_PointCloud_AGV/install/depthai_ros_msgs/include/depthai_ros_msgs/msg/detail/hand_landmark_array__type_support.hpp
-- Installing: /workspaces/ROS_PointCloud_AGV/install/depthai_ros_msgs/include/depthai_ros_msgs/msg/detail/spatial_detection__struct.hpp
-- Installing: /workspaces/ROS_PointCloud_AGV/install/depthai_ros_msgs/include/depthai_ros_msgs/msg/detail/hand_landmark_array__traits.hpp
-- Installing: /workspaces/ROS_PointCloud_AGV/install/depthai_ros_msgs/include/depthai_ros_msgs/msg/detail/spatial_detection__type_support.hpp
-- Installing: /workspaces/ROS_PointCloud_AGV/install/depthai_ros_msgs/include/depthai_ros_msgs/msg/detail/hand_landmark__struct.hpp
-- Installing: /workspaces/ROS_PointCloud_AGV/install/depthai_ros_msgs/include/depthai_ros_msgs/msg/detail/hand_landmark__type_support.hpp
-- Installing: /workspaces/ROS_PointCloud_AGV/install/depthai_ros_msgs/include/depthai_ros_msgs/msg/detail/spatial_detection_array__builder.hpp
-- Installing: /workspaces/ROS_PointCloud_AGV/install/depthai_ros_msgs/include/depthai_ros_msgs/msg/detail/spatial_detection_array__struct.hpp
-- Installing: /workspaces/ROS_PointCloud_AGV/install/depthai_ros_msgs/include/depthai_ros_msgs/msg/detail/spatial_detection_array__type_support.hpp
-- Installing: /workspaces/ROS_PointCloud_AGV/install/depthai_ros_msgs/include/depthai_ros_msgs/msg/detail/spatial_detection__traits.hpp
-- Installing: /workspaces/ROS_PointCloud_AGV/install/depthai_ros_msgs/include/depthai_ros_msgs/msg/detail/auto_focus_ctrl__builder.hpp
-- Installing: /workspaces/ROS_PointCloud_AGV/install/depthai_ros_msgs/include/depthai_ros_msgs/msg/detail/hand_landmark_array__struct.hpp
-- Installing: /workspaces/ROS_PointCloud_AGV/install/depthai_ros_msgs/include/depthai_ros_msgs/msg/detail/spatial_detection_array__traits.hpp
-- Installing: /workspaces/ROS_PointCloud_AGV/install/depthai_ros_msgs/include/depthai_ros_msgs/msg/detail/auto_focus_ctrl__struct.hpp
-- Installing: /workspaces/ROS_PointCloud_AGV/install/depthai_ros_msgs/include/depthai_ros_msgs/msg/detail/auto_focus_ctrl__traits.hpp
-- Installing: /workspaces/ROS_PointCloud_AGV/install/depthai_ros_msgs/include/depthai_ros_msgs/msg/detail/hand_landmark_array__builder.hpp
-- Installing: /workspaces/ROS_PointCloud_AGV/install/depthai_ros_msgs/include/depthai_ros_msgs/msg/detail/spatial_detection__builder.hpp
-- Installing: /workspaces/ROS_PointCloud_AGV/install/depthai_ros_msgs/include/depthai_ros_msgs/msg/detail/auto_focus_ctrl__type_support.hpp
-- Installing: /workspaces/ROS_PointCloud_AGV/install/depthai_ros_msgs/include/depthai_ros_msgs/msg/detail/hand_landmark__traits.hpp
-- Installing: /workspaces/ROS_PointCloud_AGV/install/depthai_ros_msgs/include/depthai_ros_msgs/msg/detail/hand_landmark__builder.hpp
-- Installing: /workspaces/ROS_PointCloud_AGV/install/depthai_ros_msgs/include/depthai_ros_msgs/msg/auto_focus_ctrl.hpp
-- Up-to-date: /workspaces/ROS_PointCloud_AGV/install/depthai_ros_msgs/include/depthai_ros_msgs
-- Up-to-date: /workspaces/ROS_PointCloud_AGV/install/depthai_ros_msgs/include/depthai_ros_msgs/srv
-- Up-to-date: /workspaces/ROS_PointCloud_AGV/install/depthai_ros_msgs/include/depthai_ros_msgs/srv/detail
-- Installing: /workspaces/ROS_PointCloud_AGV/install/depthai_ros_msgs/include/depthai_ros_msgs/srv/detail/trigger_named__type_support.cpp
-- Installing: /workspaces/ROS_PointCloud_AGV/install/depthai_ros_msgs/include/depthai_ros_msgs/srv/detail/trigger_named__rosidl_typesupport_introspection_cpp.hpp
-- Installing: /workspaces/ROS_PointCloud_AGV/install/depthai_ros_msgs/include/depthai_ros_msgs/srv/detail/normalized_image_crop__rosidl_typesupport_introspection_cpp.hpp
-- Installing: /workspaces/ROS_PointCloud_AGV/install/depthai_ros_msgs/include/depthai_ros_msgs/srv/detail/normalized_image_crop__type_support.cpp
-- Up-to-date: /workspaces/ROS_PointCloud_AGV/install/depthai_ros_msgs/include/depthai_ros_msgs/msg
-- Up-to-date: /workspaces/ROS_PointCloud_AGV/install/depthai_ros_msgs/include/depthai_ros_msgs/msg/detail
-- Installing: /workspaces/ROS_PointCloud_AGV/install/depthai_ros_msgs/include/depthai_ros_msgs/msg/detail/spatial_detection__rosidl_typesupport_introspection_cpp.hpp
-- Installing: /workspaces/ROS_PointCloud_AGV/install/depthai_ros_msgs/include/depthai_ros_msgs/msg/detail/spatial_detection_array__rosidl_typesupport_introspection_cpp.hpp
-- Installing: /workspaces/ROS_PointCloud_AGV/install/depthai_ros_msgs/include/depthai_ros_msgs/msg/detail/hand_landmark_array__rosidl_typesupport_introspection_cpp.hpp
-- Installing: /workspaces/ROS_PointCloud_AGV/install/depthai_ros_msgs/include/depthai_ros_msgs/msg/detail/hand_landmark__type_support.cpp
-- Installing: /workspaces/ROS_PointCloud_AGV/install/depthai_ros_msgs/include/depthai_ros_msgs/msg/detail/auto_focus_ctrl__rosidl_typesupport_introspection_cpp.hpp
-- Installing: /workspaces/ROS_PointCloud_AGV/install/depthai_ros_msgs/include/depthai_ros_msgs/msg/detail/spatial_detection_array__type_support.cpp
-- Installing: /workspaces/ROS_PointCloud_AGV/install/depthai_ros_msgs/include/depthai_ros_msgs/msg/detail/hand_landmark__rosidl_typesupport_introspection_cpp.hpp
-- Installing: /workspaces/ROS_PointCloud_AGV/install/depthai_ros_msgs/include/depthai_ros_msgs/msg/detail/auto_focus_ctrl__type_support.cpp
-- Installing: /workspaces/ROS_PointCloud_AGV/install/depthai_ros_msgs/include/depthai_ros_msgs/msg/detail/spatial_detection__type_support.cpp
-- Installing: /workspaces/ROS_PointCloud_AGV/install/depthai_ros_msgs/include/depthai_ros_msgs/msg/detail/hand_landmark_array__type_support.cpp
-- Installing: /workspaces/ROS_PointCloud_AGV/install/depthai_ros_msgs/lib/libdepthai_ros_msgs__rosidl_typesupport_introspection_cpp.so
-- Set runtime path of "/workspaces/ROS_PointCloud_AGV/install/depthai_ros_msgs/lib/libdepthai_ros_msgs__rosidl_typesupport_introspection_cpp.so" to ""
-- Installing: /workspaces/ROS_PointCloud_AGV/install/depthai_ros_msgs/lib/libdepthai_ros_msgs__rosidl_typesupport_cpp.so
-- Set runtime path of "/workspaces/ROS_PointCloud_AGV/install/depthai_ros_msgs/lib/libdepthai_ros_msgs__rosidl_typesupport_cpp.so" to ""
-- Installing: /workspaces/ROS_PointCloud_AGV/install/depthai_ros_msgs/share/depthai_ros_msgs/environment/pythonpath.sh
-- Installing: /workspaces/ROS_PointCloud_AGV/install/depthai_ros_msgs/share/depthai_ros_msgs/environment/pythonpath.dsv
-- Installing: /workspaces/ROS_PointCloud_AGV/install/depthai_ros_msgs/lib/python3.6/site-packages/depthai_ros_msgs/__init__.py
Compiling '/workspaces/ROS_PointCloud_AGV/install/depthai_ros_msgs/lib/python3.6/site-packages/depthai_ros_msgs/__init__.py'...
-- Installing: /workspaces/ROS_PointCloud_AGV/install/depthai_ros_msgs/lib/python3.6/site-packages/depthai_ros_msgs/msg
-- Installing: /workspaces/ROS_PointCloud_AGV/install/depthai_ros_msgs/lib/python3.6/site-packages/depthai_ros_msgs/msg/__init__.py
-- Installing: /workspaces/ROS_PointCloud_AGV/install/depthai_ros_msgs/lib/python3.6/site-packages/depthai_ros_msgs/msg/_spatial_detection.py
-- Installing: /workspaces/ROS_PointCloud_AGV/install/depthai_ros_msgs/lib/python3.6/site-packages/depthai_ros_msgs/msg/_auto_focus_ctrl_s.c
-- Installing: /workspaces/ROS_PointCloud_AGV/install/depthai_ros_msgs/lib/python3.6/site-packages/depthai_ros_msgs/msg/_hand_landmark.py
-- Installing: /workspaces/ROS_PointCloud_AGV/install/depthai_ros_msgs/lib/python3.6/site-packages/depthai_ros_msgs/msg/_spatial_detection_array.py
-- Installing: /workspaces/ROS_PointCloud_AGV/install/depthai_ros_msgs/lib/python3.6/site-packages/depthai_ros_msgs/msg/_hand_landmark_array.py
-- Installing: /workspaces/ROS_PointCloud_AGV/install/depthai_ros_msgs/lib/python3.6/site-packages/depthai_ros_msgs/msg/_spatial_detection_array_s.c
-- Installing: /workspaces/ROS_PointCloud_AGV/install/depthai_ros_msgs/lib/python3.6/site-packages/depthai_ros_msgs/msg/_hand_landmark_s.c
-- Installing: /workspaces/ROS_PointCloud_AGV/install/depthai_ros_msgs/lib/python3.6/site-packages/depthai_ros_msgs/msg/_spatial_detection_s.c
-- Installing: /workspaces/ROS_PointCloud_AGV/install/depthai_ros_msgs/lib/python3.6/site-packages/depthai_ros_msgs/msg/_auto_focus_ctrl.py
-- Installing: /workspaces/ROS_PointCloud_AGV/install/depthai_ros_msgs/lib/python3.6/site-packages/depthai_ros_msgs/msg/_hand_landmark_array_s.c
-- Installing: /workspaces/ROS_PointCloud_AGV/install/depthai_ros_msgs/lib/python3.6/site-packages/depthai_ros_msgs/srv
-- Installing: /workspaces/ROS_PointCloud_AGV/install/depthai_ros_msgs/lib/python3.6/site-packages/depthai_ros_msgs/srv/_normalized_image_crop.py
-- Installing: /workspaces/ROS_PointCloud_AGV/install/depthai_ros_msgs/lib/python3.6/site-packages/depthai_ros_msgs/srv/__init__.py
-- Installing: /workspaces/ROS_PointCloud_AGV/install/depthai_ros_msgs/lib/python3.6/site-packages/depthai_ros_msgs/srv/_trigger_named.py
-- Installing: /workspaces/ROS_PointCloud_AGV/install/depthai_ros_msgs/lib/python3.6/site-packages/depthai_ros_msgs/srv/_trigger_named_s.c
-- Installing: /workspaces/ROS_PointCloud_AGV/install/depthai_ros_msgs/lib/python3.6/site-packages/depthai_ros_msgs/srv/_normalized_image_crop_s.c
-- Installing: /workspaces/ROS_PointCloud_AGV/install/depthai_ros_msgs/lib/python3.6/site-packages/depthai_ros_msgs/depthai_ros_msgs_s__rosidl_typesupport_fastrtps_c.cpython-36m-aarch64-linux-gnu.so
-- Set runtime path of "/workspaces/ROS_PointCloud_AGV/install/depthai_ros_msgs/lib/python3.6/site-packages/depthai_ros_msgs/depthai_ros_msgs_s__rosidl_typesupport_fastrtps_c.cpython-36m-aarch64-linux-gnu.so" to ""
-- Installing: /workspaces/ROS_PointCloud_AGV/install/depthai_ros_msgs/lib/python3.6/site-packages/depthai_ros_msgs/depthai_ros_msgs_s__rosidl_typesupport_introspection_c.cpython-36m-aarch64-linux-gnu.so
-- Set runtime path of "/workspaces/ROS_PointCloud_AGV/install/depthai_ros_msgs/lib/python3.6/site-packages/depthai_ros_msgs/depthai_ros_msgs_s__rosidl_typesupport_introspection_c.cpython-36m-aarch64-linux-gnu.so" to ""
-- Installing: /workspaces/ROS_PointCloud_AGV/install/depthai_ros_msgs/lib/python3.6/site-packages/depthai_ros_msgs/depthai_ros_msgs_s__rosidl_typesupport_c.cpython-36m-aarch64-linux-gnu.so
-- Set runtime path of "/workspaces/ROS_PointCloud_AGV/install/depthai_ros_msgs/lib/python3.6/site-packages/depthai_ros_msgs/depthai_ros_msgs_s__rosidl_typesupport_c.cpython-36m-aarch64-linux-gnu.so" to ""
-- Installing: /workspaces/ROS_PointCloud_AGV/install/depthai_ros_msgs/lib/libdepthai_ros_msgs__python.so
-- Set runtime path of "/workspaces/ROS_PointCloud_AGV/install/depthai_ros_msgs/lib/libdepthai_ros_msgs__python.so" to ""
-- Installing: /workspaces/ROS_PointCloud_AGV/install/depthai_ros_msgs/share/depthai_ros_msgs/msg/AutoFocusCtrl.idl
-- Installing: /workspaces/ROS_PointCloud_AGV/install/depthai_ros_msgs/share/depthai_ros_msgs/msg/HandLandmark.idl
-- Installing: /workspaces/ROS_PointCloud_AGV/install/depthai_ros_msgs/share/depthai_ros_msgs/msg/HandLandmarkArray.idl
-- Installing: /workspaces/ROS_PointCloud_AGV/install/depthai_ros_msgs/share/depthai_ros_msgs/msg/SpatialDetection.idl
-- Installing: /workspaces/ROS_PointCloud_AGV/install/depthai_ros_msgs/share/depthai_ros_msgs/msg/SpatialDetectionArray.idl
-- Installing: /workspaces/ROS_PointCloud_AGV/install/depthai_ros_msgs/share/depthai_ros_msgs/srv/TriggerNamed.idl
-- Installing: /workspaces/ROS_PointCloud_AGV/install/depthai_ros_msgs/share/depthai_ros_msgs/srv/NormalizedImageCrop.idl
-- Installing: /workspaces/ROS_PointCloud_AGV/install/depthai_ros_msgs/share/depthai_ros_msgs/msg/AutoFocusCtrl.msg
-- Installing: /workspaces/ROS_PointCloud_AGV/install/depthai_ros_msgs/share/depthai_ros_msgs/msg/HandLandmark.msg
-- Installing: /workspaces/ROS_PointCloud_AGV/install/depthai_ros_msgs/share/depthai_ros_msgs/msg/HandLandmarkArray.msg
-- Installing: /workspaces/ROS_PointCloud_AGV/install/depthai_ros_msgs/share/depthai_ros_msgs/msg/SpatialDetection.msg
-- Installing: /workspaces/ROS_PointCloud_AGV/install/depthai_ros_msgs/share/depthai_ros_msgs/msg/SpatialDetectionArray.msg
-- Installing: /workspaces/ROS_PointCloud_AGV/install/depthai_ros_msgs/share/depthai_ros_msgs/srv/TriggerNamed.srv
-- Installing: /workspaces/ROS_PointCloud_AGV/install/depthai_ros_msgs/share/depthai_ros_msgs/srv/TriggerNamed_Request.msg
-- Installing: /workspaces/ROS_PointCloud_AGV/install/depthai_ros_msgs/share/depthai_ros_msgs/srv/TriggerNamed_Response.msg
-- Installing: /workspaces/ROS_PointCloud_AGV/install/depthai_ros_msgs/share/depthai_ros_msgs/srv/NormalizedImageCrop.srv
-- Installing: /workspaces/ROS_PointCloud_AGV/install/depthai_ros_msgs/share/depthai_ros_msgs/srv/NormalizedImageCrop_Request.msg
-- Installing: /workspaces/ROS_PointCloud_AGV/install/depthai_ros_msgs/share/depthai_ros_msgs/srv/NormalizedImageCrop_Response.msg
-- Installing: /workspaces/ROS_PointCloud_AGV/install/depthai_ros_msgs/share/ament_index/resource_index/package_run_dependencies/depthai_ros_msgs
-- Installing: /workspaces/ROS_PointCloud_AGV/install/depthai_ros_msgs/share/ament_index/resource_index/parent_prefix_path/depthai_ros_msgs
-- Installing: /workspaces/ROS_PointCloud_AGV/install/depthai_ros_msgs/share/depthai_ros_msgs/environment/ament_prefix_path.sh
-- Installing: /workspaces/ROS_PointCloud_AGV/install/depthai_ros_msgs/share/depthai_ros_msgs/environment/ament_prefix_path.dsv
-- Installing: /workspaces/ROS_PointCloud_AGV/install/depthai_ros_msgs/share/depthai_ros_msgs/environment/path.sh
-- Installing: /workspaces/ROS_PointCloud_AGV/install/depthai_ros_msgs/share/depthai_ros_msgs/environment/path.dsv
-- Installing: /workspaces/ROS_PointCloud_AGV/install/depthai_ros_msgs/share/depthai_ros_msgs/local_setup.bash
-- Installing: /workspaces/ROS_PointCloud_AGV/install/depthai_ros_msgs/share/depthai_ros_msgs/local_setup.sh
-- Installing: /workspaces/ROS_PointCloud_AGV/install/depthai_ros_msgs/share/depthai_ros_msgs/local_setup.zsh
-- Installing: /workspaces/ROS_PointCloud_AGV/install/depthai_ros_msgs/share/depthai_ros_msgs/local_setup.dsv
-- Installing: /workspaces/ROS_PointCloud_AGV/install/depthai_ros_msgs/share/depthai_ros_msgs/package.dsv
-- Installing: /workspaces/ROS_PointCloud_AGV/install/depthai_ros_msgs/share/ament_index/resource_index/packages/depthai_ros_msgs
-- Installing: /workspaces/ROS_PointCloud_AGV/install/depthai_ros_msgs/share/depthai_ros_msgs/cmake/depthai_ros_msgs__rosidl_generator_cExport.cmake
-- Installing: /workspaces/ROS_PointCloud_AGV/install/depthai_ros_msgs/share/depthai_ros_msgs/cmake/depthai_ros_msgs__rosidl_generator_cExport-noconfig.cmake
-- Installing: /workspaces/ROS_PointCloud_AGV/install/depthai_ros_msgs/share/depthai_ros_msgs/cmake/depthai_ros_msgs__rosidl_typesupport_introspection_cExport.cmake
-- Installing: /workspaces/ROS_PointCloud_AGV/install/depthai_ros_msgs/share/depthai_ros_msgs/cmake/depthai_ros_msgs__rosidl_typesupport_introspection_cExport-noconfig.cmake
-- Installing: /workspaces/ROS_PointCloud_AGV/install/depthai_ros_msgs/share/depthai_ros_msgs/cmake/depthai_ros_msgs__rosidl_typesupport_cExport.cmake
-- Installing: /workspaces/ROS_PointCloud_AGV/install/depthai_ros_msgs/share/depthai_ros_msgs/cmake/depthai_ros_msgs__rosidl_typesupport_cExport-noconfig.cmake
-- Installing: /workspaces/ROS_PointCloud_AGV/install/depthai_ros_msgs/share/depthai_ros_msgs/cmake/depthai_ros_msgs__rosidl_generator_cppExport.cmake
-- Installing: /workspaces/ROS_PointCloud_AGV/install/depthai_ros_msgs/share/depthai_ros_msgs/cmake/depthai_ros_msgs__rosidl_typesupport_introspection_cppExport.cmake
-- Installing: /workspaces/ROS_PointCloud_AGV/install/depthai_ros_msgs/share/depthai_ros_msgs/cmake/depthai_ros_msgs__rosidl_typesupport_introspection_cppExport-noconfig.cmake
-- Installing: /workspaces/ROS_PointCloud_AGV/install/depthai_ros_msgs/share/depthai_ros_msgs/cmake/depthai_ros_msgs__rosidl_typesupport_cppExport.cmake
-- Installing: /workspaces/ROS_PointCloud_AGV/install/depthai_ros_msgs/share/depthai_ros_msgs/cmake/depthai_ros_msgs__rosidl_typesupport_cppExport-noconfig.cmake
-- Installing: /workspaces/ROS_PointCloud_AGV/install/depthai_ros_msgs/share/depthai_ros_msgs/cmake/rosidl_cmake-extras.cmake
-- Installing: /workspaces/ROS_PointCloud_AGV/install/depthai_ros_msgs/share/depthai_ros_msgs/cmake/ament_cmake_export_dependencies-extras.cmake
-- Installing: /workspaces/ROS_PointCloud_AGV/install/depthai_ros_msgs/share/depthai_ros_msgs/cmake/ament_cmake_export_libraries-extras.cmake
-- Installing: /workspaces/ROS_PointCloud_AGV/install/depthai_ros_msgs/share/depthai_ros_msgs/cmake/ament_cmake_export_targets-extras.cmake
-- Installing: /workspaces/ROS_PointCloud_AGV/install/depthai_ros_msgs/share/depthai_ros_msgs/cmake/ament_cmake_export_include_directories-extras.cmake
-- Installing: /workspaces/ROS_PointCloud_AGV/install/depthai_ros_msgs/share/depthai_ros_msgs/cmake/rosidl_cmake_export_typesupport_libraries-extras.cmake
-- Installing: /workspaces/ROS_PointCloud_AGV/install/depthai_ros_msgs/share/depthai_ros_msgs/cmake/rosidl_cmake_export_typesupport_targets-extras.cmake
-- Installing: /workspaces/ROS_PointCloud_AGV/install/depthai_ros_msgs/share/depthai_ros_msgs/cmake/depthai_ros_msgsConfig.cmake
-- Installing: /workspaces/ROS_PointCloud_AGV/install/depthai_ros_msgs/share/depthai_ros_msgs/cmake/depthai_ros_msgsConfig-version.cmake
-- Installing: /workspaces/ROS_PointCloud_AGV/install/depthai_ros_msgs/share/depthai_ros_msgs/package.xml
