[1.728s] DEBUG:colcon:Command line arguments: ['/usr/bin/colcon', 'build']
[1.728s] DEBUG:colcon:Parsed command line arguments: Namespace(ament_cmake_args=None, base_paths=['.'], build_base='build', catkin_cmake_args=None, catkin_skip_building_tests=False, cmake_args=None, cmake_clean_cache=False, cmake_clean_first=False, cmake_force_configure=False, cmake_target=None, cmake_target_skip_unavailable=False, continue_on_error=False, event_handlers=None, executor='parallel', ignore_user_meta=False, install_base='install', log_base=None, log_level=None, main=<bound method BuildVerb.main of <colcon_core.verb.build.BuildVerb object at 0x7f7cee7518>>, merge_install=False, metas=['./colcon.meta'], packages_above=None, packages_above_and_dependencies=None, packages_above_depth=None, packages_end=None, packages_ignore=None, packages_ignore_regex=None, packages_select=None, packages_select_build_failed=False, packages_select_by_dep=None, packages_select_regex=None, packages_select_test_failures=False, packages_skip=None, packages_skip_build_finished=False, packages_skip_by_dep=None, packages_skip_regex=None, packages_skip_test_passed=False, packages_skip_up_to=None, packages_start=None, packages_up_to=None, packages_up_to_regex=None, parallel_workers=4, paths=None, symlink_install=False, test_result_base=None, verb_extension=<colcon_core.verb.build.BuildVerb object at 0x7f7cee7518>, verb_name='build', verb_parser=<colcon_defaults.argument_parser.defaults.DefaultArgumentsDecorator object at 0x7f7cdc4f28>)
[1.832s] Level 1:colcon.colcon_core.package_discovery:discover_packages(colcon_meta) check parameters
[1.832s] Level 1:colcon.colcon_core.package_discovery:discover_packages(recursive) check parameters
[1.833s] Level 1:colcon.colcon_core.package_discovery:discover_packages(ignore) check parameters
[1.833s] Level 1:colcon.colcon_core.package_discovery:discover_packages(path) check parameters
[1.833s] Level 1:colcon.colcon_core.package_discovery:discover_packages(colcon_meta) discover
[1.834s] Level 1:colcon.colcon_core.package_discovery:discover_packages(recursive) discover
[1.835s] INFO:colcon.colcon_core.package_discovery:Crawling recursively for packages in '/workspaces/ROS_PointCloud_AGV'
[1.835s] Level 1:colcon.colcon_core.package_identification:_identify(.) by extensions ['ignore', 'ignore_ament_install']
[1.836s] Level 1:colcon.colcon_core.package_identification:_identify(.) by extension 'ignore'
[1.836s] Level 1:colcon.colcon_core.package_identification:_identify(.) by extension 'ignore_ament_install'
[1.836s] Level 1:colcon.colcon_core.package_identification:_identify(.) by extensions ['colcon_pkg']
[1.837s] Level 1:colcon.colcon_core.package_identification:_identify(.) by extension 'colcon_pkg'
[1.837s] Level 1:colcon.colcon_core.package_identification:_identify(.) by extensions ['colcon_meta']
[1.837s] Level 1:colcon.colcon_core.package_identification:_identify(.) by extension 'colcon_meta'
[1.837s] Level 1:colcon.colcon_core.package_identification:_identify(.) by extensions ['ros']
[1.838s] Level 1:colcon.colcon_core.package_identification:_identify(.) by extension 'ros'
[2.023s] Level 1:colcon.colcon_core.package_identification:_identify(.) by extensions ['cmake', 'python']
[2.024s] Level 1:colcon.colcon_core.package_identification:_identify(.) by extension 'cmake'
[2.024s] Level 1:colcon.colcon_core.package_identification:_identify(.) by extension 'python'
[2.024s] Level 1:colcon.colcon_core.package_identification:_identify(.) by extensions ['python_setup_py']
[2.025s] Level 1:colcon.colcon_core.package_identification:_identify(.) by extension 'python_setup_py'
[2.025s] Level 1:colcon.colcon_core.package_identification:_identify(build) by extensions ['ignore', 'ignore_ament_install']
[2.026s] Level 1:colcon.colcon_core.package_identification:_identify(build) by extension 'ignore'
[2.026s] Level 1:colcon.colcon_core.package_identification:_identify(build) ignored
[2.028s] Level 1:colcon.colcon_core.package_identification:_identify(cache) by extensions ['ignore', 'ignore_ament_install']
[2.028s] Level 1:colcon.colcon_core.package_identification:_identify(cache) by extension 'ignore'
[2.028s] Level 1:colcon.colcon_core.package_identification:_identify(cache) by extension 'ignore_ament_install'
[2.029s] Level 1:colcon.colcon_core.package_identification:_identify(cache) by extensions ['colcon_pkg']
[2.029s] Level 1:colcon.colcon_core.package_identification:_identify(cache) by extension 'colcon_pkg'
[2.029s] Level 1:colcon.colcon_core.package_identification:_identify(cache) by extensions ['colcon_meta']
[2.029s] Level 1:colcon.colcon_core.package_identification:_identify(cache) by extension 'colcon_meta'
[2.030s] Level 1:colcon.colcon_core.package_identification:_identify(cache) by extensions ['ros']
[2.030s] Level 1:colcon.colcon_core.package_identification:_identify(cache) by extension 'ros'
[2.030s] Level 1:colcon.colcon_core.package_identification:_identify(cache) by extensions ['cmake', 'python']
[2.031s] Level 1:colcon.colcon_core.package_identification:_identify(cache) by extension 'cmake'
[2.031s] Level 1:colcon.colcon_core.package_identification:_identify(cache) by extension 'python'
[2.031s] Level 1:colcon.colcon_core.package_identification:_identify(cache) by extensions ['python_setup_py']
[2.031s] Level 1:colcon.colcon_core.package_identification:_identify(cache) by extension 'python_setup_py'
[2.032s] Level 1:colcon.colcon_core.package_identification:_identify(depthai-core) by extensions ['ignore', 'ignore_ament_install']
[2.032s] Level 1:colcon.colcon_core.package_identification:_identify(depthai-core) by extension 'ignore'
[2.033s] Level 1:colcon.colcon_core.package_identification:_identify(depthai-core) by extension 'ignore_ament_install'
[2.033s] Level 1:colcon.colcon_core.package_identification:_identify(depthai-core) by extensions ['colcon_pkg']
[2.033s] Level 1:colcon.colcon_core.package_identification:_identify(depthai-core) by extension 'colcon_pkg'
[2.033s] Level 1:colcon.colcon_core.package_identification:_identify(depthai-core) by extensions ['colcon_meta']
[2.034s] Level 1:colcon.colcon_core.package_identification:_identify(depthai-core) by extension 'colcon_meta'
[2.034s] Level 1:colcon.colcon_core.package_identification:_identify(depthai-core) by extensions ['ros']
[2.034s] Level 1:colcon.colcon_core.package_identification:_identify(depthai-core) by extension 'ros'
[2.035s] Level 1:colcon.colcon_core.package_identification:_identify(depthai-core) by extensions ['cmake', 'python']
[2.035s] Level 1:colcon.colcon_core.package_identification:_identify(depthai-core) by extension 'cmake'
[2.134s] Level 1:colcon.colcon_core.package_identification:_identify(depthai-core) by extension 'python'
[2.134s] DEBUG:colcon.colcon_core.package_identification:Package 'depthai-core' with type 'cmake' and name 'depthai'
[2.135s] Level 1:colcon.colcon_core.package_identification:_identify(install) by extensions ['ignore', 'ignore_ament_install']
[2.136s] Level 1:colcon.colcon_core.package_identification:_identify(install) by extension 'ignore'
[2.136s] Level 1:colcon.colcon_core.package_identification:_identify(install) ignored
[2.136s] Level 1:colcon.colcon_core.package_identification:_identify(log) by extensions ['ignore', 'ignore_ament_install']
[2.137s] Level 1:colcon.colcon_core.package_identification:_identify(log) by extension 'ignore'
[2.137s] Level 1:colcon.colcon_core.package_identification:_identify(log) ignored
[2.138s] Level 1:colcon.colcon_core.package_identification:_identify(src) by extensions ['ignore', 'ignore_ament_install']
[2.138s] Level 1:colcon.colcon_core.package_identification:_identify(src) by extension 'ignore'
[2.138s] Level 1:colcon.colcon_core.package_identification:_identify(src) by extension 'ignore_ament_install'
[2.139s] Level 1:colcon.colcon_core.package_identification:_identify(src) by extensions ['colcon_pkg']
[2.139s] Level 1:colcon.colcon_core.package_identification:_identify(src) by extension 'colcon_pkg'
[2.139s] Level 1:colcon.colcon_core.package_identification:_identify(src) by extensions ['colcon_meta']
[2.139s] Level 1:colcon.colcon_core.package_identification:_identify(src) by extension 'colcon_meta'
[2.140s] Level 1:colcon.colcon_core.package_identification:_identify(src) by extensions ['ros']
[2.140s] Level 1:colcon.colcon_core.package_identification:_identify(src) by extension 'ros'
[2.141s] Level 1:colcon.colcon_core.package_identification:_identify(src) by extensions ['cmake', 'python']
[2.141s] Level 1:colcon.colcon_core.package_identification:_identify(src) by extension 'cmake'
[2.141s] Level 1:colcon.colcon_core.package_identification:_identify(src) by extension 'python'
[2.141s] Level 1:colcon.colcon_core.package_identification:_identify(src) by extensions ['python_setup_py']
[2.141s] Level 1:colcon.colcon_core.package_identification:_identify(src) by extension 'python_setup_py'
[2.142s] Level 1:colcon.colcon_core.package_identification:_identify(src/build) by extensions ['ignore', 'ignore_ament_install']
[2.143s] Level 1:colcon.colcon_core.package_identification:_identify(src/build) by extension 'ignore'
[2.143s] Level 1:colcon.colcon_core.package_identification:_identify(src/build) ignored
[2.143s] Level 1:colcon.colcon_core.package_identification:_identify(src/cpp_pubsub) by extensions ['ignore', 'ignore_ament_install']
[2.144s] Level 1:colcon.colcon_core.package_identification:_identify(src/cpp_pubsub) by extension 'ignore'
[2.144s] Level 1:colcon.colcon_core.package_identification:_identify(src/cpp_pubsub) by extension 'ignore_ament_install'
[2.144s] Level 1:colcon.colcon_core.package_identification:_identify(src/cpp_pubsub) by extensions ['colcon_pkg']
[2.144s] Level 1:colcon.colcon_core.package_identification:_identify(src/cpp_pubsub) by extension 'colcon_pkg'
[2.145s] Level 1:colcon.colcon_core.package_identification:_identify(src/cpp_pubsub) by extensions ['colcon_meta']
[2.145s] Level 1:colcon.colcon_core.package_identification:_identify(src/cpp_pubsub) by extension 'colcon_meta'
[2.145s] Level 1:colcon.colcon_core.package_identification:_identify(src/cpp_pubsub) by extensions ['ros']
[2.145s] Level 1:colcon.colcon_core.package_identification:_identify(src/cpp_pubsub) by extension 'ros'
[2.159s] DEBUG:colcon.colcon_core.package_identification:Package 'src/cpp_pubsub' with type 'ros.ament_cmake' and name 'cpp_pubsub'
[2.160s] Level 1:colcon.colcon_core.package_identification:_identify(src/install) by extensions ['ignore', 'ignore_ament_install']
[2.161s] Level 1:colcon.colcon_core.package_identification:_identify(src/install) by extension 'ignore'
[2.161s] Level 1:colcon.colcon_core.package_identification:_identify(src/install) ignored
[2.161s] Level 1:colcon.colcon_core.package_identification:_identify(src/log) by extensions ['ignore', 'ignore_ament_install']
[2.162s] Level 1:colcon.colcon_core.package_identification:_identify(src/log) by extension 'ignore'
[2.163s] Level 1:colcon.colcon_core.package_identification:_identify(src/log) ignored
[2.163s] Level 1:colcon.colcon_core.package_identification:_identify(src/sensor_fusion) by extensions ['ignore', 'ignore_ament_install']
[2.164s] Level 1:colcon.colcon_core.package_identification:_identify(src/sensor_fusion) by extension 'ignore'
[2.164s] Level 1:colcon.colcon_core.package_identification:_identify(src/sensor_fusion) by extension 'ignore_ament_install'
[2.165s] Level 1:colcon.colcon_core.package_identification:_identify(src/sensor_fusion) by extensions ['colcon_pkg']
[2.165s] Level 1:colcon.colcon_core.package_identification:_identify(src/sensor_fusion) by extension 'colcon_pkg'
[2.165s] Level 1:colcon.colcon_core.package_identification:_identify(src/sensor_fusion) by extensions ['colcon_meta']
[2.165s] Level 1:colcon.colcon_core.package_identification:_identify(src/sensor_fusion) by extension 'colcon_meta'
[2.166s] Level 1:colcon.colcon_core.package_identification:_identify(src/sensor_fusion) by extensions ['ros']
[2.166s] Level 1:colcon.colcon_core.package_identification:_identify(src/sensor_fusion) by extension 'ros'
[2.169s] DEBUG:colcon.colcon_core.package_identification:Package 'src/sensor_fusion' with type 'ros.ament_cmake' and name 'sensor_fusion'
[2.170s] Level 1:colcon.colcon_core.package_discovery:discover_packages(recursive) using defaults
[2.171s] Level 1:colcon.colcon_core.package_discovery:discover_packages(ignore) discover
[2.171s] Level 1:colcon.colcon_core.package_discovery:discover_packages(ignore) using defaults
[2.172s] Level 1:colcon.colcon_core.package_discovery:discover_packages(path) discover
[2.172s] Level 1:colcon.colcon_core.package_discovery:discover_packages(path) using defaults
[2.269s] Level 5:colcon.colcon_core.verb:set package 'cpp_pubsub' build argument 'cmake_args' from command line to 'None'
[2.269s] Level 5:colcon.colcon_core.verb:set package 'cpp_pubsub' build argument 'cmake_target' from command line to 'None'
[2.269s] Level 5:colcon.colcon_core.verb:set package 'cpp_pubsub' build argument 'cmake_target_skip_unavailable' from command line to 'False'
[2.269s] Level 5:colcon.colcon_core.verb:set package 'cpp_pubsub' build argument 'cmake_clean_cache' from command line to 'False'
[2.270s] Level 5:colcon.colcon_core.verb:set package 'cpp_pubsub' build argument 'cmake_clean_first' from command line to 'False'
[2.270s] Level 5:colcon.colcon_core.verb:set package 'cpp_pubsub' build argument 'cmake_force_configure' from command line to 'False'
[2.270s] Level 5:colcon.colcon_core.verb:set package 'cpp_pubsub' build argument 'ament_cmake_args' from command line to 'None'
[2.270s] Level 5:colcon.colcon_core.verb:set package 'cpp_pubsub' build argument 'catkin_cmake_args' from command line to 'None'
[2.270s] Level 5:colcon.colcon_core.verb:set package 'cpp_pubsub' build argument 'catkin_skip_building_tests' from command line to 'False'
[2.271s] DEBUG:colcon.colcon_core.verb:Building package 'cpp_pubsub' with the following arguments: {'ament_cmake_args': None, 'build_base': '/workspaces/ROS_PointCloud_AGV/build/cpp_pubsub', 'catkin_cmake_args': None, 'catkin_skip_building_tests': False, 'cmake_args': None, 'cmake_clean_cache': False, 'cmake_clean_first': False, 'cmake_force_configure': False, 'cmake_target': None, 'cmake_target_skip_unavailable': False, 'install_base': '/workspaces/ROS_PointCloud_AGV/install/cpp_pubsub', 'merge_install': False, 'path': '/workspaces/ROS_PointCloud_AGV/src/cpp_pubsub', 'symlink_install': False, 'test_result_base': None}
[2.273s] Level 5:colcon.colcon_core.verb:set package 'depthai' build argument 'cmake_args' from command line to 'None'
[2.273s] Level 5:colcon.colcon_core.verb:set package 'depthai' build argument 'cmake_target' from command line to 'None'
[2.273s] Level 5:colcon.colcon_core.verb:set package 'depthai' build argument 'cmake_target_skip_unavailable' from command line to 'False'
[2.274s] Level 5:colcon.colcon_core.verb:set package 'depthai' build argument 'cmake_clean_cache' from command line to 'False'
[2.274s] Level 5:colcon.colcon_core.verb:set package 'depthai' build argument 'cmake_clean_first' from command line to 'False'
[2.274s] Level 5:colcon.colcon_core.verb:set package 'depthai' build argument 'cmake_force_configure' from command line to 'False'
[2.274s] Level 5:colcon.colcon_core.verb:set package 'depthai' build argument 'ament_cmake_args' from command line to 'None'
[2.274s] Level 5:colcon.colcon_core.verb:set package 'depthai' build argument 'catkin_cmake_args' from command line to 'None'
[2.274s] Level 5:colcon.colcon_core.verb:set package 'depthai' build argument 'catkin_skip_building_tests' from command line to 'False'
[2.275s] DEBUG:colcon.colcon_core.verb:Building package 'depthai' with the following arguments: {'ament_cmake_args': None, 'build_base': '/workspaces/ROS_PointCloud_AGV/build/depthai', 'catkin_cmake_args': None, 'catkin_skip_building_tests': False, 'cmake_args': None, 'cmake_clean_cache': False, 'cmake_clean_first': False, 'cmake_force_configure': False, 'cmake_target': None, 'cmake_target_skip_unavailable': False, 'install_base': '/workspaces/ROS_PointCloud_AGV/install/depthai', 'merge_install': False, 'path': '/workspaces/ROS_PointCloud_AGV/depthai-core', 'symlink_install': False, 'test_result_base': None}
[2.277s] Level 5:colcon.colcon_core.verb:set package 'sensor_fusion' build argument 'cmake_args' from command line to 'None'
[2.277s] Level 5:colcon.colcon_core.verb:set package 'sensor_fusion' build argument 'cmake_target' from command line to 'None'
[2.277s] Level 5:colcon.colcon_core.verb:set package 'sensor_fusion' build argument 'cmake_target_skip_unavailable' from command line to 'False'
[2.278s] Level 5:colcon.colcon_core.verb:set package 'sensor_fusion' build argument 'cmake_clean_cache' from command line to 'False'
[2.278s] Level 5:colcon.colcon_core.verb:set package 'sensor_fusion' build argument 'cmake_clean_first' from command line to 'False'
[2.278s] Level 5:colcon.colcon_core.verb:set package 'sensor_fusion' build argument 'cmake_force_configure' from command line to 'False'
[2.278s] Level 5:colcon.colcon_core.verb:set package 'sensor_fusion' build argument 'ament_cmake_args' from command line to 'None'
[2.278s] Level 5:colcon.colcon_core.verb:set package 'sensor_fusion' build argument 'catkin_cmake_args' from command line to 'None'
[2.279s] Level 5:colcon.colcon_core.verb:set package 'sensor_fusion' build argument 'catkin_skip_building_tests' from command line to 'False'
[2.279s] DEBUG:colcon.colcon_core.verb:Building package 'sensor_fusion' with the following arguments: {'ament_cmake_args': None, 'build_base': '/workspaces/ROS_PointCloud_AGV/build/sensor_fusion', 'catkin_cmake_args': None, 'catkin_skip_building_tests': False, 'cmake_args': None, 'cmake_clean_cache': False, 'cmake_clean_first': False, 'cmake_force_configure': False, 'cmake_target': None, 'cmake_target_skip_unavailable': False, 'install_base': '/workspaces/ROS_PointCloud_AGV/install/sensor_fusion', 'merge_install': False, 'path': '/workspaces/ROS_PointCloud_AGV/src/sensor_fusion', 'symlink_install': False, 'test_result_base': None}
[2.280s] INFO:colcon.colcon_core.executor:Executing jobs using 'parallel' executor
[2.285s] DEBUG:colcon.colcon_parallel_executor.executor.parallel:run_until_complete
[2.287s] INFO:colcon.colcon_ros.task.ament_cmake.build:Building ROS package in '/workspaces/ROS_PointCloud_AGV/src/cpp_pubsub' with build type 'ament_cmake'
[2.287s] INFO:colcon.colcon_cmake.task.cmake.build:Building CMake package in '/workspaces/ROS_PointCloud_AGV/src/cpp_pubsub'
[2.298s] INFO:colcon.colcon_core.plugin_system:Skipping extension 'colcon_core.shell.bat': Not used on non-Windows systems
[2.300s] INFO:colcon.colcon_core.shell:Skip shell extension 'powershell' for command environment: Not usable outside of PowerShell
[2.300s] DEBUG:colcon.colcon_core.shell:Skip shell extension 'dsv' for command environment
[2.355s] INFO:colcon.colcon_cmake.task.cmake.build:Building CMake package in '/workspaces/ROS_PointCloud_AGV/depthai-core'
[2.357s] INFO:colcon.colcon_core.shell:Skip shell extension 'powershell' for command environment: Not usable outside of PowerShell
[2.358s] DEBUG:colcon.colcon_core.shell:Skip shell extension 'dsv' for command environment
[2.407s] INFO:colcon.colcon_ros.task.ament_cmake.build:Building ROS package in '/workspaces/ROS_PointCloud_AGV/src/sensor_fusion' with build type 'ament_cmake'
[2.409s] INFO:colcon.colcon_cmake.task.cmake.build:Building CMake package in '/workspaces/ROS_PointCloud_AGV/src/sensor_fusion'
[2.411s] INFO:colcon.colcon_core.shell:Skip shell extension 'powershell' for command environment: Not usable outside of PowerShell
[2.411s] DEBUG:colcon.colcon_core.shell:Skip shell extension 'dsv' for command environment
[2.476s] DEBUG:colcon.colcon_core.event_handler.log_command:Invoking command in '/workspaces/ROS_PointCloud_AGV/build/cpp_pubsub': /usr/local/bin/cmake --build /workspaces/ROS_PointCloud_AGV/build/cpp_pubsub -- -j4 -l4
[2.505s] DEBUG:colcon.colcon_core.event_handler.log_command:Invoking command in '/workspaces/ROS_PointCloud_AGV/build/depthai': /usr/local/bin/cmake /workspaces/ROS_PointCloud_AGV/depthai-core -DCMAKE_INSTALL_PREFIX=/workspaces/ROS_PointCloud_AGV/install/depthai
[2.522s] DEBUG:colcon.colcon_core.event_handler.log_command:Invoking command in '/workspaces/ROS_PointCloud_AGV/build/sensor_fusion': /usr/local/bin/cmake /workspaces/ROS_PointCloud_AGV/src/sensor_fusion -DCMAKE_INSTALL_PREFIX=/workspaces/ROS_PointCloud_AGV/install/sensor_fusion
[2.852s] DEBUG:colcon.colcon_core.event_handler.log_command:Invoked command in '/workspaces/ROS_PointCloud_AGV/build/cpp_pubsub' returned '0': /usr/local/bin/cmake --build /workspaces/ROS_PointCloud_AGV/build/cpp_pubsub -- -j4 -l4
[3.285s] DEBUG:colcon.colcon_core.event_handler.log_command:Invoking command in '/workspaces/ROS_PointCloud_AGV/build/cpp_pubsub': /usr/local/bin/cmake --install /workspaces/ROS_PointCloud_AGV/build/cpp_pubsub
[3.456s] Level 1:colcon.colcon_core.environment:create_environment_scripts_only(cpp_pubsub)
[3.470s] Level 1:colcon.colcon_core.environment:checking '/workspaces/ROS_PointCloud_AGV/install/cpp_pubsub' for CMake module files
[3.473s] DEBUG:colcon.colcon_core.event_handler.log_command:Invoked command in '/workspaces/ROS_PointCloud_AGV/build/cpp_pubsub' returned '0': /usr/local/bin/cmake --install /workspaces/ROS_PointCloud_AGV/build/cpp_pubsub
[3.476s] Level 1:colcon.colcon_core.environment:checking '/workspaces/ROS_PointCloud_AGV/install/cpp_pubsub' for CMake config files
[3.478s] Level 1:colcon.colcon_core.shell:create_environment_hook('cpp_pubsub', 'cmake_prefix_path')
[3.480s] INFO:colcon.colcon_core.shell:Creating environment hook '/workspaces/ROS_PointCloud_AGV/install/cpp_pubsub/share/cpp_pubsub/hook/cmake_prefix_path.ps1'
[3.483s] INFO:colcon.colcon_core.shell:Creating environment descriptor '/workspaces/ROS_PointCloud_AGV/install/cpp_pubsub/share/cpp_pubsub/hook/cmake_prefix_path.dsv'
[3.486s] INFO:colcon.colcon_core.shell:Creating environment hook '/workspaces/ROS_PointCloud_AGV/install/cpp_pubsub/share/cpp_pubsub/hook/cmake_prefix_path.sh'
[3.493s] Level 1:colcon.colcon_core.environment:checking '/workspaces/ROS_PointCloud_AGV/install/cpp_pubsub/lib'
[3.494s] Level 1:colcon.colcon_core.environment:checking '/workspaces/ROS_PointCloud_AGV/install/cpp_pubsub/bin'
[3.494s] Level 1:colcon.colcon_core.environment:checking '/workspaces/ROS_PointCloud_AGV/install/cpp_pubsub/lib/pkgconfig/cpp_pubsub.pc'
[3.495s] Level 1:colcon.colcon_core.environment:checking '/workspaces/ROS_PointCloud_AGV/install/cpp_pubsub/lib/python3.6/site-packages'
[3.496s] Level 1:colcon.colcon_core.environment:checking '/workspaces/ROS_PointCloud_AGV/install/cpp_pubsub/bin'
[3.498s] INFO:colcon.colcon_core.shell:Creating package script '/workspaces/ROS_PointCloud_AGV/install/cpp_pubsub/share/cpp_pubsub/package.ps1'
[3.503s] INFO:colcon.colcon_core.shell:Creating package descriptor '/workspaces/ROS_PointCloud_AGV/install/cpp_pubsub/share/cpp_pubsub/package.dsv'
[3.506s] INFO:colcon.colcon_core.shell:Creating package script '/workspaces/ROS_PointCloud_AGV/install/cpp_pubsub/share/cpp_pubsub/package.sh'
[3.511s] INFO:colcon.colcon_core.shell:Creating package script '/workspaces/ROS_PointCloud_AGV/install/cpp_pubsub/share/cpp_pubsub/package.bash'
[3.516s] INFO:colcon.colcon_core.shell:Creating package script '/workspaces/ROS_PointCloud_AGV/install/cpp_pubsub/share/cpp_pubsub/package.zsh'
[3.520s] Level 1:colcon.colcon_core.environment:create_file_with_runtime_dependencies(/workspaces/ROS_PointCloud_AGV/install/cpp_pubsub/share/colcon-core/packages/cpp_pubsub)
[3.741s] Level 1:colcon.colcon_core.environment:create_environment_scripts_only(cpp_pubsub)
[3.743s] Level 1:colcon.colcon_core.environment:checking '/workspaces/ROS_PointCloud_AGV/install/cpp_pubsub' for CMake module files
[3.746s] Level 1:colcon.colcon_core.environment:checking '/workspaces/ROS_PointCloud_AGV/install/cpp_pubsub' for CMake config files
[3.748s] Level 1:colcon.colcon_core.shell:create_environment_hook('cpp_pubsub', 'cmake_prefix_path')
[3.750s] INFO:colcon.colcon_core.shell:Creating environment hook '/workspaces/ROS_PointCloud_AGV/install/cpp_pubsub/share/cpp_pubsub/hook/cmake_prefix_path.ps1'
[3.752s] INFO:colcon.colcon_core.shell:Creating environment descriptor '/workspaces/ROS_PointCloud_AGV/install/cpp_pubsub/share/cpp_pubsub/hook/cmake_prefix_path.dsv'
[3.753s] INFO:colcon.colcon_core.shell:Creating environment hook '/workspaces/ROS_PointCloud_AGV/install/cpp_pubsub/share/cpp_pubsub/hook/cmake_prefix_path.sh'
[3.757s] Level 1:colcon.colcon_core.environment:checking '/workspaces/ROS_PointCloud_AGV/install/cpp_pubsub/lib'
[3.757s] Level 1:colcon.colcon_core.environment:checking '/workspaces/ROS_PointCloud_AGV/install/cpp_pubsub/bin'
[3.758s] Level 1:colcon.colcon_core.environment:checking '/workspaces/ROS_PointCloud_AGV/install/cpp_pubsub/lib/pkgconfig/cpp_pubsub.pc'
[3.759s] Level 1:colcon.colcon_core.environment:checking '/workspaces/ROS_PointCloud_AGV/install/cpp_pubsub/lib/python3.6/site-packages'
[3.759s] Level 1:colcon.colcon_core.environment:checking '/workspaces/ROS_PointCloud_AGV/install/cpp_pubsub/bin'
[3.761s] INFO:colcon.colcon_core.shell:Creating package script '/workspaces/ROS_PointCloud_AGV/install/cpp_pubsub/share/cpp_pubsub/package.ps1'
[3.764s] INFO:colcon.colcon_core.shell:Creating package descriptor '/workspaces/ROS_PointCloud_AGV/install/cpp_pubsub/share/cpp_pubsub/package.dsv'
[3.766s] INFO:colcon.colcon_core.shell:Creating package script '/workspaces/ROS_PointCloud_AGV/install/cpp_pubsub/share/cpp_pubsub/package.sh'
[3.768s] INFO:colcon.colcon_core.shell:Creating package script '/workspaces/ROS_PointCloud_AGV/install/cpp_pubsub/share/cpp_pubsub/package.bash'
[3.770s] INFO:colcon.colcon_core.shell:Creating package script '/workspaces/ROS_PointCloud_AGV/install/cpp_pubsub/share/cpp_pubsub/package.zsh'
[3.772s] Level 1:colcon.colcon_core.environment:create_file_with_runtime_dependencies(/workspaces/ROS_PointCloud_AGV/install/cpp_pubsub/share/colcon-core/packages/cpp_pubsub)
[4.019s] DEBUG:colcon.colcon_core.event_handler.log_command:Invoked command in '/workspaces/ROS_PointCloud_AGV/build/sensor_fusion' returned '1': /usr/local/bin/cmake /workspaces/ROS_PointCloud_AGV/src/sensor_fusion -DCMAKE_INSTALL_PREFIX=/workspaces/ROS_PointCloud_AGV/install/sensor_fusion
[4.190s] Level 1:colcon.colcon_core.environment:create_environment_scripts_only(sensor_fusion)
[4.193s] Level 1:colcon.colcon_core.environment:checking '/workspaces/ROS_PointCloud_AGV/install/sensor_fusion' for CMake module files
[4.195s] Level 1:colcon.colcon_core.environment:checking '/workspaces/ROS_PointCloud_AGV/install/sensor_fusion' for CMake config files
[4.199s] Level 1:colcon.colcon_core.environment:checking '/workspaces/ROS_PointCloud_AGV/install/sensor_fusion/bin'
[4.200s] Level 1:colcon.colcon_core.environment:checking '/workspaces/ROS_PointCloud_AGV/install/sensor_fusion/lib/pkgconfig/sensor_fusion.pc'
[4.201s] Level 1:colcon.colcon_core.environment:checking '/workspaces/ROS_PointCloud_AGV/install/sensor_fusion/lib/python3.6/site-packages'
[4.201s] Level 1:colcon.colcon_core.environment:checking '/workspaces/ROS_PointCloud_AGV/install/sensor_fusion/bin'
[4.203s] INFO:colcon.colcon_core.shell:Creating package script '/workspaces/ROS_PointCloud_AGV/install/sensor_fusion/share/sensor_fusion/package.ps1'
[4.205s] INFO:colcon.colcon_core.shell:Creating package descriptor '/workspaces/ROS_PointCloud_AGV/install/sensor_fusion/share/sensor_fusion/package.dsv'
[4.207s] INFO:colcon.colcon_core.shell:Creating package script '/workspaces/ROS_PointCloud_AGV/install/sensor_fusion/share/sensor_fusion/package.sh'
[4.209s] INFO:colcon.colcon_core.shell:Creating package script '/workspaces/ROS_PointCloud_AGV/install/sensor_fusion/share/sensor_fusion/package.bash'
[4.211s] INFO:colcon.colcon_core.shell:Creating package script '/workspaces/ROS_PointCloud_AGV/install/sensor_fusion/share/sensor_fusion/package.zsh'
[4.212s] Level 1:colcon.colcon_core.environment:create_file_with_runtime_dependencies(/workspaces/ROS_PointCloud_AGV/install/sensor_fusion/share/colcon-core/packages/sensor_fusion)
[142.902s] DEBUG:colcon.colcon_parallel_executor.executor.parallel:run_until_complete was interrupted
[142.903s] DEBUG:colcon.colcon_parallel_executor.executor.parallel:run_until_complete again
[142.945s] DEBUG:colcon.colcon_parallel_executor.executor.parallel:run_until_complete finished
[142.945s] DEBUG:colcon.colcon_parallel_executor.executor.parallel:closing loop
[142.947s] DEBUG:colcon.colcon_parallel_executor.executor.parallel:loop closed
[142.948s] DEBUG:colcon.colcon_core.event_reactor:joining thread
[142.973s] INFO:colcon.colcon_core.plugin_system:Skipping extension 'colcon_notification.desktop_notification.notify_send': Could not find 'notify-send'
[142.974s] INFO:colcon.colcon_core.plugin_system:Skipping extension 'colcon_notification.desktop_notification.terminal_notifier': Not used on non-Darwin systems
[142.974s] INFO:colcon.colcon_core.plugin_system:Skipping extension 'colcon_notification.desktop_notification.win32': Not used on non-Windows systems
[142.975s] INFO:colcon.colcon_notification.desktop_notification:Sending desktop notification using 'notify2'
[142.976s] DEBUG:colcon.colcon_notification.desktop_notification.notify2:Failed to initialize notify2: org.freedesktop.DBus.Error.InvalidFileContent: D-Bus library appears to be incorrectly set up: see the manual page for dbus-uuidgen to correct this issue. (Failed to open "/var/lib/dbus/machine-id": No such file or directory; UUID file '/etc/machine-id' should contain a hex string of length 32, not length 0, with no other text)
[142.976s] DEBUG:colcon.colcon_core.event_reactor:joined thread
[142.978s] INFO:colcon.colcon_core.shell:Creating prefix script '/workspaces/ROS_PointCloud_AGV/install/local_setup.ps1'
[142.983s] INFO:colcon.colcon_core.shell:Creating prefix util module '/workspaces/ROS_PointCloud_AGV/install/_local_setup_util_ps1.py'
[142.992s] INFO:colcon.colcon_core.shell:Creating prefix chain script '/workspaces/ROS_PointCloud_AGV/install/setup.ps1'
[142.998s] INFO:colcon.colcon_core.shell:Creating prefix script '/workspaces/ROS_PointCloud_AGV/install/local_setup.sh'
[143.001s] INFO:colcon.colcon_core.shell:Creating prefix util module '/workspaces/ROS_PointCloud_AGV/install/_local_setup_util_sh.py'
[143.003s] INFO:colcon.colcon_core.shell:Creating prefix chain script '/workspaces/ROS_PointCloud_AGV/install/setup.sh'
[143.009s] INFO:colcon.colcon_core.shell:Creating prefix script '/workspaces/ROS_PointCloud_AGV/install/local_setup.bash'
[143.012s] INFO:colcon.colcon_core.shell:Creating prefix chain script '/workspaces/ROS_PointCloud_AGV/install/setup.bash'
[143.017s] INFO:colcon.colcon_core.shell:Creating prefix script '/workspaces/ROS_PointCloud_AGV/install/local_setup.zsh'
[143.020s] INFO:colcon.colcon_core.shell:Creating prefix chain script '/workspaces/ROS_PointCloud_AGV/install/setup.zsh'
