[1.811s] DEBUG:colcon:Command line arguments: ['/usr/bin/colcon', 'build']
[1.812s] DEBUG:colcon:Parsed command line arguments: Namespace(ament_cmake_args=None, base_paths=['.'], build_base='build', catkin_cmake_args=None, catkin_skip_building_tests=False, cmake_args=None, cmake_clean_cache=False, cmake_clean_first=False, cmake_force_configure=False, cmake_target=None, cmake_target_skip_unavailable=False, continue_on_error=False, event_handlers=None, executor='parallel', ignore_user_meta=False, install_base='install', log_base=None, log_level=None, main=<bound method BuildVerb.main of <colcon_core.verb.build.BuildVerb object at 0x7fa0d1da20>>, merge_install=False, metas=['./colcon.meta'], packages_above=None, packages_above_and_dependencies=None, packages_above_depth=None, packages_end=None, packages_ignore=None, packages_ignore_regex=None, packages_select=None, packages_select_build_failed=False, packages_select_by_dep=None, packages_select_regex=None, packages_select_test_failures=False, packages_skip=None, packages_skip_build_finished=False, packages_skip_by_dep=None, packages_skip_regex=None, packages_skip_test_passed=False, packages_skip_up_to=None, packages_start=None, packages_up_to=None, packages_up_to_regex=None, parallel_workers=4, paths=None, symlink_install=False, test_result_base=None, verb_extension=<colcon_core.verb.build.BuildVerb object at 0x7fa0d1da20>, verb_name='build', verb_parser=<colcon_defaults.argument_parser.defaults.DefaultArgumentsDecorator object at 0x7fa0c07470>)
[1.918s] Level 1:colcon.colcon_core.package_discovery:discover_packages(colcon_meta) check parameters
[1.919s] Level 1:colcon.colcon_core.package_discovery:discover_packages(recursive) check parameters
[1.920s] Level 1:colcon.colcon_core.package_discovery:discover_packages(ignore) check parameters
[1.921s] Level 1:colcon.colcon_core.package_discovery:discover_packages(path) check parameters
[1.922s] Level 1:colcon.colcon_core.package_discovery:discover_packages(colcon_meta) discover
[1.924s] Level 1:colcon.colcon_core.package_discovery:discover_packages(recursive) discover
[1.925s] INFO:colcon.colcon_core.package_discovery:Crawling recursively for packages in '/workspaces/ROS_PointCloud_AGV'
[1.926s] Level 1:colcon.colcon_core.package_identification:_identify(.) by extensions ['ignore', 'ignore_ament_install']
[1.927s] Level 1:colcon.colcon_core.package_identification:_identify(.) by extension 'ignore'
[1.928s] Level 1:colcon.colcon_core.package_identification:_identify(.) by extension 'ignore_ament_install'
[1.929s] Level 1:colcon.colcon_core.package_identification:_identify(.) by extensions ['colcon_pkg']
[1.930s] Level 1:colcon.colcon_core.package_identification:_identify(.) by extension 'colcon_pkg'
[1.931s] Level 1:colcon.colcon_core.package_identification:_identify(.) by extensions ['colcon_meta']
[1.932s] Level 1:colcon.colcon_core.package_identification:_identify(.) by extension 'colcon_meta'
[1.933s] Level 1:colcon.colcon_core.package_identification:_identify(.) by extensions ['ros']
[1.934s] Level 1:colcon.colcon_core.package_identification:_identify(.) by extension 'ros'
[2.134s] Level 1:colcon.colcon_core.package_identification:_identify(.) by extensions ['cmake', 'python']
[2.135s] Level 1:colcon.colcon_core.package_identification:_identify(.) by extension 'cmake'
[2.136s] Level 1:colcon.colcon_core.package_identification:_identify(.) by extension 'python'
[2.137s] Level 1:colcon.colcon_core.package_identification:_identify(.) by extensions ['python_setup_py']
[2.138s] Level 1:colcon.colcon_core.package_identification:_identify(.) by extension 'python_setup_py'
[2.139s] Level 1:colcon.colcon_core.package_identification:_identify(build) by extensions ['ignore', 'ignore_ament_install']
[2.140s] Level 1:colcon.colcon_core.package_identification:_identify(build) by extension 'ignore'
[2.141s] Level 1:colcon.colcon_core.package_identification:_identify(build) ignored
[2.144s] Level 1:colcon.colcon_core.package_identification:_identify(cache) by extensions ['ignore', 'ignore_ament_install']
[2.145s] Level 1:colcon.colcon_core.package_identification:_identify(cache) by extension 'ignore'
[2.146s] Level 1:colcon.colcon_core.package_identification:_identify(cache) by extension 'ignore_ament_install'
[2.147s] Level 1:colcon.colcon_core.package_identification:_identify(cache) by extensions ['colcon_pkg']
[2.148s] Level 1:colcon.colcon_core.package_identification:_identify(cache) by extension 'colcon_pkg'
[2.148s] Level 1:colcon.colcon_core.package_identification:_identify(cache) by extensions ['colcon_meta']
[2.149s] Level 1:colcon.colcon_core.package_identification:_identify(cache) by extension 'colcon_meta'
[2.150s] Level 1:colcon.colcon_core.package_identification:_identify(cache) by extensions ['ros']
[2.150s] Level 1:colcon.colcon_core.package_identification:_identify(cache) by extension 'ros'
[2.151s] Level 1:colcon.colcon_core.package_identification:_identify(cache) by extensions ['cmake', 'python']
[2.152s] Level 1:colcon.colcon_core.package_identification:_identify(cache) by extension 'cmake'
[2.152s] Level 1:colcon.colcon_core.package_identification:_identify(cache) by extension 'python'
[2.153s] Level 1:colcon.colcon_core.package_identification:_identify(cache) by extensions ['python_setup_py']
[2.153s] Level 1:colcon.colcon_core.package_identification:_identify(cache) by extension 'python_setup_py'
[2.154s] Level 1:colcon.colcon_core.package_identification:_identify(depthai-core) by extensions ['ignore', 'ignore_ament_install']
[2.155s] Level 1:colcon.colcon_core.package_identification:_identify(depthai-core) by extension 'ignore'
[2.156s] Level 1:colcon.colcon_core.package_identification:_identify(depthai-core) by extension 'ignore_ament_install'
[2.157s] Level 1:colcon.colcon_core.package_identification:_identify(depthai-core) by extensions ['colcon_pkg']
[2.157s] Level 1:colcon.colcon_core.package_identification:_identify(depthai-core) by extension 'colcon_pkg'
[2.158s] Level 1:colcon.colcon_core.package_identification:_identify(depthai-core) by extensions ['colcon_meta']
[2.158s] Level 1:colcon.colcon_core.package_identification:_identify(depthai-core) by extension 'colcon_meta'
[2.159s] Level 1:colcon.colcon_core.package_identification:_identify(depthai-core) by extensions ['ros']
[2.160s] Level 1:colcon.colcon_core.package_identification:_identify(depthai-core) by extension 'ros'
[2.161s] Level 1:colcon.colcon_core.package_identification:_identify(depthai-core) by extensions ['cmake', 'python']
[2.162s] Level 1:colcon.colcon_core.package_identification:_identify(depthai-core) by extension 'cmake'
[2.262s] Level 1:colcon.colcon_core.package_identification:_identify(depthai-core) by extension 'python'
[2.263s] DEBUG:colcon.colcon_core.package_identification:Package 'depthai-core' with type 'cmake' and name 'depthai'
[2.264s] Level 1:colcon.colcon_core.package_identification:_identify(install) by extensions ['ignore', 'ignore_ament_install']
[2.265s] Level 1:colcon.colcon_core.package_identification:_identify(install) by extension 'ignore'
[2.265s] Level 1:colcon.colcon_core.package_identification:_identify(install) ignored
[2.266s] Level 1:colcon.colcon_core.package_identification:_identify(log) by extensions ['ignore', 'ignore_ament_install']
[2.267s] Level 1:colcon.colcon_core.package_identification:_identify(log) by extension 'ignore'
[2.268s] Level 1:colcon.colcon_core.package_identification:_identify(log) ignored
[2.269s] Level 1:colcon.colcon_core.package_identification:_identify(src) by extensions ['ignore', 'ignore_ament_install']
[2.269s] Level 1:colcon.colcon_core.package_identification:_identify(src) by extension 'ignore'
[2.270s] Level 1:colcon.colcon_core.package_identification:_identify(src) by extension 'ignore_ament_install'
[2.271s] Level 1:colcon.colcon_core.package_identification:_identify(src) by extensions ['colcon_pkg']
[2.272s] Level 1:colcon.colcon_core.package_identification:_identify(src) by extension 'colcon_pkg'
[2.272s] Level 1:colcon.colcon_core.package_identification:_identify(src) by extensions ['colcon_meta']
[2.273s] Level 1:colcon.colcon_core.package_identification:_identify(src) by extension 'colcon_meta'
[2.273s] Level 1:colcon.colcon_core.package_identification:_identify(src) by extensions ['ros']
[2.274s] Level 1:colcon.colcon_core.package_identification:_identify(src) by extension 'ros'
[2.275s] Level 1:colcon.colcon_core.package_identification:_identify(src) by extensions ['cmake', 'python']
[2.276s] Level 1:colcon.colcon_core.package_identification:_identify(src) by extension 'cmake'
[2.276s] Level 1:colcon.colcon_core.package_identification:_identify(src) by extension 'python'
[2.277s] Level 1:colcon.colcon_core.package_identification:_identify(src) by extensions ['python_setup_py']
[2.277s] Level 1:colcon.colcon_core.package_identification:_identify(src) by extension 'python_setup_py'
[2.278s] Level 1:colcon.colcon_core.package_identification:_identify(src/build) by extensions ['ignore', 'ignore_ament_install']
[2.279s] Level 1:colcon.colcon_core.package_identification:_identify(src/build) by extension 'ignore'
[2.280s] Level 1:colcon.colcon_core.package_identification:_identify(src/build) ignored
[2.281s] Level 1:colcon.colcon_core.package_identification:_identify(src/cpp_pub_sub) by extensions ['ignore', 'ignore_ament_install']
[2.282s] Level 1:colcon.colcon_core.package_identification:_identify(src/cpp_pub_sub) by extension 'ignore'
[2.283s] Level 1:colcon.colcon_core.package_identification:_identify(src/cpp_pub_sub) by extension 'ignore_ament_install'
[2.284s] Level 1:colcon.colcon_core.package_identification:_identify(src/cpp_pub_sub) by extensions ['colcon_pkg']
[2.285s] Level 1:colcon.colcon_core.package_identification:_identify(src/cpp_pub_sub) by extension 'colcon_pkg'
[2.285s] Level 1:colcon.colcon_core.package_identification:_identify(src/cpp_pub_sub) by extensions ['colcon_meta']
[2.285s] Level 1:colcon.colcon_core.package_identification:_identify(src/cpp_pub_sub) by extension 'colcon_meta'
[2.286s] Level 1:colcon.colcon_core.package_identification:_identify(src/cpp_pub_sub) by extensions ['ros']
[2.286s] Level 1:colcon.colcon_core.package_identification:_identify(src/cpp_pub_sub) by extension 'ros'
[2.291s] DEBUG:colcon.colcon_core.package_identification:Failed to parse potential ROS package manifest in'src/cpp_pub_sub': Error(s) in package 'src/cpp_pub_sub/package.xml':
The manifest contains invalid XML:
XML or text declaration not at start of entity: line 3, column 0
[2.292s] Level 1:colcon.colcon_core.package_identification:_identify(src/cpp_pub_sub) by extensions ['cmake', 'python']
[2.292s] Level 1:colcon.colcon_core.package_identification:_identify(src/cpp_pub_sub) by extension 'cmake'
[2.308s] Level 1:colcon.colcon_core.package_identification:_identify(src/cpp_pub_sub) by extension 'python'
[2.309s] DEBUG:colcon.colcon_core.package_identification:Package 'src/cpp_pub_sub' with type 'cmake' and name 'cpp_pub_sub'
[2.310s] Level 1:colcon.colcon_core.package_identification:_identify(src/install) by extensions ['ignore', 'ignore_ament_install']
[2.310s] Level 1:colcon.colcon_core.package_identification:_identify(src/install) by extension 'ignore'
[2.311s] Level 1:colcon.colcon_core.package_identification:_identify(src/install) ignored
[2.311s] Level 1:colcon.colcon_core.package_identification:_identify(src/log) by extensions ['ignore', 'ignore_ament_install']
[2.312s] Level 1:colcon.colcon_core.package_identification:_identify(src/log) by extension 'ignore'
[2.312s] Level 1:colcon.colcon_core.package_identification:_identify(src/log) ignored
[2.313s] Level 1:colcon.colcon_core.package_identification:_identify(src/sensor_fusion) by extensions ['ignore', 'ignore_ament_install']
[2.313s] Level 1:colcon.colcon_core.package_identification:_identify(src/sensor_fusion) by extension 'ignore'
[2.314s] Level 1:colcon.colcon_core.package_identification:_identify(src/sensor_fusion) by extension 'ignore_ament_install'
[2.314s] Level 1:colcon.colcon_core.package_identification:_identify(src/sensor_fusion) by extensions ['colcon_pkg']
[2.314s] Level 1:colcon.colcon_core.package_identification:_identify(src/sensor_fusion) by extension 'colcon_pkg'
[2.315s] Level 1:colcon.colcon_core.package_identification:_identify(src/sensor_fusion) by extensions ['colcon_meta']
[2.315s] Level 1:colcon.colcon_core.package_identification:_identify(src/sensor_fusion) by extension 'colcon_meta'
[2.315s] Level 1:colcon.colcon_core.package_identification:_identify(src/sensor_fusion) by extensions ['ros']
[2.316s] Level 1:colcon.colcon_core.package_identification:_identify(src/sensor_fusion) by extension 'ros'
[2.326s] DEBUG:colcon.colcon_core.package_identification:Package 'src/sensor_fusion' with type 'ros.ament_cmake' and name 'sensor_fusion'
[2.327s] Level 1:colcon.colcon_core.package_discovery:discover_packages(recursive) using defaults
[2.328s] Level 1:colcon.colcon_core.package_discovery:discover_packages(ignore) discover
[2.329s] Level 1:colcon.colcon_core.package_discovery:discover_packages(ignore) using defaults
[2.329s] Level 1:colcon.colcon_core.package_discovery:discover_packages(path) discover
[2.329s] Level 1:colcon.colcon_core.package_discovery:discover_packages(path) using defaults
[2.445s] Level 5:colcon.colcon_core.verb:set package 'cpp_pub_sub' build argument 'cmake_args' from command line to 'None'
[2.445s] Level 5:colcon.colcon_core.verb:set package 'cpp_pub_sub' build argument 'cmake_target' from command line to 'None'
[2.446s] Level 5:colcon.colcon_core.verb:set package 'cpp_pub_sub' build argument 'cmake_target_skip_unavailable' from command line to 'False'
[2.446s] Level 5:colcon.colcon_core.verb:set package 'cpp_pub_sub' build argument 'cmake_clean_cache' from command line to 'False'
[2.447s] Level 5:colcon.colcon_core.verb:set package 'cpp_pub_sub' build argument 'cmake_clean_first' from command line to 'False'
[2.448s] Level 5:colcon.colcon_core.verb:set package 'cpp_pub_sub' build argument 'cmake_force_configure' from command line to 'False'
[2.448s] Level 5:colcon.colcon_core.verb:set package 'cpp_pub_sub' build argument 'ament_cmake_args' from command line to 'None'
[2.449s] Level 5:colcon.colcon_core.verb:set package 'cpp_pub_sub' build argument 'catkin_cmake_args' from command line to 'None'
[2.449s] Level 5:colcon.colcon_core.verb:set package 'cpp_pub_sub' build argument 'catkin_skip_building_tests' from command line to 'False'
[2.450s] DEBUG:colcon.colcon_core.verb:Building package 'cpp_pub_sub' with the following arguments: {'ament_cmake_args': None, 'build_base': '/workspaces/ROS_PointCloud_AGV/build/cpp_pub_sub', 'catkin_cmake_args': None, 'catkin_skip_building_tests': False, 'cmake_args': None, 'cmake_clean_cache': False, 'cmake_clean_first': False, 'cmake_force_configure': False, 'cmake_target': None, 'cmake_target_skip_unavailable': False, 'install_base': '/workspaces/ROS_PointCloud_AGV/install/cpp_pub_sub', 'merge_install': False, 'path': '/workspaces/ROS_PointCloud_AGV/src/cpp_pub_sub', 'symlink_install': False, 'test_result_base': None}
[2.453s] Level 5:colcon.colcon_core.verb:set package 'depthai' build argument 'cmake_args' from command line to 'None'
[2.454s] Level 5:colcon.colcon_core.verb:set package 'depthai' build argument 'cmake_target' from command line to 'None'
[2.455s] Level 5:colcon.colcon_core.verb:set package 'depthai' build argument 'cmake_target_skip_unavailable' from command line to 'False'
[2.455s] Level 5:colcon.colcon_core.verb:set package 'depthai' build argument 'cmake_clean_cache' from command line to 'False'
[2.456s] Level 5:colcon.colcon_core.verb:set package 'depthai' build argument 'cmake_clean_first' from command line to 'False'
[2.457s] Level 5:colcon.colcon_core.verb:set package 'depthai' build argument 'cmake_force_configure' from command line to 'False'
[2.457s] Level 5:colcon.colcon_core.verb:set package 'depthai' build argument 'ament_cmake_args' from command line to 'None'
[2.458s] Level 5:colcon.colcon_core.verb:set package 'depthai' build argument 'catkin_cmake_args' from command line to 'None'
[2.459s] Level 5:colcon.colcon_core.verb:set package 'depthai' build argument 'catkin_skip_building_tests' from command line to 'False'
[2.459s] DEBUG:colcon.colcon_core.verb:Building package 'depthai' with the following arguments: {'ament_cmake_args': None, 'build_base': '/workspaces/ROS_PointCloud_AGV/build/depthai', 'catkin_cmake_args': None, 'catkin_skip_building_tests': False, 'cmake_args': None, 'cmake_clean_cache': False, 'cmake_clean_first': False, 'cmake_force_configure': False, 'cmake_target': None, 'cmake_target_skip_unavailable': False, 'install_base': '/workspaces/ROS_PointCloud_AGV/install/depthai', 'merge_install': False, 'path': '/workspaces/ROS_PointCloud_AGV/depthai-core', 'symlink_install': False, 'test_result_base': None}
[2.463s] Level 5:colcon.colcon_core.verb:set package 'sensor_fusion' build argument 'cmake_args' from command line to 'None'
[2.464s] Level 5:colcon.colcon_core.verb:set package 'sensor_fusion' build argument 'cmake_target' from command line to 'None'
[2.464s] Level 5:colcon.colcon_core.verb:set package 'sensor_fusion' build argument 'cmake_target_skip_unavailable' from command line to 'False'
[2.465s] Level 5:colcon.colcon_core.verb:set package 'sensor_fusion' build argument 'cmake_clean_cache' from command line to 'False'
[2.465s] Level 5:colcon.colcon_core.verb:set package 'sensor_fusion' build argument 'cmake_clean_first' from command line to 'False'
[2.466s] Level 5:colcon.colcon_core.verb:set package 'sensor_fusion' build argument 'cmake_force_configure' from command line to 'False'
[2.466s] Level 5:colcon.colcon_core.verb:set package 'sensor_fusion' build argument 'ament_cmake_args' from command line to 'None'
[2.466s] Level 5:colcon.colcon_core.verb:set package 'sensor_fusion' build argument 'catkin_cmake_args' from command line to 'None'
[2.466s] Level 5:colcon.colcon_core.verb:set package 'sensor_fusion' build argument 'catkin_skip_building_tests' from command line to 'False'
[2.466s] DEBUG:colcon.colcon_core.verb:Building package 'sensor_fusion' with the following arguments: {'ament_cmake_args': None, 'build_base': '/workspaces/ROS_PointCloud_AGV/build/sensor_fusion', 'catkin_cmake_args': None, 'catkin_skip_building_tests': False, 'cmake_args': None, 'cmake_clean_cache': False, 'cmake_clean_first': False, 'cmake_force_configure': False, 'cmake_target': None, 'cmake_target_skip_unavailable': False, 'install_base': '/workspaces/ROS_PointCloud_AGV/install/sensor_fusion', 'merge_install': False, 'path': '/workspaces/ROS_PointCloud_AGV/src/sensor_fusion', 'symlink_install': False, 'test_result_base': None}
[2.468s] INFO:colcon.colcon_core.executor:Executing jobs using 'parallel' executor
[2.478s] DEBUG:colcon.colcon_parallel_executor.executor.parallel:run_until_complete
[2.479s] INFO:colcon.colcon_cmake.task.cmake.build:Building CMake package in '/workspaces/ROS_PointCloud_AGV/src/cpp_pub_sub'
[2.495s] INFO:colcon.colcon_core.plugin_system:Skipping extension 'colcon_core.shell.bat': Not used on non-Windows systems
[2.497s] INFO:colcon.colcon_core.shell:Skip shell extension 'powershell' for command environment: Not usable outside of PowerShell
[2.498s] DEBUG:colcon.colcon_core.shell:Skip shell extension 'dsv' for command environment
[2.622s] INFO:colcon.colcon_cmake.task.cmake.build:Building CMake package in '/workspaces/ROS_PointCloud_AGV/depthai-core'
[2.632s] INFO:colcon.colcon_core.shell:Skip shell extension 'powershell' for command environment: Not usable outside of PowerShell
[2.633s] DEBUG:colcon.colcon_core.shell:Skip shell extension 'dsv' for command environment
[2.695s] INFO:colcon.colcon_ros.task.ament_cmake.build:Building ROS package in '/workspaces/ROS_PointCloud_AGV/src/sensor_fusion' with build type 'ament_cmake'
[2.696s] INFO:colcon.colcon_cmake.task.cmake.build:Building CMake package in '/workspaces/ROS_PointCloud_AGV/src/sensor_fusion'
[2.698s] INFO:colcon.colcon_core.shell:Skip shell extension 'powershell' for command environment: Not usable outside of PowerShell
[2.700s] DEBUG:colcon.colcon_core.shell:Skip shell extension 'dsv' for command environment
[2.820s] DEBUG:colcon.colcon_core.event_handler.log_command:Invoking command in '/workspaces/ROS_PointCloud_AGV/build/cpp_pub_sub': /usr/local/bin/cmake --build /workspaces/ROS_PointCloud_AGV/build/cpp_pub_sub -- -j4 -l4
[2.863s] DEBUG:colcon.colcon_core.event_handler.log_command:Invoking command in '/workspaces/ROS_PointCloud_AGV/build/depthai': /usr/local/bin/cmake /workspaces/ROS_PointCloud_AGV/depthai-core -DCMAKE_INSTALL_PREFIX=/workspaces/ROS_PointCloud_AGV/install/depthai
[2.913s] DEBUG:colcon.colcon_core.event_handler.log_command:Invoking command in '/workspaces/ROS_PointCloud_AGV/build/sensor_fusion': CMAKE_PREFIX_PATH=${CMAKE_PREFIX_PATH}:/workspaces/ROS_PointCloud_AGV/install/sensor_package /usr/local/bin/cmake /workspaces/ROS_PointCloud_AGV/src/sensor_fusion -DCMAKE_INSTALL_PREFIX=/workspaces/ROS_PointCloud_AGV/install/sensor_fusion
[4.798s] DEBUG:colcon.colcon_core.event_handler.log_command:Invoked command in '/workspaces/ROS_PointCloud_AGV/build/sensor_fusion' returned '1': CMAKE_PREFIX_PATH=${CMAKE_PREFIX_PATH}:/workspaces/ROS_PointCloud_AGV/install/sensor_package /usr/local/bin/cmake /workspaces/ROS_PointCloud_AGV/src/sensor_fusion -DCMAKE_INSTALL_PREFIX=/workspaces/ROS_PointCloud_AGV/install/sensor_fusion
[5.015s] Level 1:colcon.colcon_core.environment:create_environment_scripts_only(sensor_fusion)
[5.051s] Level 1:colcon.colcon_core.environment:checking '/workspaces/ROS_PointCloud_AGV/install/sensor_fusion' for CMake module files
[5.066s] Level 1:colcon.colcon_core.environment:checking '/workspaces/ROS_PointCloud_AGV/install/sensor_fusion' for CMake config files
[5.071s] Level 1:colcon.colcon_core.environment:checking '/workspaces/ROS_PointCloud_AGV/install/sensor_fusion/bin'
[5.073s] Level 1:colcon.colcon_core.environment:checking '/workspaces/ROS_PointCloud_AGV/install/sensor_fusion/lib/pkgconfig/sensor_fusion.pc'
[5.076s] Level 1:colcon.colcon_core.environment:checking '/workspaces/ROS_PointCloud_AGV/install/sensor_fusion/lib/python3.6/site-packages'
[5.078s] Level 1:colcon.colcon_core.environment:checking '/workspaces/ROS_PointCloud_AGV/install/sensor_fusion/bin'
[5.081s] INFO:colcon.colcon_core.shell:Creating package script '/workspaces/ROS_PointCloud_AGV/install/sensor_fusion/share/sensor_fusion/package.ps1'
[5.092s] INFO:colcon.colcon_core.shell:Creating package descriptor '/workspaces/ROS_PointCloud_AGV/install/sensor_fusion/share/sensor_fusion/package.dsv'
[5.095s] INFO:colcon.colcon_core.shell:Creating package script '/workspaces/ROS_PointCloud_AGV/install/sensor_fusion/share/sensor_fusion/package.sh'
[5.100s] INFO:colcon.colcon_core.shell:Creating package script '/workspaces/ROS_PointCloud_AGV/install/sensor_fusion/share/sensor_fusion/package.bash'
[5.106s] INFO:colcon.colcon_core.shell:Creating package script '/workspaces/ROS_PointCloud_AGV/install/sensor_fusion/share/sensor_fusion/package.zsh'
[5.111s] Level 1:colcon.colcon_core.environment:create_file_with_runtime_dependencies(/workspaces/ROS_PointCloud_AGV/install/sensor_fusion/share/colcon-core/packages/sensor_fusion)
[14.218s] DEBUG:colcon.colcon_parallel_executor.executor.parallel:closing loop
[14.221s] DEBUG:colcon.colcon_parallel_executor.executor.parallel:loop closed
[14.222s] DEBUG:colcon.colcon_parallel_executor.executor.parallel:run_until_complete finished with '1'
[14.222s] DEBUG:colcon.colcon_core.event_reactor:joining thread
[14.252s] INFO:colcon.colcon_core.plugin_system:Skipping extension 'colcon_notification.desktop_notification.notify_send': Could not find 'notify-send'
[14.253s] INFO:colcon.colcon_core.plugin_system:Skipping extension 'colcon_notification.desktop_notification.terminal_notifier': Not used on non-Darwin systems
[14.253s] INFO:colcon.colcon_core.plugin_system:Skipping extension 'colcon_notification.desktop_notification.win32': Not used on non-Windows systems
[14.253s] INFO:colcon.colcon_notification.desktop_notification:Sending desktop notification using 'notify2'
[14.254s] DEBUG:colcon.colcon_notification.desktop_notification.notify2:Failed to initialize notify2: org.freedesktop.DBus.Error.InvalidFileContent: D-Bus library appears to be incorrectly set up: see the manual page for dbus-uuidgen to correct this issue. (Failed to open "/var/lib/dbus/machine-id": No such file or directory; UUID file '/etc/machine-id' should contain a hex string of length 32, not length 0, with no other text)
[14.255s] DEBUG:colcon.colcon_core.event_reactor:joined thread
[14.256s] INFO:colcon.colcon_core.shell:Creating prefix script '/workspaces/ROS_PointCloud_AGV/install/local_setup.ps1'
[14.262s] INFO:colcon.colcon_core.shell:Creating prefix util module '/workspaces/ROS_PointCloud_AGV/install/_local_setup_util_ps1.py'
[14.272s] INFO:colcon.colcon_core.shell:Creating prefix chain script '/workspaces/ROS_PointCloud_AGV/install/setup.ps1'
[14.278s] INFO:colcon.colcon_core.shell:Creating prefix script '/workspaces/ROS_PointCloud_AGV/install/local_setup.sh'
[14.281s] INFO:colcon.colcon_core.shell:Creating prefix util module '/workspaces/ROS_PointCloud_AGV/install/_local_setup_util_sh.py'
[14.283s] INFO:colcon.colcon_core.shell:Creating prefix chain script '/workspaces/ROS_PointCloud_AGV/install/setup.sh'
[14.290s] INFO:colcon.colcon_core.shell:Creating prefix script '/workspaces/ROS_PointCloud_AGV/install/local_setup.bash'
[14.293s] INFO:colcon.colcon_core.shell:Creating prefix chain script '/workspaces/ROS_PointCloud_AGV/install/setup.bash'
[14.299s] INFO:colcon.colcon_core.shell:Creating prefix script '/workspaces/ROS_PointCloud_AGV/install/local_setup.zsh'
[14.302s] INFO:colcon.colcon_core.shell:Creating prefix chain script '/workspaces/ROS_PointCloud_AGV/install/setup.zsh'
