[2.123s] DEBUG:colcon:Command line arguments: ['/usr/bin/colcon', 'build', '--packages-select', 'sensor_fusion']
[2.124s] DEBUG:colcon:Parsed command line arguments: Namespace(ament_cmake_args=None, base_paths=['.'], build_base='build', catkin_cmake_args=None, catkin_skip_building_tests=False, cmake_args=None, cmake_clean_cache=False, cmake_clean_first=False, cmake_force_configure=False, cmake_target=None, cmake_target_skip_unavailable=False, continue_on_error=False, event_handlers=None, executor='parallel', ignore_user_meta=False, install_base='install', log_base=None, log_level=None, main=<bound method BuildVerb.main of <colcon_core.verb.build.BuildVerb object at 0x7f8736b860>>, merge_install=False, metas=['./colcon.meta'], packages_above=None, packages_above_and_dependencies=None, packages_above_depth=None, packages_end=None, packages_ignore=None, packages_ignore_regex=None, packages_select=['sensor_fusion'], packages_select_build_failed=False, packages_select_by_dep=None, packages_select_regex=None, packages_select_test_failures=False, packages_skip=None, packages_skip_build_finished=False, packages_skip_by_dep=None, packages_skip_regex=None, packages_skip_test_passed=False, packages_skip_up_to=None, packages_start=None, packages_up_to=None, packages_up_to_regex=None, parallel_workers=4, paths=None, symlink_install=False, test_result_base=None, verb_extension=<colcon_core.verb.build.BuildVerb object at 0x7f8736b860>, verb_name='build', verb_parser=<colcon_defaults.argument_parser.defaults.DefaultArgumentsDecorator object at 0x7f87253278>)
[2.255s] Level 1:colcon.colcon_core.package_discovery:discover_packages(colcon_meta) check parameters
[2.255s] Level 1:colcon.colcon_core.package_discovery:discover_packages(recursive) check parameters
[2.255s] Level 1:colcon.colcon_core.package_discovery:discover_packages(ignore) check parameters
[2.256s] Level 1:colcon.colcon_core.package_discovery:discover_packages(path) check parameters
[2.256s] Level 1:colcon.colcon_core.package_discovery:discover_packages(colcon_meta) discover
[2.257s] Level 1:colcon.colcon_core.package_discovery:discover_packages(recursive) discover
[2.258s] INFO:colcon.colcon_core.package_discovery:Crawling recursively for packages in '/workspaces/ROS_PointCloud_AGV'
[2.258s] Level 1:colcon.colcon_core.package_identification:_identify(.) by extensions ['ignore', 'ignore_ament_install']
[2.259s] Level 1:colcon.colcon_core.package_identification:_identify(.) by extension 'ignore'
[2.259s] Level 1:colcon.colcon_core.package_identification:_identify(.) by extension 'ignore_ament_install'
[2.259s] Level 1:colcon.colcon_core.package_identification:_identify(.) by extensions ['colcon_pkg']
[2.259s] Level 1:colcon.colcon_core.package_identification:_identify(.) by extension 'colcon_pkg'
[2.260s] Level 1:colcon.colcon_core.package_identification:_identify(.) by extensions ['colcon_meta']
[2.260s] Level 1:colcon.colcon_core.package_identification:_identify(.) by extension 'colcon_meta'
[2.260s] Level 1:colcon.colcon_core.package_identification:_identify(.) by extensions ['ros']
[2.260s] Level 1:colcon.colcon_core.package_identification:_identify(.) by extension 'ros'
[2.468s] Level 1:colcon.colcon_core.package_identification:_identify(.) by extensions ['cmake', 'python']
[2.469s] Level 1:colcon.colcon_core.package_identification:_identify(.) by extension 'cmake'
[2.469s] Level 1:colcon.colcon_core.package_identification:_identify(.) by extension 'python'
[2.469s] Level 1:colcon.colcon_core.package_identification:_identify(.) by extensions ['python_setup_py']
[2.470s] Level 1:colcon.colcon_core.package_identification:_identify(.) by extension 'python_setup_py'
[2.470s] Level 1:colcon.colcon_core.package_identification:_identify(build) by extensions ['ignore', 'ignore_ament_install']
[2.471s] Level 1:colcon.colcon_core.package_identification:_identify(build) by extension 'ignore'
[2.471s] Level 1:colcon.colcon_core.package_identification:_identify(build) ignored
[2.474s] Level 1:colcon.colcon_core.package_identification:_identify(cache) by extensions ['ignore', 'ignore_ament_install']
[2.475s] Level 1:colcon.colcon_core.package_identification:_identify(cache) by extension 'ignore'
[2.476s] Level 1:colcon.colcon_core.package_identification:_identify(cache) by extension 'ignore_ament_install'
[2.477s] Level 1:colcon.colcon_core.package_identification:_identify(cache) by extensions ['colcon_pkg']
[2.477s] Level 1:colcon.colcon_core.package_identification:_identify(cache) by extension 'colcon_pkg'
[2.477s] Level 1:colcon.colcon_core.package_identification:_identify(cache) by extensions ['colcon_meta']
[2.477s] Level 1:colcon.colcon_core.package_identification:_identify(cache) by extension 'colcon_meta'
[2.478s] Level 1:colcon.colcon_core.package_identification:_identify(cache) by extensions ['ros']
[2.478s] Level 1:colcon.colcon_core.package_identification:_identify(cache) by extension 'ros'
[2.479s] Level 1:colcon.colcon_core.package_identification:_identify(cache) by extensions ['cmake', 'python']
[2.479s] Level 1:colcon.colcon_core.package_identification:_identify(cache) by extension 'cmake'
[2.479s] Level 1:colcon.colcon_core.package_identification:_identify(cache) by extension 'python'
[2.480s] Level 1:colcon.colcon_core.package_identification:_identify(cache) by extensions ['python_setup_py']
[2.480s] Level 1:colcon.colcon_core.package_identification:_identify(cache) by extension 'python_setup_py'
[2.481s] Level 1:colcon.colcon_core.package_identification:_identify(dai_ws) by extensions ['ignore', 'ignore_ament_install']
[2.481s] Level 1:colcon.colcon_core.package_identification:_identify(dai_ws) by extension 'ignore'
[2.482s] Level 1:colcon.colcon_core.package_identification:_identify(dai_ws) by extension 'ignore_ament_install'
[2.482s] Level 1:colcon.colcon_core.package_identification:_identify(dai_ws) by extensions ['colcon_pkg']
[2.483s] Level 1:colcon.colcon_core.package_identification:_identify(dai_ws) by extension 'colcon_pkg'
[2.483s] Level 1:colcon.colcon_core.package_identification:_identify(dai_ws) by extensions ['colcon_meta']
[2.483s] Level 1:colcon.colcon_core.package_identification:_identify(dai_ws) by extension 'colcon_meta'
[2.484s] Level 1:colcon.colcon_core.package_identification:_identify(dai_ws) by extensions ['ros']
[2.484s] Level 1:colcon.colcon_core.package_identification:_identify(dai_ws) by extension 'ros'
[2.485s] Level 1:colcon.colcon_core.package_identification:_identify(dai_ws) by extensions ['cmake', 'python']
[2.485s] Level 1:colcon.colcon_core.package_identification:_identify(dai_ws) by extension 'cmake'
[2.485s] Level 1:colcon.colcon_core.package_identification:_identify(dai_ws) by extension 'python'
[2.485s] Level 1:colcon.colcon_core.package_identification:_identify(dai_ws) by extensions ['python_setup_py']
[2.486s] Level 1:colcon.colcon_core.package_identification:_identify(dai_ws) by extension 'python_setup_py'
[2.486s] Level 1:colcon.colcon_core.package_identification:_identify(dai_ws/src) by extensions ['ignore', 'ignore_ament_install']
[2.487s] Level 1:colcon.colcon_core.package_identification:_identify(dai_ws/src) by extension 'ignore'
[2.487s] Level 1:colcon.colcon_core.package_identification:_identify(dai_ws/src) by extension 'ignore_ament_install'
[2.488s] Level 1:colcon.colcon_core.package_identification:_identify(dai_ws/src) by extensions ['colcon_pkg']
[2.488s] Level 1:colcon.colcon_core.package_identification:_identify(dai_ws/src) by extension 'colcon_pkg'
[2.488s] Level 1:colcon.colcon_core.package_identification:_identify(dai_ws/src) by extensions ['colcon_meta']
[2.489s] Level 1:colcon.colcon_core.package_identification:_identify(dai_ws/src) by extension 'colcon_meta'
[2.489s] Level 1:colcon.colcon_core.package_identification:_identify(dai_ws/src) by extensions ['ros']
[2.489s] Level 1:colcon.colcon_core.package_identification:_identify(dai_ws/src) by extension 'ros'
[2.490s] Level 1:colcon.colcon_core.package_identification:_identify(dai_ws/src) by extensions ['cmake', 'python']
[2.490s] Level 1:colcon.colcon_core.package_identification:_identify(dai_ws/src) by extension 'cmake'
[2.490s] Level 1:colcon.colcon_core.package_identification:_identify(dai_ws/src) by extension 'python'
[2.491s] Level 1:colcon.colcon_core.package_identification:_identify(dai_ws/src) by extensions ['python_setup_py']
[2.491s] Level 1:colcon.colcon_core.package_identification:_identify(dai_ws/src) by extension 'python_setup_py'
[2.492s] Level 1:colcon.colcon_core.package_identification:_identify(dai_ws/src/depthai-ros) by extensions ['ignore', 'ignore_ament_install']
[2.493s] Level 1:colcon.colcon_core.package_identification:_identify(dai_ws/src/depthai-ros) by extension 'ignore'
[2.493s] Level 1:colcon.colcon_core.package_identification:_identify(dai_ws/src/depthai-ros) by extension 'ignore_ament_install'
[2.494s] Level 1:colcon.colcon_core.package_identification:_identify(dai_ws/src/depthai-ros) by extensions ['colcon_pkg']
[2.494s] Level 1:colcon.colcon_core.package_identification:_identify(dai_ws/src/depthai-ros) by extension 'colcon_pkg'
[2.495s] Level 1:colcon.colcon_core.package_identification:_identify(dai_ws/src/depthai-ros) by extensions ['colcon_meta']
[2.495s] Level 1:colcon.colcon_core.package_identification:_identify(dai_ws/src/depthai-ros) by extension 'colcon_meta'
[2.495s] Level 1:colcon.colcon_core.package_identification:_identify(dai_ws/src/depthai-ros) by extensions ['ros']
[2.495s] Level 1:colcon.colcon_core.package_identification:_identify(dai_ws/src/depthai-ros) by extension 'ros'
[2.496s] Level 1:colcon.colcon_core.package_identification:_identify(dai_ws/src/depthai-ros) by extensions ['cmake', 'python']
[2.496s] Level 1:colcon.colcon_core.package_identification:_identify(dai_ws/src/depthai-ros) by extension 'cmake'
[2.497s] Level 1:colcon.colcon_core.package_identification:_identify(dai_ws/src/depthai-ros) by extension 'python'
[2.497s] Level 1:colcon.colcon_core.package_identification:_identify(dai_ws/src/depthai-ros) by extensions ['python_setup_py']
[2.497s] Level 1:colcon.colcon_core.package_identification:_identify(dai_ws/src/depthai-ros) by extension 'python_setup_py'
[2.498s] Level 1:colcon.colcon_core.package_identification:_identify(dai_ws/src/depthai-ros/depthai-ros) by extensions ['ignore', 'ignore_ament_install']
[2.499s] Level 1:colcon.colcon_core.package_identification:_identify(dai_ws/src/depthai-ros/depthai-ros) by extension 'ignore'
[2.499s] Level 1:colcon.colcon_core.package_identification:_identify(dai_ws/src/depthai-ros/depthai-ros) by extension 'ignore_ament_install'
[2.499s] Level 1:colcon.colcon_core.package_identification:_identify(dai_ws/src/depthai-ros/depthai-ros) by extensions ['colcon_pkg']
[2.500s] Level 1:colcon.colcon_core.package_identification:_identify(dai_ws/src/depthai-ros/depthai-ros) by extension 'colcon_pkg'
[2.500s] Level 1:colcon.colcon_core.package_identification:_identify(dai_ws/src/depthai-ros/depthai-ros) by extensions ['colcon_meta']
[2.500s] Level 1:colcon.colcon_core.package_identification:_identify(dai_ws/src/depthai-ros/depthai-ros) by extension 'colcon_meta'
[2.500s] Level 1:colcon.colcon_core.package_identification:_identify(dai_ws/src/depthai-ros/depthai-ros) by extensions ['ros']
[2.501s] Level 1:colcon.colcon_core.package_identification:_identify(dai_ws/src/depthai-ros/depthai-ros) by extension 'ros'
[2.516s] DEBUG:colcon.colcon_core.package_identification:Package 'dai_ws/src/depthai-ros/depthai-ros' with type 'ros.ament_cmake' and name 'depthai-ros'
[2.517s] Level 1:colcon.colcon_core.package_identification:_identify(dai_ws/src/depthai-ros/depthai_bridge) by extensions ['ignore', 'ignore_ament_install']
[2.517s] Level 1:colcon.colcon_core.package_identification:_identify(dai_ws/src/depthai-ros/depthai_bridge) by extension 'ignore'
[2.518s] Level 1:colcon.colcon_core.package_identification:_identify(dai_ws/src/depthai-ros/depthai_bridge) by extension 'ignore_ament_install'
[2.518s] Level 1:colcon.colcon_core.package_identification:_identify(dai_ws/src/depthai-ros/depthai_bridge) by extensions ['colcon_pkg']
[2.518s] Level 1:colcon.colcon_core.package_identification:_identify(dai_ws/src/depthai-ros/depthai_bridge) by extension 'colcon_pkg'
[2.519s] Level 1:colcon.colcon_core.package_identification:_identify(dai_ws/src/depthai-ros/depthai_bridge) by extensions ['colcon_meta']
[2.519s] Level 1:colcon.colcon_core.package_identification:_identify(dai_ws/src/depthai-ros/depthai_bridge) by extension 'colcon_meta'
[2.520s] Level 1:colcon.colcon_core.package_identification:_identify(dai_ws/src/depthai-ros/depthai_bridge) by extensions ['ros']
[2.520s] Level 1:colcon.colcon_core.package_identification:_identify(dai_ws/src/depthai-ros/depthai_bridge) by extension 'ros'
[2.531s] DEBUG:colcon.colcon_core.package_identification:Package 'dai_ws/src/depthai-ros/depthai_bridge' with type 'ros.ament_cmake' and name 'depthai_bridge'
[2.532s] Level 1:colcon.colcon_core.package_identification:_identify(dai_ws/src/depthai-ros/depthai_descriptions) by extensions ['ignore', 'ignore_ament_install']
[2.532s] Level 1:colcon.colcon_core.package_identification:_identify(dai_ws/src/depthai-ros/depthai_descriptions) by extension 'ignore'
[2.533s] Level 1:colcon.colcon_core.package_identification:_identify(dai_ws/src/depthai-ros/depthai_descriptions) by extension 'ignore_ament_install'
[2.533s] Level 1:colcon.colcon_core.package_identification:_identify(dai_ws/src/depthai-ros/depthai_descriptions) by extensions ['colcon_pkg']
[2.533s] Level 1:colcon.colcon_core.package_identification:_identify(dai_ws/src/depthai-ros/depthai_descriptions) by extension 'colcon_pkg'
[2.534s] Level 1:colcon.colcon_core.package_identification:_identify(dai_ws/src/depthai-ros/depthai_descriptions) by extensions ['colcon_meta']
[2.534s] Level 1:colcon.colcon_core.package_identification:_identify(dai_ws/src/depthai-ros/depthai_descriptions) by extension 'colcon_meta'
[2.534s] Level 1:colcon.colcon_core.package_identification:_identify(dai_ws/src/depthai-ros/depthai_descriptions) by extensions ['ros']
[2.534s] Level 1:colcon.colcon_core.package_identification:_identify(dai_ws/src/depthai-ros/depthai_descriptions) by extension 'ros'
[2.537s] DEBUG:colcon.colcon_core.package_identification:Package 'dai_ws/src/depthai-ros/depthai_descriptions' with type 'ros.ament_cmake' and name 'depthai_descriptions'
[2.538s] Level 1:colcon.colcon_core.package_identification:_identify(dai_ws/src/depthai-ros/depthai_examples) by extensions ['ignore', 'ignore_ament_install']
[2.539s] Level 1:colcon.colcon_core.package_identification:_identify(dai_ws/src/depthai-ros/depthai_examples) by extension 'ignore'
[2.539s] Level 1:colcon.colcon_core.package_identification:_identify(dai_ws/src/depthai-ros/depthai_examples) by extension 'ignore_ament_install'
[2.539s] Level 1:colcon.colcon_core.package_identification:_identify(dai_ws/src/depthai-ros/depthai_examples) by extensions ['colcon_pkg']
[2.540s] Level 1:colcon.colcon_core.package_identification:_identify(dai_ws/src/depthai-ros/depthai_examples) by extension 'colcon_pkg'
[2.540s] Level 1:colcon.colcon_core.package_identification:_identify(dai_ws/src/depthai-ros/depthai_examples) by extensions ['colcon_meta']
[2.540s] Level 1:colcon.colcon_core.package_identification:_identify(dai_ws/src/depthai-ros/depthai_examples) by extension 'colcon_meta'
[2.541s] Level 1:colcon.colcon_core.package_identification:_identify(dai_ws/src/depthai-ros/depthai_examples) by extensions ['ros']
[2.541s] Level 1:colcon.colcon_core.package_identification:_identify(dai_ws/src/depthai-ros/depthai_examples) by extension 'ros'
[2.554s] DEBUG:colcon.colcon_core.package_identification:Package 'dai_ws/src/depthai-ros/depthai_examples' with type 'ros.ament_cmake' and name 'depthai_examples'
[2.555s] Level 1:colcon.colcon_core.package_identification:_identify(dai_ws/src/depthai-ros/depthai_filters) by extensions ['ignore', 'ignore_ament_install']
[2.555s] Level 1:colcon.colcon_core.package_identification:_identify(dai_ws/src/depthai-ros/depthai_filters) by extension 'ignore'
[2.556s] Level 1:colcon.colcon_core.package_identification:_identify(dai_ws/src/depthai-ros/depthai_filters) by extension 'ignore_ament_install'
[2.556s] Level 1:colcon.colcon_core.package_identification:_identify(dai_ws/src/depthai-ros/depthai_filters) by extensions ['colcon_pkg']
[2.556s] Level 1:colcon.colcon_core.package_identification:_identify(dai_ws/src/depthai-ros/depthai_filters) by extension 'colcon_pkg'
[2.557s] Level 1:colcon.colcon_core.package_identification:_identify(dai_ws/src/depthai-ros/depthai_filters) by extensions ['colcon_meta']
[2.557s] Level 1:colcon.colcon_core.package_identification:_identify(dai_ws/src/depthai-ros/depthai_filters) by extension 'colcon_meta'
[2.557s] Level 1:colcon.colcon_core.package_identification:_identify(dai_ws/src/depthai-ros/depthai_filters) by extensions ['ros']
[2.557s] Level 1:colcon.colcon_core.package_identification:_identify(dai_ws/src/depthai-ros/depthai_filters) by extension 'ros'
[2.564s] DEBUG:colcon.colcon_core.package_identification:Package 'dai_ws/src/depthai-ros/depthai_filters' with type 'ros.ament_cmake' and name 'depthai_filters'
[2.565s] Level 1:colcon.colcon_core.package_identification:_identify(dai_ws/src/depthai-ros/depthai_ros_driver) by extensions ['ignore', 'ignore_ament_install']
[2.565s] Level 1:colcon.colcon_core.package_identification:_identify(dai_ws/src/depthai-ros/depthai_ros_driver) by extension 'ignore'
[2.566s] Level 1:colcon.colcon_core.package_identification:_identify(dai_ws/src/depthai-ros/depthai_ros_driver) by extension 'ignore_ament_install'
[2.566s] Level 1:colcon.colcon_core.package_identification:_identify(dai_ws/src/depthai-ros/depthai_ros_driver) by extensions ['colcon_pkg']
[2.566s] Level 1:colcon.colcon_core.package_identification:_identify(dai_ws/src/depthai-ros/depthai_ros_driver) by extension 'colcon_pkg'
[2.567s] Level 1:colcon.colcon_core.package_identification:_identify(dai_ws/src/depthai-ros/depthai_ros_driver) by extensions ['colcon_meta']
[2.567s] Level 1:colcon.colcon_core.package_identification:_identify(dai_ws/src/depthai-ros/depthai_ros_driver) by extension 'colcon_meta'
[2.567s] Level 1:colcon.colcon_core.package_identification:_identify(dai_ws/src/depthai-ros/depthai_ros_driver) by extensions ['ros']
[2.567s] Level 1:colcon.colcon_core.package_identification:_identify(dai_ws/src/depthai-ros/depthai_ros_driver) by extension 'ros'
[2.581s] DEBUG:colcon.colcon_core.package_identification:Package 'dai_ws/src/depthai-ros/depthai_ros_driver' with type 'ros.ament_cmake' and name 'depthai_ros_driver'
[2.582s] Level 1:colcon.colcon_core.package_identification:_identify(dai_ws/src/depthai-ros/depthai_ros_msgs) by extensions ['ignore', 'ignore_ament_install']
[2.583s] Level 1:colcon.colcon_core.package_identification:_identify(dai_ws/src/depthai-ros/depthai_ros_msgs) by extension 'ignore'
[2.583s] Level 1:colcon.colcon_core.package_identification:_identify(dai_ws/src/depthai-ros/depthai_ros_msgs) by extension 'ignore_ament_install'
[2.584s] Level 1:colcon.colcon_core.package_identification:_identify(dai_ws/src/depthai-ros/depthai_ros_msgs) by extensions ['colcon_pkg']
[2.584s] Level 1:colcon.colcon_core.package_identification:_identify(dai_ws/src/depthai-ros/depthai_ros_msgs) by extension 'colcon_pkg'
[2.585s] Level 1:colcon.colcon_core.package_identification:_identify(dai_ws/src/depthai-ros/depthai_ros_msgs) by extensions ['colcon_meta']
[2.585s] Level 1:colcon.colcon_core.package_identification:_identify(dai_ws/src/depthai-ros/depthai_ros_msgs) by extension 'colcon_meta'
[2.585s] Level 1:colcon.colcon_core.package_identification:_identify(dai_ws/src/depthai-ros/depthai_ros_msgs) by extensions ['ros']
[2.586s] Level 1:colcon.colcon_core.package_identification:_identify(dai_ws/src/depthai-ros/depthai_ros_msgs) by extension 'ros'
[2.592s] DEBUG:colcon.colcon_core.package_identification:Package 'dai_ws/src/depthai-ros/depthai_ros_msgs' with type 'ros.ament_cmake' and name 'depthai_ros_msgs'
[2.593s] Level 1:colcon.colcon_core.package_identification:_identify(dai_ws/src/depthai-ros/docs) by extensions ['ignore', 'ignore_ament_install']
[2.594s] Level 1:colcon.colcon_core.package_identification:_identify(dai_ws/src/depthai-ros/docs) by extension 'ignore'
[2.594s] Level 1:colcon.colcon_core.package_identification:_identify(dai_ws/src/depthai-ros/docs) by extension 'ignore_ament_install'
[2.594s] Level 1:colcon.colcon_core.package_identification:_identify(dai_ws/src/depthai-ros/docs) by extensions ['colcon_pkg']
[2.595s] Level 1:colcon.colcon_core.package_identification:_identify(dai_ws/src/depthai-ros/docs) by extension 'colcon_pkg'
[2.595s] Level 1:colcon.colcon_core.package_identification:_identify(dai_ws/src/depthai-ros/docs) by extensions ['colcon_meta']
[2.595s] Level 1:colcon.colcon_core.package_identification:_identify(dai_ws/src/depthai-ros/docs) by extension 'colcon_meta'
[2.596s] Level 1:colcon.colcon_core.package_identification:_identify(dai_ws/src/depthai-ros/docs) by extensions ['ros']
[2.596s] Level 1:colcon.colcon_core.package_identification:_identify(dai_ws/src/depthai-ros/docs) by extension 'ros'
[2.597s] Level 1:colcon.colcon_core.package_identification:_identify(dai_ws/src/depthai-ros/docs) by extensions ['cmake', 'python']
[2.597s] Level 1:colcon.colcon_core.package_identification:_identify(dai_ws/src/depthai-ros/docs) by extension 'cmake'
[2.597s] Level 1:colcon.colcon_core.package_identification:_identify(dai_ws/src/depthai-ros/docs) by extension 'python'
[2.598s] Level 1:colcon.colcon_core.package_identification:_identify(dai_ws/src/depthai-ros/docs) by extensions ['python_setup_py']
[2.598s] Level 1:colcon.colcon_core.package_identification:_identify(dai_ws/src/depthai-ros/docs) by extension 'python_setup_py'
[2.599s] Level 1:colcon.colcon_core.package_identification:_identify(depthai-core) by extensions ['ignore', 'ignore_ament_install']
[2.599s] Level 1:colcon.colcon_core.package_identification:_identify(depthai-core) by extension 'ignore'
[2.600s] Level 1:colcon.colcon_core.package_identification:_identify(depthai-core) by extension 'ignore_ament_install'
[2.600s] Level 1:colcon.colcon_core.package_identification:_identify(depthai-core) by extensions ['colcon_pkg']
[2.601s] Level 1:colcon.colcon_core.package_identification:_identify(depthai-core) by extension 'colcon_pkg'
[2.601s] Level 1:colcon.colcon_core.package_identification:_identify(depthai-core) by extensions ['colcon_meta']
[2.601s] Level 1:colcon.colcon_core.package_identification:_identify(depthai-core) by extension 'colcon_meta'
[2.602s] Level 1:colcon.colcon_core.package_identification:_identify(depthai-core) by extensions ['ros']
[2.602s] Level 1:colcon.colcon_core.package_identification:_identify(depthai-core) by extension 'ros'
[2.602s] Level 1:colcon.colcon_core.package_identification:_identify(depthai-core) by extensions ['cmake', 'python']
[2.603s] Level 1:colcon.colcon_core.package_identification:_identify(depthai-core) by extension 'cmake'
[2.710s] Level 1:colcon.colcon_core.package_identification:_identify(depthai-core) by extension 'python'
[2.711s] DEBUG:colcon.colcon_core.package_identification:Package 'depthai-core' with type 'cmake' and name 'depthai'
[2.712s] Level 1:colcon.colcon_core.package_identification:_identify(depthai_ros_driver) by extensions ['ignore', 'ignore_ament_install']
[2.712s] Level 1:colcon.colcon_core.package_identification:_identify(depthai_ros_driver) by extension 'ignore'
[2.713s] Level 1:colcon.colcon_core.package_identification:_identify(depthai_ros_driver) by extension 'ignore_ament_install'
[2.713s] Level 1:colcon.colcon_core.package_identification:_identify(depthai_ros_driver) by extensions ['colcon_pkg']
[2.713s] Level 1:colcon.colcon_core.package_identification:_identify(depthai_ros_driver) by extension 'colcon_pkg'
[2.714s] Level 1:colcon.colcon_core.package_identification:_identify(depthai_ros_driver) by extensions ['colcon_meta']
[2.714s] Level 1:colcon.colcon_core.package_identification:_identify(depthai_ros_driver) by extension 'colcon_meta'
[2.714s] Level 1:colcon.colcon_core.package_identification:_identify(depthai_ros_driver) by extensions ['ros']
[2.715s] Level 1:colcon.colcon_core.package_identification:_identify(depthai_ros_driver) by extension 'ros'
[2.715s] Level 1:colcon.colcon_core.package_identification:_identify(depthai_ros_driver) by extensions ['cmake', 'python']
[2.715s] Level 1:colcon.colcon_core.package_identification:_identify(depthai_ros_driver) by extension 'cmake'
[2.716s] Level 1:colcon.colcon_core.package_identification:_identify(depthai_ros_driver) by extension 'python'
[2.716s] Level 1:colcon.colcon_core.package_identification:_identify(depthai_ros_driver) by extensions ['python_setup_py']
[2.716s] Level 1:colcon.colcon_core.package_identification:_identify(depthai_ros_driver) by extension 'python_setup_py'
[2.717s] Level 1:colcon.colcon_core.package_identification:_identify(depthai_ros_driver/depthai-core) by extensions ['ignore', 'ignore_ament_install']
[2.718s] Level 1:colcon.colcon_core.package_identification:_identify(depthai_ros_driver/depthai-core) by extension 'ignore'
[2.718s] Level 1:colcon.colcon_core.package_identification:_identify(depthai_ros_driver/depthai-core) by extension 'ignore_ament_install'
[2.719s] Level 1:colcon.colcon_core.package_identification:_identify(depthai_ros_driver/depthai-core) by extensions ['colcon_pkg']
[2.719s] Level 1:colcon.colcon_core.package_identification:_identify(depthai_ros_driver/depthai-core) by extension 'colcon_pkg'
[2.719s] Level 1:colcon.colcon_core.package_identification:_identify(depthai_ros_driver/depthai-core) by extensions ['colcon_meta']
[2.719s] Level 1:colcon.colcon_core.package_identification:_identify(depthai_ros_driver/depthai-core) by extension 'colcon_meta'
[2.720s] Level 1:colcon.colcon_core.package_identification:_identify(depthai_ros_driver/depthai-core) by extensions ['ros']
[2.720s] Level 1:colcon.colcon_core.package_identification:_identify(depthai_ros_driver/depthai-core) by extension 'ros'
[2.721s] Level 1:colcon.colcon_core.package_identification:_identify(depthai_ros_driver/depthai-core) by extensions ['cmake', 'python']
[2.721s] Level 1:colcon.colcon_core.package_identification:_identify(depthai_ros_driver/depthai-core) by extension 'cmake'
[2.828s] Level 1:colcon.colcon_core.package_identification:_identify(depthai_ros_driver/depthai-core) by extension 'python'
[2.828s] DEBUG:colcon.colcon_core.package_identification:Package 'depthai_ros_driver/depthai-core' with type 'cmake' and name 'depthai'
[2.829s] Level 1:colcon.colcon_core.package_identification:_identify(depthai_ros_driver/docs) by extensions ['ignore', 'ignore_ament_install']
[2.830s] Level 1:colcon.colcon_core.package_identification:_identify(depthai_ros_driver/docs) by extension 'ignore'
[2.830s] Level 1:colcon.colcon_core.package_identification:_identify(depthai_ros_driver/docs) by extension 'ignore_ament_install'
[2.830s] Level 1:colcon.colcon_core.package_identification:_identify(depthai_ros_driver/docs) by extensions ['colcon_pkg']
[2.831s] Level 1:colcon.colcon_core.package_identification:_identify(depthai_ros_driver/docs) by extension 'colcon_pkg'
[2.831s] Level 1:colcon.colcon_core.package_identification:_identify(depthai_ros_driver/docs) by extensions ['colcon_meta']
[2.831s] Level 1:colcon.colcon_core.package_identification:_identify(depthai_ros_driver/docs) by extension 'colcon_meta'
[2.832s] Level 1:colcon.colcon_core.package_identification:_identify(depthai_ros_driver/docs) by extensions ['ros']
[2.832s] Level 1:colcon.colcon_core.package_identification:_identify(depthai_ros_driver/docs) by extension 'ros'
[2.833s] Level 1:colcon.colcon_core.package_identification:_identify(depthai_ros_driver/docs) by extensions ['cmake', 'python']
[2.833s] Level 1:colcon.colcon_core.package_identification:_identify(depthai_ros_driver/docs) by extension 'cmake'
[2.833s] Level 1:colcon.colcon_core.package_identification:_identify(depthai_ros_driver/docs) by extension 'python'
[2.833s] Level 1:colcon.colcon_core.package_identification:_identify(depthai_ros_driver/docs) by extensions ['python_setup_py']
[2.834s] Level 1:colcon.colcon_core.package_identification:_identify(depthai_ros_driver/docs) by extension 'python_setup_py'
[2.834s] Level 1:colcon.colcon_core.package_identification:_identify(depthai_ros_driver/src) by extensions ['ignore', 'ignore_ament_install']
[2.835s] Level 1:colcon.colcon_core.package_identification:_identify(depthai_ros_driver/src) by extension 'ignore'
[2.835s] Level 1:colcon.colcon_core.package_identification:_identify(depthai_ros_driver/src) by extension 'ignore_ament_install'
[2.836s] Level 1:colcon.colcon_core.package_identification:_identify(depthai_ros_driver/src) by extensions ['colcon_pkg']
[2.836s] Level 1:colcon.colcon_core.package_identification:_identify(depthai_ros_driver/src) by extension 'colcon_pkg'
[2.837s] Level 1:colcon.colcon_core.package_identification:_identify(depthai_ros_driver/src) by extensions ['colcon_meta']
[2.837s] Level 1:colcon.colcon_core.package_identification:_identify(depthai_ros_driver/src) by extension 'colcon_meta'
[2.837s] Level 1:colcon.colcon_core.package_identification:_identify(depthai_ros_driver/src) by extensions ['ros']
[2.837s] Level 1:colcon.colcon_core.package_identification:_identify(depthai_ros_driver/src) by extension 'ros'
[2.838s] Level 1:colcon.colcon_core.package_identification:_identify(depthai_ros_driver/src) by extensions ['cmake', 'python']
[2.838s] Level 1:colcon.colcon_core.package_identification:_identify(depthai_ros_driver/src) by extension 'cmake'
[2.838s] Level 1:colcon.colcon_core.package_identification:_identify(depthai_ros_driver/src) by extension 'python'
[2.839s] Level 1:colcon.colcon_core.package_identification:_identify(depthai_ros_driver/src) by extensions ['python_setup_py']
[2.839s] Level 1:colcon.colcon_core.package_identification:_identify(depthai_ros_driver/src) by extension 'python_setup_py'
[2.839s] Level 1:colcon.colcon_core.package_identification:_identify(depthai_ros_driver/src/depthai_ros_driver) by extensions ['ignore', 'ignore_ament_install']
[2.840s] Level 1:colcon.colcon_core.package_identification:_identify(depthai_ros_driver/src/depthai_ros_driver) by extension 'ignore'
[2.840s] Level 1:colcon.colcon_core.package_identification:_identify(depthai_ros_driver/src/depthai_ros_driver) by extension 'ignore_ament_install'
[2.841s] Level 1:colcon.colcon_core.package_identification:_identify(depthai_ros_driver/src/depthai_ros_driver) by extensions ['colcon_pkg']
[2.841s] Level 1:colcon.colcon_core.package_identification:_identify(depthai_ros_driver/src/depthai_ros_driver) by extension 'colcon_pkg'
[2.841s] Level 1:colcon.colcon_core.package_identification:_identify(depthai_ros_driver/src/depthai_ros_driver) by extensions ['colcon_meta']
[2.841s] Level 1:colcon.colcon_core.package_identification:_identify(depthai_ros_driver/src/depthai_ros_driver) by extension 'colcon_meta'
[2.842s] Level 1:colcon.colcon_core.package_identification:_identify(depthai_ros_driver/src/depthai_ros_driver) by extensions ['ros']
[2.842s] Level 1:colcon.colcon_core.package_identification:_identify(depthai_ros_driver/src/depthai_ros_driver) by extension 'ros'
[2.852s] DEBUG:colcon.colcon_core.package_identification:Package 'depthai_ros_driver/src/depthai_ros_driver' with type 'ros.ament_cmake' and name 'depthai_ros_driver'
[2.853s] Level 1:colcon.colcon_core.package_identification:_identify(install) by extensions ['ignore', 'ignore_ament_install']
[2.854s] Level 1:colcon.colcon_core.package_identification:_identify(install) by extension 'ignore'
[2.854s] Level 1:colcon.colcon_core.package_identification:_identify(install) ignored
[2.855s] Level 1:colcon.colcon_core.package_identification:_identify(log) by extensions ['ignore', 'ignore_ament_install']
[2.855s] Level 1:colcon.colcon_core.package_identification:_identify(log) by extension 'ignore'
[2.856s] Level 1:colcon.colcon_core.package_identification:_identify(log) ignored
[2.856s] Level 1:colcon.colcon_core.package_identification:_identify(src) by extensions ['ignore', 'ignore_ament_install']
[2.857s] Level 1:colcon.colcon_core.package_identification:_identify(src) by extension 'ignore'
[2.857s] Level 1:colcon.colcon_core.package_identification:_identify(src) by extension 'ignore_ament_install'
[2.858s] Level 1:colcon.colcon_core.package_identification:_identify(src) by extensions ['colcon_pkg']
[2.858s] Level 1:colcon.colcon_core.package_identification:_identify(src) by extension 'colcon_pkg'
[2.858s] Level 1:colcon.colcon_core.package_identification:_identify(src) by extensions ['colcon_meta']
[2.859s] Level 1:colcon.colcon_core.package_identification:_identify(src) by extension 'colcon_meta'
[2.859s] Level 1:colcon.colcon_core.package_identification:_identify(src) by extensions ['ros']
[2.859s] Level 1:colcon.colcon_core.package_identification:_identify(src) by extension 'ros'
[2.860s] Level 1:colcon.colcon_core.package_identification:_identify(src) by extensions ['cmake', 'python']
[2.860s] Level 1:colcon.colcon_core.package_identification:_identify(src) by extension 'cmake'
[2.861s] Level 1:colcon.colcon_core.package_identification:_identify(src) by extension 'python'
[2.861s] Level 1:colcon.colcon_core.package_identification:_identify(src) by extensions ['python_setup_py']
[2.861s] Level 1:colcon.colcon_core.package_identification:_identify(src) by extension 'python_setup_py'
[2.862s] Level 1:colcon.colcon_core.package_identification:_identify(src/build) by extensions ['ignore', 'ignore_ament_install']
[2.862s] Level 1:colcon.colcon_core.package_identification:_identify(src/build) by extension 'ignore'
[2.862s] Level 1:colcon.colcon_core.package_identification:_identify(src/build) ignored
[2.863s] Level 1:colcon.colcon_core.package_identification:_identify(src/cpp_pubsub) by extensions ['ignore', 'ignore_ament_install']
[2.863s] Level 1:colcon.colcon_core.package_identification:_identify(src/cpp_pubsub) by extension 'ignore'
[2.864s] Level 1:colcon.colcon_core.package_identification:_identify(src/cpp_pubsub) by extension 'ignore_ament_install'
[2.864s] Level 1:colcon.colcon_core.package_identification:_identify(src/cpp_pubsub) by extensions ['colcon_pkg']
[2.864s] Level 1:colcon.colcon_core.package_identification:_identify(src/cpp_pubsub) by extension 'colcon_pkg'
[2.865s] Level 1:colcon.colcon_core.package_identification:_identify(src/cpp_pubsub) by extensions ['colcon_meta']
[2.865s] Level 1:colcon.colcon_core.package_identification:_identify(src/cpp_pubsub) by extension 'colcon_meta'
[2.865s] Level 1:colcon.colcon_core.package_identification:_identify(src/cpp_pubsub) by extensions ['ros']
[2.865s] Level 1:colcon.colcon_core.package_identification:_identify(src/cpp_pubsub) by extension 'ros'
[2.870s] DEBUG:colcon.colcon_core.package_identification:Package 'src/cpp_pubsub' with type 'ros.ament_cmake' and name 'cpp_pubsub'
[2.870s] Level 1:colcon.colcon_core.package_identification:_identify(src/install) by extensions ['ignore', 'ignore_ament_install']
[2.871s] Level 1:colcon.colcon_core.package_identification:_identify(src/install) by extension 'ignore'
[2.871s] Level 1:colcon.colcon_core.package_identification:_identify(src/install) ignored
[2.872s] Level 1:colcon.colcon_core.package_identification:_identify(src/log) by extensions ['ignore', 'ignore_ament_install']
[2.872s] Level 1:colcon.colcon_core.package_identification:_identify(src/log) by extension 'ignore'
[2.872s] Level 1:colcon.colcon_core.package_identification:_identify(src/log) ignored
[2.873s] Level 1:colcon.colcon_core.package_identification:_identify(src/sensor_fusion) by extensions ['ignore', 'ignore_ament_install']
[2.873s] Level 1:colcon.colcon_core.package_identification:_identify(src/sensor_fusion) by extension 'ignore'
[2.873s] Level 1:colcon.colcon_core.package_identification:_identify(src/sensor_fusion) by extension 'ignore_ament_install'
[2.874s] Level 1:colcon.colcon_core.package_identification:_identify(src/sensor_fusion) by extensions ['colcon_pkg']
[2.874s] Level 1:colcon.colcon_core.package_identification:_identify(src/sensor_fusion) by extension 'colcon_pkg'
[2.874s] Level 1:colcon.colcon_core.package_identification:_identify(src/sensor_fusion) by extensions ['colcon_meta']
[2.874s] Level 1:colcon.colcon_core.package_identification:_identify(src/sensor_fusion) by extension 'colcon_meta'
[2.875s] Level 1:colcon.colcon_core.package_identification:_identify(src/sensor_fusion) by extensions ['ros']
[2.875s] Level 1:colcon.colcon_core.package_identification:_identify(src/sensor_fusion) by extension 'ros'
[2.887s] DEBUG:colcon.colcon_core.package_identification:Package 'src/sensor_fusion' with type 'ros.ament_cmake' and name 'sensor_fusion'
[2.887s] Level 1:colcon.colcon_core.package_discovery:discover_packages(recursive) using defaults
[2.888s] Level 1:colcon.colcon_core.package_discovery:discover_packages(ignore) discover
[2.888s] Level 1:colcon.colcon_core.package_discovery:discover_packages(ignore) using defaults
[2.889s] Level 1:colcon.colcon_core.package_discovery:discover_packages(path) discover
[2.889s] Level 1:colcon.colcon_core.package_discovery:discover_packages(path) using defaults
[3.027s] INFO:colcon.colcon_core.package_selection:Skipping not selected package 'cpp_pubsub' in 'src/cpp_pubsub'
[3.027s] INFO:colcon.colcon_core.package_selection:Skipping not selected package 'depthai' in 'depthai-core'
[3.027s] INFO:colcon.colcon_core.package_selection:Skipping not selected package 'depthai' in 'depthai_ros_driver/depthai-core'
[3.028s] INFO:colcon.colcon_core.package_selection:Skipping not selected package 'depthai_descriptions' in 'dai_ws/src/depthai-ros/depthai_descriptions'
[3.028s] INFO:colcon.colcon_core.package_selection:Skipping not selected package 'depthai_filters' in 'dai_ws/src/depthai-ros/depthai_filters'
[3.028s] INFO:colcon.colcon_core.package_selection:Skipping not selected package 'depthai_ros_msgs' in 'dai_ws/src/depthai-ros/depthai_ros_msgs'
[3.028s] INFO:colcon.colcon_core.package_selection:Skipping not selected package 'depthai_bridge' in 'dai_ws/src/depthai-ros/depthai_bridge'
[3.028s] INFO:colcon.colcon_core.package_selection:Skipping not selected package 'depthai_ros_driver' in 'depthai_ros_driver/src/depthai_ros_driver'
[3.028s] INFO:colcon.colcon_core.package_selection:Skipping not selected package 'depthai_examples' in 'dai_ws/src/depthai-ros/depthai_examples'
[3.029s] INFO:colcon.colcon_core.package_selection:Skipping not selected package 'depthai_ros_driver' in 'dai_ws/src/depthai-ros/depthai_ros_driver'
[3.029s] INFO:colcon.colcon_core.package_selection:Skipping not selected package 'depthai-ros' in 'dai_ws/src/depthai-ros/depthai-ros'
[3.032s] Level 5:colcon.colcon_core.verb:set package 'sensor_fusion' build argument 'cmake_args' from command line to 'None'
[3.032s] Level 5:colcon.colcon_core.verb:set package 'sensor_fusion' build argument 'cmake_target' from command line to 'None'
[3.032s] Level 5:colcon.colcon_core.verb:set package 'sensor_fusion' build argument 'cmake_target_skip_unavailable' from command line to 'False'
[3.033s] Level 5:colcon.colcon_core.verb:set package 'sensor_fusion' build argument 'cmake_clean_cache' from command line to 'False'
[3.033s] Level 5:colcon.colcon_core.verb:set package 'sensor_fusion' build argument 'cmake_clean_first' from command line to 'False'
[3.033s] Level 5:colcon.colcon_core.verb:set package 'sensor_fusion' build argument 'cmake_force_configure' from command line to 'False'
[3.033s] Level 5:colcon.colcon_core.verb:set package 'sensor_fusion' build argument 'ament_cmake_args' from command line to 'None'
[3.033s] Level 5:colcon.colcon_core.verb:set package 'sensor_fusion' build argument 'catkin_cmake_args' from command line to 'None'
[3.033s] Level 5:colcon.colcon_core.verb:set package 'sensor_fusion' build argument 'catkin_skip_building_tests' from command line to 'False'
[3.034s] DEBUG:colcon.colcon_core.verb:Building package 'sensor_fusion' with the following arguments: {'ament_cmake_args': None, 'build_base': '/workspaces/ROS_PointCloud_AGV/build/sensor_fusion', 'catkin_cmake_args': None, 'catkin_skip_building_tests': False, 'cmake_args': None, 'cmake_clean_cache': False, 'cmake_clean_first': False, 'cmake_force_configure': False, 'cmake_target': None, 'cmake_target_skip_unavailable': False, 'install_base': '/workspaces/ROS_PointCloud_AGV/install/sensor_fusion', 'merge_install': False, 'path': '/workspaces/ROS_PointCloud_AGV/src/sensor_fusion', 'symlink_install': False, 'test_result_base': None}
[3.035s] INFO:colcon.colcon_core.executor:Executing jobs using 'parallel' executor
[3.040s] DEBUG:colcon.colcon_parallel_executor.executor.parallel:run_until_complete
[3.041s] INFO:colcon.colcon_ros.task.ament_cmake.build:Building ROS package in '/workspaces/ROS_PointCloud_AGV/src/sensor_fusion' with build type 'ament_cmake'
[3.041s] INFO:colcon.colcon_cmake.task.cmake.build:Building CMake package in '/workspaces/ROS_PointCloud_AGV/src/sensor_fusion'
[3.056s] INFO:colcon.colcon_core.plugin_system:Skipping extension 'colcon_core.shell.bat': Not used on non-Windows systems
[3.057s] INFO:colcon.colcon_core.shell:Skip shell extension 'powershell' for command environment: Not usable outside of PowerShell
[3.058s] DEBUG:colcon.colcon_core.shell:Skip shell extension 'dsv' for command environment
[3.100s] ERROR:colcon.colcon_cmake.task.cmake.build:Failed to find the following files:
- /workspaces/ROS_PointCloud_AGV/install/depthai/share/depthai/package.sh
- /workspaces/ROS_PointCloud_AGV/install/depthai_descriptions/share/depthai_descriptions/package.sh
- /workspaces/ROS_PointCloud_AGV/install/depthai_ros_msgs/share/depthai_ros_msgs/package.sh
- /workspaces/ROS_PointCloud_AGV/install/depthai_bridge/share/depthai_bridge/package.sh
Check that the following packages have been built:
- depthai
- depthai_descriptions
- depthai_ros_msgs
- depthai_bridge
[3.263s] Level 1:colcon.colcon_core.environment:create_environment_scripts_only(sensor_fusion)
[3.285s] Level 1:colcon.colcon_core.environment:checking '/workspaces/ROS_PointCloud_AGV/install/sensor_fusion' for CMake module files
[3.288s] Level 1:colcon.colcon_core.environment:checking '/workspaces/ROS_PointCloud_AGV/install/sensor_fusion' for CMake config files
[3.291s] Level 1:colcon.colcon_core.environment:checking '/workspaces/ROS_PointCloud_AGV/install/sensor_fusion/bin'
[3.292s] Level 1:colcon.colcon_core.environment:checking '/workspaces/ROS_PointCloud_AGV/install/sensor_fusion/lib/pkgconfig/sensor_fusion.pc'
[3.293s] Level 1:colcon.colcon_core.environment:checking '/workspaces/ROS_PointCloud_AGV/install/sensor_fusion/lib/python3.6/site-packages'
[3.294s] Level 1:colcon.colcon_core.environment:checking '/workspaces/ROS_PointCloud_AGV/install/sensor_fusion/bin'
[3.295s] INFO:colcon.colcon_core.shell:Creating package script '/workspaces/ROS_PointCloud_AGV/install/sensor_fusion/share/sensor_fusion/package.ps1'
[3.301s] INFO:colcon.colcon_core.shell:Creating package descriptor '/workspaces/ROS_PointCloud_AGV/install/sensor_fusion/share/sensor_fusion/package.dsv'
[3.304s] INFO:colcon.colcon_core.shell:Creating package script '/workspaces/ROS_PointCloud_AGV/install/sensor_fusion/share/sensor_fusion/package.sh'
[3.309s] INFO:colcon.colcon_core.shell:Creating package script '/workspaces/ROS_PointCloud_AGV/install/sensor_fusion/share/sensor_fusion/package.bash'
[3.315s] INFO:colcon.colcon_core.shell:Creating package script '/workspaces/ROS_PointCloud_AGV/install/sensor_fusion/share/sensor_fusion/package.zsh'
[3.320s] Level 1:colcon.colcon_core.environment:create_file_with_runtime_dependencies(/workspaces/ROS_PointCloud_AGV/install/sensor_fusion/share/colcon-core/packages/sensor_fusion)
[3.334s] DEBUG:colcon.colcon_parallel_executor.executor.parallel:closing loop
[3.335s] DEBUG:colcon.colcon_parallel_executor.executor.parallel:loop closed
[3.336s] DEBUG:colcon.colcon_parallel_executor.executor.parallel:run_until_complete finished with '1'
[3.336s] DEBUG:colcon.colcon_core.event_reactor:joining thread
[3.378s] INFO:colcon.colcon_core.plugin_system:Skipping extension 'colcon_notification.desktop_notification.notify_send': Could not find 'notify-send'
[3.380s] INFO:colcon.colcon_core.plugin_system:Skipping extension 'colcon_notification.desktop_notification.terminal_notifier': Not used on non-Darwin systems
[3.381s] INFO:colcon.colcon_core.plugin_system:Skipping extension 'colcon_notification.desktop_notification.win32': Not used on non-Windows systems
[3.381s] INFO:colcon.colcon_notification.desktop_notification:Sending desktop notification using 'notify2'
[3.383s] DEBUG:colcon.colcon_notification.desktop_notification.notify2:Failed to initialize notify2: org.freedesktop.DBus.Error.InvalidFileContent: D-Bus library appears to be incorrectly set up: see the manual page for dbus-uuidgen to correct this issue. (Failed to open "/var/lib/dbus/machine-id": No such file or directory; UUID file '/etc/machine-id' should contain a hex string of length 32, not length 0, with no other text)
[3.384s] DEBUG:colcon.colcon_core.event_reactor:joined thread
[3.386s] INFO:colcon.colcon_core.shell:Creating prefix script '/workspaces/ROS_PointCloud_AGV/install/local_setup.ps1'
[3.398s] INFO:colcon.colcon_core.shell:Creating prefix util module '/workspaces/ROS_PointCloud_AGV/install/_local_setup_util_ps1.py'
[3.408s] INFO:colcon.colcon_core.shell:Creating prefix chain script '/workspaces/ROS_PointCloud_AGV/install/setup.ps1'
[3.414s] INFO:colcon.colcon_core.shell:Creating prefix script '/workspaces/ROS_PointCloud_AGV/install/local_setup.sh'
[3.417s] INFO:colcon.colcon_core.shell:Creating prefix util module '/workspaces/ROS_PointCloud_AGV/install/_local_setup_util_sh.py'
[3.419s] INFO:colcon.colcon_core.shell:Creating prefix chain script '/workspaces/ROS_PointCloud_AGV/install/setup.sh'
[3.424s] INFO:colcon.colcon_core.shell:Creating prefix script '/workspaces/ROS_PointCloud_AGV/install/local_setup.bash'
[3.427s] INFO:colcon.colcon_core.shell:Creating prefix chain script '/workspaces/ROS_PointCloud_AGV/install/setup.bash'
[3.432s] INFO:colcon.colcon_core.shell:Creating prefix script '/workspaces/ROS_PointCloud_AGV/install/local_setup.zsh'
[3.435s] INFO:colcon.colcon_core.shell:Creating prefix chain script '/workspaces/ROS_PointCloud_AGV/install/setup.zsh'
