[1.650s] DEBUG:colcon:Command line arguments: ['/usr/bin/colcon', 'build']
[1.651s] DEBUG:colcon:Parsed command line arguments: Namespace(ament_cmake_args=None, base_paths=['.'], build_base='build', catkin_cmake_args=None, catkin_skip_building_tests=False, cmake_args=None, cmake_clean_cache=False, cmake_clean_first=False, cmake_force_configure=False, cmake_target=None, cmake_target_skip_unavailable=False, continue_on_error=False, event_handlers=None, executor='parallel', ignore_user_meta=False, install_base='install', log_base=None, log_level=None, main=<bound method BuildVerb.main of <colcon_core.verb.build.BuildVerb object at 0x7fb1f99160>>, merge_install=False, metas=['./colcon.meta'], packages_above=None, packages_above_and_dependencies=None, packages_above_depth=None, packages_end=None, packages_ignore=None, packages_ignore_regex=None, packages_select=None, packages_select_build_failed=False, packages_select_by_dep=None, packages_select_regex=None, packages_select_test_failures=False, packages_skip=None, packages_skip_build_finished=False, packages_skip_by_dep=None, packages_skip_regex=None, packages_skip_test_passed=False, packages_skip_up_to=None, packages_start=None, packages_up_to=None, packages_up_to_regex=None, parallel_workers=4, paths=None, symlink_install=False, test_result_base=None, verb_extension=<colcon_core.verb.build.BuildVerb object at 0x7fb1f99160>, verb_name='build', verb_parser=<colcon_defaults.argument_parser.defaults.DefaultArgumentsDecorator object at 0x7fb1e6fbe0>)
[1.774s] Level 1:colcon.colcon_core.package_discovery:discover_packages(colcon_meta) check parameters
[1.775s] Level 1:colcon.colcon_core.package_discovery:discover_packages(recursive) check parameters
[1.775s] Level 1:colcon.colcon_core.package_discovery:discover_packages(ignore) check parameters
[1.775s] Level 1:colcon.colcon_core.package_discovery:discover_packages(path) check parameters
[1.775s] Level 1:colcon.colcon_core.package_discovery:discover_packages(colcon_meta) discover
[1.777s] Level 1:colcon.colcon_core.package_discovery:discover_packages(recursive) discover
[1.778s] INFO:colcon.colcon_core.package_discovery:Crawling recursively for packages in '/workspaces/ROS_PointCloud_AGV'
[1.778s] Level 1:colcon.colcon_core.package_identification:_identify(.) by extensions ['ignore', 'ignore_ament_install']
[1.779s] Level 1:colcon.colcon_core.package_identification:_identify(.) by extension 'ignore'
[1.779s] Level 1:colcon.colcon_core.package_identification:_identify(.) by extension 'ignore_ament_install'
[1.780s] Level 1:colcon.colcon_core.package_identification:_identify(.) by extensions ['colcon_pkg']
[1.780s] Level 1:colcon.colcon_core.package_identification:_identify(.) by extension 'colcon_pkg'
[1.780s] Level 1:colcon.colcon_core.package_identification:_identify(.) by extensions ['colcon_meta']
[1.781s] Level 1:colcon.colcon_core.package_identification:_identify(.) by extension 'colcon_meta'
[1.781s] Level 1:colcon.colcon_core.package_identification:_identify(.) by extensions ['ros']
[1.781s] Level 1:colcon.colcon_core.package_identification:_identify(.) by extension 'ros'
[1.983s] Level 1:colcon.colcon_core.package_identification:_identify(.) by extensions ['cmake', 'python']
[1.984s] Level 1:colcon.colcon_core.package_identification:_identify(.) by extension 'cmake'
[1.984s] Level 1:colcon.colcon_core.package_identification:_identify(.) by extension 'python'
[1.984s] Level 1:colcon.colcon_core.package_identification:_identify(.) by extensions ['python_setup_py']
[1.984s] Level 1:colcon.colcon_core.package_identification:_identify(.) by extension 'python_setup_py'
[1.985s] Level 1:colcon.colcon_core.package_identification:_identify(build) by extensions ['ignore', 'ignore_ament_install']
[1.986s] Level 1:colcon.colcon_core.package_identification:_identify(build) by extension 'ignore'
[1.986s] Level 1:colcon.colcon_core.package_identification:_identify(build) ignored
[1.988s] Level 1:colcon.colcon_core.package_identification:_identify(cache) by extensions ['ignore', 'ignore_ament_install']
[1.988s] Level 1:colcon.colcon_core.package_identification:_identify(cache) by extension 'ignore'
[1.988s] Level 1:colcon.colcon_core.package_identification:_identify(cache) by extension 'ignore_ament_install'
[1.989s] Level 1:colcon.colcon_core.package_identification:_identify(cache) by extensions ['colcon_pkg']
[1.989s] Level 1:colcon.colcon_core.package_identification:_identify(cache) by extension 'colcon_pkg'
[1.989s] Level 1:colcon.colcon_core.package_identification:_identify(cache) by extensions ['colcon_meta']
[1.989s] Level 1:colcon.colcon_core.package_identification:_identify(cache) by extension 'colcon_meta'
[1.990s] Level 1:colcon.colcon_core.package_identification:_identify(cache) by extensions ['ros']
[1.990s] Level 1:colcon.colcon_core.package_identification:_identify(cache) by extension 'ros'
[1.990s] Level 1:colcon.colcon_core.package_identification:_identify(cache) by extensions ['cmake', 'python']
[1.991s] Level 1:colcon.colcon_core.package_identification:_identify(cache) by extension 'cmake'
[1.991s] Level 1:colcon.colcon_core.package_identification:_identify(cache) by extension 'python'
[1.991s] Level 1:colcon.colcon_core.package_identification:_identify(cache) by extensions ['python_setup_py']
[1.991s] Level 1:colcon.colcon_core.package_identification:_identify(cache) by extension 'python_setup_py'
[1.992s] Level 1:colcon.colcon_core.package_identification:_identify(install) by extensions ['ignore', 'ignore_ament_install']
[1.992s] Level 1:colcon.colcon_core.package_identification:_identify(install) by extension 'ignore'
[1.992s] Level 1:colcon.colcon_core.package_identification:_identify(install) ignored
[1.993s] Level 1:colcon.colcon_core.package_identification:_identify(log) by extensions ['ignore', 'ignore_ament_install']
[1.993s] Level 1:colcon.colcon_core.package_identification:_identify(log) by extension 'ignore'
[1.994s] Level 1:colcon.colcon_core.package_identification:_identify(log) ignored
[1.994s] Level 1:colcon.colcon_core.package_identification:_identify(src) by extensions ['ignore', 'ignore_ament_install']
[1.994s] Level 1:colcon.colcon_core.package_identification:_identify(src) by extension 'ignore'
[1.995s] Level 1:colcon.colcon_core.package_identification:_identify(src) by extension 'ignore_ament_install'
[1.995s] Level 1:colcon.colcon_core.package_identification:_identify(src) by extensions ['colcon_pkg']
[1.995s] Level 1:colcon.colcon_core.package_identification:_identify(src) by extension 'colcon_pkg'
[1.996s] Level 1:colcon.colcon_core.package_identification:_identify(src) by extensions ['colcon_meta']
[1.996s] Level 1:colcon.colcon_core.package_identification:_identify(src) by extension 'colcon_meta'
[1.996s] Level 1:colcon.colcon_core.package_identification:_identify(src) by extensions ['ros']
[1.996s] Level 1:colcon.colcon_core.package_identification:_identify(src) by extension 'ros'
[1.997s] Level 1:colcon.colcon_core.package_identification:_identify(src) by extensions ['cmake', 'python']
[1.997s] Level 1:colcon.colcon_core.package_identification:_identify(src) by extension 'cmake'
[1.997s] Level 1:colcon.colcon_core.package_identification:_identify(src) by extension 'python'
[1.997s] Level 1:colcon.colcon_core.package_identification:_identify(src) by extensions ['python_setup_py']
[1.998s] Level 1:colcon.colcon_core.package_identification:_identify(src) by extension 'python_setup_py'
[1.998s] Level 1:colcon.colcon_core.package_identification:_identify(src/build) by extensions ['ignore', 'ignore_ament_install']
[1.999s] Level 1:colcon.colcon_core.package_identification:_identify(src/build) by extension 'ignore'
[1.999s] Level 1:colcon.colcon_core.package_identification:_identify(src/build) ignored
[1.999s] Level 1:colcon.colcon_core.package_identification:_identify(src/cpp_pub_sub) by extensions ['ignore', 'ignore_ament_install']
[2.000s] Level 1:colcon.colcon_core.package_identification:_identify(src/cpp_pub_sub) by extension 'ignore'
[2.000s] Level 1:colcon.colcon_core.package_identification:_identify(src/cpp_pub_sub) by extension 'ignore_ament_install'
[2.000s] Level 1:colcon.colcon_core.package_identification:_identify(src/cpp_pub_sub) by extensions ['colcon_pkg']
[2.000s] Level 1:colcon.colcon_core.package_identification:_identify(src/cpp_pub_sub) by extension 'colcon_pkg'
[2.001s] Level 1:colcon.colcon_core.package_identification:_identify(src/cpp_pub_sub) by extensions ['colcon_meta']
[2.001s] Level 1:colcon.colcon_core.package_identification:_identify(src/cpp_pub_sub) by extension 'colcon_meta'
[2.001s] Level 1:colcon.colcon_core.package_identification:_identify(src/cpp_pub_sub) by extensions ['ros']
[2.001s] Level 1:colcon.colcon_core.package_identification:_identify(src/cpp_pub_sub) by extension 'ros'
[2.017s] DEBUG:colcon.colcon_core.package_identification:Package 'src/cpp_pub_sub' with type 'ros.ament_cmake' and name 'cpp_pub_sub'
[2.018s] Level 1:colcon.colcon_core.package_identification:_identify(src/install) by extensions ['ignore', 'ignore_ament_install']
[2.018s] Level 1:colcon.colcon_core.package_identification:_identify(src/install) by extension 'ignore'
[2.019s] Level 1:colcon.colcon_core.package_identification:_identify(src/install) ignored
[2.019s] Level 1:colcon.colcon_core.package_identification:_identify(src/log) by extensions ['ignore', 'ignore_ament_install']
[2.020s] Level 1:colcon.colcon_core.package_identification:_identify(src/log) by extension 'ignore'
[2.020s] Level 1:colcon.colcon_core.package_identification:_identify(src/log) ignored
[2.020s] Level 1:colcon.colcon_core.package_identification:_identify(src/sensor_package) by extensions ['ignore', 'ignore_ament_install']
[2.021s] Level 1:colcon.colcon_core.package_identification:_identify(src/sensor_package) by extension 'ignore'
[2.021s] Level 1:colcon.colcon_core.package_identification:_identify(src/sensor_package) by extension 'ignore_ament_install'
[2.021s] Level 1:colcon.colcon_core.package_identification:_identify(src/sensor_package) by extensions ['colcon_pkg']
[2.021s] Level 1:colcon.colcon_core.package_identification:_identify(src/sensor_package) by extension 'colcon_pkg'
[2.022s] Level 1:colcon.colcon_core.package_identification:_identify(src/sensor_package) by extensions ['colcon_meta']
[2.022s] Level 1:colcon.colcon_core.package_identification:_identify(src/sensor_package) by extension 'colcon_meta'
[2.022s] Level 1:colcon.colcon_core.package_identification:_identify(src/sensor_package) by extensions ['ros']
[2.022s] Level 1:colcon.colcon_core.package_identification:_identify(src/sensor_package) by extension 'ros'
[2.025s] DEBUG:colcon.colcon_core.package_identification:Package 'src/sensor_package' with type 'ros.ament_python' and name 'sensor_package'
[2.026s] Level 1:colcon.colcon_core.package_discovery:discover_packages(recursive) using defaults
[2.027s] Level 1:colcon.colcon_core.package_discovery:discover_packages(ignore) discover
[2.027s] Level 1:colcon.colcon_core.package_discovery:discover_packages(ignore) using defaults
[2.027s] Level 1:colcon.colcon_core.package_discovery:discover_packages(path) discover
[2.027s] Level 1:colcon.colcon_core.package_discovery:discover_packages(path) using defaults
[2.127s] Level 5:colcon.colcon_core.verb:set package 'cpp_pub_sub' build argument 'cmake_args' from command line to 'None'
[2.127s] Level 5:colcon.colcon_core.verb:set package 'cpp_pub_sub' build argument 'cmake_target' from command line to 'None'
[2.127s] Level 5:colcon.colcon_core.verb:set package 'cpp_pub_sub' build argument 'cmake_target_skip_unavailable' from command line to 'False'
[2.127s] Level 5:colcon.colcon_core.verb:set package 'cpp_pub_sub' build argument 'cmake_clean_cache' from command line to 'False'
[2.128s] Level 5:colcon.colcon_core.verb:set package 'cpp_pub_sub' build argument 'cmake_clean_first' from command line to 'False'
[2.128s] Level 5:colcon.colcon_core.verb:set package 'cpp_pub_sub' build argument 'cmake_force_configure' from command line to 'False'
[2.128s] Level 5:colcon.colcon_core.verb:set package 'cpp_pub_sub' build argument 'ament_cmake_args' from command line to 'None'
[2.128s] Level 5:colcon.colcon_core.verb:set package 'cpp_pub_sub' build argument 'catkin_cmake_args' from command line to 'None'
[2.128s] Level 5:colcon.colcon_core.verb:set package 'cpp_pub_sub' build argument 'catkin_skip_building_tests' from command line to 'False'
[2.128s] DEBUG:colcon.colcon_core.verb:Building package 'cpp_pub_sub' with the following arguments: {'ament_cmake_args': None, 'build_base': '/workspaces/ROS_PointCloud_AGV/build/cpp_pub_sub', 'catkin_cmake_args': None, 'catkin_skip_building_tests': False, 'cmake_args': None, 'cmake_clean_cache': False, 'cmake_clean_first': False, 'cmake_force_configure': False, 'cmake_target': None, 'cmake_target_skip_unavailable': False, 'install_base': '/workspaces/ROS_PointCloud_AGV/install/cpp_pub_sub', 'merge_install': False, 'path': '/workspaces/ROS_PointCloud_AGV/src/cpp_pub_sub', 'symlink_install': False, 'test_result_base': None}
[2.131s] Level 5:colcon.colcon_core.verb:set package 'sensor_package' build argument 'cmake_args' from command line to 'None'
[2.131s] Level 5:colcon.colcon_core.verb:set package 'sensor_package' build argument 'cmake_target' from command line to 'None'
[2.131s] Level 5:colcon.colcon_core.verb:set package 'sensor_package' build argument 'cmake_target_skip_unavailable' from command line to 'False'
[2.131s] Level 5:colcon.colcon_core.verb:set package 'sensor_package' build argument 'cmake_clean_cache' from command line to 'False'
[2.132s] Level 5:colcon.colcon_core.verb:set package 'sensor_package' build argument 'cmake_clean_first' from command line to 'False'
[2.132s] Level 5:colcon.colcon_core.verb:set package 'sensor_package' build argument 'cmake_force_configure' from command line to 'False'
[2.132s] Level 5:colcon.colcon_core.verb:set package 'sensor_package' build argument 'ament_cmake_args' from command line to 'None'
[2.132s] Level 5:colcon.colcon_core.verb:set package 'sensor_package' build argument 'catkin_cmake_args' from command line to 'None'
[2.132s] Level 5:colcon.colcon_core.verb:set package 'sensor_package' build argument 'catkin_skip_building_tests' from command line to 'False'
[2.132s] DEBUG:colcon.colcon_core.verb:Building package 'sensor_package' with the following arguments: {'ament_cmake_args': None, 'build_base': '/workspaces/ROS_PointCloud_AGV/build/sensor_package', 'catkin_cmake_args': None, 'catkin_skip_building_tests': False, 'cmake_args': None, 'cmake_clean_cache': False, 'cmake_clean_first': False, 'cmake_force_configure': False, 'cmake_target': None, 'cmake_target_skip_unavailable': False, 'install_base': '/workspaces/ROS_PointCloud_AGV/install/sensor_package', 'merge_install': False, 'path': '/workspaces/ROS_PointCloud_AGV/src/sensor_package', 'symlink_install': False, 'test_result_base': None}
[2.133s] INFO:colcon.colcon_core.executor:Executing jobs using 'parallel' executor
[2.139s] DEBUG:colcon.colcon_parallel_executor.executor.parallel:run_until_complete
[2.140s] INFO:colcon.colcon_ros.task.ament_cmake.build:Building ROS package in '/workspaces/ROS_PointCloud_AGV/src/cpp_pub_sub' with build type 'ament_cmake'
[2.141s] INFO:colcon.colcon_cmake.task.cmake.build:Building CMake package in '/workspaces/ROS_PointCloud_AGV/src/cpp_pub_sub'
[2.154s] INFO:colcon.colcon_core.plugin_system:Skipping extension 'colcon_core.shell.bat': Not used on non-Windows systems
[2.156s] INFO:colcon.colcon_core.shell:Skip shell extension 'powershell' for command environment: Not usable outside of PowerShell
[2.156s] DEBUG:colcon.colcon_core.shell:Skip shell extension 'dsv' for command environment
[2.173s] INFO:colcon.colcon_ros.task.ament_python.build:Building ROS package in '/workspaces/ROS_PointCloud_AGV/src/sensor_package' with build type 'ament_python'
[2.175s] Level 1:colcon.colcon_core.shell:create_environment_hook('sensor_package', 'ament_prefix_path')
[2.177s] INFO:colcon.colcon_core.shell:Creating environment hook '/workspaces/ROS_PointCloud_AGV/install/sensor_package/share/sensor_package/hook/ament_prefix_path.ps1'
[2.182s] INFO:colcon.colcon_core.shell:Creating environment descriptor '/workspaces/ROS_PointCloud_AGV/install/sensor_package/share/sensor_package/hook/ament_prefix_path.dsv'
[2.186s] INFO:colcon.colcon_core.shell:Creating environment hook '/workspaces/ROS_PointCloud_AGV/install/sensor_package/share/sensor_package/hook/ament_prefix_path.sh'
[2.191s] INFO:colcon.colcon_core.shell:Skip shell extension 'powershell' for command environment: Not usable outside of PowerShell
[2.192s] DEBUG:colcon.colcon_core.shell:Skip shell extension 'dsv' for command environment
[2.214s] DEBUG:colcon.colcon_core.event_handler.log_command:Invoking command in '/workspaces/ROS_PointCloud_AGV/build/cpp_pub_sub': /usr/local/bin/cmake /workspaces/ROS_PointCloud_AGV/src/cpp_pub_sub -DCMAKE_INSTALL_PREFIX=/workspaces/ROS_PointCloud_AGV/install/cpp_pub_sub
[3.619s] INFO:colcon.colcon_core.task.python.build:Building Python package in '/workspaces/ROS_PointCloud_AGV/src/sensor_package'
[3.621s] INFO:colcon.colcon_core.shell:Skip shell extension 'powershell' for command environment: Not usable outside of PowerShell
[3.622s] DEBUG:colcon.colcon_core.shell:Skip shell extension 'dsv' for command environment
[3.707s] DEBUG:colcon.colcon_core.event_handler.log_command:Invoked command in '/workspaces/ROS_PointCloud_AGV/build/cpp_pub_sub' returned '1': /usr/local/bin/cmake /workspaces/ROS_PointCloud_AGV/src/cpp_pub_sub -DCMAKE_INSTALL_PREFIX=/workspaces/ROS_PointCloud_AGV/install/cpp_pub_sub
[3.871s] Level 1:colcon.colcon_core.environment:create_environment_scripts_only(cpp_pub_sub)
[3.891s] Level 1:colcon.colcon_core.environment:checking '/workspaces/ROS_PointCloud_AGV/install/cpp_pub_sub' for CMake module files
[3.894s] Level 1:colcon.colcon_core.environment:checking '/workspaces/ROS_PointCloud_AGV/install/cpp_pub_sub' for CMake config files
[3.897s] Level 1:colcon.colcon_core.environment:checking '/workspaces/ROS_PointCloud_AGV/install/cpp_pub_sub/bin'
[3.897s] Level 1:colcon.colcon_core.environment:checking '/workspaces/ROS_PointCloud_AGV/install/cpp_pub_sub/lib/pkgconfig/cpp_pub_sub.pc'
[3.898s] Level 1:colcon.colcon_core.environment:checking '/workspaces/ROS_PointCloud_AGV/install/cpp_pub_sub/lib/python3.6/site-packages'
[3.899s] Level 1:colcon.colcon_core.environment:checking '/workspaces/ROS_PointCloud_AGV/install/cpp_pub_sub/bin'
[3.901s] INFO:colcon.colcon_core.shell:Creating package script '/workspaces/ROS_PointCloud_AGV/install/cpp_pub_sub/share/cpp_pub_sub/package.ps1'
[3.907s] INFO:colcon.colcon_core.shell:Creating package descriptor '/workspaces/ROS_PointCloud_AGV/install/cpp_pub_sub/share/cpp_pub_sub/package.dsv'
[3.910s] INFO:colcon.colcon_core.shell:Creating package script '/workspaces/ROS_PointCloud_AGV/install/cpp_pub_sub/share/cpp_pub_sub/package.sh'
[3.915s] INFO:colcon.colcon_core.shell:Creating package script '/workspaces/ROS_PointCloud_AGV/install/cpp_pub_sub/share/cpp_pub_sub/package.bash'
[3.920s] INFO:colcon.colcon_core.shell:Creating package script '/workspaces/ROS_PointCloud_AGV/install/cpp_pub_sub/share/cpp_pub_sub/package.zsh'
[3.929s] Level 1:colcon.colcon_core.environment:create_file_with_runtime_dependencies(/workspaces/ROS_PointCloud_AGV/install/cpp_pub_sub/share/colcon-core/packages/cpp_pub_sub)
[5.766s] DEBUG:colcon.colcon_parallel_executor.executor.parallel:closing loop
[5.767s] DEBUG:colcon.colcon_parallel_executor.executor.parallel:loop closed
[5.767s] DEBUG:colcon.colcon_parallel_executor.executor.parallel:run_until_complete finished with '1'
[5.768s] DEBUG:colcon.colcon_core.event_reactor:joining thread
[5.804s] INFO:colcon.colcon_core.plugin_system:Skipping extension 'colcon_notification.desktop_notification.notify_send': Could not find 'notify-send'
[5.805s] INFO:colcon.colcon_core.plugin_system:Skipping extension 'colcon_notification.desktop_notification.terminal_notifier': Not used on non-Darwin systems
[5.806s] INFO:colcon.colcon_core.plugin_system:Skipping extension 'colcon_notification.desktop_notification.win32': Not used on non-Windows systems
[5.806s] INFO:colcon.colcon_notification.desktop_notification:Sending desktop notification using 'notify2'
[5.806s] DEBUG:colcon.colcon_notification.desktop_notification.notify2:Failed to initialize notify2: org.freedesktop.DBus.Error.InvalidFileContent: D-Bus library appears to be incorrectly set up: see the manual page for dbus-uuidgen to correct this issue. (Failed to open "/var/lib/dbus/machine-id": No such file or directory; UUID file '/etc/machine-id' should contain a hex string of length 32, not length 0, with no other text)
[5.807s] DEBUG:colcon.colcon_core.event_reactor:joined thread
[5.808s] INFO:colcon.colcon_core.shell:Creating prefix script '/workspaces/ROS_PointCloud_AGV/install/local_setup.ps1'
[5.814s] INFO:colcon.colcon_core.shell:Creating prefix util module '/workspaces/ROS_PointCloud_AGV/install/_local_setup_util_ps1.py'
[5.825s] INFO:colcon.colcon_core.shell:Creating prefix chain script '/workspaces/ROS_PointCloud_AGV/install/setup.ps1'
[5.830s] INFO:colcon.colcon_core.shell:Creating prefix script '/workspaces/ROS_PointCloud_AGV/install/local_setup.sh'
[5.835s] INFO:colcon.colcon_core.shell:Creating prefix util module '/workspaces/ROS_PointCloud_AGV/install/_local_setup_util_sh.py'
[5.837s] INFO:colcon.colcon_core.shell:Creating prefix chain script '/workspaces/ROS_PointCloud_AGV/install/setup.sh'
[5.846s] INFO:colcon.colcon_core.shell:Creating prefix script '/workspaces/ROS_PointCloud_AGV/install/local_setup.bash'
[5.849s] INFO:colcon.colcon_core.shell:Creating prefix chain script '/workspaces/ROS_PointCloud_AGV/install/setup.bash'
[5.854s] INFO:colcon.colcon_core.shell:Creating prefix script '/workspaces/ROS_PointCloud_AGV/install/local_setup.zsh'
[5.858s] INFO:colcon.colcon_core.shell:Creating prefix chain script '/workspaces/ROS_PointCloud_AGV/install/setup.zsh'
