[1.641s] DEBUG:colcon:Command line arguments: ['/usr/bin/colcon', 'build']
[1.641s] DEBUG:colcon:Parsed command line arguments: Namespace(ament_cmake_args=None, base_paths=['.'], build_base='build', catkin_cmake_args=None, catkin_skip_building_tests=False, cmake_args=None, cmake_clean_cache=False, cmake_clean_first=False, cmake_force_configure=False, cmake_target=None, cmake_target_skip_unavailable=False, continue_on_error=False, event_handlers=None, executor='parallel', ignore_user_meta=False, install_base='install', log_base=None, log_level=None, main=<bound method BuildVerb.main of <colcon_core.verb.build.BuildVerb object at 0x7f8a0dc7f0>>, merge_install=False, metas=['./colcon.meta'], packages_above=None, packages_above_and_dependencies=None, packages_above_depth=None, packages_end=None, packages_ignore=None, packages_ignore_regex=None, packages_select=None, packages_select_build_failed=False, packages_select_by_dep=None, packages_select_regex=None, packages_select_test_failures=False, packages_skip=None, packages_skip_build_finished=False, packages_skip_by_dep=None, packages_skip_regex=None, packages_skip_test_passed=False, packages_skip_up_to=None, packages_start=None, packages_up_to=None, packages_up_to_regex=None, parallel_workers=4, paths=None, symlink_install=False, test_result_base=None, verb_extension=<colcon_core.verb.build.BuildVerb object at 0x7f8a0dc7f0>, verb_name='build', verb_parser=<colcon_defaults.argument_parser.defaults.DefaultArgumentsDecorator object at 0x7f89fcb208>)
[1.746s] Level 1:colcon.colcon_core.package_discovery:discover_packages(colcon_meta) check parameters
[1.746s] Level 1:colcon.colcon_core.package_discovery:discover_packages(recursive) check parameters
[1.747s] Level 1:colcon.colcon_core.package_discovery:discover_packages(ignore) check parameters
[1.747s] Level 1:colcon.colcon_core.package_discovery:discover_packages(path) check parameters
[1.747s] Level 1:colcon.colcon_core.package_discovery:discover_packages(colcon_meta) discover
[1.748s] Level 1:colcon.colcon_core.package_discovery:discover_packages(recursive) discover
[1.749s] INFO:colcon.colcon_core.package_discovery:Crawling recursively for packages in '/workspaces/ROS_PointCloud_AGV/src'
[1.749s] Level 1:colcon.colcon_core.package_identification:_identify(.) by extensions ['ignore', 'ignore_ament_install']
[1.750s] Level 1:colcon.colcon_core.package_identification:_identify(.) by extension 'ignore'
[1.750s] Level 1:colcon.colcon_core.package_identification:_identify(.) by extension 'ignore_ament_install'
[1.750s] Level 1:colcon.colcon_core.package_identification:_identify(.) by extensions ['colcon_pkg']
[1.751s] Level 1:colcon.colcon_core.package_identification:_identify(.) by extension 'colcon_pkg'
[1.751s] Level 1:colcon.colcon_core.package_identification:_identify(.) by extensions ['colcon_meta']
[1.751s] Level 1:colcon.colcon_core.package_identification:_identify(.) by extension 'colcon_meta'
[1.751s] Level 1:colcon.colcon_core.package_identification:_identify(.) by extensions ['ros']
[1.752s] Level 1:colcon.colcon_core.package_identification:_identify(.) by extension 'ros'
[1.937s] Level 1:colcon.colcon_core.package_identification:_identify(.) by extensions ['cmake', 'python']
[1.937s] Level 1:colcon.colcon_core.package_identification:_identify(.) by extension 'cmake'
[1.938s] Level 1:colcon.colcon_core.package_identification:_identify(.) by extension 'python'
[1.938s] Level 1:colcon.colcon_core.package_identification:_identify(.) by extensions ['python_setup_py']
[1.938s] Level 1:colcon.colcon_core.package_identification:_identify(.) by extension 'python_setup_py'
[1.939s] Level 1:colcon.colcon_core.package_identification:_identify(build) by extensions ['ignore', 'ignore_ament_install']
[1.939s] Level 1:colcon.colcon_core.package_identification:_identify(build) by extension 'ignore'
[1.940s] Level 1:colcon.colcon_core.package_identification:_identify(build) ignored
[1.942s] Level 1:colcon.colcon_core.package_identification:_identify(cpp_pub_sub) by extensions ['ignore', 'ignore_ament_install']
[1.942s] Level 1:colcon.colcon_core.package_identification:_identify(cpp_pub_sub) by extension 'ignore'
[1.943s] Level 1:colcon.colcon_core.package_identification:_identify(cpp_pub_sub) by extension 'ignore_ament_install'
[1.943s] Level 1:colcon.colcon_core.package_identification:_identify(cpp_pub_sub) by extensions ['colcon_pkg']
[1.943s] Level 1:colcon.colcon_core.package_identification:_identify(cpp_pub_sub) by extension 'colcon_pkg'
[1.943s] Level 1:colcon.colcon_core.package_identification:_identify(cpp_pub_sub) by extensions ['colcon_meta']
[1.944s] Level 1:colcon.colcon_core.package_identification:_identify(cpp_pub_sub) by extension 'colcon_meta'
[1.944s] Level 1:colcon.colcon_core.package_identification:_identify(cpp_pub_sub) by extensions ['ros']
[1.944s] Level 1:colcon.colcon_core.package_identification:_identify(cpp_pub_sub) by extension 'ros'
[1.957s] DEBUG:colcon.colcon_core.package_identification:Package 'cpp_pub_sub' with type 'ros.ament_cmake' and name 'cpp_pub_sub'
[1.958s] Level 1:colcon.colcon_core.package_identification:_identify(install) by extensions ['ignore', 'ignore_ament_install']
[1.958s] Level 1:colcon.colcon_core.package_identification:_identify(install) by extension 'ignore'
[1.958s] Level 1:colcon.colcon_core.package_identification:_identify(install) ignored
[1.959s] Level 1:colcon.colcon_core.package_identification:_identify(log) by extensions ['ignore', 'ignore_ament_install']
[1.959s] Level 1:colcon.colcon_core.package_identification:_identify(log) by extension 'ignore'
[1.960s] Level 1:colcon.colcon_core.package_identification:_identify(log) ignored
[1.960s] Level 1:colcon.colcon_core.package_identification:_identify(sensor_fusion) by extensions ['ignore', 'ignore_ament_install']
[1.960s] Level 1:colcon.colcon_core.package_identification:_identify(sensor_fusion) by extension 'ignore'
[1.961s] Level 1:colcon.colcon_core.package_identification:_identify(sensor_fusion) by extension 'ignore_ament_install'
[1.961s] Level 1:colcon.colcon_core.package_identification:_identify(sensor_fusion) by extensions ['colcon_pkg']
[1.961s] Level 1:colcon.colcon_core.package_identification:_identify(sensor_fusion) by extension 'colcon_pkg'
[1.962s] Level 1:colcon.colcon_core.package_identification:_identify(sensor_fusion) by extensions ['colcon_meta']
[1.962s] Level 1:colcon.colcon_core.package_identification:_identify(sensor_fusion) by extension 'colcon_meta'
[1.962s] Level 1:colcon.colcon_core.package_identification:_identify(sensor_fusion) by extensions ['ros']
[1.962s] Level 1:colcon.colcon_core.package_identification:_identify(sensor_fusion) by extension 'ros'
[1.965s] DEBUG:colcon.colcon_core.package_identification:Package 'sensor_fusion' with type 'ros.ament_cmake' and name 'sensor_fusion'
[1.965s] Level 1:colcon.colcon_core.package_discovery:discover_packages(recursive) using defaults
[1.966s] Level 1:colcon.colcon_core.package_discovery:discover_packages(ignore) discover
[1.966s] Level 1:colcon.colcon_core.package_discovery:discover_packages(ignore) using defaults
[1.966s] Level 1:colcon.colcon_core.package_discovery:discover_packages(path) discover
[1.967s] Level 1:colcon.colcon_core.package_discovery:discover_packages(path) using defaults
[2.058s] Level 5:colcon.colcon_core.verb:set package 'cpp_pub_sub' build argument 'cmake_args' from command line to 'None'
[2.059s] Level 5:colcon.colcon_core.verb:set package 'cpp_pub_sub' build argument 'cmake_target' from command line to 'None'
[2.059s] Level 5:colcon.colcon_core.verb:set package 'cpp_pub_sub' build argument 'cmake_target_skip_unavailable' from command line to 'False'
[2.059s] Level 5:colcon.colcon_core.verb:set package 'cpp_pub_sub' build argument 'cmake_clean_cache' from command line to 'False'
[2.059s] Level 5:colcon.colcon_core.verb:set package 'cpp_pub_sub' build argument 'cmake_clean_first' from command line to 'False'
[2.059s] Level 5:colcon.colcon_core.verb:set package 'cpp_pub_sub' build argument 'cmake_force_configure' from command line to 'False'
[2.060s] Level 5:colcon.colcon_core.verb:set package 'cpp_pub_sub' build argument 'ament_cmake_args' from command line to 'None'
[2.060s] Level 5:colcon.colcon_core.verb:set package 'cpp_pub_sub' build argument 'catkin_cmake_args' from command line to 'None'
[2.060s] Level 5:colcon.colcon_core.verb:set package 'cpp_pub_sub' build argument 'catkin_skip_building_tests' from command line to 'False'
[2.060s] DEBUG:colcon.colcon_core.verb:Building package 'cpp_pub_sub' with the following arguments: {'ament_cmake_args': None, 'build_base': '/workspaces/ROS_PointCloud_AGV/src/build/cpp_pub_sub', 'catkin_cmake_args': None, 'catkin_skip_building_tests': False, 'cmake_args': None, 'cmake_clean_cache': False, 'cmake_clean_first': False, 'cmake_force_configure': False, 'cmake_target': None, 'cmake_target_skip_unavailable': False, 'install_base': '/workspaces/ROS_PointCloud_AGV/src/install/cpp_pub_sub', 'merge_install': False, 'path': '/workspaces/ROS_PointCloud_AGV/src/cpp_pub_sub', 'symlink_install': False, 'test_result_base': None}
[2.066s] Level 5:colcon.colcon_core.verb:set package 'sensor_fusion' build argument 'cmake_args' from command line to 'None'
[2.067s] Level 5:colcon.colcon_core.verb:set package 'sensor_fusion' build argument 'cmake_target' from command line to 'None'
[2.067s] Level 5:colcon.colcon_core.verb:set package 'sensor_fusion' build argument 'cmake_target_skip_unavailable' from command line to 'False'
[2.067s] Level 5:colcon.colcon_core.verb:set package 'sensor_fusion' build argument 'cmake_clean_cache' from command line to 'False'
[2.067s] Level 5:colcon.colcon_core.verb:set package 'sensor_fusion' build argument 'cmake_clean_first' from command line to 'False'
[2.067s] Level 5:colcon.colcon_core.verb:set package 'sensor_fusion' build argument 'cmake_force_configure' from command line to 'False'
[2.068s] Level 5:colcon.colcon_core.verb:set package 'sensor_fusion' build argument 'ament_cmake_args' from command line to 'None'
[2.068s] Level 5:colcon.colcon_core.verb:set package 'sensor_fusion' build argument 'catkin_cmake_args' from command line to 'None'
[2.068s] Level 5:colcon.colcon_core.verb:set package 'sensor_fusion' build argument 'catkin_skip_building_tests' from command line to 'False'
[2.068s] DEBUG:colcon.colcon_core.verb:Building package 'sensor_fusion' with the following arguments: {'ament_cmake_args': None, 'build_base': '/workspaces/ROS_PointCloud_AGV/src/build/sensor_fusion', 'catkin_cmake_args': None, 'catkin_skip_building_tests': False, 'cmake_args': None, 'cmake_clean_cache': False, 'cmake_clean_first': False, 'cmake_force_configure': False, 'cmake_target': None, 'cmake_target_skip_unavailable': False, 'install_base': '/workspaces/ROS_PointCloud_AGV/src/install/sensor_fusion', 'merge_install': False, 'path': '/workspaces/ROS_PointCloud_AGV/src/sensor_fusion', 'symlink_install': False, 'test_result_base': None}
[2.069s] INFO:colcon.colcon_core.executor:Executing jobs using 'parallel' executor
[2.074s] DEBUG:colcon.colcon_parallel_executor.executor.parallel:run_until_complete
[2.075s] INFO:colcon.colcon_ros.task.ament_cmake.build:Building ROS package in '/workspaces/ROS_PointCloud_AGV/src/cpp_pub_sub' with build type 'ament_cmake'
[2.076s] INFO:colcon.colcon_cmake.task.cmake.build:Building CMake package in '/workspaces/ROS_PointCloud_AGV/src/cpp_pub_sub'
[2.087s] INFO:colcon.colcon_core.plugin_system:Skipping extension 'colcon_core.shell.bat': Not used on non-Windows systems
[2.089s] INFO:colcon.colcon_core.shell:Skip shell extension 'powershell' for command environment: Not usable outside of PowerShell
[2.089s] DEBUG:colcon.colcon_core.shell:Skip shell extension 'dsv' for command environment
[2.140s] INFO:colcon.colcon_ros.task.ament_cmake.build:Building ROS package in '/workspaces/ROS_PointCloud_AGV/src/sensor_fusion' with build type 'ament_cmake'
[2.142s] INFO:colcon.colcon_cmake.task.cmake.build:Building CMake package in '/workspaces/ROS_PointCloud_AGV/src/sensor_fusion'
[2.144s] INFO:colcon.colcon_core.shell:Skip shell extension 'powershell' for command environment: Not usable outside of PowerShell
[2.145s] DEBUG:colcon.colcon_core.shell:Skip shell extension 'dsv' for command environment
[2.214s] DEBUG:colcon.colcon_core.event_handler.log_command:Invoking command in '/workspaces/ROS_PointCloud_AGV/src/build/cpp_pub_sub': /usr/local/bin/cmake /workspaces/ROS_PointCloud_AGV/src/cpp_pub_sub -DCMAKE_INSTALL_PREFIX=/workspaces/ROS_PointCloud_AGV/src/install/cpp_pub_sub
[2.232s] DEBUG:colcon.colcon_core.event_handler.log_command:Invoking command in '/workspaces/ROS_PointCloud_AGV/src/build/sensor_fusion': /usr/local/bin/cmake /workspaces/ROS_PointCloud_AGV/src/sensor_fusion -DCMAKE_INSTALL_PREFIX=/workspaces/ROS_PointCloud_AGV/src/install/sensor_fusion
[5.597s] DEBUG:colcon.colcon_core.event_handler.log_command:Invoked command in '/workspaces/ROS_PointCloud_AGV/src/build/sensor_fusion' returned '0': /usr/local/bin/cmake /workspaces/ROS_PointCloud_AGV/src/sensor_fusion -DCMAKE_INSTALL_PREFIX=/workspaces/ROS_PointCloud_AGV/src/install/sensor_fusion
[5.610s] DEBUG:colcon.colcon_core.event_handler.log_command:Invoking command in '/workspaces/ROS_PointCloud_AGV/src/build/sensor_fusion': /usr/local/bin/cmake --build /workspaces/ROS_PointCloud_AGV/src/build/sensor_fusion -- -j4 -l4
[5.856s] DEBUG:colcon.colcon_core.event_handler.log_command:Invoked command in '/workspaces/ROS_PointCloud_AGV/src/build/sensor_fusion' returned '0': /usr/local/bin/cmake --build /workspaces/ROS_PointCloud_AGV/src/build/sensor_fusion -- -j4 -l4
[6.268s] DEBUG:colcon.colcon_core.event_handler.log_command:Invoking command in '/workspaces/ROS_PointCloud_AGV/src/build/sensor_fusion': /usr/local/bin/cmake --install /workspaces/ROS_PointCloud_AGV/src/build/sensor_fusion
[6.447s] Level 1:colcon.colcon_core.environment:create_environment_scripts_only(sensor_fusion)
[6.451s] DEBUG:colcon.colcon_core.event_handler.log_command:Invoked command in '/workspaces/ROS_PointCloud_AGV/src/build/sensor_fusion' returned '0': /usr/local/bin/cmake --install /workspaces/ROS_PointCloud_AGV/src/build/sensor_fusion
[6.463s] Level 1:colcon.colcon_core.environment:checking '/workspaces/ROS_PointCloud_AGV/src/install/sensor_fusion' for CMake module files
[6.468s] Level 1:colcon.colcon_core.environment:checking '/workspaces/ROS_PointCloud_AGV/src/install/sensor_fusion' for CMake config files
[6.470s] Level 1:colcon.colcon_core.shell:create_environment_hook('sensor_fusion', 'cmake_prefix_path')
[6.472s] INFO:colcon.colcon_core.shell:Creating environment hook '/workspaces/ROS_PointCloud_AGV/src/install/sensor_fusion/share/sensor_fusion/hook/cmake_prefix_path.ps1'
[6.475s] INFO:colcon.colcon_core.shell:Creating environment descriptor '/workspaces/ROS_PointCloud_AGV/src/install/sensor_fusion/share/sensor_fusion/hook/cmake_prefix_path.dsv'
[6.478s] INFO:colcon.colcon_core.shell:Creating environment hook '/workspaces/ROS_PointCloud_AGV/src/install/sensor_fusion/share/sensor_fusion/hook/cmake_prefix_path.sh'
[6.484s] Level 1:colcon.colcon_core.environment:checking '/workspaces/ROS_PointCloud_AGV/src/install/sensor_fusion/bin'
[6.485s] Level 1:colcon.colcon_core.environment:checking '/workspaces/ROS_PointCloud_AGV/src/install/sensor_fusion/lib/pkgconfig/sensor_fusion.pc'
[6.486s] Level 1:colcon.colcon_core.environment:checking '/workspaces/ROS_PointCloud_AGV/src/install/sensor_fusion/lib/python3.6/site-packages'
[6.487s] Level 1:colcon.colcon_core.environment:checking '/workspaces/ROS_PointCloud_AGV/src/install/sensor_fusion/bin'
[6.489s] INFO:colcon.colcon_core.shell:Creating package script '/workspaces/ROS_PointCloud_AGV/src/install/sensor_fusion/share/sensor_fusion/package.ps1'
[6.494s] INFO:colcon.colcon_core.shell:Creating package descriptor '/workspaces/ROS_PointCloud_AGV/src/install/sensor_fusion/share/sensor_fusion/package.dsv'
[6.497s] INFO:colcon.colcon_core.shell:Creating package script '/workspaces/ROS_PointCloud_AGV/src/install/sensor_fusion/share/sensor_fusion/package.sh'
[6.502s] INFO:colcon.colcon_core.shell:Creating package script '/workspaces/ROS_PointCloud_AGV/src/install/sensor_fusion/share/sensor_fusion/package.bash'
[6.507s] INFO:colcon.colcon_core.shell:Creating package script '/workspaces/ROS_PointCloud_AGV/src/install/sensor_fusion/share/sensor_fusion/package.zsh'
[6.511s] Level 1:colcon.colcon_core.environment:create_file_with_runtime_dependencies(/workspaces/ROS_PointCloud_AGV/src/install/sensor_fusion/share/colcon-core/packages/sensor_fusion)
[6.730s] Level 1:colcon.colcon_core.environment:create_environment_scripts_only(sensor_fusion)
[6.732s] Level 1:colcon.colcon_core.environment:checking '/workspaces/ROS_PointCloud_AGV/src/install/sensor_fusion' for CMake module files
[6.736s] Level 1:colcon.colcon_core.environment:checking '/workspaces/ROS_PointCloud_AGV/src/install/sensor_fusion' for CMake config files
[6.738s] Level 1:colcon.colcon_core.shell:create_environment_hook('sensor_fusion', 'cmake_prefix_path')
[6.740s] INFO:colcon.colcon_core.shell:Creating environment hook '/workspaces/ROS_PointCloud_AGV/src/install/sensor_fusion/share/sensor_fusion/hook/cmake_prefix_path.ps1'
[6.742s] INFO:colcon.colcon_core.shell:Creating environment descriptor '/workspaces/ROS_PointCloud_AGV/src/install/sensor_fusion/share/sensor_fusion/hook/cmake_prefix_path.dsv'
[6.744s] INFO:colcon.colcon_core.shell:Creating environment hook '/workspaces/ROS_PointCloud_AGV/src/install/sensor_fusion/share/sensor_fusion/hook/cmake_prefix_path.sh'
[6.749s] Level 1:colcon.colcon_core.environment:checking '/workspaces/ROS_PointCloud_AGV/src/install/sensor_fusion/bin'
[6.750s] Level 1:colcon.colcon_core.environment:checking '/workspaces/ROS_PointCloud_AGV/src/install/sensor_fusion/lib/pkgconfig/sensor_fusion.pc'
[6.751s] Level 1:colcon.colcon_core.environment:checking '/workspaces/ROS_PointCloud_AGV/src/install/sensor_fusion/lib/python3.6/site-packages'
[6.752s] Level 1:colcon.colcon_core.environment:checking '/workspaces/ROS_PointCloud_AGV/src/install/sensor_fusion/bin'
[6.754s] INFO:colcon.colcon_core.shell:Creating package script '/workspaces/ROS_PointCloud_AGV/src/install/sensor_fusion/share/sensor_fusion/package.ps1'
[6.757s] INFO:colcon.colcon_core.shell:Creating package descriptor '/workspaces/ROS_PointCloud_AGV/src/install/sensor_fusion/share/sensor_fusion/package.dsv'
[6.760s] INFO:colcon.colcon_core.shell:Creating package script '/workspaces/ROS_PointCloud_AGV/src/install/sensor_fusion/share/sensor_fusion/package.sh'
[6.763s] INFO:colcon.colcon_core.shell:Creating package script '/workspaces/ROS_PointCloud_AGV/src/install/sensor_fusion/share/sensor_fusion/package.bash'
[6.766s] INFO:colcon.colcon_core.shell:Creating package script '/workspaces/ROS_PointCloud_AGV/src/install/sensor_fusion/share/sensor_fusion/package.zsh'
[6.769s] Level 1:colcon.colcon_core.environment:create_file_with_runtime_dependencies(/workspaces/ROS_PointCloud_AGV/src/install/sensor_fusion/share/colcon-core/packages/sensor_fusion)
[8.168s] DEBUG:colcon.colcon_core.event_handler.log_command:Invoked command in '/workspaces/ROS_PointCloud_AGV/src/build/cpp_pub_sub' returned '0': /usr/local/bin/cmake /workspaces/ROS_PointCloud_AGV/src/cpp_pub_sub -DCMAKE_INSTALL_PREFIX=/workspaces/ROS_PointCloud_AGV/src/install/cpp_pub_sub
[8.176s] DEBUG:colcon.colcon_core.event_handler.log_command:Invoking command in '/workspaces/ROS_PointCloud_AGV/src/build/cpp_pub_sub': /usr/local/bin/cmake --build /workspaces/ROS_PointCloud_AGV/src/build/cpp_pub_sub -- -j4 -l4
[28.280s] DEBUG:colcon.colcon_core.event_handler.log_command:Invoked command in '/workspaces/ROS_PointCloud_AGV/src/build/cpp_pub_sub' returned '0': /usr/local/bin/cmake --build /workspaces/ROS_PointCloud_AGV/src/build/cpp_pub_sub -- -j4 -l4
[28.515s] DEBUG:colcon.colcon_core.event_handler.log_command:Invoking command in '/workspaces/ROS_PointCloud_AGV/src/build/cpp_pub_sub': /usr/local/bin/cmake --install /workspaces/ROS_PointCloud_AGV/src/build/cpp_pub_sub
[28.692s] Level 1:colcon.colcon_core.environment:create_environment_scripts_only(cpp_pub_sub)
[28.694s] Level 1:colcon.colcon_core.environment:checking '/workspaces/ROS_PointCloud_AGV/src/install/cpp_pub_sub' for CMake module files
[28.698s] DEBUG:colcon.colcon_core.event_handler.log_command:Invoked command in '/workspaces/ROS_PointCloud_AGV/src/build/cpp_pub_sub' returned '0': /usr/local/bin/cmake --install /workspaces/ROS_PointCloud_AGV/src/build/cpp_pub_sub
[28.700s] Level 1:colcon.colcon_core.environment:checking '/workspaces/ROS_PointCloud_AGV/src/install/cpp_pub_sub' for CMake config files
[28.702s] Level 1:colcon.colcon_core.shell:create_environment_hook('cpp_pub_sub', 'cmake_prefix_path')
[28.704s] INFO:colcon.colcon_core.shell:Creating environment hook '/workspaces/ROS_PointCloud_AGV/src/install/cpp_pub_sub/share/cpp_pub_sub/hook/cmake_prefix_path.ps1'
[28.706s] INFO:colcon.colcon_core.shell:Creating environment descriptor '/workspaces/ROS_PointCloud_AGV/src/install/cpp_pub_sub/share/cpp_pub_sub/hook/cmake_prefix_path.dsv'
[28.707s] INFO:colcon.colcon_core.shell:Creating environment hook '/workspaces/ROS_PointCloud_AGV/src/install/cpp_pub_sub/share/cpp_pub_sub/hook/cmake_prefix_path.sh'
[28.710s] Level 1:colcon.colcon_core.environment:checking '/workspaces/ROS_PointCloud_AGV/src/install/cpp_pub_sub/lib'
[28.711s] Level 1:colcon.colcon_core.environment:checking '/workspaces/ROS_PointCloud_AGV/src/install/cpp_pub_sub/bin'
[28.712s] Level 1:colcon.colcon_core.environment:checking '/workspaces/ROS_PointCloud_AGV/src/install/cpp_pub_sub/lib/pkgconfig/cpp_pub_sub.pc'
[28.713s] Level 1:colcon.colcon_core.environment:checking '/workspaces/ROS_PointCloud_AGV/src/install/cpp_pub_sub/lib/python3.6/site-packages'
[28.714s] Level 1:colcon.colcon_core.environment:checking '/workspaces/ROS_PointCloud_AGV/src/install/cpp_pub_sub/bin'
[28.715s] INFO:colcon.colcon_core.shell:Creating package script '/workspaces/ROS_PointCloud_AGV/src/install/cpp_pub_sub/share/cpp_pub_sub/package.ps1'
[28.719s] INFO:colcon.colcon_core.shell:Creating package descriptor '/workspaces/ROS_PointCloud_AGV/src/install/cpp_pub_sub/share/cpp_pub_sub/package.dsv'
[28.721s] INFO:colcon.colcon_core.shell:Creating package script '/workspaces/ROS_PointCloud_AGV/src/install/cpp_pub_sub/share/cpp_pub_sub/package.sh'
[28.723s] INFO:colcon.colcon_core.shell:Creating package script '/workspaces/ROS_PointCloud_AGV/src/install/cpp_pub_sub/share/cpp_pub_sub/package.bash'
[28.725s] INFO:colcon.colcon_core.shell:Creating package script '/workspaces/ROS_PointCloud_AGV/src/install/cpp_pub_sub/share/cpp_pub_sub/package.zsh'
[28.727s] Level 1:colcon.colcon_core.environment:create_file_with_runtime_dependencies(/workspaces/ROS_PointCloud_AGV/src/install/cpp_pub_sub/share/colcon-core/packages/cpp_pub_sub)
[28.946s] Level 1:colcon.colcon_core.environment:create_environment_scripts_only(cpp_pub_sub)
[28.948s] Level 1:colcon.colcon_core.environment:checking '/workspaces/ROS_PointCloud_AGV/src/install/cpp_pub_sub' for CMake module files
[28.952s] Level 1:colcon.colcon_core.environment:checking '/workspaces/ROS_PointCloud_AGV/src/install/cpp_pub_sub' for CMake config files
[28.954s] Level 1:colcon.colcon_core.shell:create_environment_hook('cpp_pub_sub', 'cmake_prefix_path')
[28.956s] INFO:colcon.colcon_core.shell:Creating environment hook '/workspaces/ROS_PointCloud_AGV/src/install/cpp_pub_sub/share/cpp_pub_sub/hook/cmake_prefix_path.ps1'
[28.958s] INFO:colcon.colcon_core.shell:Creating environment descriptor '/workspaces/ROS_PointCloud_AGV/src/install/cpp_pub_sub/share/cpp_pub_sub/hook/cmake_prefix_path.dsv'
[28.960s] INFO:colcon.colcon_core.shell:Creating environment hook '/workspaces/ROS_PointCloud_AGV/src/install/cpp_pub_sub/share/cpp_pub_sub/hook/cmake_prefix_path.sh'
[28.964s] Level 1:colcon.colcon_core.environment:checking '/workspaces/ROS_PointCloud_AGV/src/install/cpp_pub_sub/lib'
[28.964s] Level 1:colcon.colcon_core.environment:checking '/workspaces/ROS_PointCloud_AGV/src/install/cpp_pub_sub/bin'
[28.964s] Level 1:colcon.colcon_core.environment:checking '/workspaces/ROS_PointCloud_AGV/src/install/cpp_pub_sub/lib/pkgconfig/cpp_pub_sub.pc'
[28.965s] Level 1:colcon.colcon_core.environment:checking '/workspaces/ROS_PointCloud_AGV/src/install/cpp_pub_sub/lib/python3.6/site-packages'
[28.966s] Level 1:colcon.colcon_core.environment:checking '/workspaces/ROS_PointCloud_AGV/src/install/cpp_pub_sub/bin'
[28.968s] INFO:colcon.colcon_core.shell:Creating package script '/workspaces/ROS_PointCloud_AGV/src/install/cpp_pub_sub/share/cpp_pub_sub/package.ps1'
[28.971s] INFO:colcon.colcon_core.shell:Creating package descriptor '/workspaces/ROS_PointCloud_AGV/src/install/cpp_pub_sub/share/cpp_pub_sub/package.dsv'
[28.973s] INFO:colcon.colcon_core.shell:Creating package script '/workspaces/ROS_PointCloud_AGV/src/install/cpp_pub_sub/share/cpp_pub_sub/package.sh'
[28.976s] INFO:colcon.colcon_core.shell:Creating package script '/workspaces/ROS_PointCloud_AGV/src/install/cpp_pub_sub/share/cpp_pub_sub/package.bash'
[28.978s] INFO:colcon.colcon_core.shell:Creating package script '/workspaces/ROS_PointCloud_AGV/src/install/cpp_pub_sub/share/cpp_pub_sub/package.zsh'
[28.980s] Level 1:colcon.colcon_core.environment:create_file_with_runtime_dependencies(/workspaces/ROS_PointCloud_AGV/src/install/cpp_pub_sub/share/colcon-core/packages/cpp_pub_sub)
[28.981s] DEBUG:colcon.colcon_parallel_executor.executor.parallel:closing loop
[28.984s] DEBUG:colcon.colcon_parallel_executor.executor.parallel:loop closed
[28.984s] DEBUG:colcon.colcon_parallel_executor.executor.parallel:run_until_complete finished with '0'
[28.984s] DEBUG:colcon.colcon_core.event_reactor:joining thread
[29.012s] INFO:colcon.colcon_core.plugin_system:Skipping extension 'colcon_notification.desktop_notification.notify_send': Could not find 'notify-send'
[29.012s] INFO:colcon.colcon_core.plugin_system:Skipping extension 'colcon_notification.desktop_notification.terminal_notifier': Not used on non-Darwin systems
[29.013s] INFO:colcon.colcon_core.plugin_system:Skipping extension 'colcon_notification.desktop_notification.win32': Not used on non-Windows systems
[29.013s] INFO:colcon.colcon_notification.desktop_notification:Sending desktop notification using 'notify2'
[29.014s] DEBUG:colcon.colcon_notification.desktop_notification.notify2:Failed to initialize notify2: org.freedesktop.DBus.Error.InvalidFileContent: D-Bus library appears to be incorrectly set up: see the manual page for dbus-uuidgen to correct this issue. (Failed to open "/var/lib/dbus/machine-id": No such file or directory; UUID file '/etc/machine-id' should contain a hex string of length 32, not length 0, with no other text)
[29.014s] DEBUG:colcon.colcon_core.event_reactor:joined thread
[29.016s] INFO:colcon.colcon_core.shell:Creating prefix script '/workspaces/ROS_PointCloud_AGV/src/install/local_setup.ps1'
[29.021s] INFO:colcon.colcon_core.shell:Creating prefix util module '/workspaces/ROS_PointCloud_AGV/src/install/_local_setup_util_ps1.py'
[29.030s] INFO:colcon.colcon_core.shell:Creating prefix chain script '/workspaces/ROS_PointCloud_AGV/src/install/setup.ps1'
[29.036s] INFO:colcon.colcon_core.shell:Creating prefix script '/workspaces/ROS_PointCloud_AGV/src/install/local_setup.sh'
[29.040s] INFO:colcon.colcon_core.shell:Creating prefix util module '/workspaces/ROS_PointCloud_AGV/src/install/_local_setup_util_sh.py'
[29.042s] INFO:colcon.colcon_core.shell:Creating prefix chain script '/workspaces/ROS_PointCloud_AGV/src/install/setup.sh'
[29.047s] INFO:colcon.colcon_core.shell:Creating prefix script '/workspaces/ROS_PointCloud_AGV/src/install/local_setup.bash'
[29.050s] INFO:colcon.colcon_core.shell:Creating prefix chain script '/workspaces/ROS_PointCloud_AGV/src/install/setup.bash'
[29.055s] INFO:colcon.colcon_core.shell:Creating prefix script '/workspaces/ROS_PointCloud_AGV/src/install/local_setup.zsh'
[29.058s] INFO:colcon.colcon_core.shell:Creating prefix chain script '/workspaces/ROS_PointCloud_AGV/src/install/setup.zsh'
