[1.646s] DEBUG:colcon:Command line arguments: ['/usr/bin/colcon', 'build']
[1.647s] DEBUG:colcon:Parsed command line arguments: Namespace(ament_cmake_args=None, base_paths=['.'], build_base='build', catkin_cmake_args=None, catkin_skip_building_tests=False, cmake_args=None, cmake_clean_cache=False, cmake_clean_first=False, cmake_force_configure=False, cmake_target=None, cmake_target_skip_unavailable=False, continue_on_error=False, event_handlers=None, executor='parallel', ignore_user_meta=False, install_base='install', log_base=None, log_level=None, main=<bound method BuildVerb.main of <colcon_core.verb.build.BuildVerb object at 0x7f9f90d8d0>>, merge_install=False, metas=['./colcon.meta'], packages_above=None, packages_above_and_dependencies=None, packages_above_depth=None, packages_end=None, packages_ignore=None, packages_ignore_regex=None, packages_select=None, packages_select_build_failed=False, packages_select_by_dep=None, packages_select_regex=None, packages_select_test_failures=False, packages_skip=None, packages_skip_build_finished=False, packages_skip_by_dep=None, packages_skip_regex=None, packages_skip_test_passed=False, packages_skip_up_to=None, packages_start=None, packages_up_to=None, packages_up_to_regex=None, parallel_workers=4, paths=None, symlink_install=False, test_result_base=None, verb_extension=<colcon_core.verb.build.BuildVerb object at 0x7f9f90d8d0>, verb_name='build', verb_parser=<colcon_defaults.argument_parser.defaults.DefaultArgumentsDecorator object at 0x7f9f7f62e8>)
[1.747s] Level 1:colcon.colcon_core.package_discovery:discover_packages(colcon_meta) check parameters
[1.747s] Level 1:colcon.colcon_core.package_discovery:discover_packages(recursive) check parameters
[1.747s] Level 1:colcon.colcon_core.package_discovery:discover_packages(ignore) check parameters
[1.748s] Level 1:colcon.colcon_core.package_discovery:discover_packages(path) check parameters
[1.748s] Level 1:colcon.colcon_core.package_discovery:discover_packages(colcon_meta) discover
[1.749s] Level 1:colcon.colcon_core.package_discovery:discover_packages(recursive) discover
[1.750s] INFO:colcon.colcon_core.package_discovery:Crawling recursively for packages in '/workspaces/ROS_PointCloud_AGV'
[1.750s] Level 1:colcon.colcon_core.package_identification:_identify(.) by extensions ['ignore', 'ignore_ament_install']
[1.751s] Level 1:colcon.colcon_core.package_identification:_identify(.) by extension 'ignore'
[1.751s] Level 1:colcon.colcon_core.package_identification:_identify(.) by extension 'ignore_ament_install'
[1.751s] Level 1:colcon.colcon_core.package_identification:_identify(.) by extensions ['colcon_pkg']
[1.751s] Level 1:colcon.colcon_core.package_identification:_identify(.) by extension 'colcon_pkg'
[1.752s] Level 1:colcon.colcon_core.package_identification:_identify(.) by extensions ['colcon_meta']
[1.752s] Level 1:colcon.colcon_core.package_identification:_identify(.) by extension 'colcon_meta'
[1.752s] Level 1:colcon.colcon_core.package_identification:_identify(.) by extensions ['ros']
[1.752s] Level 1:colcon.colcon_core.package_identification:_identify(.) by extension 'ros'
[1.937s] Level 1:colcon.colcon_core.package_identification:_identify(.) by extensions ['cmake', 'python']
[1.937s] Level 1:colcon.colcon_core.package_identification:_identify(.) by extension 'cmake'
[1.937s] Level 1:colcon.colcon_core.package_identification:_identify(.) by extension 'python'
[1.938s] Level 1:colcon.colcon_core.package_identification:_identify(.) by extensions ['python_setup_py']
[1.938s] Level 1:colcon.colcon_core.package_identification:_identify(.) by extension 'python_setup_py'
[1.939s] Level 1:colcon.colcon_core.package_identification:_identify(build) by extensions ['ignore', 'ignore_ament_install']
[1.939s] Level 1:colcon.colcon_core.package_identification:_identify(build) by extension 'ignore'
[1.939s] Level 1:colcon.colcon_core.package_identification:_identify(build) ignored
[1.941s] Level 1:colcon.colcon_core.package_identification:_identify(cache) by extensions ['ignore', 'ignore_ament_install']
[1.942s] Level 1:colcon.colcon_core.package_identification:_identify(cache) by extension 'ignore'
[1.942s] Level 1:colcon.colcon_core.package_identification:_identify(cache) by extension 'ignore_ament_install'
[1.942s] Level 1:colcon.colcon_core.package_identification:_identify(cache) by extensions ['colcon_pkg']
[1.943s] Level 1:colcon.colcon_core.package_identification:_identify(cache) by extension 'colcon_pkg'
[1.943s] Level 1:colcon.colcon_core.package_identification:_identify(cache) by extensions ['colcon_meta']
[1.943s] Level 1:colcon.colcon_core.package_identification:_identify(cache) by extension 'colcon_meta'
[1.943s] Level 1:colcon.colcon_core.package_identification:_identify(cache) by extensions ['ros']
[1.943s] Level 1:colcon.colcon_core.package_identification:_identify(cache) by extension 'ros'
[1.944s] Level 1:colcon.colcon_core.package_identification:_identify(cache) by extensions ['cmake', 'python']
[1.944s] Level 1:colcon.colcon_core.package_identification:_identify(cache) by extension 'cmake'
[1.944s] Level 1:colcon.colcon_core.package_identification:_identify(cache) by extension 'python'
[1.945s] Level 1:colcon.colcon_core.package_identification:_identify(cache) by extensions ['python_setup_py']
[1.945s] Level 1:colcon.colcon_core.package_identification:_identify(cache) by extension 'python_setup_py'
[1.945s] Level 1:colcon.colcon_core.package_identification:_identify(dai_ws) by extensions ['ignore', 'ignore_ament_install']
[1.946s] Level 1:colcon.colcon_core.package_identification:_identify(dai_ws) by extension 'ignore'
[1.946s] Level 1:colcon.colcon_core.package_identification:_identify(dai_ws) by extension 'ignore_ament_install'
[1.946s] Level 1:colcon.colcon_core.package_identification:_identify(dai_ws) by extensions ['colcon_pkg']
[1.947s] Level 1:colcon.colcon_core.package_identification:_identify(dai_ws) by extension 'colcon_pkg'
[1.947s] Level 1:colcon.colcon_core.package_identification:_identify(dai_ws) by extensions ['colcon_meta']
[1.947s] Level 1:colcon.colcon_core.package_identification:_identify(dai_ws) by extension 'colcon_meta'
[1.947s] Level 1:colcon.colcon_core.package_identification:_identify(dai_ws) by extensions ['ros']
[1.947s] Level 1:colcon.colcon_core.package_identification:_identify(dai_ws) by extension 'ros'
[1.948s] Level 1:colcon.colcon_core.package_identification:_identify(dai_ws) by extensions ['cmake', 'python']
[1.948s] Level 1:colcon.colcon_core.package_identification:_identify(dai_ws) by extension 'cmake'
[1.948s] Level 1:colcon.colcon_core.package_identification:_identify(dai_ws) by extension 'python'
[1.949s] Level 1:colcon.colcon_core.package_identification:_identify(dai_ws) by extensions ['python_setup_py']
[1.949s] Level 1:colcon.colcon_core.package_identification:_identify(dai_ws) by extension 'python_setup_py'
[1.949s] Level 1:colcon.colcon_core.package_identification:_identify(dai_ws/src) by extensions ['ignore', 'ignore_ament_install']
[1.950s] Level 1:colcon.colcon_core.package_identification:_identify(dai_ws/src) by extension 'ignore'
[1.950s] Level 1:colcon.colcon_core.package_identification:_identify(dai_ws/src) by extension 'ignore_ament_install'
[1.950s] Level 1:colcon.colcon_core.package_identification:_identify(dai_ws/src) by extensions ['colcon_pkg']
[1.951s] Level 1:colcon.colcon_core.package_identification:_identify(dai_ws/src) by extension 'colcon_pkg'
[1.951s] Level 1:colcon.colcon_core.package_identification:_identify(dai_ws/src) by extensions ['colcon_meta']
[1.951s] Level 1:colcon.colcon_core.package_identification:_identify(dai_ws/src) by extension 'colcon_meta'
[1.951s] Level 1:colcon.colcon_core.package_identification:_identify(dai_ws/src) by extensions ['ros']
[1.951s] Level 1:colcon.colcon_core.package_identification:_identify(dai_ws/src) by extension 'ros'
[1.952s] Level 1:colcon.colcon_core.package_identification:_identify(dai_ws/src) by extensions ['cmake', 'python']
[1.952s] Level 1:colcon.colcon_core.package_identification:_identify(dai_ws/src) by extension 'cmake'
[1.952s] Level 1:colcon.colcon_core.package_identification:_identify(dai_ws/src) by extension 'python'
[1.953s] Level 1:colcon.colcon_core.package_identification:_identify(dai_ws/src) by extensions ['python_setup_py']
[1.953s] Level 1:colcon.colcon_core.package_identification:_identify(dai_ws/src) by extension 'python_setup_py'
[1.953s] Level 1:colcon.colcon_core.package_identification:_identify(dai_ws/src/depthai-ros) by extensions ['ignore', 'ignore_ament_install']
[1.954s] Level 1:colcon.colcon_core.package_identification:_identify(dai_ws/src/depthai-ros) by extension 'ignore'
[1.954s] Level 1:colcon.colcon_core.package_identification:_identify(dai_ws/src/depthai-ros) by extension 'ignore_ament_install'
[1.955s] Level 1:colcon.colcon_core.package_identification:_identify(dai_ws/src/depthai-ros) by extensions ['colcon_pkg']
[1.955s] Level 1:colcon.colcon_core.package_identification:_identify(dai_ws/src/depthai-ros) by extension 'colcon_pkg'
[1.955s] Level 1:colcon.colcon_core.package_identification:_identify(dai_ws/src/depthai-ros) by extensions ['colcon_meta']
[1.955s] Level 1:colcon.colcon_core.package_identification:_identify(dai_ws/src/depthai-ros) by extension 'colcon_meta'
[1.955s] Level 1:colcon.colcon_core.package_identification:_identify(dai_ws/src/depthai-ros) by extensions ['ros']
[1.956s] Level 1:colcon.colcon_core.package_identification:_identify(dai_ws/src/depthai-ros) by extension 'ros'
[1.956s] Level 1:colcon.colcon_core.package_identification:_identify(dai_ws/src/depthai-ros) by extensions ['cmake', 'python']
[1.956s] Level 1:colcon.colcon_core.package_identification:_identify(dai_ws/src/depthai-ros) by extension 'cmake'
[1.957s] Level 1:colcon.colcon_core.package_identification:_identify(dai_ws/src/depthai-ros) by extension 'python'
[1.957s] Level 1:colcon.colcon_core.package_identification:_identify(dai_ws/src/depthai-ros) by extensions ['python_setup_py']
[1.957s] Level 1:colcon.colcon_core.package_identification:_identify(dai_ws/src/depthai-ros) by extension 'python_setup_py'
[1.958s] Level 1:colcon.colcon_core.package_identification:_identify(dai_ws/src/depthai-ros/depthai-ros) by extensions ['ignore', 'ignore_ament_install']
[1.958s] Level 1:colcon.colcon_core.package_identification:_identify(dai_ws/src/depthai-ros/depthai-ros) by extension 'ignore'
[1.958s] Level 1:colcon.colcon_core.package_identification:_identify(dai_ws/src/depthai-ros/depthai-ros) by extension 'ignore_ament_install'
[1.959s] Level 1:colcon.colcon_core.package_identification:_identify(dai_ws/src/depthai-ros/depthai-ros) by extensions ['colcon_pkg']
[1.959s] Level 1:colcon.colcon_core.package_identification:_identify(dai_ws/src/depthai-ros/depthai-ros) by extension 'colcon_pkg'
[1.959s] Level 1:colcon.colcon_core.package_identification:_identify(dai_ws/src/depthai-ros/depthai-ros) by extensions ['colcon_meta']
[1.959s] Level 1:colcon.colcon_core.package_identification:_identify(dai_ws/src/depthai-ros/depthai-ros) by extension 'colcon_meta'
[1.960s] Level 1:colcon.colcon_core.package_identification:_identify(dai_ws/src/depthai-ros/depthai-ros) by extensions ['ros']
[1.960s] Level 1:colcon.colcon_core.package_identification:_identify(dai_ws/src/depthai-ros/depthai-ros) by extension 'ros'
[1.972s] DEBUG:colcon.colcon_core.package_identification:Package 'dai_ws/src/depthai-ros/depthai-ros' with type 'ros.ament_cmake' and name 'depthai-ros'
[1.973s] Level 1:colcon.colcon_core.package_identification:_identify(dai_ws/src/depthai-ros/depthai_bridge) by extensions ['ignore', 'ignore_ament_install']
[1.973s] Level 1:colcon.colcon_core.package_identification:_identify(dai_ws/src/depthai-ros/depthai_bridge) by extension 'ignore'
[1.974s] Level 1:colcon.colcon_core.package_identification:_identify(dai_ws/src/depthai-ros/depthai_bridge) by extension 'ignore_ament_install'
[1.974s] Level 1:colcon.colcon_core.package_identification:_identify(dai_ws/src/depthai-ros/depthai_bridge) by extensions ['colcon_pkg']
[1.974s] Level 1:colcon.colcon_core.package_identification:_identify(dai_ws/src/depthai-ros/depthai_bridge) by extension 'colcon_pkg'
[1.974s] Level 1:colcon.colcon_core.package_identification:_identify(dai_ws/src/depthai-ros/depthai_bridge) by extensions ['colcon_meta']
[1.975s] Level 1:colcon.colcon_core.package_identification:_identify(dai_ws/src/depthai-ros/depthai_bridge) by extension 'colcon_meta'
[1.975s] Level 1:colcon.colcon_core.package_identification:_identify(dai_ws/src/depthai-ros/depthai_bridge) by extensions ['ros']
[1.975s] Level 1:colcon.colcon_core.package_identification:_identify(dai_ws/src/depthai-ros/depthai_bridge) by extension 'ros'
[1.985s] DEBUG:colcon.colcon_core.package_identification:Package 'dai_ws/src/depthai-ros/depthai_bridge' with type 'ros.ament_cmake' and name 'depthai_bridge'
[1.986s] Level 1:colcon.colcon_core.package_identification:_identify(dai_ws/src/depthai-ros/depthai_descriptions) by extensions ['ignore', 'ignore_ament_install']
[1.986s] Level 1:colcon.colcon_core.package_identification:_identify(dai_ws/src/depthai-ros/depthai_descriptions) by extension 'ignore'
[1.987s] Level 1:colcon.colcon_core.package_identification:_identify(dai_ws/src/depthai-ros/depthai_descriptions) by extension 'ignore_ament_install'
[1.987s] Level 1:colcon.colcon_core.package_identification:_identify(dai_ws/src/depthai-ros/depthai_descriptions) by extensions ['colcon_pkg']
[1.987s] Level 1:colcon.colcon_core.package_identification:_identify(dai_ws/src/depthai-ros/depthai_descriptions) by extension 'colcon_pkg'
[1.988s] Level 1:colcon.colcon_core.package_identification:_identify(dai_ws/src/depthai-ros/depthai_descriptions) by extensions ['colcon_meta']
[1.988s] Level 1:colcon.colcon_core.package_identification:_identify(dai_ws/src/depthai-ros/depthai_descriptions) by extension 'colcon_meta'
[1.988s] Level 1:colcon.colcon_core.package_identification:_identify(dai_ws/src/depthai-ros/depthai_descriptions) by extensions ['ros']
[1.988s] Level 1:colcon.colcon_core.package_identification:_identify(dai_ws/src/depthai-ros/depthai_descriptions) by extension 'ros'
[1.991s] DEBUG:colcon.colcon_core.package_identification:Package 'dai_ws/src/depthai-ros/depthai_descriptions' with type 'ros.ament_cmake' and name 'depthai_descriptions'
[1.991s] Level 1:colcon.colcon_core.package_identification:_identify(dai_ws/src/depthai-ros/depthai_examples) by extensions ['ignore', 'ignore_ament_install']
[1.992s] Level 1:colcon.colcon_core.package_identification:_identify(dai_ws/src/depthai-ros/depthai_examples) by extension 'ignore'
[1.992s] Level 1:colcon.colcon_core.package_identification:_identify(dai_ws/src/depthai-ros/depthai_examples) by extension 'ignore_ament_install'
[1.992s] Level 1:colcon.colcon_core.package_identification:_identify(dai_ws/src/depthai-ros/depthai_examples) by extensions ['colcon_pkg']
[1.993s] Level 1:colcon.colcon_core.package_identification:_identify(dai_ws/src/depthai-ros/depthai_examples) by extension 'colcon_pkg'
[1.993s] Level 1:colcon.colcon_core.package_identification:_identify(dai_ws/src/depthai-ros/depthai_examples) by extensions ['colcon_meta']
[1.993s] Level 1:colcon.colcon_core.package_identification:_identify(dai_ws/src/depthai-ros/depthai_examples) by extension 'colcon_meta'
[1.994s] Level 1:colcon.colcon_core.package_identification:_identify(dai_ws/src/depthai-ros/depthai_examples) by extensions ['ros']
[1.994s] Level 1:colcon.colcon_core.package_identification:_identify(dai_ws/src/depthai-ros/depthai_examples) by extension 'ros'
[2.005s] DEBUG:colcon.colcon_core.package_identification:Package 'dai_ws/src/depthai-ros/depthai_examples' with type 'ros.ament_cmake' and name 'depthai_examples'
[2.006s] Level 1:colcon.colcon_core.package_identification:_identify(dai_ws/src/depthai-ros/depthai_filters) by extensions ['ignore', 'ignore_ament_install']
[2.006s] Level 1:colcon.colcon_core.package_identification:_identify(dai_ws/src/depthai-ros/depthai_filters) by extension 'ignore'
[2.007s] Level 1:colcon.colcon_core.package_identification:_identify(dai_ws/src/depthai-ros/depthai_filters) by extension 'ignore_ament_install'
[2.007s] Level 1:colcon.colcon_core.package_identification:_identify(dai_ws/src/depthai-ros/depthai_filters) by extensions ['colcon_pkg']
[2.007s] Level 1:colcon.colcon_core.package_identification:_identify(dai_ws/src/depthai-ros/depthai_filters) by extension 'colcon_pkg'
[2.008s] Level 1:colcon.colcon_core.package_identification:_identify(dai_ws/src/depthai-ros/depthai_filters) by extensions ['colcon_meta']
[2.008s] Level 1:colcon.colcon_core.package_identification:_identify(dai_ws/src/depthai-ros/depthai_filters) by extension 'colcon_meta'
[2.008s] Level 1:colcon.colcon_core.package_identification:_identify(dai_ws/src/depthai-ros/depthai_filters) by extensions ['ros']
[2.008s] Level 1:colcon.colcon_core.package_identification:_identify(dai_ws/src/depthai-ros/depthai_filters) by extension 'ros'
[2.014s] DEBUG:colcon.colcon_core.package_identification:Package 'dai_ws/src/depthai-ros/depthai_filters' with type 'ros.ament_cmake' and name 'depthai_filters'
[2.015s] Level 1:colcon.colcon_core.package_identification:_identify(dai_ws/src/depthai-ros/depthai_ros_driver) by extensions ['ignore', 'ignore_ament_install']
[2.016s] Level 1:colcon.colcon_core.package_identification:_identify(dai_ws/src/depthai-ros/depthai_ros_driver) by extension 'ignore'
[2.016s] Level 1:colcon.colcon_core.package_identification:_identify(dai_ws/src/depthai-ros/depthai_ros_driver) by extension 'ignore_ament_install'
[2.016s] Level 1:colcon.colcon_core.package_identification:_identify(dai_ws/src/depthai-ros/depthai_ros_driver) by extensions ['colcon_pkg']
[2.016s] Level 1:colcon.colcon_core.package_identification:_identify(dai_ws/src/depthai-ros/depthai_ros_driver) by extension 'colcon_pkg'
[2.017s] Level 1:colcon.colcon_core.package_identification:_identify(dai_ws/src/depthai-ros/depthai_ros_driver) by extensions ['colcon_meta']
[2.017s] Level 1:colcon.colcon_core.package_identification:_identify(dai_ws/src/depthai-ros/depthai_ros_driver) by extension 'colcon_meta'
[2.017s] Level 1:colcon.colcon_core.package_identification:_identify(dai_ws/src/depthai-ros/depthai_ros_driver) by extensions ['ros']
[2.017s] Level 1:colcon.colcon_core.package_identification:_identify(dai_ws/src/depthai-ros/depthai_ros_driver) by extension 'ros'
[2.029s] DEBUG:colcon.colcon_core.package_identification:Package 'dai_ws/src/depthai-ros/depthai_ros_driver' with type 'ros.ament_cmake' and name 'depthai_ros_driver'
[2.030s] Level 1:colcon.colcon_core.package_identification:_identify(dai_ws/src/depthai-ros/depthai_ros_msgs) by extensions ['ignore', 'ignore_ament_install']
[2.030s] Level 1:colcon.colcon_core.package_identification:_identify(dai_ws/src/depthai-ros/depthai_ros_msgs) by extension 'ignore'
[2.030s] Level 1:colcon.colcon_core.package_identification:_identify(dai_ws/src/depthai-ros/depthai_ros_msgs) by extension 'ignore_ament_install'
[2.031s] Level 1:colcon.colcon_core.package_identification:_identify(dai_ws/src/depthai-ros/depthai_ros_msgs) by extensions ['colcon_pkg']
[2.031s] Level 1:colcon.colcon_core.package_identification:_identify(dai_ws/src/depthai-ros/depthai_ros_msgs) by extension 'colcon_pkg'
[2.031s] Level 1:colcon.colcon_core.package_identification:_identify(dai_ws/src/depthai-ros/depthai_ros_msgs) by extensions ['colcon_meta']
[2.031s] Level 1:colcon.colcon_core.package_identification:_identify(dai_ws/src/depthai-ros/depthai_ros_msgs) by extension 'colcon_meta'
[2.032s] Level 1:colcon.colcon_core.package_identification:_identify(dai_ws/src/depthai-ros/depthai_ros_msgs) by extensions ['ros']
[2.032s] Level 1:colcon.colcon_core.package_identification:_identify(dai_ws/src/depthai-ros/depthai_ros_msgs) by extension 'ros'
[2.037s] DEBUG:colcon.colcon_core.package_identification:Package 'dai_ws/src/depthai-ros/depthai_ros_msgs' with type 'ros.ament_cmake' and name 'depthai_ros_msgs'
[2.038s] Level 1:colcon.colcon_core.package_identification:_identify(dai_ws/src/depthai-ros/docs) by extensions ['ignore', 'ignore_ament_install']
[2.039s] Level 1:colcon.colcon_core.package_identification:_identify(dai_ws/src/depthai-ros/docs) by extension 'ignore'
[2.039s] Level 1:colcon.colcon_core.package_identification:_identify(dai_ws/src/depthai-ros/docs) by extension 'ignore_ament_install'
[2.039s] Level 1:colcon.colcon_core.package_identification:_identify(dai_ws/src/depthai-ros/docs) by extensions ['colcon_pkg']
[2.039s] Level 1:colcon.colcon_core.package_identification:_identify(dai_ws/src/depthai-ros/docs) by extension 'colcon_pkg'
[2.040s] Level 1:colcon.colcon_core.package_identification:_identify(dai_ws/src/depthai-ros/docs) by extensions ['colcon_meta']
[2.040s] Level 1:colcon.colcon_core.package_identification:_identify(dai_ws/src/depthai-ros/docs) by extension 'colcon_meta'
[2.040s] Level 1:colcon.colcon_core.package_identification:_identify(dai_ws/src/depthai-ros/docs) by extensions ['ros']
[2.040s] Level 1:colcon.colcon_core.package_identification:_identify(dai_ws/src/depthai-ros/docs) by extension 'ros'
[2.041s] Level 1:colcon.colcon_core.package_identification:_identify(dai_ws/src/depthai-ros/docs) by extensions ['cmake', 'python']
[2.041s] Level 1:colcon.colcon_core.package_identification:_identify(dai_ws/src/depthai-ros/docs) by extension 'cmake'
[2.041s] Level 1:colcon.colcon_core.package_identification:_identify(dai_ws/src/depthai-ros/docs) by extension 'python'
[2.042s] Level 1:colcon.colcon_core.package_identification:_identify(dai_ws/src/depthai-ros/docs) by extensions ['python_setup_py']
[2.042s] Level 1:colcon.colcon_core.package_identification:_identify(dai_ws/src/depthai-ros/docs) by extension 'python_setup_py'
[2.043s] Level 1:colcon.colcon_core.package_identification:_identify(depthai_ros_driver) by extensions ['ignore', 'ignore_ament_install']
[2.043s] Level 1:colcon.colcon_core.package_identification:_identify(depthai_ros_driver) by extension 'ignore'
[2.043s] Level 1:colcon.colcon_core.package_identification:_identify(depthai_ros_driver) by extension 'ignore_ament_install'
[2.044s] Level 1:colcon.colcon_core.package_identification:_identify(depthai_ros_driver) by extensions ['colcon_pkg']
[2.044s] Level 1:colcon.colcon_core.package_identification:_identify(depthai_ros_driver) by extension 'colcon_pkg'
[2.044s] Level 1:colcon.colcon_core.package_identification:_identify(depthai_ros_driver) by extensions ['colcon_meta']
[2.044s] Level 1:colcon.colcon_core.package_identification:_identify(depthai_ros_driver) by extension 'colcon_meta'
[2.044s] Level 1:colcon.colcon_core.package_identification:_identify(depthai_ros_driver) by extensions ['ros']
[2.045s] Level 1:colcon.colcon_core.package_identification:_identify(depthai_ros_driver) by extension 'ros'
[2.045s] Level 1:colcon.colcon_core.package_identification:_identify(depthai_ros_driver) by extensions ['cmake', 'python']
[2.045s] Level 1:colcon.colcon_core.package_identification:_identify(depthai_ros_driver) by extension 'cmake'
[2.046s] Level 1:colcon.colcon_core.package_identification:_identify(depthai_ros_driver) by extension 'python'
[2.046s] Level 1:colcon.colcon_core.package_identification:_identify(depthai_ros_driver) by extensions ['python_setup_py']
[2.046s] Level 1:colcon.colcon_core.package_identification:_identify(depthai_ros_driver) by extension 'python_setup_py'
[2.047s] Level 1:colcon.colcon_core.package_identification:_identify(depthai_ros_driver/depthai-core) by extensions ['ignore', 'ignore_ament_install']
[2.047s] Level 1:colcon.colcon_core.package_identification:_identify(depthai_ros_driver/depthai-core) by extension 'ignore'
[2.047s] Level 1:colcon.colcon_core.package_identification:_identify(depthai_ros_driver/depthai-core) by extension 'ignore_ament_install'
[2.048s] Level 1:colcon.colcon_core.package_identification:_identify(depthai_ros_driver/depthai-core) by extensions ['colcon_pkg']
[2.048s] Level 1:colcon.colcon_core.package_identification:_identify(depthai_ros_driver/depthai-core) by extension 'colcon_pkg'
[2.048s] Level 1:colcon.colcon_core.package_identification:_identify(depthai_ros_driver/depthai-core) by extensions ['colcon_meta']
[2.048s] Level 1:colcon.colcon_core.package_identification:_identify(depthai_ros_driver/depthai-core) by extension 'colcon_meta'
[2.049s] Level 1:colcon.colcon_core.package_identification:_identify(depthai_ros_driver/depthai-core) by extensions ['ros']
[2.049s] Level 1:colcon.colcon_core.package_identification:_identify(depthai_ros_driver/depthai-core) by extension 'ros'
[2.049s] Level 1:colcon.colcon_core.package_identification:_identify(depthai_ros_driver/depthai-core) by extensions ['cmake', 'python']
[2.049s] Level 1:colcon.colcon_core.package_identification:_identify(depthai_ros_driver/depthai-core) by extension 'cmake'
[2.142s] Level 1:colcon.colcon_core.package_identification:_identify(depthai_ros_driver/depthai-core) by extension 'python'
[2.143s] DEBUG:colcon.colcon_core.package_identification:Package 'depthai_ros_driver/depthai-core' with type 'cmake' and name 'depthai'
[2.143s] Level 1:colcon.colcon_core.package_identification:_identify(depthai_ros_driver/docs) by extensions ['ignore', 'ignore_ament_install']
[2.144s] Level 1:colcon.colcon_core.package_identification:_identify(depthai_ros_driver/docs) by extension 'ignore'
[2.144s] Level 1:colcon.colcon_core.package_identification:_identify(depthai_ros_driver/docs) by extension 'ignore_ament_install'
[2.144s] Level 1:colcon.colcon_core.package_identification:_identify(depthai_ros_driver/docs) by extensions ['colcon_pkg']
[2.144s] Level 1:colcon.colcon_core.package_identification:_identify(depthai_ros_driver/docs) by extension 'colcon_pkg'
[2.145s] Level 1:colcon.colcon_core.package_identification:_identify(depthai_ros_driver/docs) by extensions ['colcon_meta']
[2.145s] Level 1:colcon.colcon_core.package_identification:_identify(depthai_ros_driver/docs) by extension 'colcon_meta'
[2.145s] Level 1:colcon.colcon_core.package_identification:_identify(depthai_ros_driver/docs) by extensions ['ros']
[2.145s] Level 1:colcon.colcon_core.package_identification:_identify(depthai_ros_driver/docs) by extension 'ros'
[2.146s] Level 1:colcon.colcon_core.package_identification:_identify(depthai_ros_driver/docs) by extensions ['cmake', 'python']
[2.146s] Level 1:colcon.colcon_core.package_identification:_identify(depthai_ros_driver/docs) by extension 'cmake'
[2.146s] Level 1:colcon.colcon_core.package_identification:_identify(depthai_ros_driver/docs) by extension 'python'
[2.147s] Level 1:colcon.colcon_core.package_identification:_identify(depthai_ros_driver/docs) by extensions ['python_setup_py']
[2.147s] Level 1:colcon.colcon_core.package_identification:_identify(depthai_ros_driver/docs) by extension 'python_setup_py'
[2.147s] Level 1:colcon.colcon_core.package_identification:_identify(depthai_ros_driver/src) by extensions ['ignore', 'ignore_ament_install']
[2.148s] Level 1:colcon.colcon_core.package_identification:_identify(depthai_ros_driver/src) by extension 'ignore'
[2.148s] Level 1:colcon.colcon_core.package_identification:_identify(depthai_ros_driver/src) by extension 'ignore_ament_install'
[2.148s] Level 1:colcon.colcon_core.package_identification:_identify(depthai_ros_driver/src) by extensions ['colcon_pkg']
[2.149s] Level 1:colcon.colcon_core.package_identification:_identify(depthai_ros_driver/src) by extension 'colcon_pkg'
[2.149s] Level 1:colcon.colcon_core.package_identification:_identify(depthai_ros_driver/src) by extensions ['colcon_meta']
[2.149s] Level 1:colcon.colcon_core.package_identification:_identify(depthai_ros_driver/src) by extension 'colcon_meta'
[2.149s] Level 1:colcon.colcon_core.package_identification:_identify(depthai_ros_driver/src) by extensions ['ros']
[2.150s] Level 1:colcon.colcon_core.package_identification:_identify(depthai_ros_driver/src) by extension 'ros'
[2.150s] Level 1:colcon.colcon_core.package_identification:_identify(depthai_ros_driver/src) by extensions ['cmake', 'python']
[2.150s] Level 1:colcon.colcon_core.package_identification:_identify(depthai_ros_driver/src) by extension 'cmake'
[2.151s] Level 1:colcon.colcon_core.package_identification:_identify(depthai_ros_driver/src) by extension 'python'
[2.151s] Level 1:colcon.colcon_core.package_identification:_identify(depthai_ros_driver/src) by extensions ['python_setup_py']
[2.151s] Level 1:colcon.colcon_core.package_identification:_identify(depthai_ros_driver/src) by extension 'python_setup_py'
[2.152s] Level 1:colcon.colcon_core.package_identification:_identify(depthai_ros_driver/src/depthai_ros_driver) by extensions ['ignore', 'ignore_ament_install']
[2.152s] Level 1:colcon.colcon_core.package_identification:_identify(depthai_ros_driver/src/depthai_ros_driver) by extension 'ignore'
[2.152s] Level 1:colcon.colcon_core.package_identification:_identify(depthai_ros_driver/src/depthai_ros_driver) by extension 'ignore_ament_install'
[2.153s] Level 1:colcon.colcon_core.package_identification:_identify(depthai_ros_driver/src/depthai_ros_driver) by extensions ['colcon_pkg']
[2.153s] Level 1:colcon.colcon_core.package_identification:_identify(depthai_ros_driver/src/depthai_ros_driver) by extension 'colcon_pkg'
[2.153s] Level 1:colcon.colcon_core.package_identification:_identify(depthai_ros_driver/src/depthai_ros_driver) by extensions ['colcon_meta']
[2.153s] Level 1:colcon.colcon_core.package_identification:_identify(depthai_ros_driver/src/depthai_ros_driver) by extension 'colcon_meta'
[2.154s] Level 1:colcon.colcon_core.package_identification:_identify(depthai_ros_driver/src/depthai_ros_driver) by extensions ['ros']
[2.154s] Level 1:colcon.colcon_core.package_identification:_identify(depthai_ros_driver/src/depthai_ros_driver) by extension 'ros'
[2.162s] DEBUG:colcon.colcon_core.package_identification:Package 'depthai_ros_driver/src/depthai_ros_driver' with type 'ros.ament_cmake' and name 'depthai_ros_driver'
[2.163s] Level 1:colcon.colcon_core.package_identification:_identify(install) by extensions ['ignore', 'ignore_ament_install']
[2.163s] Level 1:colcon.colcon_core.package_identification:_identify(install) by extension 'ignore'
[2.164s] Level 1:colcon.colcon_core.package_identification:_identify(install) ignored
[2.164s] Level 1:colcon.colcon_core.package_identification:_identify(log) by extensions ['ignore', 'ignore_ament_install']
[2.165s] Level 1:colcon.colcon_core.package_identification:_identify(log) by extension 'ignore'
[2.165s] Level 1:colcon.colcon_core.package_identification:_identify(log) ignored
[2.165s] Level 1:colcon.colcon_core.package_identification:_identify(src) by extensions ['ignore', 'ignore_ament_install']
[2.166s] Level 1:colcon.colcon_core.package_identification:_identify(src) by extension 'ignore'
[2.166s] Level 1:colcon.colcon_core.package_identification:_identify(src) by extension 'ignore_ament_install'
[2.166s] Level 1:colcon.colcon_core.package_identification:_identify(src) by extensions ['colcon_pkg']
[2.167s] Level 1:colcon.colcon_core.package_identification:_identify(src) by extension 'colcon_pkg'
[2.167s] Level 1:colcon.colcon_core.package_identification:_identify(src) by extensions ['colcon_meta']
[2.167s] Level 1:colcon.colcon_core.package_identification:_identify(src) by extension 'colcon_meta'
[2.167s] Level 1:colcon.colcon_core.package_identification:_identify(src) by extensions ['ros']
[2.168s] Level 1:colcon.colcon_core.package_identification:_identify(src) by extension 'ros'
[2.168s] Level 1:colcon.colcon_core.package_identification:_identify(src) by extensions ['cmake', 'python']
[2.168s] Level 1:colcon.colcon_core.package_identification:_identify(src) by extension 'cmake'
[2.168s] Level 1:colcon.colcon_core.package_identification:_identify(src) by extension 'python'
[2.169s] Level 1:colcon.colcon_core.package_identification:_identify(src) by extensions ['python_setup_py']
[2.169s] Level 1:colcon.colcon_core.package_identification:_identify(src) by extension 'python_setup_py'
[2.169s] Level 1:colcon.colcon_core.package_identification:_identify(src/build) by extensions ['ignore', 'ignore_ament_install']
[2.170s] Level 1:colcon.colcon_core.package_identification:_identify(src/build) by extension 'ignore'
[2.170s] Level 1:colcon.colcon_core.package_identification:_identify(src/build) ignored
[2.171s] Level 1:colcon.colcon_core.package_identification:_identify(src/cpp_pubsub) by extensions ['ignore', 'ignore_ament_install']
[2.171s] Level 1:colcon.colcon_core.package_identification:_identify(src/cpp_pubsub) by extension 'ignore'
[2.171s] Level 1:colcon.colcon_core.package_identification:_identify(src/cpp_pubsub) by extension 'ignore_ament_install'
[2.172s] Level 1:colcon.colcon_core.package_identification:_identify(src/cpp_pubsub) by extensions ['colcon_pkg']
[2.172s] Level 1:colcon.colcon_core.package_identification:_identify(src/cpp_pubsub) by extension 'colcon_pkg'
[2.172s] Level 1:colcon.colcon_core.package_identification:_identify(src/cpp_pubsub) by extensions ['colcon_meta']
[2.172s] Level 1:colcon.colcon_core.package_identification:_identify(src/cpp_pubsub) by extension 'colcon_meta'
[2.173s] Level 1:colcon.colcon_core.package_identification:_identify(src/cpp_pubsub) by extensions ['ros']
[2.173s] Level 1:colcon.colcon_core.package_identification:_identify(src/cpp_pubsub) by extension 'ros'
[2.177s] DEBUG:colcon.colcon_core.package_identification:Package 'src/cpp_pubsub' with type 'ros.ament_cmake' and name 'cpp_pubsub'
[2.177s] Level 1:colcon.colcon_core.package_identification:_identify(src/install) by extensions ['ignore', 'ignore_ament_install']
[2.178s] Level 1:colcon.colcon_core.package_identification:_identify(src/install) by extension 'ignore'
[2.178s] Level 1:colcon.colcon_core.package_identification:_identify(src/install) ignored
[2.179s] Level 1:colcon.colcon_core.package_identification:_identify(src/log) by extensions ['ignore', 'ignore_ament_install']
[2.180s] Level 1:colcon.colcon_core.package_identification:_identify(src/log) by extension 'ignore'
[2.180s] Level 1:colcon.colcon_core.package_identification:_identify(src/log) ignored
[2.180s] Level 1:colcon.colcon_core.package_identification:_identify(src/sensor_fusion) by extensions ['ignore', 'ignore_ament_install']
[2.181s] Level 1:colcon.colcon_core.package_identification:_identify(src/sensor_fusion) by extension 'ignore'
[2.181s] Level 1:colcon.colcon_core.package_identification:_identify(src/sensor_fusion) by extension 'ignore_ament_install'
[2.182s] Level 1:colcon.colcon_core.package_identification:_identify(src/sensor_fusion) by extensions ['colcon_pkg']
[2.182s] Level 1:colcon.colcon_core.package_identification:_identify(src/sensor_fusion) by extension 'colcon_pkg'
[2.182s] Level 1:colcon.colcon_core.package_identification:_identify(src/sensor_fusion) by extensions ['colcon_meta']
[2.183s] Level 1:colcon.colcon_core.package_identification:_identify(src/sensor_fusion) by extension 'colcon_meta'
[2.183s] Level 1:colcon.colcon_core.package_identification:_identify(src/sensor_fusion) by extensions ['ros']
[2.183s] Level 1:colcon.colcon_core.package_identification:_identify(src/sensor_fusion) by extension 'ros'
[2.195s] DEBUG:colcon.colcon_core.package_identification:Package 'src/sensor_fusion' with type 'ros.ament_cmake' and name 'sensor_fusion'
[2.196s] Level 1:colcon.colcon_core.package_discovery:discover_packages(recursive) using defaults
[2.197s] Level 1:colcon.colcon_core.package_discovery:discover_packages(ignore) discover
[2.197s] Level 1:colcon.colcon_core.package_discovery:discover_packages(ignore) using defaults
[2.197s] Level 1:colcon.colcon_core.package_discovery:discover_packages(path) discover
[2.197s] Level 1:colcon.colcon_core.package_discovery:discover_packages(path) using defaults
[2.322s] ERROR:colcon:colcon build: Duplicate package names not supported:
- depthai_ros_driver:
  - dai_ws/src/depthai-ros/depthai_ros_driver
  - depthai_ros_driver/src/depthai_ros_driver
