[0.113s] Invoking command in '/workspaces/ROS_PointCloud_AGV/build/sensor_fusion': /usr/local/bin/cmake /workspaces/ROS_PointCloud_AGV/src/sensor_fusion -DCMAKE_INSTALL_PREFIX=/workspaces/ROS_PointCloud_AGV/install/sensor_fusion
[0.327s] -- Found ament_cmake: 0.9.12 (/opt/ros/foxy/install/share/ament_cmake/cmake)
[0.347s] [33mCMake Warning (dev) at /opt/ros/foxy/install/share/ament_cmake_core/cmake/core/python.cmake:22 (find_package):
[0.348s]   Policy CMP0148 is not set: The FindPythonInterp and FindPythonLibs modules
[0.348s]   are removed.  Run "cmake --help-policy CMP0148" for policy details.  Use
[0.349s]   the cmake_policy command to set the policy and suppress this warning.
[0.349s] 
[0.350s] Call Stack (most recent call first):
[0.350s]   /opt/ros/foxy/install/share/ament_cmake_core/cmake/core/all.cmake:53 (include)
[0.351s]   /opt/ros/foxy/install/share/ament_cmake_core/cmake/ament_cmake_core-extras.cmake:17 (include)
[0.352s]   /opt/ros/foxy/install/share/ament_cmake_core/cmake/ament_cmake_coreConfig.cmake:41 (include)
[0.352s]   /opt/ros/foxy/install/share/ament_cmake/cmake/ament_cmake_export_dependencies-extras.cmake:15 (find_package)
[0.352s]   /opt/ros/foxy/install/share/ament_cmake/cmake/ament_cmakeConfig.cmake:41 (include)
[0.353s]   CMakeLists.txt:22 (find_package)
[0.353s] This warning is for project developers.  Use -Wno-dev to suppress it.
[0.354s] [0m
[0.434s] -- Using PYTHON_EXECUTABLE: /usr/bin/python3
[1.579s] [31mCMake Error at CMakeLists.txt:23 (amend_auto_find_build_dependencies):
[1.580s]   Unknown CMake command "amend_auto_find_build_dependencies".
[1.581s] 
[1.581s] [0m
[1.583s] -- Configuring incomplete, errors occurred!
[1.609s] Invoked command in '/workspaces/ROS_PointCloud_AGV/build/sensor_fusion' returned '1': /usr/local/bin/cmake /workspaces/ROS_PointCloud_AGV/src/sensor_fusion -DCMAKE_INSTALL_PREFIX=/workspaces/ROS_PointCloud_AGV/install/sensor_fusion
