/usr/local/lib/python3.6/dist-packages/setuptools/dist.py:726: UserWarning: Usage of dash-separated 'script-dir' will not be supported in future versions. Please use the underscore name 'script_dir' instead
  % (opt, underscore_opt)
running egg_info
writing ../../build/sensor_package/sensor_package.egg-info/PKG-INFO
writing dependency_links to ../../build/sensor_package/sensor_package.egg-info/dependency_links.txt
writing entry points to ../../build/sensor_package/sensor_package.egg-info/entry_points.txt
writing requirements to ../../build/sensor_package/sensor_package.egg-info/requires.txt
writing top-level names to ../../build/sensor_package/sensor_package.egg-info/top_level.txt
reading manifest file '../../build/sensor_package/sensor_package.egg-info/SOURCES.txt'
writing manifest file '../../build/sensor_package/sensor_package.egg-info/SOURCES.txt'
running build
running build_py
running install
/usr/local/lib/python3.6/dist-packages/setuptools/command/install.py:37: SetuptoolsDeprecationWarning: setup.py install is deprecated. Use build and pip and other standards-based tools.
  setuptools.SetuptoolsDeprecationWarning,
running install_lib
running install_data
running install_egg_info
removing '/workspaces/ROS_PointCloud_AGV/install/sensor_package/lib/python3.6/site-packages/sensor_package-0.0.0-py3.6.egg-info' (and everything under it)
Copying ../../build/sensor_package/sensor_package.egg-info to /workspaces/ROS_PointCloud_AGV/install/sensor_package/lib/python3.6/site-packages/sensor_package-0.0.0-py3.6.egg-info
running install_scripts
Installing oakd_publisher script to /workspaces/ROS_PointCloud_AGV/install/sensor_package/lib/sensor_package
writing list of installed files to '/workspaces/ROS_PointCloud_AGV/build/sensor_package/install.log'
