-- Found ament_cmake: 0.9.12 (/opt/ros/foxy/install/share/ament_cmake/cmake)
[33mCMake Warning (dev) at /opt/ros/foxy/install/share/ament_cmake_core/cmake/core/python.cmake:22 (find_package):
  Policy CMP0148 is not set: The FindPythonInterp and FindPythonLibs modules
  are removed.  Run "cmake --help-policy CMP0148" for policy details.  Use
  the cmake_policy command to set the policy and suppress this warning.

Call Stack (most recent call first):
  /opt/ros/foxy/install/share/ament_cmake_core/cmake/core/all.cmake:53 (include)
  /opt/ros/foxy/install/share/ament_cmake_core/cmake/ament_cmake_core-extras.cmake:17 (include)
  /opt/ros/foxy/install/share/ament_cmake_core/cmake/ament_cmake_coreConfig.cmake:41 (include)
  /opt/ros/foxy/install/share/ament_cmake/cmake/ament_cmake_export_dependencies-extras.cmake:15 (find_package)
  /opt/ros/foxy/install/share/ament_cmake/cmake/ament_cmakeConfig.cmake:41 (include)
  CMakeLists.txt:18 (find_package)
This warning is for project developers.  Use -Wno-dev to suppress it.
[0m
-- Using PYTHON_EXECUTABLE: /usr/bin/python3
-- Override CMake install command with custom implementation using symlinks instead of copying resources
-- Found rclcpp: 2.4.3 (/opt/ros/foxy/install/share/rclcpp/cmake)
-- Using all available rosidl_typesupport_c: rosidl_typesupport_fastrtps_c;rosidl_typesupport_introspection_c
-- Found rosidl_adapter: 1.3.1 (/opt/ros/foxy/install/share/rosidl_adapter/cmake)
-- Using all available rosidl_typesupport_cpp: rosidl_typesupport_fastrtps_cpp;rosidl_typesupport_introspection_cpp
-- Found rmw_implementation_cmake: 1.0.4 (/opt/ros/foxy/install/share/rmw_implementation_cmake/cmake)
-- Using RMW implementation 'rmw_cyclonedds_cpp' as default
-- Configuring done (3.3s)
-- Generating done (0.1s)
-- Build files have been written to: /workspaces/ROS_PointCloud_AGV/build/cpp_pubsub
[ 25%] [32m[1mLinking CXX executable talker[0m
[ 50%] Built target talker
[ 75%] [32m[1mLinking CXX executable listener[0m
[100%] Built target listener
-- Install configuration: ""
-- Execute custom install script
-- Symlinking: /workspaces/ROS_PointCloud_AGV/install/cpp_pubsub/lib/cpp_pubsub/talker
-- Symlinking: /workspaces/ROS_PointCloud_AGV/install/cpp_pubsub/lib/cpp_pubsub/listener
-- Symlinking: /workspaces/ROS_PointCloud_AGV/install/cpp_pubsub/share/ament_index/resource_index/package_run_dependencies/cpp_pubsub
-- Symlinking: /workspaces/ROS_PointCloud_AGV/install/cpp_pubsub/share/ament_index/resource_index/parent_prefix_path/cpp_pubsub
-- Symlinking: /workspaces/ROS_PointCloud_AGV/install/cpp_pubsub/share/cpp_pubsub/environment/ament_prefix_path.sh
-- Symlinking: /workspaces/ROS_PointCloud_AGV/install/cpp_pubsub/share/cpp_pubsub/environment/ament_prefix_path.dsv
-- Symlinking: /workspaces/ROS_PointCloud_AGV/install/cpp_pubsub/share/cpp_pubsub/environment/path.sh
-- Symlinking: /workspaces/ROS_PointCloud_AGV/install/cpp_pubsub/share/cpp_pubsub/environment/path.dsv
-- Symlinking: /workspaces/ROS_PointCloud_AGV/install/cpp_pubsub/share/cpp_pubsub/local_setup.bash
-- Symlinking: /workspaces/ROS_PointCloud_AGV/install/cpp_pubsub/share/cpp_pubsub/local_setup.sh
-- Symlinking: /workspaces/ROS_PointCloud_AGV/install/cpp_pubsub/share/cpp_pubsub/local_setup.zsh
-- Symlinking: /workspaces/ROS_PointCloud_AGV/install/cpp_pubsub/share/cpp_pubsub/local_setup.dsv
-- Symlinking: /workspaces/ROS_PointCloud_AGV/install/cpp_pubsub/share/cpp_pubsub/package.dsv
-- Symlinking: /workspaces/ROS_PointCloud_AGV/install/cpp_pubsub/share/ament_index/resource_index/packages/cpp_pubsub
-- Symlinking: /workspaces/ROS_PointCloud_AGV/install/cpp_pubsub/share/cpp_pubsub/cmake/cpp_pubsubConfig.cmake
-- Symlinking: /workspaces/ROS_PointCloud_AGV/install/cpp_pubsub/share/cpp_pubsub/cmake/cpp_pubsubConfig-version.cmake
-- Symlinking: /workspaces/ROS_PointCloud_AGV/install/cpp_pubsub/share/cpp_pubsub/package.xml
