[0.080s] Invoking command in '/workspaces/ROS_PointCloud_AGV/build/sensor_fusion': /usr/local/bin/cmake /workspaces/ROS_PointCloud_AGV/src/sensor_fusion -DCMAKE_INSTALL_PREFIX=/workspaces/ROS_PointCloud_AGV/install/sensor_fusion
[0.260s] -- Found ament_cmake_auto: 0.9.12 (/opt/ros/foxy/install/share/ament_cmake_auto/cmake)
[0.269s] [33mCMake Warning (dev) at /opt/ros/foxy/install/share/ament_cmake_core/cmake/core/python.cmake:22 (find_package):
[0.271s]   Policy CMP0148 is not set: The FindPythonInterp and FindPythonLibs modules
[0.272s]   are removed.  Run "cmake --help-policy CMP0148" for policy details.  Use
[0.272s]   the cmake_policy command to set the policy and suppress this warning.
[0.273s] 
[0.273s] Call Stack (most recent call first):
[0.274s]   /opt/ros/foxy/install/share/ament_cmake_core/cmake/core/all.cmake:53 (include)
[0.274s]   /opt/ros/foxy/install/share/ament_cmake_core/cmake/ament_cmake_core-extras.cmake:17 (include)
[0.275s]   /opt/ros/foxy/install/share/ament_cmake_core/cmake/ament_cmake_coreConfig.cmake:41 (include)
[0.275s]   /opt/ros/foxy/install/share/ament_cmake/cmake/ament_cmake_export_dependencies-extras.cmake:15 (find_package)
[0.276s]   /opt/ros/foxy/install/share/ament_cmake/cmake/ament_cmakeConfig.cmake:41 (include)
[0.276s]   /opt/ros/foxy/install/share/ament_cmake_auto/cmake/ament_cmake_auto-extras.cmake:17 (find_package)
[0.277s]   /opt/ros/foxy/install/share/ament_cmake_auto/cmake/ament_cmake_autoConfig.cmake:41 (include)
[0.277s]   CMakeLists.txt:22 (find_package)
[0.278s] This warning is for project developers.  Use -Wno-dev to suppress it.
[0.278s] [0m
[0.340s] -- Using PYTHON_EXECUTABLE: /usr/bin/python3
[2.045s] -- Using all available rosidl_typesupport_c: rosidl_typesupport_fastrtps_c;rosidl_typesupport_introspection_c
[2.086s] -- Found rosidl_adapter: 1.3.1 (/opt/ros/foxy/install/share/rosidl_adapter/cmake)
[2.351s] -- Found OpenSSL: /usr/lib/aarch64-linux-gnu/libcrypto.so (found version "1.1.1")  
[2.441s] -- Found FastRTPS: /opt/ros/foxy/install/include  
[2.809s] -- Using all available rosidl_typesupport_cpp: rosidl_typesupport_fastrtps_cpp;rosidl_typesupport_introspection_cpp
[3.114s] -- Found rmw_implementation_cmake: 1.0.4 (/opt/ros/foxy/install/share/rmw_implementation_cmake/cmake)
[3.122s] -- Using RMW implementation 'rmw_cyclonedds_cpp' as default
[3.126s] -- Performing Test CMAKE_HAVE_LIBC_PTHREAD
[3.598s] -- Performing Test CMAKE_HAVE_LIBC_PTHREAD - Failed
[3.599s] -- Looking for pthread_create in pthreads
[3.822s] -- Looking for pthread_create in pthreads - not found
[3.823s] -- Looking for pthread_create in pthread
[4.027s] -- Looking for pthread_create in pthread - found
[4.032s] -- Found Threads: TRUE  
[4.863s] [31mCMake Error at CMakeLists.txt:25 (find_package):
[4.865s]   Could not find a package configuration file provided by "depthai" with any
[4.866s]   of the following names:
[4.867s] 
[4.868s]     depthaiConfig.cmake
[4.869s]     depthai-config.cmake
[4.870s] 
[4.870s]   Add the installation prefix of "depthai" to CMAKE_PREFIX_PATH or set
[4.871s]   "depthai_DIR" to a directory containing one of the above files.  If
[4.872s]   "depthai" provides a separate development package or SDK, be sure it has
[4.872s]   been installed.
[4.873s] 
[4.874s] [0m
[4.874s] -- Configuring incomplete, errors occurred!
[4.903s] Invoked command in '/workspaces/ROS_PointCloud_AGV/build/sensor_fusion' returned '1': /usr/local/bin/cmake /workspaces/ROS_PointCloud_AGV/src/sensor_fusion -DCMAKE_INSTALL_PREFIX=/workspaces/ROS_PointCloud_AGV/install/sensor_fusion
