[0.043s] Invoking command in '/workspaces/ROS_PointCloud_AGV/build/cpp_pubsub': /usr/local/bin/cmake /workspaces/ROS_PointCloud_AGV/src/cpp_pubsub -DCMAKE_INSTALL_PREFIX=/workspaces/ROS_PointCloud_AGV/install/cpp_pubsub
[0.461s] -- The C compiler identification is GNU 7.5.0
[0.708s] -- The CXX compiler identification is GNU 7.5.0
[0.786s] -- Detecting C compiler ABI info
[1.000s] -- Detecting C compiler ABI info - done
[1.052s] -- Check for working C compiler: /usr/bin/cc - skipped
[1.055s] -- Detecting C compile features
[1.057s] -- Detecting C compile features - done
[1.097s] -- Detecting CXX compiler ABI info
[1.350s] -- Detecting CXX compiler ABI info - done
[1.407s] -- Check for working CXX compiler: /usr/bin/c++ - skipped
[1.408s] -- Detecting CXX compile features
[1.410s] -- Detecting CXX compile features - done
[1.447s] [31mCMake Error at CMakeLists.txt:18 (find_package):
[1.448s]   By not providing "Findament_cmake.cmake" in CMAKE_MODULE_PATH this project
[1.448s]   has asked CMake to find a package configuration file provided by
[1.449s]   "ament_cmake", but CMake did not find one.
[1.449s] 
[1.450s]   Could not find a package configuration file provided by "ament_cmake" with
[1.450s]   any of the following names:
[1.451s] 
[1.452s]     ament_cmakeConfig.cmake
[1.452s]     ament_cmake-config.cmake
[1.453s] 
[1.453s]   Add the installation prefix of "ament_cmake" to CMAKE_PREFIX_PATH or set
[1.454s]   "ament_cmake_DIR" to a directory containing one of the above files.  If
[1.454s]   "ament_cmake" provides a separate development package or SDK, be sure it
[1.455s]   has been installed.
[1.455s] 
[1.456s] [0m
[1.456s] -- Configuring incomplete, errors occurred!
[1.478s] Invoked command in '/workspaces/ROS_PointCloud_AGV/build/cpp_pubsub' returned '1': /usr/local/bin/cmake /workspaces/ROS_PointCloud_AGV/src/cpp_pubsub -DCMAKE_INSTALL_PREFIX=/workspaces/ROS_PointCloud_AGV/install/cpp_pubsub
