-- Found ament_cmake: 0.9.12 (/opt/ros/foxy/install/share/ament_cmake/cmake)
[33mCMake Warning (dev) at /opt/ros/foxy/install/share/ament_cmake_core/cmake/core/python.cmake:22 (find_package):
  Policy CMP0148 is not set: The FindPythonInterp and FindPythonLibs modules
  are removed.  Run "cmake --help-policy CMP0148" for policy details.  Use
  the cmake_policy command to set the policy and suppress this warning.

Call Stack (most recent call first):
  /opt/ros/foxy/install/share/ament_cmake_core/cmake/core/all.cmake:53 (include)
  /opt/ros/foxy/install/share/ament_cmake_core/cmake/ament_cmake_core-extras.cmake:17 (include)
  /opt/ros/foxy/install/share/ament_cmake_core/cmake/ament_cmake_coreConfig.cmake:41 (include)
  /opt/ros/foxy/install/share/ament_cmake/cmake/ament_cmake_export_dependencies-extras.cmake:15 (find_package)
  /opt/ros/foxy/install/share/ament_cmake/cmake/ament_cmakeConfig.cmake:41 (include)
  CMakeLists.txt:9 (find_package)
This warning is for project developers.  Use -Wno-dev to suppress it.
[0m
-- Using PYTHON_EXECUTABLE: /usr/bin/python3
-- Override CMake install command with custom implementation using symlinks instead of copying resources
-- Configuring done (1.6s)
-- Generating done (0.0s)
[33mCMake Warning:
  Manually-specified variables were not used by the project:

    BUILD_SHARED_LIBS

[0m
-- Build files have been written to: /workspaces/ROS_PointCloud_AGV/build/depthai_descriptions
-- Install configuration: ""
-- Execute custom install script
-- Symlinking: /workspaces/ROS_PointCloud_AGV/install/depthai_descriptions/share/depthai_descriptions/urdf/depthai_descr.urdf.xacro
-- Symlinking: /workspaces/ROS_PointCloud_AGV/install/depthai_descriptions/share/depthai_descriptions/urdf/include/depthai_macro.urdf.xacro
-- Symlinking: /workspaces/ROS_PointCloud_AGV/install/depthai_descriptions/share/depthai_descriptions/urdf/models/OAK-D-CM4-POE.stl
-- Symlinking: /workspaces/ROS_PointCloud_AGV/install/depthai_descriptions/share/depthai_descriptions/urdf/models/OAK-D-IOT-75.stl
-- Symlinking: /workspaces/ROS_PointCloud_AGV/install/depthai_descriptions/share/depthai_descriptions/urdf/models/OAK-D-LITE.stl
-- Symlinking: /workspaces/ROS_PointCloud_AGV/install/depthai_descriptions/share/depthai_descriptions/urdf/models/OAK-D-POE.stl
-- Symlinking: /workspaces/ROS_PointCloud_AGV/install/depthai_descriptions/share/depthai_descriptions/urdf/models/OAK-D-PRO.stl
-- Symlinking: /workspaces/ROS_PointCloud_AGV/install/depthai_descriptions/share/depthai_descriptions/urdf/models/OAK-D-S2.stl
-- Symlinking: /workspaces/ROS_PointCloud_AGV/install/depthai_descriptions/share/depthai_descriptions/urdf/models/OAK-D.stl
-- Symlinking: /workspaces/ROS_PointCloud_AGV/install/depthai_descriptions/share/ament_index/resource_index/package_run_dependencies/depthai_descriptions
-- Symlinking: /workspaces/ROS_PointCloud_AGV/install/depthai_descriptions/share/ament_index/resource_index/parent_prefix_path/depthai_descriptions
-- Symlinking: /workspaces/ROS_PointCloud_AGV/install/depthai_descriptions/share/depthai_descriptions/environment/ament_prefix_path.sh
-- Symlinking: /workspaces/ROS_PointCloud_AGV/install/depthai_descriptions/share/depthai_descriptions/environment/ament_prefix_path.dsv
-- Symlinking: /workspaces/ROS_PointCloud_AGV/install/depthai_descriptions/share/depthai_descriptions/environment/path.sh
-- Symlinking: /workspaces/ROS_PointCloud_AGV/install/depthai_descriptions/share/depthai_descriptions/environment/path.dsv
-- Symlinking: /workspaces/ROS_PointCloud_AGV/install/depthai_descriptions/share/depthai_descriptions/local_setup.bash
-- Symlinking: /workspaces/ROS_PointCloud_AGV/install/depthai_descriptions/share/depthai_descriptions/local_setup.sh
-- Symlinking: /workspaces/ROS_PointCloud_AGV/install/depthai_descriptions/share/depthai_descriptions/local_setup.zsh
-- Symlinking: /workspaces/ROS_PointCloud_AGV/install/depthai_descriptions/share/depthai_descriptions/local_setup.dsv
-- Symlinking: /workspaces/ROS_PointCloud_AGV/install/depthai_descriptions/share/depthai_descriptions/package.dsv
-- Symlinking: /workspaces/ROS_PointCloud_AGV/install/depthai_descriptions/share/ament_index/resource_index/packages/depthai_descriptions
-- Symlinking: /workspaces/ROS_PointCloud_AGV/install/depthai_descriptions/share/depthai_descriptions/cmake/depthai_descriptionsConfig.cmake
-- Symlinking: /workspaces/ROS_PointCloud_AGV/install/depthai_descriptions/share/depthai_descriptions/cmake/depthai_descriptionsConfig-version.cmake
-- Symlinking: /workspaces/ROS_PointCloud_AGV/install/depthai_descriptions/share/depthai_descriptions/package.xml
-- Up-to-date: /workspaces/ROS_PointCloud_AGV/install/depthai_descriptions/share/depthai_descriptions/launch
-- Up-to-date: /workspaces/ROS_PointCloud_AGV/install/depthai_descriptions/share/depthai_descriptions/launch/urdf_launch.py
