[0.118s] Invoking command in '/workspaces/ROS_PointCloud_AGV/build/cpp_pubsub': /usr/local/bin/cmake /workspaces/ROS_PointCloud_AGV/src/cpp_pubsub -DCMAKE_INSTALL_PREFIX=/workspaces/ROS_PointCloud_AGV/install/cpp_pubsub
[0.321s] -- Found ament_cmake: 0.9.12 (/opt/ros/foxy/install/share/ament_cmake/cmake)
[0.332s] [33mCMake Warning (dev) at /opt/ros/foxy/install/share/ament_cmake_core/cmake/core/python.cmake:22 (find_package):
[0.336s]   Policy CMP0148 is not set: The FindPythonInterp and FindPythonLibs modules
[0.339s]   are removed.  Run "cmake --help-policy CMP0148" for policy details.  Use
[0.340s]   the cmake_policy command to set the policy and suppress this warning.
[0.340s] 
[0.341s] Call Stack (most recent call first):
[0.341s]   /opt/ros/foxy/install/share/ament_cmake_core/cmake/core/all.cmake:53 (include)
[0.342s]   /opt/ros/foxy/install/share/ament_cmake_core/cmake/ament_cmake_core-extras.cmake:17 (include)
[0.342s]   /opt/ros/foxy/install/share/ament_cmake_core/cmake/ament_cmake_coreConfig.cmake:41 (include)
[0.343s]   /opt/ros/foxy/install/share/ament_cmake/cmake/ament_cmake_export_dependencies-extras.cmake:15 (find_package)
[0.343s]   /opt/ros/foxy/install/share/ament_cmake/cmake/ament_cmakeConfig.cmake:41 (include)
[0.344s]   CMakeLists.txt:18 (find_package)
[0.344s] This warning is for project developers.  Use -Wno-dev to suppress it.
[0.345s] [0m
[0.432s] -- Using PYTHON_EXECUTABLE: /usr/bin/python3
[1.539s] -- Found rclcpp: 2.4.3 (/opt/ros/foxy/install/share/rclcpp/cmake)
[1.678s] -- Using all available rosidl_typesupport_c: rosidl_typesupport_fastrtps_c;rosidl_typesupport_introspection_c
[1.696s] -- Found rosidl_adapter: 1.3.1 (/opt/ros/foxy/install/share/rosidl_adapter/cmake)
[2.178s] -- Using all available rosidl_typesupport_cpp: rosidl_typesupport_fastrtps_cpp;rosidl_typesupport_introspection_cpp
[2.442s] -- Found rmw_implementation_cmake: 1.0.4 (/opt/ros/foxy/install/share/rmw_implementation_cmake/cmake)
[2.449s] -- Using RMW implementation 'rmw_cyclonedds_cpp' as default
[3.682s] -- Configuring done (3.4s)
[3.734s] -- Generating done (0.0s)
[3.741s] -- Build files have been written to: /workspaces/ROS_PointCloud_AGV/build/cpp_pubsub
[3.779s] Invoked command in '/workspaces/ROS_PointCloud_AGV/build/cpp_pubsub' returned '0': /usr/local/bin/cmake /workspaces/ROS_PointCloud_AGV/src/cpp_pubsub -DCMAKE_INSTALL_PREFIX=/workspaces/ROS_PointCloud_AGV/install/cpp_pubsub
[3.792s] Invoking command in '/workspaces/ROS_PointCloud_AGV/build/cpp_pubsub': /usr/local/bin/cmake --build /workspaces/ROS_PointCloud_AGV/build/cpp_pubsub -- -j4 -l4
[3.983s] [ 25%] [32mBuilding CXX object CMakeFiles/listener.dir/src/subscriber_member_function.cpp.o[0m
[3.985s] [ 50%] [32mBuilding CXX object CMakeFiles/talker.dir/src/publisher_member_function.cpp.o[0m
[16.694s] [ 75%] [32m[1mLinking CXX executable talker[0m
[17.461s] [ 75%] Built target talker
[24.532s] [100%] [32m[1mLinking CXX executable listener[0m
[25.475s] [100%] Built target listener
[25.509s] Invoked command in '/workspaces/ROS_PointCloud_AGV/build/cpp_pubsub' returned '0': /usr/local/bin/cmake --build /workspaces/ROS_PointCloud_AGV/build/cpp_pubsub -- -j4 -l4
[25.893s] Invoking command in '/workspaces/ROS_PointCloud_AGV/build/cpp_pubsub': /usr/local/bin/cmake --install /workspaces/ROS_PointCloud_AGV/build/cpp_pubsub
[26.035s] -- Install configuration: ""
[26.037s] -- Installing: /workspaces/ROS_PointCloud_AGV/install/cpp_pubsub/lib/cpp_pubsub/talker
[26.039s] -- Set runtime path of "/workspaces/ROS_PointCloud_AGV/install/cpp_pubsub/lib/cpp_pubsub/talker" to ""
[26.040s] -- Installing: /workspaces/ROS_PointCloud_AGV/install/cpp_pubsub/lib/cpp_pubsub/listener
[26.050s] -- Set runtime path of "/workspaces/ROS_PointCloud_AGV/install/cpp_pubsub/lib/cpp_pubsub/listener" to ""
[26.051s] -- Installing: /workspaces/ROS_PointCloud_AGV/install/cpp_pubsub/share/ament_index/resource_index/package_run_dependencies/cpp_pubsub
[26.052s] -- Installing: /workspaces/ROS_PointCloud_AGV/install/cpp_pubsub/share/ament_index/resource_index/parent_prefix_path/cpp_pubsub
[26.053s] -- Installing: /workspaces/ROS_PointCloud_AGV/install/cpp_pubsub/share/cpp_pubsub/environment/ament_prefix_path.sh
[26.054s] -- Installing: /workspaces/ROS_PointCloud_AGV/install/cpp_pubsub/share/cpp_pubsub/environment/ament_prefix_path.dsv
[26.055s] -- Installing: /workspaces/ROS_PointCloud_AGV/install/cpp_pubsub/share/cpp_pubsub/environment/path.sh
[26.056s] -- Installing: /workspaces/ROS_PointCloud_AGV/install/cpp_pubsub/share/cpp_pubsub/environment/path.dsv
[26.079s] -- Installing: /workspaces/ROS_PointCloud_AGV/install/cpp_pubsub/share/cpp_pubsub/local_setup.bash
[26.080s] -- Installing: /workspaces/ROS_PointCloud_AGV/install/cpp_pubsub/share/cpp_pubsub/local_setup.sh
[26.081s] -- Installing: /workspaces/ROS_PointCloud_AGV/install/cpp_pubsub/share/cpp_pubsub/local_setup.zsh
[26.081s] -- Installing: /workspaces/ROS_PointCloud_AGV/install/cpp_pubsub/share/cpp_pubsub/local_setup.dsv
[26.082s] -- Installing: /workspaces/ROS_PointCloud_AGV/install/cpp_pubsub/share/cpp_pubsub/package.dsv
[26.083s] -- Installing: /workspaces/ROS_PointCloud_AGV/install/cpp_pubsub/share/ament_index/resource_index/packages/cpp_pubsub
[26.093s] -- Installing: /workspaces/ROS_PointCloud_AGV/install/cpp_pubsub/share/cpp_pubsub/cmake/cpp_pubsubConfig.cmake
[26.102s] -- Installing: /workspaces/ROS_PointCloud_AGV/install/cpp_pubsub/share/cpp_pubsub/cmake/cpp_pubsubConfig-version.cmake
[26.104s] -- Installing: /workspaces/ROS_PointCloud_AGV/install/cpp_pubsub/share/cpp_pubsub/package.xml
[26.105s] Invoked command in '/workspaces/ROS_PointCloud_AGV/build/cpp_pubsub' returned '0': /usr/local/bin/cmake --install /workspaces/ROS_PointCloud_AGV/build/cpp_pubsub
