-- The C compiler identification is GNU 7.5.0
-- The CXX compiler identification is GNU 7.5.0
-- Detecting C compiler ABI info
-- Detecting C compiler ABI info - done
-- Check for working C compiler: /usr/bin/cc - skipped
-- Detecting C compile features
-- Detecting C compile features - done
-- Detecting CXX compiler ABI info
-- Detecting CXX compiler ABI info - done
-- Check for working CXX compiler: /usr/bin/c++ - skipped
-- Detecting CXX compile features
-- Detecting CXX compile features - done
-- Found ament_cmake: 0.9.12 (/opt/ros/foxy/install/share/ament_cmake/cmake)
[33mCMake Warning (dev) at /opt/ros/foxy/install/share/ament_cmake_core/cmake/core/python.cmake:22 (find_package):
  Policy CMP0148 is not set: The FindPythonInterp and FindPythonLibs modules
  are removed.  Run "cmake --help-policy CMP0148" for policy details.  Use
  the cmake_policy command to set the policy and suppress this warning.

Call Stack (most recent call first):
  /opt/ros/foxy/install/share/ament_cmake_core/cmake/core/all.cmake:53 (include)
  /opt/ros/foxy/install/share/ament_cmake_core/cmake/ament_cmake_core-extras.cmake:17 (include)
  /opt/ros/foxy/install/share/ament_cmake_core/cmake/ament_cmake_coreConfig.cmake:41 (include)
  /opt/ros/foxy/install/share/ament_cmake/cmake/ament_cmake_export_dependencies-extras.cmake:15 (find_package)
  /opt/ros/foxy/install/share/ament_cmake/cmake/ament_cmakeConfig.cmake:41 (include)
  CMakeLists.txt:18 (find_package)
This warning is for project developers.  Use -Wno-dev to suppress it.
[0m
-- Found PythonInterp: /usr/bin/python3 (found suitable version "3.6.9", minimum required is "3") 
-- Using PYTHON_EXECUTABLE: /usr/bin/python3
-- Found rclcpp: 2.4.3 (/opt/ros/foxy/install/share/rclcpp/cmake)
-- Using all available rosidl_typesupport_c: rosidl_typesupport_fastrtps_c;rosidl_typesupport_introspection_c
-- Found rosidl_adapter: 1.3.1 (/opt/ros/foxy/install/share/rosidl_adapter/cmake)
-- Found OpenSSL: /usr/lib/aarch64-linux-gnu/libcrypto.so (found version "1.1.1")  
-- Found FastRTPS: /opt/ros/foxy/install/include  
-- Using all available rosidl_typesupport_cpp: rosidl_typesupport_fastrtps_cpp;rosidl_typesupport_introspection_cpp
-- Found rmw_implementation_cmake: 1.0.4 (/opt/ros/foxy/install/share/rmw_implementation_cmake/cmake)
-- Using RMW implementation 'rmw_cyclonedds_cpp' as default
-- Performing Test CMAKE_HAVE_LIBC_PTHREAD
-- Performing Test CMAKE_HAVE_LIBC_PTHREAD - Failed
-- Looking for pthread_create in pthreads
-- Looking for pthread_create in pthreads - not found
-- Looking for pthread_create in pthread
-- Looking for pthread_create in pthread - found
-- Found Threads: TRUE  
-- Configuring done (5.7s)
-- Generating done (0.0s)
-- Build files have been written to: /workspaces/ROS_PointCloud_AGV/src/build/cpp_pub_sub
[ 25%] [32mBuilding CXX object CMakeFiles/listener.dir/src/subscriber_member_function.cpp.o[0m
[ 50%] [32mBuilding CXX object CMakeFiles/talker.dir/src/publisher_member_function.cpp.o[0m
[ 75%] [32m[1mLinking CXX executable talker[0m
[ 75%] Built target talker
[100%] [32m[1mLinking CXX executable listener[0m
[100%] Built target listener
-- Install configuration: ""
-- Installing: /workspaces/ROS_PointCloud_AGV/src/install/cpp_pub_sub/lib/cpp_pub_sub/talker
-- Set runtime path of "/workspaces/ROS_PointCloud_AGV/src/install/cpp_pub_sub/lib/cpp_pub_sub/talker" to ""
-- Installing: /workspaces/ROS_PointCloud_AGV/src/install/cpp_pub_sub/lib/cpp_pub_sub/listener
-- Set runtime path of "/workspaces/ROS_PointCloud_AGV/src/install/cpp_pub_sub/lib/cpp_pub_sub/listener" to ""
-- Installing: /workspaces/ROS_PointCloud_AGV/src/install/cpp_pub_sub/share/ament_index/resource_index/package_run_dependencies/cpp_pub_sub
-- Installing: /workspaces/ROS_PointCloud_AGV/src/install/cpp_pub_sub/share/ament_index/resource_index/parent_prefix_path/cpp_pub_sub
-- Installing: /workspaces/ROS_PointCloud_AGV/src/install/cpp_pub_sub/share/cpp_pub_sub/environment/ament_prefix_path.sh
-- Installing: /workspaces/ROS_PointCloud_AGV/src/install/cpp_pub_sub/share/cpp_pub_sub/environment/ament_prefix_path.dsv
-- Installing: /workspaces/ROS_PointCloud_AGV/src/install/cpp_pub_sub/share/cpp_pub_sub/environment/path.sh
-- Installing: /workspaces/ROS_PointCloud_AGV/src/install/cpp_pub_sub/share/cpp_pub_sub/environment/path.dsv
-- Installing: /workspaces/ROS_PointCloud_AGV/src/install/cpp_pub_sub/share/cpp_pub_sub/local_setup.bash
-- Installing: /workspaces/ROS_PointCloud_AGV/src/install/cpp_pub_sub/share/cpp_pub_sub/local_setup.sh
-- Installing: /workspaces/ROS_PointCloud_AGV/src/install/cpp_pub_sub/share/cpp_pub_sub/local_setup.zsh
-- Installing: /workspaces/ROS_PointCloud_AGV/src/install/cpp_pub_sub/share/cpp_pub_sub/local_setup.dsv
-- Installing: /workspaces/ROS_PointCloud_AGV/src/install/cpp_pub_sub/share/cpp_pub_sub/package.dsv
-- Installing: /workspaces/ROS_PointCloud_AGV/src/install/cpp_pub_sub/share/ament_index/resource_index/packages/cpp_pub_sub
-- Installing: /workspaces/ROS_PointCloud_AGV/src/install/cpp_pub_sub/share/cpp_pub_sub/cmake/cpp_pub_subConfig.cmake
-- Installing: /workspaces/ROS_PointCloud_AGV/src/install/cpp_pub_sub/share/cpp_pub_sub/cmake/cpp_pub_subConfig-version.cmake
-- Installing: /workspaces/ROS_PointCloud_AGV/src/install/cpp_pub_sub/share/cpp_pub_sub/package.xml
