[1.658s] DEBUG:colcon:Command line arguments: ['/usr/bin/colcon', 'build', '--packages-select', 'sensor_fusion']
[1.658s] DEBUG:colcon:Parsed command line arguments: Namespace(ament_cmake_args=None, base_paths=['.'], build_base='build', catkin_cmake_args=None, catkin_skip_building_tests=False, cmake_args=None, cmake_clean_cache=False, cmake_clean_first=False, cmake_force_configure=False, cmake_target=None, cmake_target_skip_unavailable=False, continue_on_error=False, event_handlers=None, executor='parallel', ignore_user_meta=False, install_base='install', log_base=None, log_level=None, main=<bound method BuildVerb.main of <colcon_core.verb.build.BuildVerb object at 0x7f9c9257b8>>, merge_install=False, metas=['./colcon.meta'], packages_above=None, packages_above_and_dependencies=None, packages_above_depth=None, packages_end=None, packages_ignore=None, packages_ignore_regex=None, packages_select=['sensor_fusion'], packages_select_build_failed=False, packages_select_by_dep=None, packages_select_regex=None, packages_select_test_failures=False, packages_skip=None, packages_skip_build_finished=False, packages_skip_by_dep=None, packages_skip_regex=None, packages_skip_test_passed=False, packages_skip_up_to=None, packages_start=None, packages_up_to=None, packages_up_to_regex=None, parallel_workers=4, paths=None, symlink_install=False, test_result_base=None, verb_extension=<colcon_core.verb.build.BuildVerb object at 0x7f9c9257b8>, verb_name='build', verb_parser=<colcon_defaults.argument_parser.defaults.DefaultArgumentsDecorator object at 0x7f9c8131d0>)
[1.759s] Level 1:colcon.colcon_core.package_discovery:discover_packages(colcon_meta) check parameters
[1.760s] Level 1:colcon.colcon_core.package_discovery:discover_packages(recursive) check parameters
[1.760s] Level 1:colcon.colcon_core.package_discovery:discover_packages(ignore) check parameters
[1.761s] Level 1:colcon.colcon_core.package_discovery:discover_packages(path) check parameters
[1.761s] Level 1:colcon.colcon_core.package_discovery:discover_packages(colcon_meta) discover
[1.763s] Level 1:colcon.colcon_core.package_discovery:discover_packages(recursive) discover
[1.763s] INFO:colcon.colcon_core.package_discovery:Crawling recursively for packages in '/workspaces/ROS_PointCloud_AGV'
[1.763s] Level 1:colcon.colcon_core.package_identification:_identify(.) by extensions ['ignore', 'ignore_ament_install']
[1.764s] Level 1:colcon.colcon_core.package_identification:_identify(.) by extension 'ignore'
[1.764s] Level 1:colcon.colcon_core.package_identification:_identify(.) by extension 'ignore_ament_install'
[1.765s] Level 1:colcon.colcon_core.package_identification:_identify(.) by extensions ['colcon_pkg']
[1.765s] Level 1:colcon.colcon_core.package_identification:_identify(.) by extension 'colcon_pkg'
[1.765s] Level 1:colcon.colcon_core.package_identification:_identify(.) by extensions ['colcon_meta']
[1.765s] Level 1:colcon.colcon_core.package_identification:_identify(.) by extension 'colcon_meta'
[1.766s] Level 1:colcon.colcon_core.package_identification:_identify(.) by extensions ['ros']
[1.766s] Level 1:colcon.colcon_core.package_identification:_identify(.) by extension 'ros'
[1.956s] Level 1:colcon.colcon_core.package_identification:_identify(.) by extensions ['cmake', 'python']
[1.956s] Level 1:colcon.colcon_core.package_identification:_identify(.) by extension 'cmake'
[1.956s] Level 1:colcon.colcon_core.package_identification:_identify(.) by extension 'python'
[1.957s] Level 1:colcon.colcon_core.package_identification:_identify(.) by extensions ['python_setup_py']
[1.957s] Level 1:colcon.colcon_core.package_identification:_identify(.) by extension 'python_setup_py'
[1.957s] Level 1:colcon.colcon_core.package_identification:_identify(build) by extensions ['ignore', 'ignore_ament_install']
[1.958s] Level 1:colcon.colcon_core.package_identification:_identify(build) by extension 'ignore'
[1.958s] Level 1:colcon.colcon_core.package_identification:_identify(build) ignored
[1.960s] Level 1:colcon.colcon_core.package_identification:_identify(cache) by extensions ['ignore', 'ignore_ament_install']
[1.960s] Level 1:colcon.colcon_core.package_identification:_identify(cache) by extension 'ignore'
[1.961s] Level 1:colcon.colcon_core.package_identification:_identify(cache) by extension 'ignore_ament_install'
[1.961s] Level 1:colcon.colcon_core.package_identification:_identify(cache) by extensions ['colcon_pkg']
[1.961s] Level 1:colcon.colcon_core.package_identification:_identify(cache) by extension 'colcon_pkg'
[1.961s] Level 1:colcon.colcon_core.package_identification:_identify(cache) by extensions ['colcon_meta']
[1.962s] Level 1:colcon.colcon_core.package_identification:_identify(cache) by extension 'colcon_meta'
[1.962s] Level 1:colcon.colcon_core.package_identification:_identify(cache) by extensions ['ros']
[1.962s] Level 1:colcon.colcon_core.package_identification:_identify(cache) by extension 'ros'
[1.963s] Level 1:colcon.colcon_core.package_identification:_identify(cache) by extensions ['cmake', 'python']
[1.963s] Level 1:colcon.colcon_core.package_identification:_identify(cache) by extension 'cmake'
[1.963s] Level 1:colcon.colcon_core.package_identification:_identify(cache) by extension 'python'
[1.963s] Level 1:colcon.colcon_core.package_identification:_identify(cache) by extensions ['python_setup_py']
[1.964s] Level 1:colcon.colcon_core.package_identification:_identify(cache) by extension 'python_setup_py'
[1.964s] Level 1:colcon.colcon_core.package_identification:_identify(depthai-core) by extensions ['ignore', 'ignore_ament_install']
[1.965s] Level 1:colcon.colcon_core.package_identification:_identify(depthai-core) by extension 'ignore'
[1.965s] Level 1:colcon.colcon_core.package_identification:_identify(depthai-core) by extension 'ignore_ament_install'
[1.965s] Level 1:colcon.colcon_core.package_identification:_identify(depthai-core) by extensions ['colcon_pkg']
[1.966s] Level 1:colcon.colcon_core.package_identification:_identify(depthai-core) by extension 'colcon_pkg'
[1.966s] Level 1:colcon.colcon_core.package_identification:_identify(depthai-core) by extensions ['colcon_meta']
[1.966s] Level 1:colcon.colcon_core.package_identification:_identify(depthai-core) by extension 'colcon_meta'
[1.966s] Level 1:colcon.colcon_core.package_identification:_identify(depthai-core) by extensions ['ros']
[1.966s] Level 1:colcon.colcon_core.package_identification:_identify(depthai-core) by extension 'ros'
[1.967s] Level 1:colcon.colcon_core.package_identification:_identify(depthai-core) by extensions ['cmake', 'python']
[1.967s] Level 1:colcon.colcon_core.package_identification:_identify(depthai-core) by extension 'cmake'
[2.061s] Level 1:colcon.colcon_core.package_identification:_identify(depthai-core) by extension 'python'
[2.061s] DEBUG:colcon.colcon_core.package_identification:Package 'depthai-core' with type 'cmake' and name 'depthai'
[2.062s] Level 1:colcon.colcon_core.package_identification:_identify(install) by extensions ['ignore', 'ignore_ament_install']
[2.062s] Level 1:colcon.colcon_core.package_identification:_identify(install) by extension 'ignore'
[2.062s] Level 1:colcon.colcon_core.package_identification:_identify(install) ignored
[2.063s] Level 1:colcon.colcon_core.package_identification:_identify(log) by extensions ['ignore', 'ignore_ament_install']
[2.064s] Level 1:colcon.colcon_core.package_identification:_identify(log) by extension 'ignore'
[2.064s] Level 1:colcon.colcon_core.package_identification:_identify(log) ignored
[2.064s] Level 1:colcon.colcon_core.package_identification:_identify(src) by extensions ['ignore', 'ignore_ament_install']
[2.065s] Level 1:colcon.colcon_core.package_identification:_identify(src) by extension 'ignore'
[2.065s] Level 1:colcon.colcon_core.package_identification:_identify(src) by extension 'ignore_ament_install'
[2.065s] Level 1:colcon.colcon_core.package_identification:_identify(src) by extensions ['colcon_pkg']
[2.065s] Level 1:colcon.colcon_core.package_identification:_identify(src) by extension 'colcon_pkg'
[2.066s] Level 1:colcon.colcon_core.package_identification:_identify(src) by extensions ['colcon_meta']
[2.066s] Level 1:colcon.colcon_core.package_identification:_identify(src) by extension 'colcon_meta'
[2.066s] Level 1:colcon.colcon_core.package_identification:_identify(src) by extensions ['ros']
[2.066s] Level 1:colcon.colcon_core.package_identification:_identify(src) by extension 'ros'
[2.067s] Level 1:colcon.colcon_core.package_identification:_identify(src) by extensions ['cmake', 'python']
[2.067s] Level 1:colcon.colcon_core.package_identification:_identify(src) by extension 'cmake'
[2.067s] Level 1:colcon.colcon_core.package_identification:_identify(src) by extension 'python'
[2.068s] Level 1:colcon.colcon_core.package_identification:_identify(src) by extensions ['python_setup_py']
[2.068s] Level 1:colcon.colcon_core.package_identification:_identify(src) by extension 'python_setup_py'
[2.068s] Level 1:colcon.colcon_core.package_identification:_identify(src/build) by extensions ['ignore', 'ignore_ament_install']
[2.069s] Level 1:colcon.colcon_core.package_identification:_identify(src/build) by extension 'ignore'
[2.069s] Level 1:colcon.colcon_core.package_identification:_identify(src/build) ignored
[2.069s] Level 1:colcon.colcon_core.package_identification:_identify(src/cpp_pubsub) by extensions ['ignore', 'ignore_ament_install']
[2.070s] Level 1:colcon.colcon_core.package_identification:_identify(src/cpp_pubsub) by extension 'ignore'
[2.070s] Level 1:colcon.colcon_core.package_identification:_identify(src/cpp_pubsub) by extension 'ignore_ament_install'
[2.070s] Level 1:colcon.colcon_core.package_identification:_identify(src/cpp_pubsub) by extensions ['colcon_pkg']
[2.071s] Level 1:colcon.colcon_core.package_identification:_identify(src/cpp_pubsub) by extension 'colcon_pkg'
[2.071s] Level 1:colcon.colcon_core.package_identification:_identify(src/cpp_pubsub) by extensions ['colcon_meta']
[2.071s] Level 1:colcon.colcon_core.package_identification:_identify(src/cpp_pubsub) by extension 'colcon_meta'
[2.071s] Level 1:colcon.colcon_core.package_identification:_identify(src/cpp_pubsub) by extensions ['ros']
[2.072s] Level 1:colcon.colcon_core.package_identification:_identify(src/cpp_pubsub) by extension 'ros'
[2.084s] DEBUG:colcon.colcon_core.package_identification:Package 'src/cpp_pubsub' with type 'ros.ament_cmake' and name 'cpp_pubsub'
[2.084s] Level 1:colcon.colcon_core.package_identification:_identify(src/install) by extensions ['ignore', 'ignore_ament_install']
[2.085s] Level 1:colcon.colcon_core.package_identification:_identify(src/install) by extension 'ignore'
[2.085s] Level 1:colcon.colcon_core.package_identification:_identify(src/install) ignored
[2.086s] Level 1:colcon.colcon_core.package_identification:_identify(src/log) by extensions ['ignore', 'ignore_ament_install']
[2.086s] Level 1:colcon.colcon_core.package_identification:_identify(src/log) by extension 'ignore'
[2.086s] Level 1:colcon.colcon_core.package_identification:_identify(src/log) ignored
[2.087s] Level 1:colcon.colcon_core.package_identification:_identify(src/sensor_fusion) by extensions ['ignore', 'ignore_ament_install']
[2.087s] Level 1:colcon.colcon_core.package_identification:_identify(src/sensor_fusion) by extension 'ignore'
[2.088s] Level 1:colcon.colcon_core.package_identification:_identify(src/sensor_fusion) by extension 'ignore_ament_install'
[2.088s] Level 1:colcon.colcon_core.package_identification:_identify(src/sensor_fusion) by extensions ['colcon_pkg']
[2.088s] Level 1:colcon.colcon_core.package_identification:_identify(src/sensor_fusion) by extension 'colcon_pkg'
[2.088s] Level 1:colcon.colcon_core.package_identification:_identify(src/sensor_fusion) by extensions ['colcon_meta']
[2.089s] Level 1:colcon.colcon_core.package_identification:_identify(src/sensor_fusion) by extension 'colcon_meta'
[2.089s] Level 1:colcon.colcon_core.package_identification:_identify(src/sensor_fusion) by extensions ['ros']
[2.089s] Level 1:colcon.colcon_core.package_identification:_identify(src/sensor_fusion) by extension 'ros'
[2.103s] DEBUG:colcon.colcon_core.package_identification:Package 'src/sensor_fusion' with type 'ros.ament_cmake' and name 'sensor_fusion'
[2.104s] Level 1:colcon.colcon_core.package_discovery:discover_packages(recursive) using defaults
[2.105s] Level 1:colcon.colcon_core.package_discovery:discover_packages(ignore) discover
[2.105s] Level 1:colcon.colcon_core.package_discovery:discover_packages(ignore) using defaults
[2.105s] Level 1:colcon.colcon_core.package_discovery:discover_packages(path) discover
[2.106s] Level 1:colcon.colcon_core.package_discovery:discover_packages(path) using defaults
[2.201s] INFO:colcon.colcon_core.package_selection:Skipping not selected package 'cpp_pubsub' in 'src/cpp_pubsub'
[2.201s] INFO:colcon.colcon_core.package_selection:Skipping not selected package 'depthai' in 'depthai-core'
[2.204s] Level 5:colcon.colcon_core.verb:set package 'sensor_fusion' build argument 'cmake_args' from command line to 'None'
[2.204s] Level 5:colcon.colcon_core.verb:set package 'sensor_fusion' build argument 'cmake_target' from command line to 'None'
[2.205s] Level 5:colcon.colcon_core.verb:set package 'sensor_fusion' build argument 'cmake_target_skip_unavailable' from command line to 'False'
[2.205s] Level 5:colcon.colcon_core.verb:set package 'sensor_fusion' build argument 'cmake_clean_cache' from command line to 'False'
[2.205s] Level 5:colcon.colcon_core.verb:set package 'sensor_fusion' build argument 'cmake_clean_first' from command line to 'False'
[2.205s] Level 5:colcon.colcon_core.verb:set package 'sensor_fusion' build argument 'cmake_force_configure' from command line to 'False'
[2.205s] Level 5:colcon.colcon_core.verb:set package 'sensor_fusion' build argument 'ament_cmake_args' from command line to 'None'
[2.205s] Level 5:colcon.colcon_core.verb:set package 'sensor_fusion' build argument 'catkin_cmake_args' from command line to 'None'
[2.206s] Level 5:colcon.colcon_core.verb:set package 'sensor_fusion' build argument 'catkin_skip_building_tests' from command line to 'False'
[2.206s] DEBUG:colcon.colcon_core.verb:Building package 'sensor_fusion' with the following arguments: {'ament_cmake_args': None, 'build_base': '/workspaces/ROS_PointCloud_AGV/build/sensor_fusion', 'catkin_cmake_args': None, 'catkin_skip_building_tests': False, 'cmake_args': None, 'cmake_clean_cache': False, 'cmake_clean_first': False, 'cmake_force_configure': False, 'cmake_target': None, 'cmake_target_skip_unavailable': False, 'install_base': '/workspaces/ROS_PointCloud_AGV/install/sensor_fusion', 'merge_install': False, 'path': '/workspaces/ROS_PointCloud_AGV/src/sensor_fusion', 'symlink_install': False, 'test_result_base': None}
[2.207s] INFO:colcon.colcon_core.executor:Executing jobs using 'parallel' executor
[2.213s] DEBUG:colcon.colcon_parallel_executor.executor.parallel:run_until_complete
[2.215s] INFO:colcon.colcon_ros.task.ament_cmake.build:Building ROS package in '/workspaces/ROS_PointCloud_AGV/src/sensor_fusion' with build type 'ament_cmake'
[2.215s] INFO:colcon.colcon_cmake.task.cmake.build:Building CMake package in '/workspaces/ROS_PointCloud_AGV/src/sensor_fusion'
[2.227s] INFO:colcon.colcon_core.plugin_system:Skipping extension 'colcon_core.shell.bat': Not used on non-Windows systems
[2.229s] INFO:colcon.colcon_core.shell:Skip shell extension 'powershell' for command environment: Not usable outside of PowerShell
[2.229s] DEBUG:colcon.colcon_core.shell:Skip shell extension 'dsv' for command environment
[2.270s] ERROR:colcon.colcon_cmake.task.cmake.build:Failed to find the following files:
- /workspaces/ROS_PointCloud_AGV/install/depthai/share/depthai/package.sh
Check that the following packages have been built:
- depthai
[2.447s] Level 1:colcon.colcon_core.environment:create_environment_scripts_only(sensor_fusion)
[2.459s] Level 1:colcon.colcon_core.environment:checking '/workspaces/ROS_PointCloud_AGV/install/sensor_fusion' for CMake module files
[2.462s] Level 1:colcon.colcon_core.environment:checking '/workspaces/ROS_PointCloud_AGV/install/sensor_fusion' for CMake config files
[2.465s] Level 1:colcon.colcon_core.environment:checking '/workspaces/ROS_PointCloud_AGV/install/sensor_fusion/bin'
[2.466s] Level 1:colcon.colcon_core.environment:checking '/workspaces/ROS_PointCloud_AGV/install/sensor_fusion/lib/pkgconfig/sensor_fusion.pc'
[2.467s] Level 1:colcon.colcon_core.environment:checking '/workspaces/ROS_PointCloud_AGV/install/sensor_fusion/lib/python3.6/site-packages'
[2.468s] Level 1:colcon.colcon_core.environment:checking '/workspaces/ROS_PointCloud_AGV/install/sensor_fusion/bin'
[2.469s] INFO:colcon.colcon_core.shell:Creating package script '/workspaces/ROS_PointCloud_AGV/install/sensor_fusion/share/sensor_fusion/package.ps1'
[2.475s] INFO:colcon.colcon_core.shell:Creating package descriptor '/workspaces/ROS_PointCloud_AGV/install/sensor_fusion/share/sensor_fusion/package.dsv'
[2.477s] INFO:colcon.colcon_core.shell:Creating package script '/workspaces/ROS_PointCloud_AGV/install/sensor_fusion/share/sensor_fusion/package.sh'
[2.482s] INFO:colcon.colcon_core.shell:Creating package script '/workspaces/ROS_PointCloud_AGV/install/sensor_fusion/share/sensor_fusion/package.bash'
[2.487s] INFO:colcon.colcon_core.shell:Creating package script '/workspaces/ROS_PointCloud_AGV/install/sensor_fusion/share/sensor_fusion/package.zsh'
[2.491s] Level 1:colcon.colcon_core.environment:create_file_with_runtime_dependencies(/workspaces/ROS_PointCloud_AGV/install/sensor_fusion/share/colcon-core/packages/sensor_fusion)
[2.505s] DEBUG:colcon.colcon_parallel_executor.executor.parallel:closing loop
[2.505s] DEBUG:colcon.colcon_parallel_executor.executor.parallel:loop closed
[2.505s] DEBUG:colcon.colcon_parallel_executor.executor.parallel:run_until_complete finished with '1'
[2.506s] DEBUG:colcon.colcon_core.event_reactor:joining thread
[2.529s] INFO:colcon.colcon_core.plugin_system:Skipping extension 'colcon_notification.desktop_notification.notify_send': Could not find 'notify-send'
[2.529s] INFO:colcon.colcon_core.plugin_system:Skipping extension 'colcon_notification.desktop_notification.terminal_notifier': Not used on non-Darwin systems
[2.530s] INFO:colcon.colcon_core.plugin_system:Skipping extension 'colcon_notification.desktop_notification.win32': Not used on non-Windows systems
[2.530s] INFO:colcon.colcon_notification.desktop_notification:Sending desktop notification using 'notify2'
[2.530s] DEBUG:colcon.colcon_notification.desktop_notification.notify2:Failed to initialize notify2: org.freedesktop.DBus.Error.InvalidFileContent: D-Bus library appears to be incorrectly set up: see the manual page for dbus-uuidgen to correct this issue. (Failed to open "/var/lib/dbus/machine-id": No such file or directory; UUID file '/etc/machine-id' should contain a hex string of length 32, not length 0, with no other text)
[2.531s] DEBUG:colcon.colcon_core.event_reactor:joined thread
[2.532s] INFO:colcon.colcon_core.shell:Creating prefix script '/workspaces/ROS_PointCloud_AGV/install/local_setup.ps1'
[2.538s] INFO:colcon.colcon_core.shell:Creating prefix util module '/workspaces/ROS_PointCloud_AGV/install/_local_setup_util_ps1.py'
[2.548s] INFO:colcon.colcon_core.shell:Creating prefix chain script '/workspaces/ROS_PointCloud_AGV/install/setup.ps1'
[2.554s] INFO:colcon.colcon_core.shell:Creating prefix script '/workspaces/ROS_PointCloud_AGV/install/local_setup.sh'
[2.557s] INFO:colcon.colcon_core.shell:Creating prefix util module '/workspaces/ROS_PointCloud_AGV/install/_local_setup_util_sh.py'
[2.559s] INFO:colcon.colcon_core.shell:Creating prefix chain script '/workspaces/ROS_PointCloud_AGV/install/setup.sh'
[2.565s] INFO:colcon.colcon_core.shell:Creating prefix script '/workspaces/ROS_PointCloud_AGV/install/local_setup.bash'
[2.568s] INFO:colcon.colcon_core.shell:Creating prefix chain script '/workspaces/ROS_PointCloud_AGV/install/setup.bash'
[2.573s] INFO:colcon.colcon_core.shell:Creating prefix script '/workspaces/ROS_PointCloud_AGV/install/local_setup.zsh'
[2.577s] INFO:colcon.colcon_core.shell:Creating prefix chain script '/workspaces/ROS_PointCloud_AGV/install/setup.zsh'
