[2.028s] DEBUG:colcon:Command line arguments: ['/usr/bin/colcon', 'build']
[2.028s] DEBUG:colcon:Parsed command line arguments: Namespace(ament_cmake_args=None, base_paths=['.'], build_base='build', catkin_cmake_args=None, catkin_skip_building_tests=False, cmake_args=None, cmake_clean_cache=False, cmake_clean_first=False, cmake_force_configure=False, cmake_target=None, cmake_target_skip_unavailable=False, continue_on_error=False, event_handlers=None, executor='parallel', ignore_user_meta=False, install_base='install', log_base=None, log_level=None, main=<bound method BuildVerb.main of <colcon_core.verb.build.BuildVerb object at 0x7f900874a8>>, merge_install=False, metas=['./colcon.meta'], packages_above=None, packages_above_and_dependencies=None, packages_above_depth=None, packages_end=None, packages_ignore=None, packages_ignore_regex=None, packages_select=None, packages_select_build_failed=False, packages_select_by_dep=None, packages_select_regex=None, packages_select_test_failures=False, packages_skip=None, packages_skip_build_finished=False, packages_skip_by_dep=None, packages_skip_regex=None, packages_skip_test_passed=False, packages_skip_up_to=None, packages_start=None, packages_up_to=None, packages_up_to_regex=None, parallel_workers=4, paths=None, symlink_install=False, test_result_base=None, verb_extension=<colcon_core.verb.build.BuildVerb object at 0x7f900874a8>, verb_name='build', verb_parser=<colcon_defaults.argument_parser.defaults.DefaultArgumentsDecorator object at 0x7f8ff63eb8>)
[2.163s] Level 1:colcon.colcon_core.package_discovery:discover_packages(colcon_meta) check parameters
[2.164s] Level 1:colcon.colcon_core.package_discovery:discover_packages(recursive) check parameters
[2.164s] Level 1:colcon.colcon_core.package_discovery:discover_packages(ignore) check parameters
[2.164s] Level 1:colcon.colcon_core.package_discovery:discover_packages(path) check parameters
[2.165s] Level 1:colcon.colcon_core.package_discovery:discover_packages(colcon_meta) discover
[2.166s] Level 1:colcon.colcon_core.package_discovery:discover_packages(recursive) discover
[2.166s] INFO:colcon.colcon_core.package_discovery:Crawling recursively for packages in '/workspaces/ROS_PointCloud_AGV'
[2.167s] Level 1:colcon.colcon_core.package_identification:_identify(.) by extensions ['ignore', 'ignore_ament_install']
[2.167s] Level 1:colcon.colcon_core.package_identification:_identify(.) by extension 'ignore'
[2.168s] Level 1:colcon.colcon_core.package_identification:_identify(.) by extension 'ignore_ament_install'
[2.168s] Level 1:colcon.colcon_core.package_identification:_identify(.) by extensions ['colcon_pkg']
[2.168s] Level 1:colcon.colcon_core.package_identification:_identify(.) by extension 'colcon_pkg'
[2.168s] Level 1:colcon.colcon_core.package_identification:_identify(.) by extensions ['colcon_meta']
[2.168s] Level 1:colcon.colcon_core.package_identification:_identify(.) by extension 'colcon_meta'
[2.169s] Level 1:colcon.colcon_core.package_identification:_identify(.) by extensions ['ros']
[2.169s] Level 1:colcon.colcon_core.package_identification:_identify(.) by extension 'ros'
[2.367s] Level 1:colcon.colcon_core.package_identification:_identify(.) by extensions ['cmake', 'python']
[2.367s] Level 1:colcon.colcon_core.package_identification:_identify(.) by extension 'cmake'
[2.367s] Level 1:colcon.colcon_core.package_identification:_identify(.) by extension 'python'
[2.368s] Level 1:colcon.colcon_core.package_identification:_identify(.) by extensions ['python_setup_py']
[2.368s] Level 1:colcon.colcon_core.package_identification:_identify(.) by extension 'python_setup_py'
[2.368s] Level 1:colcon.colcon_core.package_identification:_identify(build) by extensions ['ignore', 'ignore_ament_install']
[2.369s] Level 1:colcon.colcon_core.package_identification:_identify(build) by extension 'ignore'
[2.369s] Level 1:colcon.colcon_core.package_identification:_identify(build) ignored
[2.371s] Level 1:colcon.colcon_core.package_identification:_identify(cache) by extensions ['ignore', 'ignore_ament_install']
[2.371s] Level 1:colcon.colcon_core.package_identification:_identify(cache) by extension 'ignore'
[2.372s] Level 1:colcon.colcon_core.package_identification:_identify(cache) by extension 'ignore_ament_install'
[2.372s] Level 1:colcon.colcon_core.package_identification:_identify(cache) by extensions ['colcon_pkg']
[2.372s] Level 1:colcon.colcon_core.package_identification:_identify(cache) by extension 'colcon_pkg'
[2.372s] Level 1:colcon.colcon_core.package_identification:_identify(cache) by extensions ['colcon_meta']
[2.373s] Level 1:colcon.colcon_core.package_identification:_identify(cache) by extension 'colcon_meta'
[2.373s] Level 1:colcon.colcon_core.package_identification:_identify(cache) by extensions ['ros']
[2.373s] Level 1:colcon.colcon_core.package_identification:_identify(cache) by extension 'ros'
[2.374s] Level 1:colcon.colcon_core.package_identification:_identify(cache) by extensions ['cmake', 'python']
[2.374s] Level 1:colcon.colcon_core.package_identification:_identify(cache) by extension 'cmake'
[2.374s] Level 1:colcon.colcon_core.package_identification:_identify(cache) by extension 'python'
[2.374s] Level 1:colcon.colcon_core.package_identification:_identify(cache) by extensions ['python_setup_py']
[2.374s] Level 1:colcon.colcon_core.package_identification:_identify(cache) by extension 'python_setup_py'
[2.375s] Level 1:colcon.colcon_core.package_identification:_identify(install) by extensions ['ignore', 'ignore_ament_install']
[2.375s] Level 1:colcon.colcon_core.package_identification:_identify(install) by extension 'ignore'
[2.376s] Level 1:colcon.colcon_core.package_identification:_identify(install) ignored
[2.376s] Level 1:colcon.colcon_core.package_identification:_identify(log) by extensions ['ignore', 'ignore_ament_install']
[2.376s] Level 1:colcon.colcon_core.package_identification:_identify(log) by extension 'ignore'
[2.377s] Level 1:colcon.colcon_core.package_identification:_identify(log) ignored
[2.377s] Level 1:colcon.colcon_core.package_identification:_identify(src) by extensions ['ignore', 'ignore_ament_install']
[2.377s] Level 1:colcon.colcon_core.package_identification:_identify(src) by extension 'ignore'
[2.378s] Level 1:colcon.colcon_core.package_identification:_identify(src) by extension 'ignore_ament_install'
[2.378s] Level 1:colcon.colcon_core.package_identification:_identify(src) by extensions ['colcon_pkg']
[2.378s] Level 1:colcon.colcon_core.package_identification:_identify(src) by extension 'colcon_pkg'
[2.378s] Level 1:colcon.colcon_core.package_identification:_identify(src) by extensions ['colcon_meta']
[2.379s] Level 1:colcon.colcon_core.package_identification:_identify(src) by extension 'colcon_meta'
[2.379s] Level 1:colcon.colcon_core.package_identification:_identify(src) by extensions ['ros']
[2.379s] Level 1:colcon.colcon_core.package_identification:_identify(src) by extension 'ros'
[2.380s] Level 1:colcon.colcon_core.package_identification:_identify(src) by extensions ['cmake', 'python']
[2.380s] Level 1:colcon.colcon_core.package_identification:_identify(src) by extension 'cmake'
[2.380s] Level 1:colcon.colcon_core.package_identification:_identify(src) by extension 'python'
[2.380s] Level 1:colcon.colcon_core.package_identification:_identify(src) by extensions ['python_setup_py']
[2.380s] Level 1:colcon.colcon_core.package_identification:_identify(src) by extension 'python_setup_py'
[2.381s] Level 1:colcon.colcon_core.package_identification:_identify(src/build) by extensions ['ignore', 'ignore_ament_install']
[2.381s] Level 1:colcon.colcon_core.package_identification:_identify(src/build) by extension 'ignore'
[2.382s] Level 1:colcon.colcon_core.package_identification:_identify(src/build) ignored
[2.382s] Level 1:colcon.colcon_core.package_identification:_identify(src/install) by extensions ['ignore', 'ignore_ament_install']
[2.382s] Level 1:colcon.colcon_core.package_identification:_identify(src/install) by extension 'ignore'
[2.383s] Level 1:colcon.colcon_core.package_identification:_identify(src/install) ignored
[2.383s] Level 1:colcon.colcon_core.package_identification:_identify(src/log) by extensions ['ignore', 'ignore_ament_install']
[2.384s] Level 1:colcon.colcon_core.package_identification:_identify(src/log) by extension 'ignore'
[2.384s] Level 1:colcon.colcon_core.package_identification:_identify(src/log) ignored
[2.384s] Level 1:colcon.colcon_core.package_identification:_identify(src/sensor_package) by extensions ['ignore', 'ignore_ament_install']
[2.385s] Level 1:colcon.colcon_core.package_identification:_identify(src/sensor_package) by extension 'ignore'
[2.385s] Level 1:colcon.colcon_core.package_identification:_identify(src/sensor_package) by extension 'ignore_ament_install'
[2.385s] Level 1:colcon.colcon_core.package_identification:_identify(src/sensor_package) by extensions ['colcon_pkg']
[2.385s] Level 1:colcon.colcon_core.package_identification:_identify(src/sensor_package) by extension 'colcon_pkg'
[2.386s] Level 1:colcon.colcon_core.package_identification:_identify(src/sensor_package) by extensions ['colcon_meta']
[2.386s] Level 1:colcon.colcon_core.package_identification:_identify(src/sensor_package) by extension 'colcon_meta'
[2.386s] Level 1:colcon.colcon_core.package_identification:_identify(src/sensor_package) by extensions ['ros']
[2.386s] Level 1:colcon.colcon_core.package_identification:_identify(src/sensor_package) by extension 'ros'
[2.402s] DEBUG:colcon.colcon_core.package_identification:Package 'src/sensor_package' with type 'ros.ament_python' and name 'sensor_package'
[2.402s] Level 1:colcon.colcon_core.package_discovery:discover_packages(recursive) using defaults
[2.404s] Level 1:colcon.colcon_core.package_discovery:discover_packages(ignore) discover
[2.404s] Level 1:colcon.colcon_core.package_discovery:discover_packages(ignore) using defaults
[2.404s] Level 1:colcon.colcon_core.package_discovery:discover_packages(path) discover
[2.404s] Level 1:colcon.colcon_core.package_discovery:discover_packages(path) using defaults
[2.511s] Level 5:colcon.colcon_core.verb:set package 'sensor_package' build argument 'cmake_args' from command line to 'None'
[2.512s] Level 5:colcon.colcon_core.verb:set package 'sensor_package' build argument 'cmake_target' from command line to 'None'
[2.512s] Level 5:colcon.colcon_core.verb:set package 'sensor_package' build argument 'cmake_target_skip_unavailable' from command line to 'False'
[2.512s] Level 5:colcon.colcon_core.verb:set package 'sensor_package' build argument 'cmake_clean_cache' from command line to 'False'
[2.512s] Level 5:colcon.colcon_core.verb:set package 'sensor_package' build argument 'cmake_clean_first' from command line to 'False'
[2.512s] Level 5:colcon.colcon_core.verb:set package 'sensor_package' build argument 'cmake_force_configure' from command line to 'False'
[2.513s] Level 5:colcon.colcon_core.verb:set package 'sensor_package' build argument 'ament_cmake_args' from command line to 'None'
[2.513s] Level 5:colcon.colcon_core.verb:set package 'sensor_package' build argument 'catkin_cmake_args' from command line to 'None'
[2.513s] Level 5:colcon.colcon_core.verb:set package 'sensor_package' build argument 'catkin_skip_building_tests' from command line to 'False'
[2.513s] DEBUG:colcon.colcon_core.verb:Building package 'sensor_package' with the following arguments: {'ament_cmake_args': None, 'build_base': '/workspaces/ROS_PointCloud_AGV/build/sensor_package', 'catkin_cmake_args': None, 'catkin_skip_building_tests': False, 'cmake_args': None, 'cmake_clean_cache': False, 'cmake_clean_first': False, 'cmake_force_configure': False, 'cmake_target': None, 'cmake_target_skip_unavailable': False, 'install_base': '/workspaces/ROS_PointCloud_AGV/install/sensor_package', 'merge_install': False, 'path': '/workspaces/ROS_PointCloud_AGV/src/sensor_package', 'symlink_install': False, 'test_result_base': None}
[2.514s] INFO:colcon.colcon_core.executor:Executing jobs using 'parallel' executor
[2.522s] DEBUG:colcon.colcon_parallel_executor.executor.parallel:run_until_complete
[2.526s] INFO:colcon.colcon_ros.task.ament_python.build:Building ROS package in '/workspaces/ROS_PointCloud_AGV/src/sensor_package' with build type 'ament_python'
[2.527s] Level 1:colcon.colcon_core.shell:create_environment_hook('sensor_package', 'ament_prefix_path')
[2.541s] INFO:colcon.colcon_core.plugin_system:Skipping extension 'colcon_core.shell.bat': Not used on non-Windows systems
[2.543s] INFO:colcon.colcon_core.shell:Creating environment hook '/workspaces/ROS_PointCloud_AGV/install/sensor_package/share/sensor_package/hook/ament_prefix_path.ps1'
[2.546s] INFO:colcon.colcon_core.shell:Creating environment descriptor '/workspaces/ROS_PointCloud_AGV/install/sensor_package/share/sensor_package/hook/ament_prefix_path.dsv'
[2.549s] INFO:colcon.colcon_core.shell:Creating environment hook '/workspaces/ROS_PointCloud_AGV/install/sensor_package/share/sensor_package/hook/ament_prefix_path.sh'
[2.553s] INFO:colcon.colcon_core.shell:Skip shell extension 'powershell' for command environment: Not usable outside of PowerShell
[2.553s] DEBUG:colcon.colcon_core.shell:Skip shell extension 'dsv' for command environment
[3.979s] INFO:colcon.colcon_core.task.python.build:Building Python package in '/workspaces/ROS_PointCloud_AGV/src/sensor_package'
[3.981s] INFO:colcon.colcon_core.shell:Skip shell extension 'powershell' for command environment: Not usable outside of PowerShell
[3.982s] DEBUG:colcon.colcon_core.shell:Skip shell extension 'dsv' for command environment
[6.172s] DEBUG:colcon.colcon_core.event_handler.log_command:Invoking command in '/workspaces/ROS_PointCloud_AGV/src/sensor_package': PYTHONPATH=/workspaces/ROS_PointCloud_AGV/build/sensor_package/prefix_override:/workspaces/ROS_PointCloud_AGV/install/sensor_package/lib/python3.6/site-packages:${PYTHONPATH} /usr/bin/python3 setup.py egg_info --egg-base ../../build/sensor_package build --build-base /workspaces/ROS_PointCloud_AGV/build/sensor_package/build install --record /workspaces/ROS_PointCloud_AGV/build/sensor_package/install.log --install-scripts $base/lib/sensor_package --single-version-externally-managed
[7.682s] DEBUG:colcon.colcon_core.event_handler.log_command:Invoked command in '/workspaces/ROS_PointCloud_AGV/src/sensor_package' returned '0': PYTHONPATH=/workspaces/ROS_PointCloud_AGV/build/sensor_package/prefix_override:/workspaces/ROS_PointCloud_AGV/install/sensor_package/lib/python3.6/site-packages:${PYTHONPATH} /usr/bin/python3 setup.py egg_info --egg-base ../../build/sensor_package build --build-base /workspaces/ROS_PointCloud_AGV/build/sensor_package/build install --record /workspaces/ROS_PointCloud_AGV/build/sensor_package/install.log --install-scripts $base/lib/sensor_package --single-version-externally-managed
[7.697s] Level 1:colcon.colcon_core.environment:checking '/workspaces/ROS_PointCloud_AGV/install/sensor_package' for CMake module files
[7.701s] Level 1:colcon.colcon_core.environment:checking '/workspaces/ROS_PointCloud_AGV/install/sensor_package' for CMake config files
[7.706s] Level 1:colcon.colcon_core.environment:checking '/workspaces/ROS_PointCloud_AGV/install/sensor_package/lib'
[7.707s] Level 1:colcon.colcon_core.environment:checking '/workspaces/ROS_PointCloud_AGV/install/sensor_package/bin'
[7.707s] Level 1:colcon.colcon_core.environment:checking '/workspaces/ROS_PointCloud_AGV/install/sensor_package/lib/pkgconfig/sensor_package.pc'
[7.708s] Level 1:colcon.colcon_core.environment:checking '/workspaces/ROS_PointCloud_AGV/install/sensor_package/lib/python3.6/site-packages'
[7.709s] Level 1:colcon.colcon_core.shell:create_environment_hook('sensor_package', 'pythonpath')
[7.710s] INFO:colcon.colcon_core.shell:Creating environment hook '/workspaces/ROS_PointCloud_AGV/install/sensor_package/share/sensor_package/hook/pythonpath.ps1'
[7.712s] INFO:colcon.colcon_core.shell:Creating environment descriptor '/workspaces/ROS_PointCloud_AGV/install/sensor_package/share/sensor_package/hook/pythonpath.dsv'
[7.714s] INFO:colcon.colcon_core.shell:Creating environment hook '/workspaces/ROS_PointCloud_AGV/install/sensor_package/share/sensor_package/hook/pythonpath.sh'
[7.716s] Level 1:colcon.colcon_core.environment:checking '/workspaces/ROS_PointCloud_AGV/install/sensor_package/bin'
[7.716s] Level 1:colcon.colcon_core.environment:create_environment_scripts_only(sensor_package)
[7.718s] INFO:colcon.colcon_core.shell:Creating package script '/workspaces/ROS_PointCloud_AGV/install/sensor_package/share/sensor_package/package.ps1'
[7.724s] INFO:colcon.colcon_core.shell:Creating package descriptor '/workspaces/ROS_PointCloud_AGV/install/sensor_package/share/sensor_package/package.dsv'
[7.728s] INFO:colcon.colcon_core.shell:Creating package script '/workspaces/ROS_PointCloud_AGV/install/sensor_package/share/sensor_package/package.sh'
[7.732s] INFO:colcon.colcon_core.shell:Creating package script '/workspaces/ROS_PointCloud_AGV/install/sensor_package/share/sensor_package/package.bash'
[7.737s] INFO:colcon.colcon_core.shell:Creating package script '/workspaces/ROS_PointCloud_AGV/install/sensor_package/share/sensor_package/package.zsh'
[7.741s] Level 1:colcon.colcon_core.environment:create_file_with_runtime_dependencies(/workspaces/ROS_PointCloud_AGV/install/sensor_package/share/colcon-core/packages/sensor_package)
[7.747s] DEBUG:colcon.colcon_parallel_executor.executor.parallel:closing loop
[7.748s] DEBUG:colcon.colcon_parallel_executor.executor.parallel:loop closed
[7.748s] DEBUG:colcon.colcon_parallel_executor.executor.parallel:run_until_complete finished with '0'
[7.749s] DEBUG:colcon.colcon_core.event_reactor:joining thread
[7.787s] INFO:colcon.colcon_core.plugin_system:Skipping extension 'colcon_notification.desktop_notification.notify_send': Could not find 'notify-send'
[7.787s] INFO:colcon.colcon_core.plugin_system:Skipping extension 'colcon_notification.desktop_notification.terminal_notifier': Not used on non-Darwin systems
[7.788s] INFO:colcon.colcon_core.plugin_system:Skipping extension 'colcon_notification.desktop_notification.win32': Not used on non-Windows systems
[7.788s] INFO:colcon.colcon_notification.desktop_notification:Sending desktop notification using 'notify2'
[7.789s] DEBUG:colcon.colcon_notification.desktop_notification.notify2:Failed to initialize notify2: org.freedesktop.DBus.Error.InvalidFileContent: D-Bus library appears to be incorrectly set up: see the manual page for dbus-uuidgen to correct this issue. (Failed to open "/var/lib/dbus/machine-id": No such file or directory; UUID file '/etc/machine-id' should contain a hex string of length 32, not length 0, with no other text)
[7.789s] DEBUG:colcon.colcon_core.event_reactor:joined thread
[7.791s] INFO:colcon.colcon_core.shell:Creating prefix script '/workspaces/ROS_PointCloud_AGV/install/local_setup.ps1'
[7.797s] INFO:colcon.colcon_core.shell:Creating prefix util module '/workspaces/ROS_PointCloud_AGV/install/_local_setup_util_ps1.py'
[7.807s] INFO:colcon.colcon_core.shell:Creating prefix chain script '/workspaces/ROS_PointCloud_AGV/install/setup.ps1'
[7.813s] INFO:colcon.colcon_core.shell:Creating prefix script '/workspaces/ROS_PointCloud_AGV/install/local_setup.sh'
[7.816s] INFO:colcon.colcon_core.shell:Creating prefix util module '/workspaces/ROS_PointCloud_AGV/install/_local_setup_util_sh.py'
[7.818s] INFO:colcon.colcon_core.shell:Creating prefix chain script '/workspaces/ROS_PointCloud_AGV/install/setup.sh'
[7.824s] INFO:colcon.colcon_core.shell:Creating prefix script '/workspaces/ROS_PointCloud_AGV/install/local_setup.bash'
[7.826s] INFO:colcon.colcon_core.shell:Creating prefix chain script '/workspaces/ROS_PointCloud_AGV/install/setup.bash'
[7.832s] INFO:colcon.colcon_core.shell:Creating prefix script '/workspaces/ROS_PointCloud_AGV/install/local_setup.zsh'
[7.836s] INFO:colcon.colcon_core.shell:Creating prefix chain script '/workspaces/ROS_PointCloud_AGV/install/setup.zsh'
