-- Using existing generated toolchain
-- Using toolchain file: /workspaces/ROS_PointCloud_AGV/build/depthai/generated/toolchain.cmake
-- [hunter] Initializing Hunter workspace (cb0ea1f74f4a2c49a807de34885743495fccccbe)
-- [hunter]   https://github.com/cpp-pm/hunter/archive/v0.23.322.tar.gz
-- [hunter]   -> /home/USERNAME/.hunter/_Base/Download/Hunter/0.23.322/cb0ea1f
-- [hunter] Calculating Toolchain-SHA1
-- [hunter] Calculating Config-SHA1
-- [hunter] HUNTER_ROOT: /home/USERNAME/.hunter
-- [hunter] [ Hunter-ID: cb0ea1f | Toolchain-ID: 08f9145 | Config-ID: 15c0458 ]
-- [hunter] NLOHMANN_JSON_ROOT: /home/USERNAME/.hunter/_Base/cb0ea1f/08f9145/15c0458/Install (ver.: 3.9.1)
-- [hunter] Building nlohmann_json
loading initial cache file /home/USERNAME/.hunter/_Base/cb0ea1f/08f9145/15c0458/cache.cmake
loading initial cache file /home/USERNAME/.hunter/_Base/cb0ea1f/08f9145/15c0458/Build/nlohmann_json/args.cmake
-- The C compiler identification is GNU 7.5.0
-- The CXX compiler identification is GNU 7.5.0
-- Check for working C compiler: /usr/bin/cc - skipped
-- Detecting C compile features
-- Detecting C compile features - done
-- Check for working CXX compiler: /usr/bin/c++ - skipped
-- Detecting CXX compile features
-- Detecting CXX compile features - done
-- Configuring done (0.7s)
-- Generating done (0.0s)
-- Build files have been written to: /home/USERNAME/.hunter/_Base/cb0ea1f/08f9145/15c0458/Build/nlohmann_json/Build
[ 12%] Creating directories for 'nlohmann_json-Release'
[ 25%] Performing download step (download, verify and extract) for 'nlohmann_json-Release'
-- Downloading...
   dst='/home/USERNAME/.hunter/_Base/Download/nlohmann_json/3.9.1/f8a20a7/v3.9.1.tar.gz'
   timeout='none'
   inactivity timeout='none'
-- Using src='https://github.com/nlohmann/json/archive/v3.9.1.tar.gz'
-- [download 0% complete]
-- [download 1% complete]
-- [download 2% complete]
-- [download 3% complete]
-- [download 5% complete]
-- [download 6% complete]
-- [download 7% complete]
-- [download 14% complete]
-- [download 27% complete]
-- [download 51% complete]
-- [download 75% complete]
-- [download 95% complete]
-- [download 100% complete]
-- verifying file...
       file='/home/USERNAME/.hunter/_Base/Download/nlohmann_json/3.9.1/f8a20a7/v3.9.1.tar.gz'
-- Downloading... done
-- extracting...
     src='/home/USERNAME/.hunter/_Base/Download/nlohmann_json/3.9.1/f8a20a7/v3.9.1.tar.gz'
     dst='/home/USERNAME/.hunter/_Base/cb0ea1f/08f9145/15c0458/Build/nlohmann_json/Source'
-- extracting... [tar xfz]
-- extracting... [analysis]
-- extracting... [rename]
-- extracting... [clean up]
-- extracting... done
[ 37%] No update step for 'nlohmann_json-Release'
[ 50%] No patch step for 'nlohmann_json-Release'
[ 62%] Performing configure step for 'nlohmann_json-Release'
loading initial cache file /home/USERNAME/.hunter/_Base/cb0ea1f/08f9145/15c0458/cache.cmake
loading initial cache file /home/USERNAME/.hunter/_Base/cb0ea1f/08f9145/15c0458/Build/nlohmann_json/args.cmake
-- The CXX compiler identification is GNU 7.5.0
-- Check for working CXX compiler: /usr/bin/c++ - skipped
-- Detecting CXX compile features
-- Detecting CXX compile features - done
-- Using the single-header code from /home/USERNAME/.hunter/_Base/cb0ea1f/08f9145/15c0458/Build/nlohmann_json/Source/single_include/
-- Configuring done (0.3s)
-- Generating done (0.1s)
-- Build files have been written to: /home/USERNAME/.hunter/_Base/cb0ea1f/08f9145/15c0458/Build/nlohmann_json/Build/nlohmann_json-Release-prefix/src/nlohmann_json-Release-build
[ 75%] Performing build step for 'nlohmann_json-Release'
[ 87%] Performing install step for 'nlohmann_json-Release'
Install the project...
-- Install configuration: "Release"
-- Installing: /home/USERNAME/.hunter/_Base/cb0ea1f/08f9145/15c0458/Build/nlohmann_json/Install/include
-- Installing: /home/USERNAME/.hunter/_Base/cb0ea1f/08f9145/15c0458/Build/nlohmann_json/Install/include/nlohmann
-- Installing: /home/USERNAME/.hunter/_Base/cb0ea1f/08f9145/15c0458/Build/nlohmann_json/Install/include/nlohmann/json.hpp
-- Installing: /home/USERNAME/.hunter/_Base/cb0ea1f/08f9145/15c0458/Build/nlohmann_json/Install/lib/cmake/nlohmann_json/nlohmann_jsonConfig.cmake
-- Installing: /home/USERNAME/.hunter/_Base/cb0ea1f/08f9145/15c0458/Build/nlohmann_json/Install/lib/cmake/nlohmann_json/nlohmann_jsonConfigVersion.cmake
-- Installing: /home/USERNAME/.hunter/_Base/cb0ea1f/08f9145/15c0458/Build/nlohmann_json/Install/lib/cmake/nlohmann_json/nlohmann_jsonTargets.cmake
-- Installing: /home/USERNAME/.hunter/_Base/cb0ea1f/08f9145/15c0458/Build/nlohmann_json/Install/lib/pkgconfig/nlohmann_json.pc
loading initial cache file /home/USERNAME/.hunter/_Base/cb0ea1f/08f9145/15c0458/Build/nlohmann_json/args.cmake
[100%] Completed 'nlohmann_json-Release'
[100%] Built target nlohmann_json-Release
-- [hunter] Build step successful (dir: /home/USERNAME/.hunter/_Base/cb0ea1f/08f9145/15c0458/Build/nlohmann_json)
-- [hunter] Cache saved: /home/USERNAME/.hunter/_Base/Cache/raw/2c6c2d12dbe891a2ff9247b422d66f39162dbb82.tar.bz2
-- [hunter] XLINK_ROOT: /home/USERNAME/.hunter/_Base/cb0ea1f/08f9145/15c0458/Install (ver.: luxonis-2021.4.2-develop)
-- [hunter] Building XLink
loading initial cache file /home/USERNAME/.hunter/_Base/cb0ea1f/08f9145/15c0458/cache.cmake
loading initial cache file /home/USERNAME/.hunter/_Base/cb0ea1f/08f9145/15c0458/Build/XLink/args.cmake
-- The C compiler identification is GNU 7.5.0
-- The CXX compiler identification is GNU 7.5.0
-- Check for working C compiler: /usr/bin/cc - skipped
-- Detecting C compile features
-- Detecting C compile features - done
-- Check for working CXX compiler: /usr/bin/c++ - skipped
-- Detecting CXX compile features
-- Detecting CXX compile features - done
-- Configuring done (0.7s)
-- Generating done (0.0s)
-- Build files have been written to: /home/USERNAME/.hunter/_Base/cb0ea1f/08f9145/15c0458/Build/XLink/Build
[ 12%] Creating directories for 'XLink-Release'
[ 25%] Performing download step (download, verify and extract) for 'XLink-Release'
-- Downloading...
   dst='/home/USERNAME/.hunter/_Base/Download/XLink/luxonis-2021.4.2-develop/52935b6/c940feaf9321f06a7d9660f28e686a9718135f38.tar.gz'
   timeout='none'
   inactivity timeout='none'
-- Using src='https://github.com/luxonis/XLink/archive/c940feaf9321f06a7d9660f28e686a9718135f38.tar.gz'
-- verifying file...
       file='/home/USERNAME/.hunter/_Base/Download/XLink/luxonis-2021.4.2-develop/52935b6/c940feaf9321f06a7d9660f28e686a9718135f38.tar.gz'
-- Downloading... done
-- extracting...
     src='/home/USERNAME/.hunter/_Base/Download/XLink/luxonis-2021.4.2-develop/52935b6/c940feaf9321f06a7d9660f28e686a9718135f38.tar.gz'
     dst='/home/USERNAME/.hunter/_Base/cb0ea1f/08f9145/15c0458/Build/XLink/Source'
-- extracting... [tar xfz]
-- extracting... [analysis]
-- extracting... [rename]
-- extracting... [clean up]
-- extracting... done
[ 37%] No update step for 'XLink-Release'
[ 50%] No patch step for 'XLink-Release'
[ 62%] Performing configure step for 'XLink-Release'
loading initial cache file /home/USERNAME/.hunter/_Base/cb0ea1f/08f9145/15c0458/cache.cmake
loading initial cache file /home/USERNAME/.hunter/_Base/cb0ea1f/08f9145/15c0458/Build/XLink/args.cmake
-- The C compiler identification is GNU 7.5.0
-- The CXX compiler identification is GNU 7.5.0
-- Check for working C compiler: /usr/bin/cc - skipped
-- Detecting C compile features
-- Detecting C compile features - done
-- Check for working CXX compiler: /usr/bin/c++ - skipped
-- Detecting CXX compile features
-- Detecting CXX compile features - done
-- Configuring XLink with the following options:
--   XLINK_BUILD_EXAMPLES: OFF
--   XLINK_BUILD_TESTS: OFF
--   XLINK_ENABLE_LIBUSB: ON
--     XLINK_LIBUSB_LOCAL: 
--     XLINK_LIBUSB_SYSTEM: OFF
-- Performing Test FLAG_-Werror=switch-enum
-- Performing Test FLAG_-Werror=switch-enum - Success
-- [hunter] HUNTER_ROOT: /home/USERNAME/.hunter
-- [hunter] [ Hunter-ID: cb0ea1f | Toolchain-ID: 08f9145 | Config-ID: 15c0458 ]
-- [hunter] LIBUSB-LUXONIS_ROOT: /home/USERNAME/.hunter/_Base/cb0ea1f/08f9145/15c0458/Install (ver.: 1.0.24-cmake)
-- [hunter] Building libusb-luxonis
loading initial cache file /home/USERNAME/.hunter/_Base/cb0ea1f/08f9145/15c0458/cache.cmake
loading initial cache file /home/USERNAME/.hunter/_Base/cb0ea1f/08f9145/15c0458/Build/libusb-luxonis/args.cmake
-- The C compiler identification is GNU 7.5.0
-- The CXX compiler identification is GNU 7.5.0
-- Check for working C compiler: /usr/bin/cc - skipped
-- Detecting C compile features
-- Detecting C compile features - done
-- Check for working CXX compiler: /usr/bin/c++ - skipped
-- Detecting CXX compile features
-- Detecting CXX compile features - done
-- Configuring done (0.6s)
-- Generating done (0.0s)
-- Build files have been written to: /home/USERNAME/.hunter/_Base/cb0ea1f/08f9145/15c0458/Build/libusb-luxonis/Build
make[3]: Entering directory '/home/USERNAME/.hunter/_Base/cb0ea1f/08f9145/15c0458/Build/libusb-luxonis/Build'
make[4]: Entering directory '/home/USERNAME/.hunter/_Base/cb0ea1f/08f9145/15c0458/Build/libusb-luxonis/Build'
make[5]: Entering directory '/home/USERNAME/.hunter/_Base/cb0ea1f/08f9145/15c0458/Build/libusb-luxonis/Build'
make[5]: Leaving directory '/home/USERNAME/.hunter/_Base/cb0ea1f/08f9145/15c0458/Build/libusb-luxonis/Build'
make[5]: Entering directory '/home/USERNAME/.hunter/_Base/cb0ea1f/08f9145/15c0458/Build/libusb-luxonis/Build'
[ 12%] Creating directories for 'libusb-luxonis-Release'
[ 25%] Performing download step (download, verify and extract) for 'libusb-luxonis-Release'
-- Downloading...
   dst='/home/USERNAME/.hunter/_Base/Download/libusb-luxonis/1.0.24-cmake/2d79573/b7e4548958325b18feb73977163ad44398099534.tar.gz'
   timeout='none'
   inactivity timeout='none'
-- Using src='https://github.com/luxonis/libusb/archive/b7e4548958325b18feb73977163ad44398099534.tar.gz'
-- verifying file...
       file='/home/USERNAME/.hunter/_Base/Download/libusb-luxonis/1.0.24-cmake/2d79573/b7e4548958325b18feb73977163ad44398099534.tar.gz'
-- Downloading... done
-- extracting...
     src='/home/USERNAME/.hunter/_Base/Download/libusb-luxonis/1.0.24-cmake/2d79573/b7e4548958325b18feb73977163ad44398099534.tar.gz'
     dst='/home/USERNAME/.hunter/_Base/cb0ea1f/08f9145/15c0458/Build/libusb-luxonis/Source'
-- extracting... [tar xfz]
-- extracting... [analysis]
-- extracting... [rename]
-- extracting... [clean up]
-- extracting... done
[ 37%] No update step for 'libusb-luxonis-Release'
[ 50%] No patch step for 'libusb-luxonis-Release'
[ 62%] Performing configure step for 'libusb-luxonis-Release'
loading initial cache file /home/USERNAME/.hunter/_Base/cb0ea1f/08f9145/15c0458/cache.cmake
loading initial cache file /home/USERNAME/.hunter/_Base/cb0ea1f/08f9145/15c0458/Build/libusb-luxonis/args.cmake
-- The C compiler identification is GNU 7.5.0
-- The CXX compiler identification is GNU 7.5.0
-- Check for working C compiler: /usr/bin/cc - skipped
-- Detecting C compile features
-- Detecting C compile features - done
-- Check for working CXX compiler: /usr/bin/c++ - skipped
-- Detecting CXX compile features
-- Detecting CXX compile features - done
-- Performing Test HAVE_NFDS_T
-- Performing Test HAVE_NFDS_T - Success
-- Looking for pipe2
-- Looking for pipe2 - found
-- Looking for clock_gettime
-- Looking for clock_gettime - found
-- Looking for CLOCK_MONOTONIC
-- Looking for CLOCK_MONOTONIC - found
-- Looking for pthread_condattr_setclock
-- Looking for pthread_condattr_setclock - not found
-- Looking for pthread_setname_np
-- Looking for pthread_setname_np - not found
-- Looking for asm/types.h
-- Looking for asm/types.h - found
-- Looking for linux/netlink.h
-- Looking for linux/netlink.h - found
-- Looking for sys/socket.h
-- Looking for sys/socket.h - found
-- Performing Test HAVE_SYS_TIME_H
-- Performing Test HAVE_SYS_TIME_H - Success
-- Looking for sys/eventfd.h
-- Looking for sys/eventfd.h - found
-- Looking for EFD_NONBLOCK
-- Looking for EFD_NONBLOCK - found
-- Looking for EFD_CLOEXEC
-- Looking for EFD_CLOEXEC - found
-- Looking for eventfd
-- Looking for eventfd - found
-- Looking for sys/timerfd.h
-- Looking for sys/timerfd.h - found
-- Looking for TFD_NONBLOCK
-- Looking for TFD_NONBLOCK - found
-- Looking for TFD_CLOEXEC
-- Looking for TFD_CLOEXEC - found
-- Looking for timerfd_create
-- Looking for timerfd_create - found
-- Configuring done (4.6s)
-- Generating done (0.0s)
-- Build files have been written to: /home/USERNAME/.hunter/_Base/cb0ea1f/08f9145/15c0458/Build/libusb-luxonis/Build/libusb-luxonis-Release-prefix/src/libusb-luxonis-Release-build
[ 75%] Performing build step for 'libusb-luxonis-Release'
make[6]: Entering directory '/home/USERNAME/.hunter/_Base/cb0ea1f/08f9145/15c0458/Build/libusb-luxonis/Build/libusb-luxonis-Release-prefix/src/libusb-luxonis-Release-build'
make[7]: Entering directory '/home/USERNAME/.hunter/_Base/cb0ea1f/08f9145/15c0458/Build/libusb-luxonis/Build/libusb-luxonis-Release-prefix/src/libusb-luxonis-Release-build'
make[8]: Entering directory '/home/USERNAME/.hunter/_Base/cb0ea1f/08f9145/15c0458/Build/libusb-luxonis/Build/libusb-luxonis-Release-prefix/src/libusb-luxonis-Release-build'
make[8]: Leaving directory '/home/USERNAME/.hunter/_Base/cb0ea1f/08f9145/15c0458/Build/libusb-luxonis/Build/libusb-luxonis-Release-prefix/src/libusb-luxonis-Release-build'
make[8]: Entering directory '/home/USERNAME/.hunter/_Base/cb0ea1f/08f9145/15c0458/Build/libusb-luxonis/Build/libusb-luxonis-Release-prefix/src/libusb-luxonis-Release-build'
[ 18%] Building C object CMakeFiles/usb-1.0.dir/libusb/descriptor.c.o
[ 18%] Building C object CMakeFiles/usb-1.0.dir/libusb/hotplug.c.o
[ 27%] Building C object CMakeFiles/usb-1.0.dir/libusb/core.c.o
[ 36%] Building C object CMakeFiles/usb-1.0.dir/libusb/io.c.o
[ 45%] Building C object CMakeFiles/usb-1.0.dir/libusb/strerror.c.o
[ 54%] Building C object CMakeFiles/usb-1.0.dir/libusb/sync.c.o
[ 63%] Building C object CMakeFiles/usb-1.0.dir/libusb/os/events_posix.c.o
[ 72%] Building C object CMakeFiles/usb-1.0.dir/libusb/os/threads_posix.c.o
[ 81%] Building C object CMakeFiles/usb-1.0.dir/libusb/os/linux_netlink.c.o
[ 90%] Building C object CMakeFiles/usb-1.0.dir/libusb/os/linux_usbfs.c.o
[100%] Linking C shared library libusb-1.0.so
make[8]: Leaving directory '/home/USERNAME/.hunter/_Base/cb0ea1f/08f9145/15c0458/Build/libusb-luxonis/Build/libusb-luxonis-Release-prefix/src/libusb-luxonis-Release-build'
[100%] Built target usb-1.0
make[7]: Leaving directory '/home/USERNAME/.hunter/_Base/cb0ea1f/08f9145/15c0458/Build/libusb-luxonis/Build/libusb-luxonis-Release-prefix/src/libusb-luxonis-Release-build'
make[6]: Leaving directory '/home/USERNAME/.hunter/_Base/cb0ea1f/08f9145/15c0458/Build/libusb-luxonis/Build/libusb-luxonis-Release-prefix/src/libusb-luxonis-Release-build'
[ 87%] Performing install step for 'libusb-luxonis-Release'
make[6]: Entering directory '/home/USERNAME/.hunter/_Base/cb0ea1f/08f9145/15c0458/Build/libusb-luxonis/Build/libusb-luxonis-Release-prefix/src/libusb-luxonis-Release-build'
make[7]: Entering directory '/home/USERNAME/.hunter/_Base/cb0ea1f/08f9145/15c0458/Build/libusb-luxonis/Build/libusb-luxonis-Release-prefix/src/libusb-luxonis-Release-build'
make[8]: Entering directory '/home/USERNAME/.hunter/_Base/cb0ea1f/08f9145/15c0458/Build/libusb-luxonis/Build/libusb-luxonis-Release-prefix/src/libusb-luxonis-Release-build'
make[8]: Leaving directory '/home/USERNAME/.hunter/_Base/cb0ea1f/08f9145/15c0458/Build/libusb-luxonis/Build/libusb-luxonis-Release-prefix/src/libusb-luxonis-Release-build'
[100%] Built target usb-1.0
make[7]: Leaving directory '/home/USERNAME/.hunter/_Base/cb0ea1f/08f9145/15c0458/Build/libusb-luxonis/Build/libusb-luxonis-Release-prefix/src/libusb-luxonis-Release-build'
Install the project...
-- Install configuration: "Release"
-- Installing: /home/USERNAME/.hunter/_Base/cb0ea1f/08f9145/15c0458/Build/libusb-luxonis/Install/lib/libusb-1.0.so
-- Installing: /home/USERNAME/.hunter/_Base/cb0ea1f/08f9145/15c0458/Build/libusb-luxonis/Install/include/libusb-1.0/libusb.h
-- Installing: /home/USERNAME/.hunter/_Base/cb0ea1f/08f9145/15c0458/Build/libusb-luxonis/Install/lib/cmake/usb-1.0/usb-1.0Config.cmake
-- Installing: /home/USERNAME/.hunter/_Base/cb0ea1f/08f9145/15c0458/Build/libusb-luxonis/Install/lib/cmake/usb-1.0/usb-1.0Config-release.cmake
make[6]: Leaving directory '/home/USERNAME/.hunter/_Base/cb0ea1f/08f9145/15c0458/Build/libusb-luxonis/Build/libusb-luxonis-Release-prefix/src/libusb-luxonis-Release-build'
loading initial cache file /home/USERNAME/.hunter/_Base/cb0ea1f/08f9145/15c0458/Build/libusb-luxonis/args.cmake
[100%] Completed 'libusb-luxonis-Release'
make[5]: Leaving directory '/home/USERNAME/.hunter/_Base/cb0ea1f/08f9145/15c0458/Build/libusb-luxonis/Build'
[100%] Built target libusb-luxonis-Release
make[4]: Leaving directory '/home/USERNAME/.hunter/_Base/cb0ea1f/08f9145/15c0458/Build/libusb-luxonis/Build'
make[3]: Leaving directory '/home/USERNAME/.hunter/_Base/cb0ea1f/08f9145/15c0458/Build/libusb-luxonis/Build'
-- [hunter] Build step successful (dir: /home/USERNAME/.hunter/_Base/cb0ea1f/08f9145/15c0458/Build/libusb-luxonis)
-- [hunter] Cache saved: /home/USERNAME/.hunter/_Base/Cache/raw/04ff9cec32f853e27f2818f8444601a8ed7a6044.tar.bz2
-- Performing Test CMAKE_HAVE_LIBC_PTHREAD
-- Performing Test CMAKE_HAVE_LIBC_PTHREAD - Failed
-- Looking for pthread_create in pthreads
-- Looking for pthread_create in pthreads - not found
-- Looking for pthread_create in pthread
-- Looking for pthread_create in pthread - found
-- Found Threads: TRUE  
-- Performing Test FLAG_-Wformat=2
-- Performing Test FLAG_-Wformat=2 - Success
-- Performing Test FLAG_-Wmisleading-indentation
-- Performing Test FLAG_-Wmisleading-indentation - Success
-- Performing Test FLAG_-Wduplicated-cond
-- Performing Test FLAG_-Wduplicated-cond - Success
-- Performing Test FLAG_-Wduplicated-branches
-- Performing Test FLAG_-Wduplicated-branches - Success
-- Performing Test FLAG_-Wnull-dereference
-- Performing Test FLAG_-Wnull-dereference - Success
-- Performing Test FLAG_-Wsign-compare
-- Performing Test FLAG_-Wsign-compare - Success
-- Performing Test FLAG_-Wtype-limits
-- Performing Test FLAG_-Wtype-limits - Success
-- Performing Test FLAG_-Wno-unused-command-line-argument
-- Performing Test FLAG_-Wno-unused-command-line-argument - Failed
-- Performing Test FLAG_-Wno-unused-parameter
-- Performing Test FLAG_-Wno-unused-parameter - Success
-- Performing Test FLAG_-Wno-format-nonliteral
-- Performing Test FLAG_-Wno-format-nonliteral - Success
-- Performing Test FLAG_-Wno-gnu-zero-variadic-macro-arguments
-- Performing Test FLAG_-Wno-gnu-zero-variadic-macro-arguments - Failed
-- Performing Test FLAG_-Werror=self-assign-field
-- Performing Test FLAG_-Werror=self-assign-field - Failed
-- Performing Test FLAG_-Werror=unused-lambda-capture
-- Performing Test FLAG_-Werror=unused-lambda-capture - Failed
-- Performing Test FLAG_-Werror=return-type
-- Performing Test FLAG_-Werror=return-type - Success
-- Performing Test FLAG_-Werror=sign-compare
-- Performing Test FLAG_-Werror=sign-compare - Success
-- Looking for pthread_getname_np
-- Looking for pthread_getname_np - found
-- Configuring done (18.2s)
-- Generating done (0.0s)
-- Build files have been written to: /home/USERNAME/.hunter/_Base/cb0ea1f/08f9145/15c0458/Build/XLink/Build/XLink-Release-prefix/src/XLink-Release-build
[ 75%] Performing build step for 'XLink-Release'
[  8%] Building C object CMakeFiles/XLink.dir/src/pc/PlatformDeviceControl.c.o
[  8%] Building C object CMakeFiles/XLink.dir/src/pc/PlatformData.c.o
[ 13%] Building C object CMakeFiles/XLink.dir/src/pc/PlatformDeviceSearch.c.o
[ 17%] Building CXX object CMakeFiles/XLink.dir/src/pc/PlatformDeviceFd.cpp.o
[ 21%] Building CXX object CMakeFiles/XLink.dir/src/pc/PlatformDeviceSearchDynamic.cpp.o
[ 26%] Building CXX object CMakeFiles/XLink.dir/src/pc/ProtocolManager.cpp.o
[ 30%] Building C object CMakeFiles/XLink.dir/src/pc/protocols/pcie_host.c.o
[ 34%] Building CXX object CMakeFiles/XLink.dir/src/pc/protocols/tcpip_host.cpp.o
[ 39%] Building CXX object CMakeFiles/XLink.dir/src/pc/protocols/usb_host.cpp.o
[ 43%] Building CXX object CMakeFiles/XLink.dir/src/pc/protocols/usb_mx_id.cpp.o
[ 47%] Building C object CMakeFiles/XLink.dir/src/shared/XLinkData.c.o
[ 52%] Building C object CMakeFiles/XLink.dir/src/shared/XLinkDevice.c.o
[ 56%] Building C object CMakeFiles/XLink.dir/src/shared/XLinkDispatcher.c.o
[ 60%] Building C object CMakeFiles/XLink.dir/src/shared/XLinkDispatcherImpl.c.o
[ 65%] Building C object CMakeFiles/XLink.dir/src/shared/XLinkLog.c.o
[ 69%] Building C object CMakeFiles/XLink.dir/src/shared/XLinkPrivateDefines.c.o
[ 73%] Building C object CMakeFiles/XLink.dir/src/shared/XLinkPrivateFields.c.o
[ 78%] Building C object CMakeFiles/XLink.dir/src/shared/XLinkSemaphore.c.o
[ 82%] Building C object CMakeFiles/XLink.dir/src/shared/XLinkStream.c.o
[ 86%] Building C object CMakeFiles/XLink.dir/src/shared/XLinkStringUtils.c.o
[ 91%] Building CXX object CMakeFiles/XLink.dir/src/shared/XLinkAssertions.cpp.o
[ 95%] Building CXX object CMakeFiles/XLink.dir/src/shared/XLinkTime.cpp.o
[100%] Linking CXX static library libXLink.a
[100%] Built target XLink
[ 87%] Performing install step for 'XLink-Release'
[100%] Built target XLink
Install the project...
-- Install configuration: "Release"
-- Installing: /home/USERNAME/.hunter/_Base/cb0ea1f/08f9145/15c0458/Build/XLink/Install/lib/libXLink.a
-- Installing: /home/USERNAME/.hunter/_Base/cb0ea1f/08f9145/15c0458/Build/XLink/Install/include
-- Installing: /home/USERNAME/.hunter/_Base/cb0ea1f/08f9145/15c0458/Build/XLink/Install/include/XLink
-- Installing: /home/USERNAME/.hunter/_Base/cb0ea1f/08f9145/15c0458/Build/XLink/Install/include/XLink/XLinkVersion.h
-- Installing: /home/USERNAME/.hunter/_Base/cb0ea1f/08f9145/15c0458/Build/XLink/Install/include/XLink/XLinkDispatcherImpl.h
-- Installing: /home/USERNAME/.hunter/_Base/cb0ea1f/08f9145/15c0458/Build/XLink/Install/include/XLink/XLink.h
-- Installing: /home/USERNAME/.hunter/_Base/cb0ea1f/08f9145/15c0458/Build/XLink/Install/include/XLink/XLinkMacros.h
-- Installing: /home/USERNAME/.hunter/_Base/cb0ea1f/08f9145/15c0458/Build/XLink/Install/include/XLink/XLinkPrivateDefines.h
-- Installing: /home/USERNAME/.hunter/_Base/cb0ea1f/08f9145/15c0458/Build/XLink/Install/include/XLink/XLinkPlatform.h
-- Installing: /home/USERNAME/.hunter/_Base/cb0ea1f/08f9145/15c0458/Build/XLink/Install/include/XLink/XLinkStream.h
-- Installing: /home/USERNAME/.hunter/_Base/cb0ea1f/08f9145/15c0458/Build/XLink/Install/include/XLink/XLinkPrivateFields.h
-- Installing: /home/USERNAME/.hunter/_Base/cb0ea1f/08f9145/15c0458/Build/XLink/Install/include/XLink/XLinkPlatformErrorUtils.h
-- Installing: /home/USERNAME/.hunter/_Base/cb0ea1f/08f9145/15c0458/Build/XLink/Install/include/XLink/XLinkStringUtils.h
-- Installing: /home/USERNAME/.hunter/_Base/cb0ea1f/08f9145/15c0458/Build/XLink/Install/include/XLink/XLinkLog.h
-- Installing: /home/USERNAME/.hunter/_Base/cb0ea1f/08f9145/15c0458/Build/XLink/Install/include/XLink/XLinkErrorUtils.h
-- Installing: /home/USERNAME/.hunter/_Base/cb0ea1f/08f9145/15c0458/Build/XLink/Install/include/XLink/XLinkSemaphore.h
-- Installing: /home/USERNAME/.hunter/_Base/cb0ea1f/08f9145/15c0458/Build/XLink/Install/include/XLink/XLinkPublicDefines.h
-- Installing: /home/USERNAME/.hunter/_Base/cb0ea1f/08f9145/15c0458/Build/XLink/Install/include/XLink/XLinkDispatcher.h
-- Installing: /home/USERNAME/.hunter/_Base/cb0ea1f/08f9145/15c0458/Build/XLink/Install/include/XLink/XLinkTime.h
-- Installing: /home/USERNAME/.hunter/_Base/cb0ea1f/08f9145/15c0458/Build/XLink/Install/lib/cmake/XLink/dependencies
-- Installing: /home/USERNAME/.hunter/_Base/cb0ea1f/08f9145/15c0458/Build/XLink/Install/lib/cmake/XLink/dependencies/include
-- Installing: /home/USERNAME/.hunter/_Base/cb0ea1f/08f9145/15c0458/Build/XLink/Install/lib/cmake/XLink/dependencies/include/libusb-1.0
-- Installing: /home/USERNAME/.hunter/_Base/cb0ea1f/08f9145/15c0458/Build/XLink/Install/lib/cmake/XLink/dependencies/include/libusb-1.0/libusb.h
-- Installing: /home/USERNAME/.hunter/_Base/cb0ea1f/08f9145/15c0458/Build/XLink/Install/lib/cmake/XLink/dependencies/include/nlohmann
-- Installing: /home/USERNAME/.hunter/_Base/cb0ea1f/08f9145/15c0458/Build/XLink/Install/lib/cmake/XLink/dependencies/include/nlohmann/json.hpp
-- Installing: /home/USERNAME/.hunter/_Base/cb0ea1f/08f9145/15c0458/Build/XLink/Install/lib/cmake/XLink/dependencies/licenses
-- Installing: /home/USERNAME/.hunter/_Base/cb0ea1f/08f9145/15c0458/Build/XLink/Install/lib/cmake/XLink/dependencies/licenses/nlohmann_json
-- Installing: /home/USERNAME/.hunter/_Base/cb0ea1f/08f9145/15c0458/Build/XLink/Install/lib/cmake/XLink/dependencies/licenses/nlohmann_json/LICENSE.MIT
-- Installing: /home/USERNAME/.hunter/_Base/cb0ea1f/08f9145/15c0458/Build/XLink/Install/lib/cmake/XLink/dependencies/licenses/libusb-luxonis
-- Installing: /home/USERNAME/.hunter/_Base/cb0ea1f/08f9145/15c0458/Build/XLink/Install/lib/cmake/XLink/dependencies/licenses/libusb-luxonis/COPYING
-- Installing: /home/USERNAME/.hunter/_Base/cb0ea1f/08f9145/15c0458/Build/XLink/Install/lib/cmake/XLink/dependencies/lib
-- Installing: /home/USERNAME/.hunter/_Base/cb0ea1f/08f9145/15c0458/Build/XLink/Install/lib/cmake/XLink/dependencies/lib/libusb-1.0.so
-- Installing: /home/USERNAME/.hunter/_Base/cb0ea1f/08f9145/15c0458/Build/XLink/Install/lib/cmake/XLink/dependencies/lib/cmake
-- Installing: /home/USERNAME/.hunter/_Base/cb0ea1f/08f9145/15c0458/Build/XLink/Install/lib/cmake/XLink/dependencies/lib/cmake/nlohmann_json
-- Installing: /home/USERNAME/.hunter/_Base/cb0ea1f/08f9145/15c0458/Build/XLink/Install/lib/cmake/XLink/dependencies/lib/cmake/nlohmann_json/nlohmann_jsonConfig.cmake
-- Installing: /home/USERNAME/.hunter/_Base/cb0ea1f/08f9145/15c0458/Build/XLink/Install/lib/cmake/XLink/dependencies/lib/cmake/nlohmann_json/nlohmann_jsonConfigVersion.cmake
-- Installing: /home/USERNAME/.hunter/_Base/cb0ea1f/08f9145/15c0458/Build/XLink/Install/lib/cmake/XLink/dependencies/lib/cmake/nlohmann_json/nlohmann_jsonTargets.cmake
-- Installing: /home/USERNAME/.hunter/_Base/cb0ea1f/08f9145/15c0458/Build/XLink/Install/lib/cmake/XLink/dependencies/lib/cmake/usb-1.0
-- Installing: /home/USERNAME/.hunter/_Base/cb0ea1f/08f9145/15c0458/Build/XLink/Install/lib/cmake/XLink/dependencies/lib/cmake/usb-1.0/usb-1.0Config-release.cmake
-- Installing: /home/USERNAME/.hunter/_Base/cb0ea1f/08f9145/15c0458/Build/XLink/Install/lib/cmake/XLink/dependencies/lib/cmake/usb-1.0/usb-1.0Config.cmake
-- Installing: /home/USERNAME/.hunter/_Base/cb0ea1f/08f9145/15c0458/Build/XLink/Install/lib/cmake/XLink/dependencies/lib/pkgconfig
-- Installing: /home/USERNAME/.hunter/_Base/cb0ea1f/08f9145/15c0458/Build/XLink/Install/lib/cmake/XLink/dependencies/lib/pkgconfig/nlohmann_json.pc
-- Installing: /home/USERNAME/.hunter/_Base/cb0ea1f/08f9145/15c0458/Build/XLink/Install/lib/cmake/XLink/XLinkTargets.cmake
-- Installing: /home/USERNAME/.hunter/_Base/cb0ea1f/08f9145/15c0458/Build/XLink/Install/lib/cmake/XLink/XLinkTargets-release.cmake
-- Installing: /home/USERNAME/.hunter/_Base/cb0ea1f/08f9145/15c0458/Build/XLink/Install/lib/cmake/XLink/XLinkConfig.cmake
-- Installing: /home/USERNAME/.hunter/_Base/cb0ea1f/08f9145/15c0458/Build/XLink/Install/lib/cmake/XLink/XLinkDependencies.cmake
loading initial cache file /home/USERNAME/.hunter/_Base/cb0ea1f/08f9145/15c0458/Build/XLink/args.cmake
[100%] Completed 'XLink-Release'
[100%] Built target XLink-Release
-- [hunter] Build step successful (dir: /home/USERNAME/.hunter/_Base/cb0ea1f/08f9145/15c0458/Build/XLink)
-- [hunter] Cache saved: /home/USERNAME/.hunter/_Base/Cache/raw/b58d617430adf53b7f14f635565f16f639a9fc54.tar.bz2
-- [hunter] BZIP2_ROOT: /home/USERNAME/.hunter/_Base/cb0ea1f/08f9145/15c0458/Install (ver.: 1.0.8-p0)
-- [hunter] Building BZip2
loading initial cache file /home/USERNAME/.hunter/_Base/cb0ea1f/08f9145/15c0458/cache.cmake
loading initial cache file /home/USERNAME/.hunter/_Base/cb0ea1f/08f9145/15c0458/Build/BZip2/args.cmake
-- The C compiler identification is GNU 7.5.0
-- The CXX compiler identification is GNU 7.5.0
-- Check for working C compiler: /usr/bin/cc - skipped
-- Detecting C compile features
-- Detecting C compile features - done
-- Check for working CXX compiler: /usr/bin/c++ - skipped
-- Detecting CXX compile features
-- Detecting CXX compile features - done
-- Configuring done (0.6s)
-- Generating done (0.0s)
-- Build files have been written to: /home/USERNAME/.hunter/_Base/cb0ea1f/08f9145/15c0458/Build/BZip2/Build
[ 12%] Creating directories for 'BZip2-Release'
[ 25%] Performing download step (download, verify and extract) for 'BZip2-Release'
-- Downloading...
   dst='/home/USERNAME/.hunter/_Base/Download/BZip2/1.0.8-p0/9125bd6/v1.0.8-p0.tar.gz'
   timeout='none'
   inactivity timeout='none'
-- Using src='https://github.com/cpp-pm/bzip2/archive/v1.0.8-p0.tar.gz'
-- verifying file...
       file='/home/USERNAME/.hunter/_Base/Download/BZip2/1.0.8-p0/9125bd6/v1.0.8-p0.tar.gz'
-- Downloading... done
-- extracting...
     src='/home/USERNAME/.hunter/_Base/Download/BZip2/1.0.8-p0/9125bd6/v1.0.8-p0.tar.gz'
     dst='/home/USERNAME/.hunter/_Base/cb0ea1f/08f9145/15c0458/Build/BZip2/Source'
-- extracting... [tar xfz]
-- extracting... [analysis]
-- extracting... [rename]
-- extracting... [clean up]
-- extracting... done
[ 37%] No update step for 'BZip2-Release'
[ 50%] No patch step for 'BZip2-Release'
[ 62%] Performing configure step for 'BZip2-Release'
loading initial cache file /home/USERNAME/.hunter/_Base/cb0ea1f/08f9145/15c0458/cache.cmake
loading initial cache file /home/USERNAME/.hunter/_Base/cb0ea1f/08f9145/15c0458/Build/BZip2/args.cmake
-- The C compiler identification is GNU 7.5.0
-- Check for working C compiler: /usr/bin/cc - skipped
-- Detecting C compile features
-- Detecting C compile features - done
-- Configuring done (0.3s)
-- Generating done (0.0s)
-- Build files have been written to: /home/USERNAME/.hunter/_Base/cb0ea1f/08f9145/15c0458/Build/BZip2/Build/BZip2-Release-prefix/src/BZip2-Release-build
[ 75%] Performing build step for 'BZip2-Release'
[  8%] Building C object CMakeFiles/bz2.dir/blocksort.c.o
[ 25%] Building C object CMakeFiles/bz2.dir/huffman.c.o
[ 33%] Building C object CMakeFiles/bz2.dir/randtable.c.o
[ 25%] Building C object CMakeFiles/bz2.dir/crctable.c.o
[ 41%] Building C object CMakeFiles/bz2.dir/compress.c.o
[ 50%] Building C object CMakeFiles/bz2.dir/decompress.c.o
[ 58%] Building C object CMakeFiles/bz2.dir/bzlib.c.o
[ 66%] Linking C static library libbz2.a
[ 66%] Built target bz2
[ 83%] Building C object CMakeFiles/bzip2_bin.dir/bzip2.c.o
[ 83%] Building C object CMakeFiles/bzip2recover.dir/bzip2recover.c.o
[ 91%] Linking C executable bzip2recover
[ 91%] Built target bzip2recover
[100%] Linking C executable bzip2
[100%] Built target bzip2_bin
[ 87%] Performing install step for 'BZip2-Release'
[ 66%] Built target bz2
[ 83%] Built target bzip2recover
[100%] Built target bzip2_bin
Install the project...
-- Install configuration: "Release"
-- Installing: /home/USERNAME/.hunter/_Base/cb0ea1f/08f9145/15c0458/Build/BZip2/Install/bin/bzdiff
-- Installing: /home/USERNAME/.hunter/_Base/cb0ea1f/08f9145/15c0458/Build/BZip2/Install/bin/bzgrep
-- Installing: /home/USERNAME/.hunter/_Base/cb0ea1f/08f9145/15c0458/Build/BZip2/Install/bin/bzmore
-- Installing: /home/USERNAME/.hunter/_Base/cb0ea1f/08f9145/15c0458/Build/BZip2/Install/lib/libbz2.a
-- Installing: /home/USERNAME/.hunter/_Base/cb0ea1f/08f9145/15c0458/Build/BZip2/Install/include/bzlib.h
-- Installing: /home/USERNAME/.hunter/_Base/cb0ea1f/08f9145/15c0458/Build/BZip2/Install/bin/bzip2recover
-- Installing: /home/USERNAME/.hunter/_Base/cb0ea1f/08f9145/15c0458/Build/BZip2/Install/bin/bzip2
-- Installing: /home/USERNAME/.hunter/_Base/cb0ea1f/08f9145/15c0458/Build/BZip2/Install/lib/cmake/BZip2/BZip2Config.cmake
-- Installing: /home/USERNAME/.hunter/_Base/cb0ea1f/08f9145/15c0458/Build/BZip2/Install/lib/cmake/BZip2/BZip2ConfigVersion.cmake
-- Installing: /home/USERNAME/.hunter/_Base/cb0ea1f/08f9145/15c0458/Build/BZip2/Install/lib/cmake/BZip2/BZip2Targets.cmake
-- Installing: /home/USERNAME/.hunter/_Base/cb0ea1f/08f9145/15c0458/Build/BZip2/Install/lib/cmake/BZip2/BZip2Targets-release.cmake
loading initial cache file /home/USERNAME/.hunter/_Base/cb0ea1f/08f9145/15c0458/Build/BZip2/args.cmake
[100%] Completed 'BZip2-Release'
[100%] Built target BZip2-Release
-- [hunter] Build step successful (dir: /home/USERNAME/.hunter/_Base/cb0ea1f/08f9145/15c0458/Build/BZip2)
-- [hunter] Cache saved: /home/USERNAME/.hunter/_Base/Cache/raw/95b971e9279d6b6ff5bad33f4560ac9733fcedef.tar.bz2
-- [hunter] FP16_ROOT: /home/USERNAME/.hunter/_Base/cb0ea1f/08f9145/15c0458/Install (ver.: luxonis-0.0.0)
-- [hunter] Building FP16
loading initial cache file /home/USERNAME/.hunter/_Base/cb0ea1f/08f9145/15c0458/cache.cmake
loading initial cache file /home/USERNAME/.hunter/_Base/cb0ea1f/08f9145/15c0458/Build/FP16/args.cmake
-- The C compiler identification is GNU 7.5.0
-- The CXX compiler identification is GNU 7.5.0
-- Check for working C compiler: /usr/bin/cc - skipped
-- Detecting C compile features
-- Detecting C compile features - done
-- Check for working CXX compiler: /usr/bin/c++ - skipped
-- Detecting CXX compile features
-- Detecting CXX compile features - done
-- Configuring done (0.7s)
-- Generating done (0.0s)
-- Build files have been written to: /home/USERNAME/.hunter/_Base/cb0ea1f/08f9145/15c0458/Build/FP16/Build
[ 12%] Creating directories for 'FP16-Release'
[ 25%] Performing download step (download, verify and extract) for 'FP16-Release'
-- Downloading...
   dst='/home/USERNAME/.hunter/_Base/Download/FP16/luxonis-0.0.0/40e9723/c911175d2717e562976e606c6e5f799bf40cf94e.tar.gz'
   timeout='none'
   inactivity timeout='none'
-- Using src='https://github.com/luxonis/FP16/archive/c911175d2717e562976e606c6e5f799bf40cf94e.tar.gz'
-- verifying file...
       file='/home/USERNAME/.hunter/_Base/Download/FP16/luxonis-0.0.0/40e9723/c911175d2717e562976e606c6e5f799bf40cf94e.tar.gz'
-- Downloading... done
-- extracting...
     src='/home/USERNAME/.hunter/_Base/Download/FP16/luxonis-0.0.0/40e9723/c911175d2717e562976e606c6e5f799bf40cf94e.tar.gz'
     dst='/home/USERNAME/.hunter/_Base/cb0ea1f/08f9145/15c0458/Build/FP16/Source'
-- extracting... [tar xfz]
-- extracting... [analysis]
-- extracting... [rename]
-- extracting... [clean up]
-- extracting... done
[ 37%] No update step for 'FP16-Release'
[ 50%] No patch step for 'FP16-Release'
[ 62%] Performing configure step for 'FP16-Release'
loading initial cache file /home/USERNAME/.hunter/_Base/cb0ea1f/08f9145/15c0458/cache.cmake
loading initial cache file /home/USERNAME/.hunter/_Base/cb0ea1f/08f9145/15c0458/Build/FP16/args.cmake
-- The C compiler identification is GNU 7.5.0
-- The CXX compiler identification is GNU 7.5.0
-- Check for working C compiler: /usr/bin/cc - skipped
-- Detecting C compile features
-- Detecting C compile features - done
-- Check for working CXX compiler: /usr/bin/c++ - skipped
-- Detecting CXX compile features
-- Detecting CXX compile features - done
-- Downloading PSimd to /home/USERNAME/.hunter/_Base/cb0ea1f/08f9145/15c0458/Build/FP16/Build/FP16-Release-prefix/src/FP16-Release-build/psimd-source (define PSIMD_SOURCE_DIR to avoid it)
-- Configuring done (0.1s)
-- Generating done (0.0s)
-- Build files have been written to: /home/USERNAME/.hunter/_Base/cb0ea1f/08f9145/15c0458/Build/FP16/Build/FP16-Release-prefix/src/FP16-Release-build/psimd-download
make[3]: Entering directory '/home/USERNAME/.hunter/_Base/cb0ea1f/08f9145/15c0458/Build/FP16/Build/FP16-Release-prefix/src/FP16-Release-build/psimd-download'
make[4]: Entering directory '/home/USERNAME/.hunter/_Base/cb0ea1f/08f9145/15c0458/Build/FP16/Build/FP16-Release-prefix/src/FP16-Release-build/psimd-download'
make[5]: Entering directory '/home/USERNAME/.hunter/_Base/cb0ea1f/08f9145/15c0458/Build/FP16/Build/FP16-Release-prefix/src/FP16-Release-build/psimd-download'
make[5]: Leaving directory '/home/USERNAME/.hunter/_Base/cb0ea1f/08f9145/15c0458/Build/FP16/Build/FP16-Release-prefix/src/FP16-Release-build/psimd-download'
make[5]: Entering directory '/home/USERNAME/.hunter/_Base/cb0ea1f/08f9145/15c0458/Build/FP16/Build/FP16-Release-prefix/src/FP16-Release-build/psimd-download'
[ 11%] Creating directories for 'psimd'
[ 22%] Performing download step (download, verify and extract) for 'psimd'
-- Downloading...
   dst='/home/USERNAME/.hunter/_Base/cb0ea1f/08f9145/15c0458/Build/FP16/Build/FP16-Release-prefix/src/FP16-Release-build/psimd-download/psimd-prefix/src/072586a71b55b7f8c584153d223e95687148a900.tar.gz'
   timeout='none'
   inactivity timeout='none'
-- Using src='https://github.com/Maratyszcza/psimd/archive/072586a71b55b7f8c584153d223e95687148a900.tar.gz'
-- verifying file...
       file='/home/USERNAME/.hunter/_Base/cb0ea1f/08f9145/15c0458/Build/FP16/Build/FP16-Release-prefix/src/FP16-Release-build/psimd-download/psimd-prefix/src/072586a71b55b7f8c584153d223e95687148a900.tar.gz'
-- Downloading... done
-- extracting...
     src='/home/USERNAME/.hunter/_Base/cb0ea1f/08f9145/15c0458/Build/FP16/Build/FP16-Release-prefix/src/FP16-Release-build/psimd-download/psimd-prefix/src/072586a71b55b7f8c584153d223e95687148a900.tar.gz'
     dst='/home/USERNAME/.hunter/_Base/cb0ea1f/08f9145/15c0458/Build/FP16/Build/FP16-Release-prefix/src/FP16-Release-build/psimd-source'
-- extracting... [tar xfz]
-- extracting... [analysis]
-- extracting... [rename]
-- extracting... [clean up]
-- extracting... done
[ 33%] No update step for 'psimd'
[ 44%] No patch step for 'psimd'
[ 55%] No configure step for 'psimd'
[ 66%] No build step for 'psimd'
[ 77%] No install step for 'psimd'
[ 88%] No test step for 'psimd'
[100%] Completed 'psimd'
make[5]: Leaving directory '/home/USERNAME/.hunter/_Base/cb0ea1f/08f9145/15c0458/Build/FP16/Build/FP16-Release-prefix/src/FP16-Release-build/psimd-download'
[100%] Built target psimd
make[4]: Leaving directory '/home/USERNAME/.hunter/_Base/cb0ea1f/08f9145/15c0458/Build/FP16/Build/FP16-Release-prefix/src/FP16-Release-build/psimd-download'
make[3]: Leaving directory '/home/USERNAME/.hunter/_Base/cb0ea1f/08f9145/15c0458/Build/FP16/Build/FP16-Release-prefix/src/FP16-Release-build/psimd-download'
-- Configuring done (1.6s)
-- Generating done (0.0s)
-- Build files have been written to: /home/USERNAME/.hunter/_Base/cb0ea1f/08f9145/15c0458/Build/FP16/Build/FP16-Release-prefix/src/FP16-Release-build
[ 75%] Performing build step for 'FP16-Release'
[ 87%] Performing install step for 'FP16-Release'
Install the project...
-- Install configuration: "Release"
-- Installing: /home/USERNAME/.hunter/_Base/cb0ea1f/08f9145/15c0458/Build/FP16/Install/lib/cmake/FP16/FP16Config.cmake
-- Installing: /home/USERNAME/.hunter/_Base/cb0ea1f/08f9145/15c0458/Build/FP16/Install/lib/cmake/FP16/FP16Targets.cmake
-- Installing: /home/USERNAME/.hunter/_Base/cb0ea1f/08f9145/15c0458/Build/FP16/Install/include/fp16.h
-- Installing: /home/USERNAME/.hunter/_Base/cb0ea1f/08f9145/15c0458/Build/FP16/Install/include/fp16/bitcasts.h
-- Installing: /home/USERNAME/.hunter/_Base/cb0ea1f/08f9145/15c0458/Build/FP16/Install/include/fp16/fp16.h
-- Installing: /home/USERNAME/.hunter/_Base/cb0ea1f/08f9145/15c0458/Build/FP16/Install/include/fp16/psimd.h
-- Installing: /home/USERNAME/.hunter/_Base/cb0ea1f/08f9145/15c0458/Build/FP16/Install/include/fp16/__init__.py
-- Installing: /home/USERNAME/.hunter/_Base/cb0ea1f/08f9145/15c0458/Build/FP16/Install/include/fp16/avx.py
-- Installing: /home/USERNAME/.hunter/_Base/cb0ea1f/08f9145/15c0458/Build/FP16/Install/include/fp16/avx2.py
-- Installing: /home/USERNAME/.hunter/_Base/cb0ea1f/08f9145/15c0458/Build/FP16/Install/include/psimd.h
loading initial cache file /home/USERNAME/.hunter/_Base/cb0ea1f/08f9145/15c0458/Build/FP16/args.cmake
[100%] Completed 'FP16-Release'
[100%] Built target FP16-Release
-- [hunter] Build step successful (dir: /home/USERNAME/.hunter/_Base/cb0ea1f/08f9145/15c0458/Build/FP16)
-- [hunter] Cache saved: /home/USERNAME/.hunter/_Base/Cache/raw/14a78a01db2d5024b5e041f792b49ecea4b5d1cc.tar.bz2
-- [hunter] LIBARCHIVE-LUXONIS_ROOT: /home/USERNAME/.hunter/_Base/cb0ea1f/08f9145/15c0458/Install (ver.: hunter-3.5.2)
-- [hunter] Building libarchive-luxonis
loading initial cache file /home/USERNAME/.hunter/_Base/cb0ea1f/08f9145/15c0458/cache.cmake
loading initial cache file /home/USERNAME/.hunter/_Base/cb0ea1f/08f9145/15c0458/Build/libarchive-luxonis/args.cmake
-- The C compiler identification is GNU 7.5.0
-- The CXX compiler identification is GNU 7.5.0
-- Check for working C compiler: /usr/bin/cc - skipped
-- Detecting C compile features
-- Detecting C compile features - done
-- Check for working CXX compiler: /usr/bin/c++ - skipped
-- Detecting CXX compile features
-- Detecting CXX compile features - done
-- Configuring done (0.6s)
-- Generating done (0.0s)
-- Build files have been written to: /home/USERNAME/.hunter/_Base/cb0ea1f/08f9145/15c0458/Build/libarchive-luxonis/Build
[ 12%] Creating directories for 'libarchive-luxonis-Release'
[ 25%] Performing download step (download, verify and extract) for 'libarchive-luxonis-Release'
-- Downloading...
   dst='/home/USERNAME/.hunter/_Base/Download/libarchive-luxonis/hunter-3.5.2/ca5cd0f/45baa3a3e57104519e1165bcd5ac29c3bd8c9f3a.tar.gz'
   timeout='none'
   inactivity timeout='none'
-- Using src='https://github.com/luxonis/libarchive/archive/45baa3a3e57104519e1165bcd5ac29c3bd8c9f3a.tar.gz'
-- verifying file...
       file='/home/USERNAME/.hunter/_Base/Download/libarchive-luxonis/hunter-3.5.2/ca5cd0f/45baa3a3e57104519e1165bcd5ac29c3bd8c9f3a.tar.gz'
-- Downloading... done
-- extracting...
     src='/home/USERNAME/.hunter/_Base/Download/libarchive-luxonis/hunter-3.5.2/ca5cd0f/45baa3a3e57104519e1165bcd5ac29c3bd8c9f3a.tar.gz'
     dst='/home/USERNAME/.hunter/_Base/cb0ea1f/08f9145/15c0458/Build/libarchive-luxonis/Source'
-- extracting... [tar xfz]
-- extracting... [analysis]
-- extracting... [rename]
-- extracting... [clean up]
-- extracting... done
[ 37%] No update step for 'libarchive-luxonis-Release'
[ 50%] No patch step for 'libarchive-luxonis-Release'
[ 62%] Performing configure step for 'libarchive-luxonis-Release'
loading initial cache file /home/USERNAME/.hunter/_Base/cb0ea1f/08f9145/15c0458/cache.cmake
loading initial cache file /home/USERNAME/.hunter/_Base/cb0ea1f/08f9145/15c0458/Build/libarchive-luxonis/args.cmake
-- The C compiler identification is GNU 7.5.0
-- Check for working C compiler: /usr/bin/cc - skipped
-- Detecting C compile features
-- Detecting C compile features - done
-- [hunter] HUNTER_ROOT: /home/USERNAME/.hunter
-- [hunter] [ Hunter-ID: cb0ea1f | Toolchain-ID: 08f9145 | Config-ID: 15c0458 ]
-- [hunter] LZMA_ROOT: /home/USERNAME/.hunter/_Base/cb0ea1f/08f9145/15c0458/Install (ver.: 5.2.3-p4)
-- [hunter] Building lzma
loading initial cache file /home/USERNAME/.hunter/_Base/cb0ea1f/08f9145/15c0458/cache.cmake
loading initial cache file /home/USERNAME/.hunter/_Base/cb0ea1f/08f9145/15c0458/Build/lzma/args.cmake
-- The C compiler identification is GNU 7.5.0
-- The CXX compiler identification is GNU 7.5.0
-- Check for working C compiler: /usr/bin/cc - skipped
-- Detecting C compile features
-- Detecting C compile features - done
-- Check for working CXX compiler: /usr/bin/c++ - skipped
-- Detecting CXX compile features
-- Detecting CXX compile features - done
-- Configuring done (0.6s)
-- Generating done (0.0s)
-- Build files have been written to: /home/USERNAME/.hunter/_Base/cb0ea1f/08f9145/15c0458/Build/lzma/Build
make[3]: Entering directory '/home/USERNAME/.hunter/_Base/cb0ea1f/08f9145/15c0458/Build/lzma/Build'
make[4]: Entering directory '/home/USERNAME/.hunter/_Base/cb0ea1f/08f9145/15c0458/Build/lzma/Build'
make[5]: Entering directory '/home/USERNAME/.hunter/_Base/cb0ea1f/08f9145/15c0458/Build/lzma/Build'
make[5]: Leaving directory '/home/USERNAME/.hunter/_Base/cb0ea1f/08f9145/15c0458/Build/lzma/Build'
make[5]: Entering directory '/home/USERNAME/.hunter/_Base/cb0ea1f/08f9145/15c0458/Build/lzma/Build'
[ 12%] Creating directories for 'lzma-Release'
[ 25%] Performing download step (download, verify and extract) for 'lzma-Release'
-- Downloading...
   dst='/home/USERNAME/.hunter/_Base/Download/lzma/5.2.3-p4/09d7d8c/v5.2.3-p4.tar.gz'
   timeout='none'
   inactivity timeout='none'
-- Using src='https://github.com/hunter-packages/lzma/archive/v5.2.3-p4.tar.gz'
-- verifying file...
       file='/home/USERNAME/.hunter/_Base/Download/lzma/5.2.3-p4/09d7d8c/v5.2.3-p4.tar.gz'
-- Downloading... done
-- extracting...
     src='/home/USERNAME/.hunter/_Base/Download/lzma/5.2.3-p4/09d7d8c/v5.2.3-p4.tar.gz'
     dst='/home/USERNAME/.hunter/_Base/cb0ea1f/08f9145/15c0458/Build/lzma/Source'
-- extracting... [tar xfz]
-- extracting... [analysis]
-- extracting... [rename]
-- extracting... [clean up]
-- extracting... done
[ 37%] No update step for 'lzma-Release'
[ 50%] No patch step for 'lzma-Release'
[ 62%] Performing configure step for 'lzma-Release'
loading initial cache file /home/USERNAME/.hunter/_Base/cb0ea1f/08f9145/15c0458/cache.cmake
loading initial cache file /home/USERNAME/.hunter/_Base/cb0ea1f/08f9145/15c0458/Build/lzma/args.cmake
-- The C compiler identification is GNU 7.5.0
-- The CXX compiler identification is GNU 7.5.0
-- Check for working C compiler: /usr/bin/cc - skipped
-- Detecting C compile features
-- Detecting C compile features - done
-- Check for working CXX compiler: /usr/bin/c++ - skipped
-- Detecting CXX compile features
-- Detecting CXX compile features - done
-- Performing Test HAVE_RESTRICT
-- Performing Test HAVE_RESTRICT - Success
-- Performing Test HAVE___RESTRICT
-- Performing Test HAVE___RESTRICT - Success
-- Performing Test HAVE_INLINE
-- Performing Test HAVE_INLINE - Failed
-- Performing Test HAVE___INLINE
-- Performing Test HAVE___INLINE - Failed
-- Looking for byteswap.h
-- Looking for byteswap.h - found
-- Looking for inttypes.h
-- Looking for inttypes.h - found
-- Looking for limits.h
-- Looking for limits.h - found
-- Looking for memory.h
-- Looking for memory.h - found
-- Looking for strings.h
-- Looking for strings.h - found
-- Looking for string.h
-- Looking for string.h - found
-- Looking for sys/sysctl.h
-- Looking for sys/sysctl.h - found
-- Looking for stdbool.h
-- Looking for stdbool.h - found
-- Performing Test HAVE_BSWAP_16
-- Performing Test HAVE_BSWAP_16 - Success
-- Performing Test HAVE_BSWAP_32
-- Performing Test HAVE_BSWAP_32 - Success
-- Performing Test HAVE_BSWAP_64
-- Performing Test HAVE_BSWAP_64 - Success
-- Check if the system is big endian
-- Searching 16 bit integer
-- Looking for sys/types.h
-- Looking for sys/types.h - found
-- Looking for stdint.h
-- Looking for stdint.h - found
-- Looking for stddef.h
-- Looking for stddef.h - found
-- Check size of unsigned short
-- Check size of unsigned short - done
-- Searching 16 bit integer - Using unsigned short
-- Check if the system is big endian - little endian
-- Check size of int16_t
-- Check size of int16_t - done
-- Check size of int32_t
-- Check size of int32_t - done
-- Check size of int64_t
-- Check size of int64_t - done
-- Check size of intmax_t
-- Check size of intmax_t - done
-- Check size of uint8_t
-- Check size of uint8_t - done
-- Check size of uint16_t
-- Check size of uint16_t - done
-- Check size of uint32_t
-- Check size of uint32_t - done
-- Check size of uint64_t
-- Check size of uint64_t - done
-- Check size of uintmax_t
-- Check size of uintmax_t - done
-- Check size of short
-- Check size of short - done
-- Check size of int
-- Check size of int - done
-- Check size of long
-- Check size of long - done
-- Check size of long long
-- Check size of long long - done
-- Check size of unsigned short
-- Check size of unsigned short - done
-- Check size of unsigned
-- Check size of unsigned - done
-- Check size of unsigned long
-- Check size of unsigned long - done
-- Check size of unsigned long long
-- Check size of unsigned long long - done
-- Check size of size_t
-- Check size of size_t - done
-- Check size of __int64
-- Check size of __int64 - failed
-- Check size of unsigned __int64
-- Check size of unsigned __int64 - failed
-- Check size of uintptr_t
-- Check size of uintptr_t - done
-- Configuring done (9.0s)
-- Generating done (0.1s)
-- Build files have been written to: /home/USERNAME/.hunter/_Base/cb0ea1f/08f9145/15c0458/Build/lzma/Build/lzma-Release-prefix/src/lzma-Release-build
[ 75%] Performing build step for 'lzma-Release'
make[6]: Entering directory '/home/USERNAME/.hunter/_Base/cb0ea1f/08f9145/15c0458/Build/lzma/Build/lzma-Release-prefix/src/lzma-Release-build'
make[7]: Entering directory '/home/USERNAME/.hunter/_Base/cb0ea1f/08f9145/15c0458/Build/lzma/Build/lzma-Release-prefix/src/lzma-Release-build'
make[8]: Entering directory '/home/USERNAME/.hunter/_Base/cb0ea1f/08f9145/15c0458/Build/lzma/Build/lzma-Release-prefix/src/lzma-Release-build'
make[8]: Leaving directory '/home/USERNAME/.hunter/_Base/cb0ea1f/08f9145/15c0458/Build/lzma/Build/lzma-Release-prefix/src/lzma-Release-build'
make[8]: Entering directory '/home/USERNAME/.hunter/_Base/cb0ea1f/08f9145/15c0458/Build/lzma/Build/lzma-Release-prefix/src/lzma-Release-build'
[  2%] Building C object src/CMakeFiles/lzma.dir/liblzma/check/crc32_table.c.o
[  2%] Building C object src/CMakeFiles/lzma.dir/liblzma/check/check.c.o
[  4%] Building C object src/CMakeFiles/lzma.dir/liblzma/check/crc64_fast.c.o
[  5%] Building C object src/CMakeFiles/lzma.dir/liblzma/check/crc32_fast.c.o
[  7%] Building C object src/CMakeFiles/lzma.dir/liblzma/check/crc64_table.c.o
[  8%] Building C object src/CMakeFiles/lzma.dir/liblzma/check/sha256.c.o
[ 10%] Building C object src/CMakeFiles/lzma.dir/liblzma/common/alone_decoder.c.o
[ 11%] Building C object src/CMakeFiles/lzma.dir/liblzma/common/alone_encoder.c.o
[ 13%] Building C object src/CMakeFiles/lzma.dir/liblzma/common/auto_decoder.c.o
[ 14%] Building C object src/CMakeFiles/lzma.dir/liblzma/common/block_buffer_decoder.c.o
[ 16%] Building C object src/CMakeFiles/lzma.dir/liblzma/common/block_buffer_encoder.c.o
[ 17%] Building C object src/CMakeFiles/lzma.dir/liblzma/common/block_decoder.c.o
[ 19%] Building C object src/CMakeFiles/lzma.dir/liblzma/common/block_encoder.c.o
[ 20%] Building C object src/CMakeFiles/lzma.dir/liblzma/common/block_header_decoder.c.o
[ 22%] Building C object src/CMakeFiles/lzma.dir/liblzma/common/block_header_encoder.c.o
[ 23%] Building C object src/CMakeFiles/lzma.dir/liblzma/common/block_util.c.o
[ 25%] Building C object src/CMakeFiles/lzma.dir/liblzma/common/common.c.o
[ 26%] Building C object src/CMakeFiles/lzma.dir/liblzma/common/easy_buffer_encoder.c.o
[ 27%] Building C object src/CMakeFiles/lzma.dir/liblzma/common/easy_decoder_memusage.c.o
[ 29%] Building C object src/CMakeFiles/lzma.dir/liblzma/common/easy_encoder.c.o
[ 30%] Building C object src/CMakeFiles/lzma.dir/liblzma/common/easy_encoder_memusage.c.o
[ 32%] Building C object src/CMakeFiles/lzma.dir/liblzma/common/easy_preset.c.o
[ 33%] Building C object src/CMakeFiles/lzma.dir/liblzma/common/filter_buffer_decoder.c.o
[ 35%] Building C object src/CMakeFiles/lzma.dir/liblzma/common/filter_buffer_encoder.c.o
[ 36%] Building C object src/CMakeFiles/lzma.dir/liblzma/common/filter_common.c.o
[ 38%] Building C object src/CMakeFiles/lzma.dir/liblzma/common/filter_decoder.c.o
[ 39%] Building C object src/CMakeFiles/lzma.dir/liblzma/common/filter_encoder.c.o
[ 41%] Building C object src/CMakeFiles/lzma.dir/liblzma/common/filter_flags_decoder.c.o
[ 42%] Building C object src/CMakeFiles/lzma.dir/liblzma/common/filter_flags_encoder.c.o
[ 44%] Building C object src/CMakeFiles/lzma.dir/liblzma/common/index.c.o
[ 45%] Building C object src/CMakeFiles/lzma.dir/liblzma/common/index_decoder.c.o
[ 47%] Building C object src/CMakeFiles/lzma.dir/liblzma/common/index_encoder.c.o
[ 48%] Building C object src/CMakeFiles/lzma.dir/liblzma/common/index_hash.c.o
[ 50%] Building C object src/CMakeFiles/lzma.dir/liblzma/common/stream_buffer_decoder.c.o
[ 51%] Building C object src/CMakeFiles/lzma.dir/liblzma/common/stream_buffer_encoder.c.o
[ 52%] Building C object src/CMakeFiles/lzma.dir/liblzma/common/stream_decoder.c.o
[ 54%] Building C object src/CMakeFiles/lzma.dir/liblzma/common/stream_encoder.c.o
[ 55%] Building C object src/CMakeFiles/lzma.dir/liblzma/common/stream_flags_common.c.o
[ 57%] Building C object src/CMakeFiles/lzma.dir/liblzma/common/stream_flags_decoder.c.o
[ 58%] Building C object src/CMakeFiles/lzma.dir/liblzma/common/stream_flags_encoder.c.o
[ 60%] Building C object src/CMakeFiles/lzma.dir/liblzma/common/vli_decoder.c.o
[ 61%] Building C object src/CMakeFiles/lzma.dir/liblzma/common/vli_encoder.c.o
[ 63%] Building C object src/CMakeFiles/lzma.dir/liblzma/common/vli_size.c.o
[ 64%] Building C object src/CMakeFiles/lzma.dir/liblzma/delta/delta_common.c.o
[ 66%] Building C object src/CMakeFiles/lzma.dir/liblzma/delta/delta_decoder.c.o
[ 67%] Building C object src/CMakeFiles/lzma.dir/liblzma/delta/delta_encoder.c.o
[ 69%] Building C object src/CMakeFiles/lzma.dir/liblzma/lz/lz_decoder.c.o
[ 70%] Building C object src/CMakeFiles/lzma.dir/liblzma/lz/lz_encoder.c.o
[ 72%] Building C object src/CMakeFiles/lzma.dir/liblzma/lz/lz_encoder_mf.c.o
[ 73%] Building C object src/CMakeFiles/lzma.dir/liblzma/lzma/fastpos_table.c.o
[ 75%] Building C object src/CMakeFiles/lzma.dir/liblzma/lzma/lzma2_decoder.c.o
[ 76%] Building C object src/CMakeFiles/lzma.dir/liblzma/lzma/lzma2_encoder.c.o
[ 77%] Building C object src/CMakeFiles/lzma.dir/liblzma/lzma/lzma_decoder.c.o
[ 79%] Building C object src/CMakeFiles/lzma.dir/liblzma/lzma/lzma_encoder.c.o
[ 80%] Building C object src/CMakeFiles/lzma.dir/liblzma/lzma/lzma_encoder_optimum_fast.c.o
[ 82%] Building C object src/CMakeFiles/lzma.dir/liblzma/lzma/lzma_encoder_optimum_normal.c.o
[ 83%] Building C object src/CMakeFiles/lzma.dir/liblzma/lzma/lzma_encoder_presets.c.o
[ 85%] Building C object src/CMakeFiles/lzma.dir/liblzma/rangecoder/price_table.c.o
[ 86%] Building C object src/CMakeFiles/lzma.dir/liblzma/simple/arm.c.o
[ 88%] Building C object src/CMakeFiles/lzma.dir/liblzma/simple/armthumb.c.o
[ 89%] Building C object src/CMakeFiles/lzma.dir/liblzma/simple/ia64.c.o
[ 91%] Building C object src/CMakeFiles/lzma.dir/liblzma/simple/powerpc.c.o
[ 92%] Building C object src/CMakeFiles/lzma.dir/liblzma/simple/simple_coder.c.o
[ 94%] Building C object src/CMakeFiles/lzma.dir/liblzma/simple/simple_decoder.c.o
[ 95%] Building C object src/CMakeFiles/lzma.dir/liblzma/simple/simple_encoder.c.o
[ 97%] Building C object src/CMakeFiles/lzma.dir/liblzma/simple/sparc.c.o
[ 98%] Building C object src/CMakeFiles/lzma.dir/liblzma/simple/x86.c.o
[100%] Linking C static library liblzma.a
make[8]: Leaving directory '/home/USERNAME/.hunter/_Base/cb0ea1f/08f9145/15c0458/Build/lzma/Build/lzma-Release-prefix/src/lzma-Release-build'
[100%] Built target lzma
make[7]: Leaving directory '/home/USERNAME/.hunter/_Base/cb0ea1f/08f9145/15c0458/Build/lzma/Build/lzma-Release-prefix/src/lzma-Release-build'
make[6]: Leaving directory '/home/USERNAME/.hunter/_Base/cb0ea1f/08f9145/15c0458/Build/lzma/Build/lzma-Release-prefix/src/lzma-Release-build'
[ 87%] Performing install step for 'lzma-Release'
make[6]: Entering directory '/home/USERNAME/.hunter/_Base/cb0ea1f/08f9145/15c0458/Build/lzma/Build/lzma-Release-prefix/src/lzma-Release-build'
make[7]: Entering directory '/home/USERNAME/.hunter/_Base/cb0ea1f/08f9145/15c0458/Build/lzma/Build/lzma-Release-prefix/src/lzma-Release-build'
make[8]: Entering directory '/home/USERNAME/.hunter/_Base/cb0ea1f/08f9145/15c0458/Build/lzma/Build/lzma-Release-prefix/src/lzma-Release-build'
make[8]: Leaving directory '/home/USERNAME/.hunter/_Base/cb0ea1f/08f9145/15c0458/Build/lzma/Build/lzma-Release-prefix/src/lzma-Release-build'
[100%] Built target lzma
make[7]: Leaving directory '/home/USERNAME/.hunter/_Base/cb0ea1f/08f9145/15c0458/Build/lzma/Build/lzma-Release-prefix/src/lzma-Release-build'
Install the project...
-- Install configuration: "Release"
-- Installing: /home/USERNAME/.hunter/_Base/cb0ea1f/08f9145/15c0458/Build/lzma/Install/lib/cmake/lzma/lzmaConfig.cmake
-- Installing: /home/USERNAME/.hunter/_Base/cb0ea1f/08f9145/15c0458/Build/lzma/Install/lib/cmake/lzma/lzmaConfigVersion.cmake
-- Installing: /home/USERNAME/.hunter/_Base/cb0ea1f/08f9145/15c0458/Build/lzma/Install/lib/cmake/lzma/lzmaTargets.cmake
-- Installing: /home/USERNAME/.hunter/_Base/cb0ea1f/08f9145/15c0458/Build/lzma/Install/lib/cmake/lzma/lzmaTargets-release.cmake
-- Installing: /home/USERNAME/.hunter/_Base/cb0ea1f/08f9145/15c0458/Build/lzma/Install/lib/liblzma.a
-- Installing: /home/USERNAME/.hunter/_Base/cb0ea1f/08f9145/15c0458/Build/lzma/Install/include/lzma.h
-- Installing: /home/USERNAME/.hunter/_Base/cb0ea1f/08f9145/15c0458/Build/lzma/Install/include/lzma
-- Installing: /home/USERNAME/.hunter/_Base/cb0ea1f/08f9145/15c0458/Build/lzma/Install/include/lzma/delta.h
-- Installing: /home/USERNAME/.hunter/_Base/cb0ea1f/08f9145/15c0458/Build/lzma/Install/include/lzma/filter.h
-- Installing: /home/USERNAME/.hunter/_Base/cb0ea1f/08f9145/15c0458/Build/lzma/Install/include/lzma/check.h
-- Installing: /home/USERNAME/.hunter/_Base/cb0ea1f/08f9145/15c0458/Build/lzma/Install/include/lzma/index.h
-- Installing: /home/USERNAME/.hunter/_Base/cb0ea1f/08f9145/15c0458/Build/lzma/Install/include/lzma/bcj.h
-- Installing: /home/USERNAME/.hunter/_Base/cb0ea1f/08f9145/15c0458/Build/lzma/Install/include/lzma/vli.h
-- Installing: /home/USERNAME/.hunter/_Base/cb0ea1f/08f9145/15c0458/Build/lzma/Install/include/lzma/index_hash.h
-- Installing: /home/USERNAME/.hunter/_Base/cb0ea1f/08f9145/15c0458/Build/lzma/Install/include/lzma/base.h
-- Installing: /home/USERNAME/.hunter/_Base/cb0ea1f/08f9145/15c0458/Build/lzma/Install/include/lzma/block.h
-- Installing: /home/USERNAME/.hunter/_Base/cb0ea1f/08f9145/15c0458/Build/lzma/Install/include/lzma/stream_flags.h
-- Installing: /home/USERNAME/.hunter/_Base/cb0ea1f/08f9145/15c0458/Build/lzma/Install/include/lzma/hardware.h
-- Installing: /home/USERNAME/.hunter/_Base/cb0ea1f/08f9145/15c0458/Build/lzma/Install/include/lzma/lzma12.h
-- Installing: /home/USERNAME/.hunter/_Base/cb0ea1f/08f9145/15c0458/Build/lzma/Install/include/lzma/version.h
-- Installing: /home/USERNAME/.hunter/_Base/cb0ea1f/08f9145/15c0458/Build/lzma/Install/include/lzma/container.h
make[6]: Leaving directory '/home/USERNAME/.hunter/_Base/cb0ea1f/08f9145/15c0458/Build/lzma/Build/lzma-Release-prefix/src/lzma-Release-build'
loading initial cache file /home/USERNAME/.hunter/_Base/cb0ea1f/08f9145/15c0458/Build/lzma/args.cmake
[100%] Completed 'lzma-Release'
make[5]: Leaving directory '/home/USERNAME/.hunter/_Base/cb0ea1f/08f9145/15c0458/Build/lzma/Build'
[100%] Built target lzma-Release
make[4]: Leaving directory '/home/USERNAME/.hunter/_Base/cb0ea1f/08f9145/15c0458/Build/lzma/Build'
make[3]: Leaving directory '/home/USERNAME/.hunter/_Base/cb0ea1f/08f9145/15c0458/Build/lzma/Build'
-- [hunter] Build step successful (dir: /home/USERNAME/.hunter/_Base/cb0ea1f/08f9145/15c0458/Build/lzma)
-- [hunter] Cache saved: /home/USERNAME/.hunter/_Base/Cache/raw/9507ab2df3eb981feee05f505bad8937241290fd.tar.bz2
-- Performing Test HAVE_LZMA_STREAM_ENCODER_MT
-- Performing Test HAVE_LZMA_STREAM_ENCODER_MT - Failed
-- Performing Test HAVE_DIRENT_H
-- Performing Test HAVE_DIRENT_H - Success
-- Looking for include file sys/types.h
-- Looking for include file sys/types.h - found
-- Looking for include files sys/types.h, acl/libacl.h
-- Looking for include files sys/types.h, acl/libacl.h - not found
-- Looking for include files sys/types.h, attr/xattr.h
-- Looking for include files sys/types.h, attr/xattr.h - not found
-- Looking for include files sys/types.h, ctype.h
-- Looking for include files sys/types.h, ctype.h - found
-- Looking for 3 include files sys/types.h, ..., copyfile.h
-- Looking for 3 include files sys/types.h, ..., copyfile.h - not found
-- Looking for 3 include files sys/types.h, ..., direct.h
-- Looking for 3 include files sys/types.h, ..., direct.h - not found
-- Looking for 3 include files sys/types.h, ..., dlfcn.h
-- Looking for 3 include files sys/types.h, ..., dlfcn.h - found
-- Looking for 4 include files sys/types.h, ..., errno.h
-- Looking for 4 include files sys/types.h, ..., errno.h - found
-- Looking for 5 include files sys/types.h, ..., ext2fs/ext2_fs.h
-- Looking for 5 include files sys/types.h, ..., ext2fs/ext2_fs.h - not found
-- Performing Test HAVE_WORKING_EXT2_IOC_GETFLAGS
-- Performing Test HAVE_WORKING_EXT2_IOC_GETFLAGS - Failed
-- Looking for 5 include files sys/types.h, ..., fcntl.h
-- Looking for 5 include files sys/types.h, ..., fcntl.h - found
-- Looking for 6 include files sys/types.h, ..., grp.h
-- Looking for 6 include files sys/types.h, ..., grp.h - found
-- Looking for 7 include files sys/types.h, ..., inttypes.h
-- Looking for 7 include files sys/types.h, ..., inttypes.h - found
-- Looking for 8 include files sys/types.h, ..., io.h
-- Looking for 8 include files sys/types.h, ..., io.h - not found
-- Looking for 8 include files sys/types.h, ..., langinfo.h
-- Looking for 8 include files sys/types.h, ..., langinfo.h - found
-- Looking for 9 include files sys/types.h, ..., limits.h
-- Looking for 9 include files sys/types.h, ..., limits.h - found
-- Looking for 10 include files sys/types.h, ..., linux/types.h
-- Looking for 10 include files sys/types.h, ..., linux/types.h - found
-- Looking for 11 include files sys/types.h, ..., linux/fiemap.h
-- Looking for 11 include files sys/types.h, ..., linux/fiemap.h - found
-- Looking for 12 include files sys/types.h, ..., linux/fs.h
-- Looking for 12 include files sys/types.h, ..., linux/fs.h - found
-- Performing Test HAVE_WORKING_FS_IOC_GETFLAGS
-- Performing Test HAVE_WORKING_FS_IOC_GETFLAGS - Success
-- Looking for 13 include files sys/types.h, ..., linux/magic.h
-- Looking for 13 include files sys/types.h, ..., linux/magic.h - found
-- Looking for 14 include files sys/types.h, ..., locale.h
-- Looking for 14 include files sys/types.h, ..., locale.h - found
-- Looking for 15 include files sys/types.h, ..., membership.h
-- Looking for 15 include files sys/types.h, ..., membership.h - not found
-- Looking for 15 include files sys/types.h, ..., memory.h
-- Looking for 15 include files sys/types.h, ..., memory.h - found
-- Looking for 16 include files sys/types.h, ..., paths.h
-- Looking for 16 include files sys/types.h, ..., paths.h - found
-- Looking for 17 include files sys/types.h, ..., poll.h
-- Looking for 17 include files sys/types.h, ..., poll.h - found
-- Looking for 18 include files sys/types.h, ..., process.h
-- Looking for 18 include files sys/types.h, ..., process.h - not found
-- Looking for 18 include files sys/types.h, ..., pthread.h
-- Looking for 18 include files sys/types.h, ..., pthread.h - found
-- Looking for 19 include files sys/types.h, ..., pwd.h
-- Looking for 19 include files sys/types.h, ..., pwd.h - found
-- Looking for 20 include files sys/types.h, ..., readpassphrase.h
-- Looking for 20 include files sys/types.h, ..., readpassphrase.h - not found
-- Looking for 20 include files sys/types.h, ..., regex.h
-- Looking for 20 include files sys/types.h, ..., regex.h - found
-- Looking for 21 include files sys/types.h, ..., signal.h
-- Looking for 21 include files sys/types.h, ..., signal.h - found
-- Looking for 22 include files sys/types.h, ..., spawn.h
-- Looking for 22 include files sys/types.h, ..., spawn.h - found
-- Looking for 23 include files sys/types.h, ..., stdarg.h
-- Looking for 23 include files sys/types.h, ..., stdarg.h - found
-- Looking for 24 include files sys/types.h, ..., stdint.h
-- Looking for 24 include files sys/types.h, ..., stdint.h - found
-- Looking for 25 include files sys/types.h, ..., stdlib.h
-- Looking for 25 include files sys/types.h, ..., stdlib.h - found
-- Looking for 26 include files sys/types.h, ..., string.h
-- Looking for 26 include files sys/types.h, ..., string.h - found
-- Looking for 27 include files sys/types.h, ..., strings.h
-- Looking for 27 include files sys/types.h, ..., strings.h - found
-- Looking for 28 include files sys/types.h, ..., sys/acl.h
-- Looking for 28 include files sys/types.h, ..., sys/acl.h - not found
-- Looking for 28 include files sys/types.h, ..., sys/cdefs.h
-- Looking for 28 include files sys/types.h, ..., sys/cdefs.h - found
-- Looking for 29 include files sys/types.h, ..., sys/extattr.h
-- Looking for 29 include files sys/types.h, ..., sys/extattr.h - not found
-- Looking for 29 include files sys/types.h, ..., sys/ioctl.h
-- Looking for 29 include files sys/types.h, ..., sys/ioctl.h - found
-- Looking for 30 include files sys/types.h, ..., sys/mkdev.h
-- Looking for 30 include files sys/types.h, ..., sys/mkdev.h - not found
-- Looking for 30 include files sys/types.h, ..., sys/mount.h
-- Looking for 30 include files sys/types.h, ..., sys/mount.h - not found
-- Looking for 30 include files sys/types.h, ..., sys/param.h
-- Looking for 30 include files sys/types.h, ..., sys/param.h - found
-- Looking for 31 include files sys/types.h, ..., sys/poll.h
-- Looking for 31 include files sys/types.h, ..., sys/poll.h - found
-- Looking for 32 include files sys/types.h, ..., sys/richacl.h
-- Looking for 32 include files sys/types.h, ..., sys/richacl.h - not found
-- Looking for 32 include files sys/types.h, ..., sys/select.h
-- Looking for 32 include files sys/types.h, ..., sys/select.h - found
-- Looking for 33 include files sys/types.h, ..., sys/stat.h
-- Looking for 33 include files sys/types.h, ..., sys/stat.h - found
-- Looking for 34 include files sys/types.h, ..., sys/statfs.h
-- Looking for 34 include files sys/types.h, ..., sys/statfs.h - found
-- Looking for 35 include files sys/types.h, ..., sys/statvfs.h
-- Looking for 35 include files sys/types.h, ..., sys/statvfs.h - found
-- Looking for 36 include files sys/types.h, ..., sys/sysmacros.h
-- Looking for 36 include files sys/types.h, ..., sys/sysmacros.h - found
-- Looking for 37 include files sys/types.h, ..., sys/time.h
-- Looking for 37 include files sys/types.h, ..., sys/time.h - found
-- Looking for 38 include files sys/types.h, ..., sys/utime.h
-- Looking for 38 include files sys/types.h, ..., sys/utime.h - not found
-- Looking for 38 include files sys/types.h, ..., sys/utsname.h
-- Looking for 38 include files sys/types.h, ..., sys/utsname.h - found
-- Looking for 39 include files sys/types.h, ..., sys/vfs.h
-- Looking for 39 include files sys/types.h, ..., sys/vfs.h - found
-- Looking for 40 include files sys/types.h, ..., sys/wait.h
-- Looking for 40 include files sys/types.h, ..., sys/wait.h - found
-- Looking for 41 include files sys/types.h, ..., sys/xattr.h
-- Looking for 41 include files sys/types.h, ..., sys/xattr.h - found
-- Looking for 42 include files sys/types.h, ..., time.h
-- Looking for 42 include files sys/types.h, ..., time.h - found
-- Looking for 43 include files sys/types.h, ..., unistd.h
-- Looking for 43 include files sys/types.h, ..., unistd.h - found
-- Looking for 44 include files sys/types.h, ..., utime.h
-- Looking for 44 include files sys/types.h, ..., utime.h - found
-- Looking for 45 include files sys/types.h, ..., wchar.h
-- Looking for 45 include files sys/types.h, ..., wchar.h - found
-- Looking for 46 include files sys/types.h, ..., wctype.h
-- Looking for 46 include files sys/types.h, ..., wctype.h - found
-- Looking for 47 include files sys/types.h, ..., windows.h
-- Looking for 47 include files sys/types.h, ..., windows.h - not found
-- Looking for 47 include files sys/types.h, ..., wincrypt.h
-- Looking for 47 include files sys/types.h, ..., wincrypt.h - not found
-- Looking for 47 include files sys/types.h, ..., winioctl.h
-- Looking for 47 include files sys/types.h, ..., winioctl.h - not found
-- Performing Test SAFE_TO_DEFINE_EXTENSIONS
-- Performing Test SAFE_TO_DEFINE_EXTENSIONS - Success
-- Looking for MD5Init in md
-- Looking for MD5Init in md - not found
-- Looking for regcomp
-- Looking for regcomp - found
-- Looking for _CrtSetReportMode
-- Looking for _CrtSetReportMode - not found
-- Looking for arc4random_buf
-- Looking for arc4random_buf - not found
-- Looking for chown
-- Looking for chown - found
-- Looking for chroot
-- Looking for chroot - found
-- Looking for ctime_r
-- Looking for ctime_r - found
-- Looking for fchdir
-- Looking for fchdir - found
-- Looking for fchmod
-- Looking for fchmod - found
-- Looking for fchown
-- Looking for fchown - found
-- Looking for fcntl
-- Looking for fcntl - found
-- Looking for fdopendir
-- Looking for fdopendir - found
-- Looking for fork
-- Looking for fork - found
-- Looking for fstat
-- Looking for fstat - found
-- Looking for fstatat
-- Looking for fstatat - found
-- Looking for fstatfs
-- Looking for fstatfs - found
-- Looking for fstatvfs
-- Looking for fstatvfs - found
-- Looking for ftruncate
-- Looking for ftruncate - found
-- Looking for futimens
-- Looking for futimens - found
-- Looking for futimes
-- Looking for futimes - found
-- Looking for futimesat
-- Looking for futimesat - found
-- Looking for geteuid
-- Looking for geteuid - found
-- Looking for getgrgid_r
-- Looking for getgrgid_r - found
-- Looking for getgrnam_r
-- Looking for getgrnam_r - found
-- Looking for getpwnam_r
-- Looking for getpwnam_r - found
-- Looking for getpwuid_r
-- Looking for getpwuid_r - found
-- Looking for getpid
-- Looking for getpid - found
-- Looking for getvfsbyname
-- Looking for getvfsbyname - not found
-- Looking for gmtime_r
-- Looking for gmtime_r - found
-- Looking for lchflags
-- Looking for lchflags - not found
-- Looking for lchown
-- Looking for lchown - found
-- Looking for link
-- Looking for link - found
-- Looking for linkat
-- Looking for linkat - found
-- Looking for localtime_r
-- Looking for localtime_r - found
-- Looking for lstat
-- Looking for lstat - found
-- Looking for lutimes
-- Looking for lutimes - found
-- Looking for mbrtowc
-- Looking for mbrtowc - found
-- Looking for mkdir
-- Looking for mkdir - found
-- Looking for mkfifo
-- Looking for mkfifo - found
-- Looking for mknod
-- Looking for mknod - found
-- Looking for mkstemp
-- Looking for mkstemp - found
-- Looking for nl_langinfo
-- Looking for nl_langinfo - found
-- Looking for openat
-- Looking for openat - found
-- Looking for pipe
-- Looking for pipe - found
-- Looking for poll
-- Looking for poll - found
-- Looking for posix_spawnp
-- Looking for posix_spawnp - found
-- Looking for readlink
-- Looking for readlink - found
-- Looking for readpassphrase
-- Looking for readpassphrase - not found
-- Looking for select
-- Looking for select - found
-- Looking for setenv
-- Looking for setenv - found
-- Looking for setlocale
-- Looking for setlocale - found
-- Looking for sigaction
-- Looking for sigaction - found
-- Looking for statfs
-- Looking for statfs - found
-- Looking for statvfs
-- Looking for statvfs - found
-- Looking for strchr
-- Looking for strchr - found
-- Looking for strdup
-- Looking for strdup - found
-- Looking for strerror
-- Looking for strerror - found
-- Looking for strncpy_s
-- Looking for strncpy_s - not found
-- Looking for strnlen
-- Looking for strnlen - found
-- Looking for strrchr
-- Looking for strrchr - found
-- Looking for symlink
-- Looking for symlink - found
-- Looking for timegm
-- Looking for timegm - found
-- Looking for tzset
-- Looking for tzset - found
-- Looking for unlinkat
-- Looking for unlinkat - found
-- Looking for unsetenv
-- Looking for unsetenv - found
-- Looking for utime
-- Looking for utime - found
-- Looking for utimes
-- Looking for utimes - found
-- Looking for utimensat
-- Looking for utimensat - found
-- Looking for vfork
-- Looking for vfork - found
-- Looking for _ctime64_s
-- Looking for _ctime64_s - not found
-- Looking for _fseeki64
-- Looking for _fseeki64 - not found
-- Looking for _get_timezone
-- Looking for _get_timezone - not found
-- Looking for _gmtime64_s
-- Looking for _gmtime64_s - not found
-- Looking for _localtime64_s
-- Looking for _localtime64_s - not found
-- Looking for _mkgmtime64
-- Looking for _mkgmtime64 - not found
-- Looking for cygwin_conv_path
-- Looking for cygwin_conv_path - not found
-- Looking for fseeko
-- Looking for fseeko - found
-- Looking for strerror_r
-- Looking for strerror_r - found
-- Looking for strftime
-- Looking for strftime - found
-- Performing Test HAVE_STRUCT_VFSCONF
-- Performing Test HAVE_STRUCT_VFSCONF - Failed
-- Performing Test HAVE_STRUCT_XVFSCONF
-- Performing Test HAVE_STRUCT_XVFSCONF - Failed
-- Performing Test HAVE_STRUCT_STATFS
-- Performing Test HAVE_STRUCT_STATFS - Failed
-- Performing Test HAVE_READDIR_R
-- Performing Test HAVE_READDIR_R - Success
-- Performing Test HAVE_DIRFD
-- Performing Test HAVE_DIRFD - Success
-- Performing Test HAVE_READLINKAT
-- Performing Test HAVE_READLINKAT - Success
-- Performing Test MAJOR_IN_MKDEV
-- Performing Test MAJOR_IN_MKDEV - Failed
-- Performing Test MAJOR_IN_SYSMACROS
-- Performing Test MAJOR_IN_SYSMACROS - Success
-- Looking for EFTYPE
-- Looking for EFTYPE - not found
-- Looking for EILSEQ
-- Looking for EILSEQ - found
-- Looking for D_MD_ORDER
-- Looking for D_MD_ORDER - not found
-- Looking for INT32_MAX
-- Looking for INT32_MAX - found
-- Looking for INT32_MIN
-- Looking for INT32_MIN - found
-- Looking for INT64_MAX
-- Looking for INT64_MAX - found
-- Looking for INT64_MIN
-- Looking for INT64_MIN - found
-- Looking for INTMAX_MAX
-- Looking for INTMAX_MAX - found
-- Looking for INTMAX_MIN
-- Looking for INTMAX_MIN - found
-- Looking for UINT32_MAX
-- Looking for UINT32_MAX - found
-- Looking for UINT64_MAX
-- Looking for UINT64_MAX - found
-- Looking for UINTMAX_MAX
-- Looking for UINTMAX_MAX - found
-- Looking for SIZE_MAX
-- Looking for SIZE_MAX - found
-- Looking for SSIZE_MAX
-- Looking for SSIZE_MAX - found
-- Performing Test HAVE_STRUCT_TM_TM_GMTOFF
-- Performing Test HAVE_STRUCT_TM_TM_GMTOFF - Success
-- Performing Test HAVE_STRUCT_TM___TM_GMTOFF
-- Performing Test HAVE_STRUCT_TM___TM_GMTOFF - Failed
-- Performing Test HAVE_STRUCT_STAT_ST_BIRTHTIME
-- Performing Test HAVE_STRUCT_STAT_ST_BIRTHTIME - Failed
-- Performing Test HAVE_STRUCT_STAT_ST_BIRTHTIMESPEC_TV_NSEC
-- Performing Test HAVE_STRUCT_STAT_ST_BIRTHTIMESPEC_TV_NSEC - Failed
-- Performing Test HAVE_STRUCT_STAT_ST_MTIMESPEC_TV_NSEC
-- Performing Test HAVE_STRUCT_STAT_ST_MTIMESPEC_TV_NSEC - Failed
-- Performing Test HAVE_STRUCT_STAT_ST_MTIM_TV_NSEC
-- Performing Test HAVE_STRUCT_STAT_ST_MTIM_TV_NSEC - Success
-- Performing Test HAVE_STRUCT_STAT_ST_MTIME_N
-- Performing Test HAVE_STRUCT_STAT_ST_MTIME_N - Failed
-- Performing Test HAVE_STRUCT_STAT_ST_UMTIME
-- Performing Test HAVE_STRUCT_STAT_ST_UMTIME - Failed
-- Performing Test HAVE_STRUCT_STAT_ST_MTIME_USEC
-- Performing Test HAVE_STRUCT_STAT_ST_MTIME_USEC - Failed
-- Performing Test HAVE_STRUCT_STAT_ST_BLKSIZE
-- Performing Test HAVE_STRUCT_STAT_ST_BLKSIZE - Success
-- Performing Test HAVE_STRUCT_STAT_ST_FLAGS
-- Performing Test HAVE_STRUCT_STAT_ST_FLAGS - Failed
-- Performing Test HAVE_STRUCT_STATVFS_F_IOSIZE
-- Performing Test HAVE_STRUCT_STATVFS_F_IOSIZE - Failed
-- Performing Test TIME_WITH_SYS_TIME
-- Performing Test TIME_WITH_SYS_TIME - Success
-- Looking for stddef.h
-- Looking for stddef.h - found
-- Check size of short
-- Check size of short - done
-- Check size of int
-- Check size of int - done
-- Check size of long
-- Check size of long - done
-- Check size of long long
-- Check size of long long - done
-- Check size of unsigned short
-- Check size of unsigned short - done
-- Check size of unsigned
-- Check size of unsigned - done
-- Check size of unsigned long
-- Check size of unsigned long - done
-- Check size of unsigned long long
-- Check size of unsigned long long - done
-- Check size of __int64
-- Check size of __int64 - failed
-- Check size of unsigned __int64
-- Check size of unsigned __int64 - failed
-- Check size of int16_t
-- Check size of int16_t - done
-- Check size of int32_t
-- Check size of int32_t - done
-- Check size of int64_t
-- Check size of int64_t - done
-- Check size of intmax_t
-- Check size of intmax_t - done
-- Check size of uint8_t
-- Check size of uint8_t - done
-- Check size of uint16_t
-- Check size of uint16_t - done
-- Check size of uint32_t
-- Check size of uint32_t - done
-- Check size of uint64_t
-- Check size of uint64_t - done
-- Check size of uintmax_t
-- Check size of uintmax_t - done
-- Check size of dev_t
-- Check size of dev_t - done
-- Check size of gid_t
-- Check size of gid_t - done
-- Check size of id_t
-- Check size of id_t - done
-- Check size of mode_t
-- Check size of mode_t - done
-- Check size of off_t
-- Check size of off_t - done
-- Check size of size_t
-- Check size of size_t - done
-- Check size of ssize_t
-- Check size of ssize_t - done
-- Check size of uid_t
-- Check size of uid_t - done
-- Check size of pid_t
-- Check size of pid_t - done
-- Check size of intptr_t
-- Check size of intptr_t - done
-- Check size of uintptr_t
-- Check size of uintptr_t - done
-- Check size of wchar_t
-- Check size of wchar_t - done
-- Checking _FILE_OFFSET_BITS for large files
-- Checking _FILE_OFFSET_BITS for large files - not needed
-- Checking support for ARCHIVE_CRYPTO_MD5_LIBC
-- Checking support for ARCHIVE_CRYPTO_MD5_LIBC -- not found
-- Checking support for ARCHIVE_CRYPTO_RMD160_LIBC
-- Checking support for ARCHIVE_CRYPTO_RMD160_LIBC -- not found
-- Checking support for ARCHIVE_CRYPTO_SHA1_LIBC
-- Checking support for ARCHIVE_CRYPTO_SHA1_LIBC -- not found
-- Checking support for ARCHIVE_CRYPTO_SHA256_LIBC
-- Checking support for ARCHIVE_CRYPTO_SHA256_LIBC -- not found
-- Checking support for ARCHIVE_CRYPTO_SHA384_LIBC
-- Checking support for ARCHIVE_CRYPTO_SHA384_LIBC -- not found
-- Checking support for ARCHIVE_CRYPTO_SHA512_LIBC
-- Checking support for ARCHIVE_CRYPTO_SHA512_LIBC -- not found
-- Checking support for ARCHIVE_CRYPTO_SHA256_LIBC2
-- Checking support for ARCHIVE_CRYPTO_SHA256_LIBC2 -- not found
-- Checking support for ARCHIVE_CRYPTO_SHA384_LIBC2
