/usr/local/lib/python3.6/dist-packages/setuptools/dist.py:726: UserWarning: Usage of dash-separated 'script-dir' will not be supported in future versions. Please use the underscore name 'script_dir' instead
  % (opt, underscore_opt)
running egg_info
creating ../build/sensor_package/sensor_package.egg-info
writing ../build/sensor_package/sensor_package.egg-info/PKG-INFO
writing dependency_links to ../build/sensor_package/sensor_package.egg-info/dependency_links.txt
writing entry points to ../build/sensor_package/sensor_package.egg-info/entry_points.txt
writing requirements to ../build/sensor_package/sensor_package.egg-info/requires.txt
writing top-level names to ../build/sensor_package/sensor_package.egg-info/top_level.txt
writing manifest file '../build/sensor_package/sensor_package.egg-info/SOURCES.txt'
reading manifest file '../build/sensor_package/sensor_package.egg-info/SOURCES.txt'
writing manifest file '../build/sensor_package/sensor_package.egg-info/SOURCES.txt'
running build
running build_py
creating /workspaces/ROS_PointCloud_AGV/src/build/sensor_package/build
creating /workspaces/ROS_PointCloud_AGV/src/build/sensor_package/build/lib
creating /workspaces/ROS_PointCloud_AGV/src/build/sensor_package/build/lib/sensor_package
copying sensor_package/__init__.py -> /workspaces/ROS_PointCloud_AGV/src/build/sensor_package/build/lib/sensor_package
copying sensor_package/oakd_publisher.py -> /workspaces/ROS_PointCloud_AGV/src/build/sensor_package/build/lib/sensor_package
running install
/usr/local/lib/python3.6/dist-packages/setuptools/command/install.py:37: SetuptoolsDeprecationWarning: setup.py install is deprecated. Use build and pip and other standards-based tools.
  setuptools.SetuptoolsDeprecationWarning,
running install_lib
creating /workspaces/ROS_PointCloud_AGV/src/install/sensor_package/lib/python3.6/site-packages/sensor_package
copying /workspaces/ROS_PointCloud_AGV/src/build/sensor_package/build/lib/sensor_package/__init__.py -> /workspaces/ROS_PointCloud_AGV/src/install/sensor_package/lib/python3.6/site-packages/sensor_package
copying /workspaces/ROS_PointCloud_AGV/src/build/sensor_package/build/lib/sensor_package/oakd_publisher.py -> /workspaces/ROS_PointCloud_AGV/src/install/sensor_package/lib/python3.6/site-packages/sensor_package
byte-compiling /workspaces/ROS_PointCloud_AGV/src/install/sensor_package/lib/python3.6/site-packages/sensor_package/__init__.py to __init__.cpython-36.pyc
byte-compiling /workspaces/ROS_PointCloud_AGV/src/install/sensor_package/lib/python3.6/site-packages/sensor_package/oakd_publisher.py to oakd_publisher.cpython-36.pyc
running install_data
creating /workspaces/ROS_PointCloud_AGV/src/install/sensor_package/share/ament_index
creating /workspaces/ROS_PointCloud_AGV/src/install/sensor_package/share/ament_index/resource_index
creating /workspaces/ROS_PointCloud_AGV/src/install/sensor_package/share/ament_index/resource_index/packages
copying resource/sensor_package -> /workspaces/ROS_PointCloud_AGV/src/install/sensor_package/share/ament_index/resource_index/packages
copying package.xml -> /workspaces/ROS_PointCloud_AGV/src/install/sensor_package/share/sensor_package
running install_egg_info
Copying ../build/sensor_package/sensor_package.egg-info to /workspaces/ROS_PointCloud_AGV/src/install/sensor_package/lib/python3.6/site-packages/sensor_package-0.0.0-py3.6.egg-info
running install_scripts
Installing oakd_publisher script to /workspaces/ROS_PointCloud_AGV/src/install/sensor_package/lib/sensor_package
writing list of installed files to '/workspaces/ROS_PointCloud_AGV/src/build/sensor_package/install.log'
