[0.083s] Invoking command in '/workspaces/ROS_PointCloud_AGV/src/cpp_pub_sub/build/cpp_pub_sub': /usr/local/bin/cmake /workspaces/ROS_PointCloud_AGV/src/cpp_pub_sub -DCMAKE_INSTALL_PREFIX=/workspaces/ROS_PointCloud_AGV/src/cpp_pub_sub/install/cpp_pub_sub
[0.638s] -- The C compiler identification is GNU 7.5.0
[0.925s] -- The CXX compiler identification is GNU 7.5.0
[1.020s] -- Detecting C compiler ABI info
[1.270s] -- Detecting C compiler ABI info - done
[1.324s] -- Check for working C compiler: /usr/bin/cc - skipped
[1.326s] -- Detecting C compile features
[1.329s] -- Detecting C compile features - done
[1.374s] -- Detecting CXX compiler ABI info
[1.621s] -- Detecting CXX compiler ABI info - done
[1.675s] -- Check for working CXX compiler: /usr/bin/c++ - skipped
[1.676s] -- Detecting CXX compile features
[1.678s] -- Detecting CXX compile features - done
[1.706s] -- Found ament_cmake: 0.9.12 (/opt/ros/foxy/install/share/ament_cmake/cmake)
[1.733s] [33mCMake Warning (dev) at /opt/ros/foxy/install/share/ament_cmake_core/cmake/core/python.cmake:22 (find_package):
[1.734s]   Policy CMP0148 is not set: The FindPythonInterp and FindPythonLibs modules
[1.734s]   are removed.  Run "cmake --help-policy CMP0148" for policy details.  Use
[1.735s]   the cmake_policy command to set the policy and suppress this warning.
[1.735s] 
[1.736s] Call Stack (most recent call first):
[1.736s]   /opt/ros/foxy/install/share/ament_cmake_core/cmake/core/all.cmake:53 (include)
[1.736s]   /opt/ros/foxy/install/share/ament_cmake_core/cmake/ament_cmake_core-extras.cmake:17 (include)
[1.737s]   /opt/ros/foxy/install/share/ament_cmake_core/cmake/ament_cmake_coreConfig.cmake:41 (include)
[1.737s]   /opt/ros/foxy/install/share/ament_cmake/cmake/ament_cmake_export_dependencies-extras.cmake:15 (find_package)
[1.738s]   /opt/ros/foxy/install/share/ament_cmake/cmake/ament_cmakeConfig.cmake:41 (include)
[1.738s]   CMakeLists.txt:19 (find_package)
[1.738s] This warning is for project developers.  Use -Wno-dev to suppress it.
[1.739s] [0m
[1.822s] -- Found PythonInterp: /usr/bin/python3 (found suitable version "3.6.9", minimum required is "3") 
[1.823s] -- Using PYTHON_EXECUTABLE: /usr/bin/python3
[2.991s] -- Found rclcpp: 2.4.3 (/opt/ros/foxy/install/share/rclcpp/cmake)
[3.247s] -- Using all available rosidl_typesupport_c: rosidl_typesupport_fastrtps_c;rosidl_typesupport_introspection_c
[3.291s] -- Found rosidl_adapter: 1.3.1 (/opt/ros/foxy/install/share/rosidl_adapter/cmake)
[3.577s] -- Found OpenSSL: /usr/lib/aarch64-linux-gnu/libcrypto.so (found version "1.1.1")  
[3.669s] -- Found FastRTPS: /opt/ros/foxy/install/include  
[4.027s] -- Using all available rosidl_typesupport_cpp: rosidl_typesupport_fastrtps_cpp;rosidl_typesupport_introspection_cpp
[4.334s] -- Found rmw_implementation_cmake: 1.0.4 (/opt/ros/foxy/install/share/rmw_implementation_cmake/cmake)
[4.342s] -- Using RMW implementation 'rmw_cyclonedds_cpp' as default
[4.347s] -- Performing Test CMAKE_HAVE_LIBC_PTHREAD
[4.571s] -- Performing Test CMAKE_HAVE_LIBC_PTHREAD - Failed
[4.572s] -- Looking for pthread_create in pthreads
[4.770s] -- Looking for pthread_create in pthreads - not found
[4.770s] -- Looking for pthread_create in pthread
[5.089s] -- Looking for pthread_create in pthread - found
[5.095s] -- Found Threads: TRUE  
[5.969s] [31mCMake Error at CMakeLists.txt:21 (find_package):
[5.970s]   By not providing "Findstd_msg.cmake" in CMAKE_MODULE_PATH this project has
[5.970s]   asked CMake to find a package configuration file provided by "std_msg", but
[5.971s]   CMake did not find one.
[5.971s] 
[5.972s]   Could not find a package configuration file provided by "std_msg" with any
[5.972s]   of the following names:
[5.973s] 
[5.973s]     std_msgConfig.cmake
[5.974s]     std_msg-config.cmake
[5.974s] 
[5.975s]   Add the installation prefix of "std_msg" to CMAKE_PREFIX_PATH or set
[5.975s]   "std_msg_DIR" to a directory containing one of the above files.  If
[5.976s]   "std_msg" provides a separate development package or SDK, be sure it has
[5.976s]   been installed.
[5.976s] 
[5.977s] [0m
[5.977s] -- Configuring incomplete, errors occurred!
[6.017s] Invoked command in '/workspaces/ROS_PointCloud_AGV/src/cpp_pub_sub/build/cpp_pub_sub' returned '1': /usr/local/bin/cmake /workspaces/ROS_PointCloud_AGV/src/cpp_pub_sub -DCMAKE_INSTALL_PREFIX=/workspaces/ROS_PointCloud_AGV/src/cpp_pub_sub/install/cpp_pub_sub
