[1.674s] DEBUG:colcon:Command line arguments: ['/usr/bin/colcon', 'build']
[1.675s] DEBUG:colcon:Parsed command line arguments: Namespace(ament_cmake_args=None, base_paths=['.'], build_base='build', catkin_cmake_args=None, catkin_skip_building_tests=False, cmake_args=None, cmake_clean_cache=False, cmake_clean_first=False, cmake_force_configure=False, cmake_target=None, cmake_target_skip_unavailable=False, continue_on_error=False, event_handlers=None, executor='parallel', ignore_user_meta=False, install_base='install', log_base=None, log_level=None, main=<bound method BuildVerb.main of <colcon_core.verb.build.BuildVerb object at 0x7f7ebc78d0>>, merge_install=False, metas=['./colcon.meta'], packages_above=None, packages_above_and_dependencies=None, packages_above_depth=None, packages_end=None, packages_ignore=None, packages_ignore_regex=None, packages_select=None, packages_select_build_failed=False, packages_select_by_dep=None, packages_select_regex=None, packages_select_test_failures=False, packages_skip=None, packages_skip_build_finished=False, packages_skip_by_dep=None, packages_skip_regex=None, packages_skip_test_passed=False, packages_skip_up_to=None, packages_start=None, packages_up_to=None, packages_up_to_regex=None, parallel_workers=4, paths=None, symlink_install=False, test_result_base=None, verb_extension=<colcon_core.verb.build.BuildVerb object at 0x7f7ebc78d0>, verb_name='build', verb_parser=<colcon_defaults.argument_parser.defaults.DefaultArgumentsDecorator object at 0x7f7eab02e8>)
[1.775s] Level 1:colcon.colcon_core.package_discovery:discover_packages(colcon_meta) check parameters
[1.775s] Level 1:colcon.colcon_core.package_discovery:discover_packages(recursive) check parameters
[1.776s] Level 1:colcon.colcon_core.package_discovery:discover_packages(ignore) check parameters
[1.776s] Level 1:colcon.colcon_core.package_discovery:discover_packages(path) check parameters
[1.776s] Level 1:colcon.colcon_core.package_discovery:discover_packages(colcon_meta) discover
[1.778s] Level 1:colcon.colcon_core.package_discovery:discover_packages(recursive) discover
[1.778s] INFO:colcon.colcon_core.package_discovery:Crawling recursively for packages in '/workspaces/ROS_PointCloud_AGV'
[1.779s] Level 1:colcon.colcon_core.package_identification:_identify(.) by extensions ['ignore', 'ignore_ament_install']
[1.780s] Level 1:colcon.colcon_core.package_identification:_identify(.) by extension 'ignore'
[1.780s] Level 1:colcon.colcon_core.package_identification:_identify(.) by extension 'ignore_ament_install'
[1.781s] Level 1:colcon.colcon_core.package_identification:_identify(.) by extensions ['colcon_pkg']
[1.781s] Level 1:colcon.colcon_core.package_identification:_identify(.) by extension 'colcon_pkg'
[1.781s] Level 1:colcon.colcon_core.package_identification:_identify(.) by extensions ['colcon_meta']
[1.781s] Level 1:colcon.colcon_core.package_identification:_identify(.) by extension 'colcon_meta'
[1.782s] Level 1:colcon.colcon_core.package_identification:_identify(.) by extensions ['ros']
[1.782s] Level 1:colcon.colcon_core.package_identification:_identify(.) by extension 'ros'
[1.967s] Level 1:colcon.colcon_core.package_identification:_identify(.) by extensions ['cmake', 'python']
[1.967s] Level 1:colcon.colcon_core.package_identification:_identify(.) by extension 'cmake'
[1.968s] Level 1:colcon.colcon_core.package_identification:_identify(.) by extension 'python'
[1.968s] Level 1:colcon.colcon_core.package_identification:_identify(.) by extensions ['python_setup_py']
[1.968s] Level 1:colcon.colcon_core.package_identification:_identify(.) by extension 'python_setup_py'
[1.969s] Level 1:colcon.colcon_core.package_identification:_identify(build) by extensions ['ignore', 'ignore_ament_install']
[1.969s] Level 1:colcon.colcon_core.package_identification:_identify(build) by extension 'ignore'
[1.970s] Level 1:colcon.colcon_core.package_identification:_identify(build) ignored
[1.971s] Level 1:colcon.colcon_core.package_identification:_identify(cache) by extensions ['ignore', 'ignore_ament_install']
[1.972s] Level 1:colcon.colcon_core.package_identification:_identify(cache) by extension 'ignore'
[1.972s] Level 1:colcon.colcon_core.package_identification:_identify(cache) by extension 'ignore_ament_install'
[1.973s] Level 1:colcon.colcon_core.package_identification:_identify(cache) by extensions ['colcon_pkg']
[1.973s] Level 1:colcon.colcon_core.package_identification:_identify(cache) by extension 'colcon_pkg'
[1.973s] Level 1:colcon.colcon_core.package_identification:_identify(cache) by extensions ['colcon_meta']
[1.973s] Level 1:colcon.colcon_core.package_identification:_identify(cache) by extension 'colcon_meta'
[1.973s] Level 1:colcon.colcon_core.package_identification:_identify(cache) by extensions ['ros']
[1.974s] Level 1:colcon.colcon_core.package_identification:_identify(cache) by extension 'ros'
[1.974s] Level 1:colcon.colcon_core.package_identification:_identify(cache) by extensions ['cmake', 'python']
[1.974s] Level 1:colcon.colcon_core.package_identification:_identify(cache) by extension 'cmake'
[1.975s] Level 1:colcon.colcon_core.package_identification:_identify(cache) by extension 'python'
[1.975s] Level 1:colcon.colcon_core.package_identification:_identify(cache) by extensions ['python_setup_py']
[1.975s] Level 1:colcon.colcon_core.package_identification:_identify(cache) by extension 'python_setup_py'
[1.976s] Level 1:colcon.colcon_core.package_identification:_identify(dai_ws) by extensions ['ignore', 'ignore_ament_install']
[1.976s] Level 1:colcon.colcon_core.package_identification:_identify(dai_ws) by extension 'ignore'
[1.976s] Level 1:colcon.colcon_core.package_identification:_identify(dai_ws) by extension 'ignore_ament_install'
[1.977s] Level 1:colcon.colcon_core.package_identification:_identify(dai_ws) by extensions ['colcon_pkg']
[1.977s] Level 1:colcon.colcon_core.package_identification:_identify(dai_ws) by extension 'colcon_pkg'
[1.977s] Level 1:colcon.colcon_core.package_identification:_identify(dai_ws) by extensions ['colcon_meta']
[1.977s] Level 1:colcon.colcon_core.package_identification:_identify(dai_ws) by extension 'colcon_meta'
[1.978s] Level 1:colcon.colcon_core.package_identification:_identify(dai_ws) by extensions ['ros']
[1.978s] Level 1:colcon.colcon_core.package_identification:_identify(dai_ws) by extension 'ros'
[1.978s] Level 1:colcon.colcon_core.package_identification:_identify(dai_ws) by extensions ['cmake', 'python']
[1.978s] Level 1:colcon.colcon_core.package_identification:_identify(dai_ws) by extension 'cmake'
[1.979s] Level 1:colcon.colcon_core.package_identification:_identify(dai_ws) by extension 'python'
[1.979s] Level 1:colcon.colcon_core.package_identification:_identify(dai_ws) by extensions ['python_setup_py']
[1.979s] Level 1:colcon.colcon_core.package_identification:_identify(dai_ws) by extension 'python_setup_py'
[1.980s] Level 1:colcon.colcon_core.package_identification:_identify(dai_ws/src) by extensions ['ignore', 'ignore_ament_install']
[1.980s] Level 1:colcon.colcon_core.package_identification:_identify(dai_ws/src) by extension 'ignore'
[1.980s] Level 1:colcon.colcon_core.package_identification:_identify(dai_ws/src) by extension 'ignore_ament_install'
[1.981s] Level 1:colcon.colcon_core.package_identification:_identify(dai_ws/src) by extensions ['colcon_pkg']
[1.981s] Level 1:colcon.colcon_core.package_identification:_identify(dai_ws/src) by extension 'colcon_pkg'
[1.981s] Level 1:colcon.colcon_core.package_identification:_identify(dai_ws/src) by extensions ['colcon_meta']
[1.981s] Level 1:colcon.colcon_core.package_identification:_identify(dai_ws/src) by extension 'colcon_meta'
[1.982s] Level 1:colcon.colcon_core.package_identification:_identify(dai_ws/src) by extensions ['ros']
[1.982s] Level 1:colcon.colcon_core.package_identification:_identify(dai_ws/src) by extension 'ros'
[1.982s] Level 1:colcon.colcon_core.package_identification:_identify(dai_ws/src) by extensions ['cmake', 'python']
[1.982s] Level 1:colcon.colcon_core.package_identification:_identify(dai_ws/src) by extension 'cmake'
[1.983s] Level 1:colcon.colcon_core.package_identification:_identify(dai_ws/src) by extension 'python'
[1.983s] Level 1:colcon.colcon_core.package_identification:_identify(dai_ws/src) by extensions ['python_setup_py']
[1.983s] Level 1:colcon.colcon_core.package_identification:_identify(dai_ws/src) by extension 'python_setup_py'
[1.984s] Level 1:colcon.colcon_core.package_identification:_identify(dai_ws/src/depthai-ros) by extensions ['ignore', 'ignore_ament_install']
[1.984s] Level 1:colcon.colcon_core.package_identification:_identify(dai_ws/src/depthai-ros) by extension 'ignore'
[1.984s] Level 1:colcon.colcon_core.package_identification:_identify(dai_ws/src/depthai-ros) by extension 'ignore_ament_install'
[1.985s] Level 1:colcon.colcon_core.package_identification:_identify(dai_ws/src/depthai-ros) by extensions ['colcon_pkg']
[1.985s] Level 1:colcon.colcon_core.package_identification:_identify(dai_ws/src/depthai-ros) by extension 'colcon_pkg'
[1.985s] Level 1:colcon.colcon_core.package_identification:_identify(dai_ws/src/depthai-ros) by extensions ['colcon_meta']
[1.985s] Level 1:colcon.colcon_core.package_identification:_identify(dai_ws/src/depthai-ros) by extension 'colcon_meta'
[1.986s] Level 1:colcon.colcon_core.package_identification:_identify(dai_ws/src/depthai-ros) by extensions ['ros']
[1.986s] Level 1:colcon.colcon_core.package_identification:_identify(dai_ws/src/depthai-ros) by extension 'ros'
[1.986s] Level 1:colcon.colcon_core.package_identification:_identify(dai_ws/src/depthai-ros) by extensions ['cmake', 'python']
[1.987s] Level 1:colcon.colcon_core.package_identification:_identify(dai_ws/src/depthai-ros) by extension 'cmake'
[1.987s] Level 1:colcon.colcon_core.package_identification:_identify(dai_ws/src/depthai-ros) by extension 'python'
[1.987s] Level 1:colcon.colcon_core.package_identification:_identify(dai_ws/src/depthai-ros) by extensions ['python_setup_py']
[1.987s] Level 1:colcon.colcon_core.package_identification:_identify(dai_ws/src/depthai-ros) by extension 'python_setup_py'
[1.988s] Level 1:colcon.colcon_core.package_identification:_identify(dai_ws/src/depthai-ros/depthai-ros) by extensions ['ignore', 'ignore_ament_install']
[1.988s] Level 1:colcon.colcon_core.package_identification:_identify(dai_ws/src/depthai-ros/depthai-ros) by extension 'ignore'
[1.989s] Level 1:colcon.colcon_core.package_identification:_identify(dai_ws/src/depthai-ros/depthai-ros) by extension 'ignore_ament_install'
[1.989s] Level 1:colcon.colcon_core.package_identification:_identify(dai_ws/src/depthai-ros/depthai-ros) by extensions ['colcon_pkg']
[1.989s] Level 1:colcon.colcon_core.package_identification:_identify(dai_ws/src/depthai-ros/depthai-ros) by extension 'colcon_pkg'
[1.989s] Level 1:colcon.colcon_core.package_identification:_identify(dai_ws/src/depthai-ros/depthai-ros) by extensions ['colcon_meta']
[1.989s] Level 1:colcon.colcon_core.package_identification:_identify(dai_ws/src/depthai-ros/depthai-ros) by extension 'colcon_meta'
[1.990s] Level 1:colcon.colcon_core.package_identification:_identify(dai_ws/src/depthai-ros/depthai-ros) by extensions ['ros']
[1.990s] Level 1:colcon.colcon_core.package_identification:_identify(dai_ws/src/depthai-ros/depthai-ros) by extension 'ros'
[2.002s] DEBUG:colcon.colcon_core.package_identification:Package 'dai_ws/src/depthai-ros/depthai-ros' with type 'ros.ament_cmake' and name 'depthai-ros'
[2.003s] Level 1:colcon.colcon_core.package_identification:_identify(dai_ws/src/depthai-ros/depthai_bridge) by extensions ['ignore', 'ignore_ament_install']
[2.003s] Level 1:colcon.colcon_core.package_identification:_identify(dai_ws/src/depthai-ros/depthai_bridge) by extension 'ignore'
[2.004s] Level 1:colcon.colcon_core.package_identification:_identify(dai_ws/src/depthai-ros/depthai_bridge) by extension 'ignore_ament_install'
[2.004s] Level 1:colcon.colcon_core.package_identification:_identify(dai_ws/src/depthai-ros/depthai_bridge) by extensions ['colcon_pkg']
[2.004s] Level 1:colcon.colcon_core.package_identification:_identify(dai_ws/src/depthai-ros/depthai_bridge) by extension 'colcon_pkg'
[2.004s] Level 1:colcon.colcon_core.package_identification:_identify(dai_ws/src/depthai-ros/depthai_bridge) by extensions ['colcon_meta']
[2.005s] Level 1:colcon.colcon_core.package_identification:_identify(dai_ws/src/depthai-ros/depthai_bridge) by extension 'colcon_meta'
[2.005s] Level 1:colcon.colcon_core.package_identification:_identify(dai_ws/src/depthai-ros/depthai_bridge) by extensions ['ros']
[2.005s] Level 1:colcon.colcon_core.package_identification:_identify(dai_ws/src/depthai-ros/depthai_bridge) by extension 'ros'
[2.015s] DEBUG:colcon.colcon_core.package_identification:Package 'dai_ws/src/depthai-ros/depthai_bridge' with type 'ros.ament_cmake' and name 'depthai_bridge'
[2.016s] Level 1:colcon.colcon_core.package_identification:_identify(dai_ws/src/depthai-ros/depthai_descriptions) by extensions ['ignore', 'ignore_ament_install']
[2.017s] Level 1:colcon.colcon_core.package_identification:_identify(dai_ws/src/depthai-ros/depthai_descriptions) by extension 'ignore'
[2.017s] Level 1:colcon.colcon_core.package_identification:_identify(dai_ws/src/depthai-ros/depthai_descriptions) by extension 'ignore_ament_install'
[2.017s] Level 1:colcon.colcon_core.package_identification:_identify(dai_ws/src/depthai-ros/depthai_descriptions) by extensions ['colcon_pkg']
[2.017s] Level 1:colcon.colcon_core.package_identification:_identify(dai_ws/src/depthai-ros/depthai_descriptions) by extension 'colcon_pkg'
[2.018s] Level 1:colcon.colcon_core.package_identification:_identify(dai_ws/src/depthai-ros/depthai_descriptions) by extensions ['colcon_meta']
[2.018s] Level 1:colcon.colcon_core.package_identification:_identify(dai_ws/src/depthai-ros/depthai_descriptions) by extension 'colcon_meta'
[2.018s] Level 1:colcon.colcon_core.package_identification:_identify(dai_ws/src/depthai-ros/depthai_descriptions) by extensions ['ros']
[2.019s] Level 1:colcon.colcon_core.package_identification:_identify(dai_ws/src/depthai-ros/depthai_descriptions) by extension 'ros'
[2.021s] DEBUG:colcon.colcon_core.package_identification:Package 'dai_ws/src/depthai-ros/depthai_descriptions' with type 'ros.ament_cmake' and name 'depthai_descriptions'
[2.022s] Level 1:colcon.colcon_core.package_identification:_identify(dai_ws/src/depthai-ros/depthai_examples) by extensions ['ignore', 'ignore_ament_install']
[2.022s] Level 1:colcon.colcon_core.package_identification:_identify(dai_ws/src/depthai-ros/depthai_examples) by extension 'ignore'
[2.023s] Level 1:colcon.colcon_core.package_identification:_identify(dai_ws/src/depthai-ros/depthai_examples) by extension 'ignore_ament_install'
[2.023s] Level 1:colcon.colcon_core.package_identification:_identify(dai_ws/src/depthai-ros/depthai_examples) by extensions ['colcon_pkg']
[2.023s] Level 1:colcon.colcon_core.package_identification:_identify(dai_ws/src/depthai-ros/depthai_examples) by extension 'colcon_pkg'
[2.023s] Level 1:colcon.colcon_core.package_identification:_identify(dai_ws/src/depthai-ros/depthai_examples) by extensions ['colcon_meta']
[2.024s] Level 1:colcon.colcon_core.package_identification:_identify(dai_ws/src/depthai-ros/depthai_examples) by extension 'colcon_meta'
[2.024s] Level 1:colcon.colcon_core.package_identification:_identify(dai_ws/src/depthai-ros/depthai_examples) by extensions ['ros']
[2.024s] Level 1:colcon.colcon_core.package_identification:_identify(dai_ws/src/depthai-ros/depthai_examples) by extension 'ros'
[2.036s] DEBUG:colcon.colcon_core.package_identification:Package 'dai_ws/src/depthai-ros/depthai_examples' with type 'ros.ament_cmake' and name 'depthai_examples'
[2.036s] Level 1:colcon.colcon_core.package_identification:_identify(dai_ws/src/depthai-ros/depthai_filters) by extensions ['ignore', 'ignore_ament_install']
[2.037s] Level 1:colcon.colcon_core.package_identification:_identify(dai_ws/src/depthai-ros/depthai_filters) by extension 'ignore'
[2.037s] Level 1:colcon.colcon_core.package_identification:_identify(dai_ws/src/depthai-ros/depthai_filters) by extension 'ignore_ament_install'
[2.037s] Level 1:colcon.colcon_core.package_identification:_identify(dai_ws/src/depthai-ros/depthai_filters) by extensions ['colcon_pkg']
[2.038s] Level 1:colcon.colcon_core.package_identification:_identify(dai_ws/src/depthai-ros/depthai_filters) by extension 'colcon_pkg'
[2.038s] Level 1:colcon.colcon_core.package_identification:_identify(dai_ws/src/depthai-ros/depthai_filters) by extensions ['colcon_meta']
[2.038s] Level 1:colcon.colcon_core.package_identification:_identify(dai_ws/src/depthai-ros/depthai_filters) by extension 'colcon_meta'
[2.039s] Level 1:colcon.colcon_core.package_identification:_identify(dai_ws/src/depthai-ros/depthai_filters) by extensions ['ros']
[2.039s] Level 1:colcon.colcon_core.package_identification:_identify(dai_ws/src/depthai-ros/depthai_filters) by extension 'ros'
[2.045s] DEBUG:colcon.colcon_core.package_identification:Package 'dai_ws/src/depthai-ros/depthai_filters' with type 'ros.ament_cmake' and name 'depthai_filters'
[2.045s] Level 1:colcon.colcon_core.package_identification:_identify(dai_ws/src/depthai-ros/depthai_ros_driver) by extensions ['ignore', 'ignore_ament_install']
[2.046s] Level 1:colcon.colcon_core.package_identification:_identify(dai_ws/src/depthai-ros/depthai_ros_driver) by extension 'ignore'
[2.046s] Level 1:colcon.colcon_core.package_identification:_identify(dai_ws/src/depthai-ros/depthai_ros_driver) by extension 'ignore_ament_install'
[2.047s] Level 1:colcon.colcon_core.package_identification:_identify(dai_ws/src/depthai-ros/depthai_ros_driver) by extensions ['colcon_pkg']
[2.047s] Level 1:colcon.colcon_core.package_identification:_identify(dai_ws/src/depthai-ros/depthai_ros_driver) by extension 'colcon_pkg'
[2.047s] Level 1:colcon.colcon_core.package_identification:_identify(dai_ws/src/depthai-ros/depthai_ros_driver) by extensions ['colcon_meta']
[2.047s] Level 1:colcon.colcon_core.package_identification:_identify(dai_ws/src/depthai-ros/depthai_ros_driver) by extension 'colcon_meta'
[2.048s] Level 1:colcon.colcon_core.package_identification:_identify(dai_ws/src/depthai-ros/depthai_ros_driver) by extensions ['ros']
[2.048s] Level 1:colcon.colcon_core.package_identification:_identify(dai_ws/src/depthai-ros/depthai_ros_driver) by extension 'ros'
[2.059s] DEBUG:colcon.colcon_core.package_identification:Package 'dai_ws/src/depthai-ros/depthai_ros_driver' with type 'ros.ament_cmake' and name 'depthai_ros_driver'
[2.060s] Level 1:colcon.colcon_core.package_identification:_identify(dai_ws/src/depthai-ros/depthai_ros_msgs) by extensions ['ignore', 'ignore_ament_install']
[2.060s] Level 1:colcon.colcon_core.package_identification:_identify(dai_ws/src/depthai-ros/depthai_ros_msgs) by extension 'ignore'
[2.061s] Level 1:colcon.colcon_core.package_identification:_identify(dai_ws/src/depthai-ros/depthai_ros_msgs) by extension 'ignore_ament_install'
[2.061s] Level 1:colcon.colcon_core.package_identification:_identify(dai_ws/src/depthai-ros/depthai_ros_msgs) by extensions ['colcon_pkg']
[2.061s] Level 1:colcon.colcon_core.package_identification:_identify(dai_ws/src/depthai-ros/depthai_ros_msgs) by extension 'colcon_pkg'
[2.061s] Level 1:colcon.colcon_core.package_identification:_identify(dai_ws/src/depthai-ros/depthai_ros_msgs) by extensions ['colcon_meta']
[2.062s] Level 1:colcon.colcon_core.package_identification:_identify(dai_ws/src/depthai-ros/depthai_ros_msgs) by extension 'colcon_meta'
[2.062s] Level 1:colcon.colcon_core.package_identification:_identify(dai_ws/src/depthai-ros/depthai_ros_msgs) by extensions ['ros']
[2.062s] Level 1:colcon.colcon_core.package_identification:_identify(dai_ws/src/depthai-ros/depthai_ros_msgs) by extension 'ros'
[2.068s] DEBUG:colcon.colcon_core.package_identification:Package 'dai_ws/src/depthai-ros/depthai_ros_msgs' with type 'ros.ament_cmake' and name 'depthai_ros_msgs'
[2.068s] Level 1:colcon.colcon_core.package_identification:_identify(dai_ws/src/depthai-ros/docs) by extensions ['ignore', 'ignore_ament_install']
[2.069s] Level 1:colcon.colcon_core.package_identification:_identify(dai_ws/src/depthai-ros/docs) by extension 'ignore'
[2.069s] Level 1:colcon.colcon_core.package_identification:_identify(dai_ws/src/depthai-ros/docs) by extension 'ignore_ament_install'
[2.069s] Level 1:colcon.colcon_core.package_identification:_identify(dai_ws/src/depthai-ros/docs) by extensions ['colcon_pkg']
[2.070s] Level 1:colcon.colcon_core.package_identification:_identify(dai_ws/src/depthai-ros/docs) by extension 'colcon_pkg'
[2.070s] Level 1:colcon.colcon_core.package_identification:_identify(dai_ws/src/depthai-ros/docs) by extensions ['colcon_meta']
[2.070s] Level 1:colcon.colcon_core.package_identification:_identify(dai_ws/src/depthai-ros/docs) by extension 'colcon_meta'
[2.071s] Level 1:colcon.colcon_core.package_identification:_identify(dai_ws/src/depthai-ros/docs) by extensions ['ros']
[2.071s] Level 1:colcon.colcon_core.package_identification:_identify(dai_ws/src/depthai-ros/docs) by extension 'ros'
[2.071s] Level 1:colcon.colcon_core.package_identification:_identify(dai_ws/src/depthai-ros/docs) by extensions ['cmake', 'python']
[2.071s] Level 1:colcon.colcon_core.package_identification:_identify(dai_ws/src/depthai-ros/docs) by extension 'cmake'
[2.072s] Level 1:colcon.colcon_core.package_identification:_identify(dai_ws/src/depthai-ros/docs) by extension 'python'
[2.072s] Level 1:colcon.colcon_core.package_identification:_identify(dai_ws/src/depthai-ros/docs) by extensions ['python_setup_py']
[2.072s] Level 1:colcon.colcon_core.package_identification:_identify(dai_ws/src/depthai-ros/docs) by extension 'python_setup_py'
[2.073s] Level 1:colcon.colcon_core.package_identification:_identify(depthai-core) by extensions ['ignore', 'ignore_ament_install']
[2.073s] Level 1:colcon.colcon_core.package_identification:_identify(depthai-core) by extension 'ignore'
[2.073s] Level 1:colcon.colcon_core.package_identification:_identify(depthai-core) by extension 'ignore_ament_install'
[2.074s] Level 1:colcon.colcon_core.package_identification:_identify(depthai-core) by extensions ['colcon_pkg']
[2.074s] Level 1:colcon.colcon_core.package_identification:_identify(depthai-core) by extension 'colcon_pkg'
[2.074s] Level 1:colcon.colcon_core.package_identification:_identify(depthai-core) by extensions ['colcon_meta']
[2.074s] Level 1:colcon.colcon_core.package_identification:_identify(depthai-core) by extension 'colcon_meta'
[2.075s] Level 1:colcon.colcon_core.package_identification:_identify(depthai-core) by extensions ['ros']
[2.075s] Level 1:colcon.colcon_core.package_identification:_identify(depthai-core) by extension 'ros'
[2.075s] Level 1:colcon.colcon_core.package_identification:_identify(depthai-core) by extensions ['cmake', 'python']
[2.075s] Level 1:colcon.colcon_core.package_identification:_identify(depthai-core) by extension 'cmake'
[2.169s] Level 1:colcon.colcon_core.package_identification:_identify(depthai-core) by extension 'python'
[2.170s] DEBUG:colcon.colcon_core.package_identification:Package 'depthai-core' with type 'cmake' and name 'depthai'
[2.171s] Level 1:colcon.colcon_core.package_identification:_identify(depthai_ros_driver) by extensions ['ignore', 'ignore_ament_install']
[2.171s] Level 1:colcon.colcon_core.package_identification:_identify(depthai_ros_driver) by extension 'ignore'
[2.172s] Level 1:colcon.colcon_core.package_identification:_identify(depthai_ros_driver) by extension 'ignore_ament_install'
[2.172s] Level 1:colcon.colcon_core.package_identification:_identify(depthai_ros_driver) by extensions ['colcon_pkg']
[2.172s] Level 1:colcon.colcon_core.package_identification:_identify(depthai_ros_driver) by extension 'colcon_pkg'
[2.172s] Level 1:colcon.colcon_core.package_identification:_identify(depthai_ros_driver) by extensions ['colcon_meta']
[2.173s] Level 1:colcon.colcon_core.package_identification:_identify(depthai_ros_driver) by extension 'colcon_meta'
[2.173s] Level 1:colcon.colcon_core.package_identification:_identify(depthai_ros_driver) by extensions ['ros']
[2.173s] Level 1:colcon.colcon_core.package_identification:_identify(depthai_ros_driver) by extension 'ros'
[2.174s] Level 1:colcon.colcon_core.package_identification:_identify(depthai_ros_driver) by extensions ['cmake', 'python']
[2.174s] Level 1:colcon.colcon_core.package_identification:_identify(depthai_ros_driver) by extension 'cmake'
[2.174s] Level 1:colcon.colcon_core.package_identification:_identify(depthai_ros_driver) by extension 'python'
[2.174s] Level 1:colcon.colcon_core.package_identification:_identify(depthai_ros_driver) by extensions ['python_setup_py']
[2.175s] Level 1:colcon.colcon_core.package_identification:_identify(depthai_ros_driver) by extension 'python_setup_py'
[2.175s] Level 1:colcon.colcon_core.package_identification:_identify(depthai_ros_driver/depthai-core) by extensions ['ignore', 'ignore_ament_install']
[2.176s] Level 1:colcon.colcon_core.package_identification:_identify(depthai_ros_driver/depthai-core) by extension 'ignore'
[2.176s] Level 1:colcon.colcon_core.package_identification:_identify(depthai_ros_driver/depthai-core) by extension 'ignore_ament_install'
[2.176s] Level 1:colcon.colcon_core.package_identification:_identify(depthai_ros_driver/depthai-core) by extensions ['colcon_pkg']
[2.176s] Level 1:colcon.colcon_core.package_identification:_identify(depthai_ros_driver/depthai-core) by extension 'colcon_pkg'
[2.177s] Level 1:colcon.colcon_core.package_identification:_identify(depthai_ros_driver/depthai-core) by extensions ['colcon_meta']
[2.177s] Level 1:colcon.colcon_core.package_identification:_identify(depthai_ros_driver/depthai-core) by extension 'colcon_meta'
[2.177s] Level 1:colcon.colcon_core.package_identification:_identify(depthai_ros_driver/depthai-core) by extensions ['ros']
[2.177s] Level 1:colcon.colcon_core.package_identification:_identify(depthai_ros_driver/depthai-core) by extension 'ros'
[2.178s] Level 1:colcon.colcon_core.package_identification:_identify(depthai_ros_driver/depthai-core) by extensions ['cmake', 'python']
[2.178s] Level 1:colcon.colcon_core.package_identification:_identify(depthai_ros_driver/depthai-core) by extension 'cmake'
[2.269s] Level 1:colcon.colcon_core.package_identification:_identify(depthai_ros_driver/depthai-core) by extension 'python'
[2.270s] DEBUG:colcon.colcon_core.package_identification:Package 'depthai_ros_driver/depthai-core' with type 'cmake' and name 'depthai'
[2.270s] Level 1:colcon.colcon_core.package_identification:_identify(depthai_ros_driver/docs) by extensions ['ignore', 'ignore_ament_install']
[2.271s] Level 1:colcon.colcon_core.package_identification:_identify(depthai_ros_driver/docs) by extension 'ignore'
[2.271s] Level 1:colcon.colcon_core.package_identification:_identify(depthai_ros_driver/docs) by extension 'ignore_ament_install'
[2.272s] Level 1:colcon.colcon_core.package_identification:_identify(depthai_ros_driver/docs) by extensions ['colcon_pkg']
[2.272s] Level 1:colcon.colcon_core.package_identification:_identify(depthai_ros_driver/docs) by extension 'colcon_pkg'
[2.272s] Level 1:colcon.colcon_core.package_identification:_identify(depthai_ros_driver/docs) by extensions ['colcon_meta']
[2.272s] Level 1:colcon.colcon_core.package_identification:_identify(depthai_ros_driver/docs) by extension 'colcon_meta'
[2.272s] Level 1:colcon.colcon_core.package_identification:_identify(depthai_ros_driver/docs) by extensions ['ros']
[2.273s] Level 1:colcon.colcon_core.package_identification:_identify(depthai_ros_driver/docs) by extension 'ros'
[2.273s] Level 1:colcon.colcon_core.package_identification:_identify(depthai_ros_driver/docs) by extensions ['cmake', 'python']
[2.273s] Level 1:colcon.colcon_core.package_identification:_identify(depthai_ros_driver/docs) by extension 'cmake'
[2.274s] Level 1:colcon.colcon_core.package_identification:_identify(depthai_ros_driver/docs) by extension 'python'
[2.274s] Level 1:colcon.colcon_core.package_identification:_identify(depthai_ros_driver/docs) by extensions ['python_setup_py']
[2.274s] Level 1:colcon.colcon_core.package_identification:_identify(depthai_ros_driver/docs) by extension 'python_setup_py'
[2.275s] Level 1:colcon.colcon_core.package_identification:_identify(depthai_ros_driver/src) by extensions ['ignore', 'ignore_ament_install']
[2.276s] Level 1:colcon.colcon_core.package_identification:_identify(depthai_ros_driver/src) by extension 'ignore'
[2.276s] Level 1:colcon.colcon_core.package_identification:_identify(depthai_ros_driver/src) by extension 'ignore_ament_install'
[2.277s] Level 1:colcon.colcon_core.package_identification:_identify(depthai_ros_driver/src) by extensions ['colcon_pkg']
[2.277s] Level 1:colcon.colcon_core.package_identification:_identify(depthai_ros_driver/src) by extension 'colcon_pkg'
[2.277s] Level 1:colcon.colcon_core.package_identification:_identify(depthai_ros_driver/src) by extensions ['colcon_meta']
[2.277s] Level 1:colcon.colcon_core.package_identification:_identify(depthai_ros_driver/src) by extension 'colcon_meta'
[2.278s] Level 1:colcon.colcon_core.package_identification:_identify(depthai_ros_driver/src) by extensions ['ros']
[2.278s] Level 1:colcon.colcon_core.package_identification:_identify(depthai_ros_driver/src) by extension 'ros'
[2.279s] Level 1:colcon.colcon_core.package_identification:_identify(depthai_ros_driver/src) by extensions ['cmake', 'python']
[2.279s] Level 1:colcon.colcon_core.package_identification:_identify(depthai_ros_driver/src) by extension 'cmake'
[2.279s] Level 1:colcon.colcon_core.package_identification:_identify(depthai_ros_driver/src) by extension 'python'
[2.280s] Level 1:colcon.colcon_core.package_identification:_identify(depthai_ros_driver/src) by extensions ['python_setup_py']
[2.280s] Level 1:colcon.colcon_core.package_identification:_identify(depthai_ros_driver/src) by extension 'python_setup_py'
[2.281s] Level 1:colcon.colcon_core.package_identification:_identify(depthai_ros_driver/src/depthai_ros_driver) by extensions ['ignore', 'ignore_ament_install']
[2.281s] Level 1:colcon.colcon_core.package_identification:_identify(depthai_ros_driver/src/depthai_ros_driver) by extension 'ignore'
[2.282s] Level 1:colcon.colcon_core.package_identification:_identify(depthai_ros_driver/src/depthai_ros_driver) by extension 'ignore_ament_install'
[2.282s] Level 1:colcon.colcon_core.package_identification:_identify(depthai_ros_driver/src/depthai_ros_driver) by extensions ['colcon_pkg']
[2.283s] Level 1:colcon.colcon_core.package_identification:_identify(depthai_ros_driver/src/depthai_ros_driver) by extension 'colcon_pkg'
[2.283s] Level 1:colcon.colcon_core.package_identification:_identify(depthai_ros_driver/src/depthai_ros_driver) by extensions ['colcon_meta']
[2.283s] Level 1:colcon.colcon_core.package_identification:_identify(depthai_ros_driver/src/depthai_ros_driver) by extension 'colcon_meta'
[2.283s] Level 1:colcon.colcon_core.package_identification:_identify(depthai_ros_driver/src/depthai_ros_driver) by extensions ['ros']
[2.284s] Level 1:colcon.colcon_core.package_identification:_identify(depthai_ros_driver/src/depthai_ros_driver) by extension 'ros'
[2.293s] DEBUG:colcon.colcon_core.package_identification:Package 'depthai_ros_driver/src/depthai_ros_driver' with type 'ros.ament_cmake' and name 'depthai_ros_driver'
[2.295s] Level 1:colcon.colcon_core.package_identification:_identify(install) by extensions ['ignore', 'ignore_ament_install']
[2.295s] Level 1:colcon.colcon_core.package_identification:_identify(install) by extension 'ignore'
[2.295s] Level 1:colcon.colcon_core.package_identification:_identify(install) ignored
[2.296s] Level 1:colcon.colcon_core.package_identification:_identify(log) by extensions ['ignore', 'ignore_ament_install']
[2.297s] Level 1:colcon.colcon_core.package_identification:_identify(log) by extension 'ignore'
[2.297s] Level 1:colcon.colcon_core.package_identification:_identify(log) ignored
[2.298s] Level 1:colcon.colcon_core.package_identification:_identify(src) by extensions ['ignore', 'ignore_ament_install']
[2.299s] Level 1:colcon.colcon_core.package_identification:_identify(src) by extension 'ignore'
[2.299s] Level 1:colcon.colcon_core.package_identification:_identify(src) by extension 'ignore_ament_install'
[2.299s] Level 1:colcon.colcon_core.package_identification:_identify(src) by extensions ['colcon_pkg']
[2.299s] Level 1:colcon.colcon_core.package_identification:_identify(src) by extension 'colcon_pkg'
[2.300s] Level 1:colcon.colcon_core.package_identification:_identify(src) by extensions ['colcon_meta']
[2.300s] Level 1:colcon.colcon_core.package_identification:_identify(src) by extension 'colcon_meta'
[2.300s] Level 1:colcon.colcon_core.package_identification:_identify(src) by extensions ['ros']
[2.300s] Level 1:colcon.colcon_core.package_identification:_identify(src) by extension 'ros'
[2.301s] Level 1:colcon.colcon_core.package_identification:_identify(src) by extensions ['cmake', 'python']
[2.301s] Level 1:colcon.colcon_core.package_identification:_identify(src) by extension 'cmake'
[2.301s] Level 1:colcon.colcon_core.package_identification:_identify(src) by extension 'python'
[2.302s] Level 1:colcon.colcon_core.package_identification:_identify(src) by extensions ['python_setup_py']
[2.302s] Level 1:colcon.colcon_core.package_identification:_identify(src) by extension 'python_setup_py'
[2.303s] Level 1:colcon.colcon_core.package_identification:_identify(src/build) by extensions ['ignore', 'ignore_ament_install']
[2.303s] Level 1:colcon.colcon_core.package_identification:_identify(src/build) by extension 'ignore'
[2.304s] Level 1:colcon.colcon_core.package_identification:_identify(src/build) ignored
[2.305s] Level 1:colcon.colcon_core.package_identification:_identify(src/cpp_pubsub) by extensions ['ignore', 'ignore_ament_install']
[2.305s] Level 1:colcon.colcon_core.package_identification:_identify(src/cpp_pubsub) by extension 'ignore'
[2.306s] Level 1:colcon.colcon_core.package_identification:_identify(src/cpp_pubsub) by extension 'ignore_ament_install'
[2.306s] Level 1:colcon.colcon_core.package_identification:_identify(src/cpp_pubsub) by extensions ['colcon_pkg']
[2.307s] Level 1:colcon.colcon_core.package_identification:_identify(src/cpp_pubsub) by extension 'colcon_pkg'
[2.307s] Level 1:colcon.colcon_core.package_identification:_identify(src/cpp_pubsub) by extensions ['colcon_meta']
[2.307s] Level 1:colcon.colcon_core.package_identification:_identify(src/cpp_pubsub) by extension 'colcon_meta'
[2.308s] Level 1:colcon.colcon_core.package_identification:_identify(src/cpp_pubsub) by extensions ['ros']
[2.308s] Level 1:colcon.colcon_core.package_identification:_identify(src/cpp_pubsub) by extension 'ros'
[2.312s] DEBUG:colcon.colcon_core.package_identification:Package 'src/cpp_pubsub' with type 'ros.ament_cmake' and name 'cpp_pubsub'
[2.313s] Level 1:colcon.colcon_core.package_identification:_identify(src/install) by extensions ['ignore', 'ignore_ament_install']
[2.314s] Level 1:colcon.colcon_core.package_identification:_identify(src/install) by extension 'ignore'
[2.314s] Level 1:colcon.colcon_core.package_identification:_identify(src/install) ignored
[2.315s] Level 1:colcon.colcon_core.package_identification:_identify(src/log) by extensions ['ignore', 'ignore_ament_install']
[2.316s] Level 1:colcon.colcon_core.package_identification:_identify(src/log) by extension 'ignore'
[2.316s] Level 1:colcon.colcon_core.package_identification:_identify(src/log) ignored
[2.317s] Level 1:colcon.colcon_core.package_identification:_identify(src/sensor_fusion) by extensions ['ignore', 'ignore_ament_install']
[2.317s] Level 1:colcon.colcon_core.package_identification:_identify(src/sensor_fusion) by extension 'ignore'
[2.317s] Level 1:colcon.colcon_core.package_identification:_identify(src/sensor_fusion) by extension 'ignore_ament_install'
[2.318s] Level 1:colcon.colcon_core.package_identification:_identify(src/sensor_fusion) by extensions ['colcon_pkg']
[2.318s] Level 1:colcon.colcon_core.package_identification:_identify(src/sensor_fusion) by extension 'colcon_pkg'
[2.319s] Level 1:colcon.colcon_core.package_identification:_identify(src/sensor_fusion) by extensions ['colcon_meta']
[2.319s] Level 1:colcon.colcon_core.package_identification:_identify(src/sensor_fusion) by extension 'colcon_meta'
[2.319s] Level 1:colcon.colcon_core.package_identification:_identify(src/sensor_fusion) by extensions ['ros']
[2.320s] Level 1:colcon.colcon_core.package_identification:_identify(src/sensor_fusion) by extension 'ros'
[2.333s] DEBUG:colcon.colcon_core.package_identification:Package 'src/sensor_fusion' with type 'ros.ament_cmake' and name 'sensor_fusion'
[2.334s] Level 1:colcon.colcon_core.package_discovery:discover_packages(recursive) using defaults
[2.335s] Level 1:colcon.colcon_core.package_discovery:discover_packages(ignore) discover
[2.335s] Level 1:colcon.colcon_core.package_discovery:discover_packages(ignore) using defaults
[2.335s] Level 1:colcon.colcon_core.package_discovery:discover_packages(path) discover
[2.336s] Level 1:colcon.colcon_core.package_discovery:discover_packages(path) using defaults
[2.459s] ERROR:colcon:colcon build: Duplicate package names not supported:
- depthai:
  - depthai-core
  - depthai_ros_driver/depthai-core
- depthai_ros_driver:
  - dai_ws/src/depthai-ros/depthai_ros_driver
  - depthai_ros_driver/src/depthai_ros_driver
