[0.078s] Invoking command in '/workspaces/ROS_PointCloud_AGV/build/sensor_fusion': /usr/local/bin/cmake /workspaces/ROS_PointCloud_AGV/src/sensor_fusion -DCMAKE_INSTALL_PREFIX=/workspaces/ROS_PointCloud_AGV/install/sensor_fusion
[0.251s] -- Found ament_cmake_auto: 0.9.12 (/opt/ros/foxy/install/share/ament_cmake_auto/cmake)
[0.260s] [33mCMake Warning (dev) at /opt/ros/foxy/install/share/ament_cmake_core/cmake/core/python.cmake:22 (find_package):
[0.260s]   Policy CMP0148 is not set: The FindPythonInterp and FindPythonLibs modules
[0.261s]   are removed.  Run "cmake --help-policy CMP0148" for policy details.  Use
[0.261s]   the cmake_policy command to set the policy and suppress this warning.
[0.262s] 
[0.262s] Call Stack (most recent call first):
[0.263s]   /opt/ros/foxy/install/share/ament_cmake_core/cmake/core/all.cmake:53 (include)
[0.263s]   /opt/ros/foxy/install/share/ament_cmake_core/cmake/ament_cmake_core-extras.cmake:17 (include)
[0.264s]   /opt/ros/foxy/install/share/ament_cmake_core/cmake/ament_cmake_coreConfig.cmake:41 (include)
[0.264s]   /opt/ros/foxy/install/share/ament_cmake/cmake/ament_cmake_export_dependencies-extras.cmake:15 (find_package)
[0.265s]   /opt/ros/foxy/install/share/ament_cmake/cmake/ament_cmakeConfig.cmake:41 (include)
[0.265s]   /opt/ros/foxy/install/share/ament_cmake_auto/cmake/ament_cmake_auto-extras.cmake:17 (find_package)
[0.266s]   /opt/ros/foxy/install/share/ament_cmake_auto/cmake/ament_cmake_autoConfig.cmake:41 (include)
[0.266s]   CMakeLists.txt:22 (find_package)
[0.267s] This warning is for project developers.  Use -Wno-dev to suppress it.
[0.267s] [0m
[0.330s] -- Using PYTHON_EXECUTABLE: /usr/bin/python3
[1.814s] [31mCMake Error at CMakeLists.txt:30 (amend_auto_add_library):
[1.814s]   Unknown CMake command "amend_auto_add_library".
[1.815s] 
[1.815s] [0m
[1.816s] -- Configuring incomplete, errors occurred!
[1.845s] Invoked command in '/workspaces/ROS_PointCloud_AGV/build/sensor_fusion' returned '1': /usr/local/bin/cmake /workspaces/ROS_PointCloud_AGV/src/sensor_fusion -DCMAKE_INSTALL_PREFIX=/workspaces/ROS_PointCloud_AGV/install/sensor_fusion
