-- Found ament_cmake: 0.9.12 (/opt/ros/foxy/install/share/ament_cmake/cmake)
-- Found PythonInterp: /usr/bin/python3 (found suitable version "3.6.9", minimum required is "3") 
-- Using PYTHON_EXECUTABLE: /usr/bin/python3
-- Override CMake install command with custom implementation using symlinks instead of copying resources
-- ------------------------------------------
-- Depthai ROS MSGS/INTERFACES is being built using AMENT.
-- ------------------------------------------
-- Found geometry_msgs: 2.0.5 (/opt/ros/foxy/install/share/geometry_msgs/cmake)
-- Using all available rosidl_typesupport_c: rosidl_typesupport_fastrtps_c;rosidl_typesupport_introspection_c
-- Found rosidl_adapter: 1.3.1 (/opt/ros/foxy/install/share/rosidl_adapter/cmake)
-- Using all available rosidl_typesupport_cpp: rosidl_typesupport_fastrtps_cpp;rosidl_typesupport_introspection_cpp
-- Found vision_msgs: 2.0.0 (/opt/ros/foxy/install/share/vision_msgs/cmake)
-- Found rosidl_default_generators: 1.0.1 (/opt/ros/foxy/install/share/rosidl_default_generators/cmake)
-- Found PythonInterp: /usr/bin/python3 (found version "3.6.9") 
-- Found ament_cmake_ros: 0.9.2 (/opt/ros/foxy/install/share/ament_cmake_ros/cmake)
-- Using all available rosidl_typesupport_c: rosidl_typesupport_fastrtps_c;rosidl_typesupport_introspection_c
-- Using all available rosidl_typesupport_cpp: rosidl_typesupport_fastrtps_cpp;rosidl_typesupport_introspection_cpp
-- Found PythonInterp: /usr/bin/python3 (found suitable version "3.6.9", minimum required is "3.5") 
-- Found python_cmake_module: 0.8.1 (/opt/ros/foxy/install/share/python_cmake_module/cmake)
-- Using PYTHON_EXECUTABLE: /usr/bin/python3
-- Using PYTHON_INCLUDE_DIRS: /usr/include/python3.6m
-- Using PYTHON_LIBRARIES: /usr/lib/aarch64-linux-gnu/libpython3.6m.so
-- Using numpy include directory: /usr/local/lib/python3.6/dist-packages/numpy/core/include
-- Configuring done (9.2s)
-- Generating done (0.3s)
-- Build files have been written to: /workspaces/ROS_PointCloud_AGV/build/depthai_ros_msgs
[  1%] Built target depthai_ros_msgs__cpp
[ 12%] Built target depthai_ros_msgs__rosidl_typesupport_cpp
[ 24%] Built target depthai_ros_msgs__rosidl_generator_c
[ 25%] [32m[1mLinking CXX shared library libdepthai_ros_msgs__rosidl_typesupport_fastrtps_cpp.so[0m
[ 35%] Built target depthai_ros_msgs__rosidl_typesupport_fastrtps_cpp
[ 36%] [32m[1mLinking CXX shared library libdepthai_ros_msgs__rosidl_typesupport_fastrtps_c.so[0m
[ 46%] Built target depthai_ros_msgs__rosidl_typesupport_fastrtps_c
[ 58%] Built target depthai_ros_msgs__rosidl_typesupport_introspection_c
[ 69%] Built target depthai_ros_msgs__rosidl_typesupport_c
[ 81%] Built target depthai_ros_msgs__rosidl_typesupport_introspection_cpp
[ 81%] Built target depthai_ros_msgs
[ 82%] Built target depthai_ros_msgs__py
[ 83%] [32m[1mLinking C shared library rosidl_generator_py/depthai_ros_msgs/libdepthai_ros_msgs__python.so[0m
[ 92%] Built target depthai_ros_msgs__python
[ 93%] [32m[1mLinking CXX shared library rosidl_generator_py/depthai_ros_msgs/depthai_ros_msgs_s__rosidl_typesupport_fastrtps_c.cpython-36m-aarch64-linux-gnu.so[0m
[ 94%] Built target depthai_ros_msgs__rosidl_typesupport_fastrtps_c__pyext
[ 96%] [32m[1mLinking C shared library rosidl_generator_py/depthai_ros_msgs/depthai_ros_msgs_s__rosidl_typesupport_introspection_c.cpython-36m-aarch64-linux-gnu.so[0m
[ 97%] Built target depthai_ros_msgs__rosidl_typesupport_introspection_c__pyext
[ 98%] [32m[1mLinking C shared library rosidl_generator_py/depthai_ros_msgs/depthai_ros_msgs_s__rosidl_typesupport_c.cpython-36m-aarch64-linux-gnu.so[0m
[100%] Built target depthai_ros_msgs__rosidl_typesupport_c__pyext
-- Install configuration: ""
-- Execute custom install script
-- Symlinking: /workspaces/ROS_PointCloud_AGV/install/depthai_ros_msgs/share/ament_index/resource_index/rosidl_interfaces/depthai_ros_msgs
-- Symlinking: /workspaces/ROS_PointCloud_AGV/install/depthai_ros_msgs/include/depthai_ros_msgs/msg/auto_focus_ctrl.h
-- Symlinking: /workspaces/ROS_PointCloud_AGV/install/depthai_ros_msgs/include/depthai_ros_msgs/msg/detail/auto_focus_ctrl__functions.h
-- Symlinking: /workspaces/ROS_PointCloud_AGV/install/depthai_ros_msgs/include/depthai_ros_msgs/msg/detail/auto_focus_ctrl__struct.h
-- Symlinking: /workspaces/ROS_PointCloud_AGV/install/depthai_ros_msgs/include/depthai_ros_msgs/msg/detail/auto_focus_ctrl__type_support.h
-- Symlinking: /workspaces/ROS_PointCloud_AGV/install/depthai_ros_msgs/include/depthai_ros_msgs/msg/detail/hand_landmark__functions.h
-- Symlinking: /workspaces/ROS_PointCloud_AGV/install/depthai_ros_msgs/include/depthai_ros_msgs/msg/detail/hand_landmark__struct.h
-- Symlinking: /workspaces/ROS_PointCloud_AGV/install/depthai_ros_msgs/include/depthai_ros_msgs/msg/detail/hand_landmark__type_support.h
-- Symlinking: /workspaces/ROS_PointCloud_AGV/install/depthai_ros_msgs/include/depthai_ros_msgs/msg/detail/hand_landmark_array__functions.h
-- Symlinking: /workspaces/ROS_PointCloud_AGV/install/depthai_ros_msgs/include/depthai_ros_msgs/msg/detail/hand_landmark_array__struct.h
-- Symlinking: /workspaces/ROS_PointCloud_AGV/install/depthai_ros_msgs/include/depthai_ros_msgs/msg/detail/hand_landmark_array__type_support.h
-- Symlinking: /workspaces/ROS_PointCloud_AGV/install/depthai_ros_msgs/include/depthai_ros_msgs/msg/detail/spatial_detection__functions.h
-- Symlinking: /workspaces/ROS_PointCloud_AGV/install/depthai_ros_msgs/include/depthai_ros_msgs/msg/detail/spatial_detection__struct.h
-- Symlinking: /workspaces/ROS_PointCloud_AGV/install/depthai_ros_msgs/include/depthai_ros_msgs/msg/detail/spatial_detection__type_support.h
-- Symlinking: /workspaces/ROS_PointCloud_AGV/install/depthai_ros_msgs/include/depthai_ros_msgs/msg/detail/spatial_detection_array__functions.h
-- Symlinking: /workspaces/ROS_PointCloud_AGV/install/depthai_ros_msgs/include/depthai_ros_msgs/msg/detail/spatial_detection_array__struct.h
-- Symlinking: /workspaces/ROS_PointCloud_AGV/install/depthai_ros_msgs/include/depthai_ros_msgs/msg/detail/spatial_detection_array__type_support.h
-- Symlinking: /workspaces/ROS_PointCloud_AGV/install/depthai_ros_msgs/include/depthai_ros_msgs/msg/hand_landmark.h
-- Symlinking: /workspaces/ROS_PointCloud_AGV/install/depthai_ros_msgs/include/depthai_ros_msgs/msg/hand_landmark_array.h
-- Symlinking: /workspaces/ROS_PointCloud_AGV/install/depthai_ros_msgs/include/depthai_ros_msgs/msg/rosidl_generator_c__visibility_control.h
-- Symlinking: /workspaces/ROS_PointCloud_AGV/install/depthai_ros_msgs/include/depthai_ros_msgs/msg/spatial_detection.h
-- Symlinking: /workspaces/ROS_PointCloud_AGV/install/depthai_ros_msgs/include/depthai_ros_msgs/msg/spatial_detection_array.h
-- Symlinking: /workspaces/ROS_PointCloud_AGV/install/depthai_ros_msgs/include/depthai_ros_msgs/srv/detail/normalized_image_crop__functions.h
-- Symlinking: /workspaces/ROS_PointCloud_AGV/install/depthai_ros_msgs/include/depthai_ros_msgs/srv/detail/normalized_image_crop__struct.h
-- Symlinking: /workspaces/ROS_PointCloud_AGV/install/depthai_ros_msgs/include/depthai_ros_msgs/srv/detail/normalized_image_crop__type_support.h
-- Symlinking: /workspaces/ROS_PointCloud_AGV/install/depthai_ros_msgs/include/depthai_ros_msgs/srv/detail/trigger_named__functions.h
-- Symlinking: /workspaces/ROS_PointCloud_AGV/install/depthai_ros_msgs/include/depthai_ros_msgs/srv/detail/trigger_named__struct.h
-- Symlinking: /workspaces/ROS_PointCloud_AGV/install/depthai_ros_msgs/include/depthai_ros_msgs/srv/detail/trigger_named__type_support.h
-- Symlinking: /workspaces/ROS_PointCloud_AGV/install/depthai_ros_msgs/include/depthai_ros_msgs/srv/normalized_image_crop.h
-- Symlinking: /workspaces/ROS_PointCloud_AGV/install/depthai_ros_msgs/include/depthai_ros_msgs/srv/trigger_named.h
-- Symlinking: /workspaces/ROS_PointCloud_AGV/install/depthai_ros_msgs/share/depthai_ros_msgs/environment/library_path.sh
-- Symlinking: /workspaces/ROS_PointCloud_AGV/install/depthai_ros_msgs/share/depthai_ros_msgs/environment/library_path.dsv
-- Symlinking: /workspaces/ROS_PointCloud_AGV/install/depthai_ros_msgs/include/depthai_ros_msgs/msg/detail/auto_focus_ctrl__rosidl_typesupport_fastrtps_c.h
-- Symlinking: /workspaces/ROS_PointCloud_AGV/install/depthai_ros_msgs/include/depthai_ros_msgs/msg/detail/hand_landmark__rosidl_typesupport_fastrtps_c.h
-- Symlinking: /workspaces/ROS_PointCloud_AGV/install/depthai_ros_msgs/include/depthai_ros_msgs/msg/detail/hand_landmark_array__rosidl_typesupport_fastrtps_c.h
-- Symlinking: /workspaces/ROS_PointCloud_AGV/install/depthai_ros_msgs/include/depthai_ros_msgs/msg/detail/spatial_detection__rosidl_typesupport_fastrtps_c.h
-- Symlinking: /workspaces/ROS_PointCloud_AGV/install/depthai_ros_msgs/include/depthai_ros_msgs/msg/detail/spatial_detection_array__rosidl_typesupport_fastrtps_c.h
-- Symlinking: /workspaces/ROS_PointCloud_AGV/install/depthai_ros_msgs/include/depthai_ros_msgs/msg/rosidl_typesupport_fastrtps_c__visibility_control.h
-- Symlinking: /workspaces/ROS_PointCloud_AGV/install/depthai_ros_msgs/include/depthai_ros_msgs/srv/detail/normalized_image_crop__rosidl_typesupport_fastrtps_c.h
-- Symlinking: /workspaces/ROS_PointCloud_AGV/install/depthai_ros_msgs/include/depthai_ros_msgs/srv/detail/trigger_named__rosidl_typesupport_fastrtps_c.h
-- Symlinking: /workspaces/ROS_PointCloud_AGV/install/depthai_ros_msgs/lib/libdepthai_ros_msgs__rosidl_typesupport_fastrtps_c.so
-- Symlinking: /workspaces/ROS_PointCloud_AGV/install/depthai_ros_msgs/include/depthai_ros_msgs/msg/detail/auto_focus_ctrl__rosidl_typesupport_fastrtps_cpp.hpp
-- Symlinking: /workspaces/ROS_PointCloud_AGV/install/depthai_ros_msgs/include/depthai_ros_msgs/msg/detail/hand_landmark__rosidl_typesupport_fastrtps_cpp.hpp
-- Symlinking: /workspaces/ROS_PointCloud_AGV/install/depthai_ros_msgs/include/depthai_ros_msgs/msg/detail/hand_landmark_array__rosidl_typesupport_fastrtps_cpp.hpp
-- Symlinking: /workspaces/ROS_PointCloud_AGV/install/depthai_ros_msgs/include/depthai_ros_msgs/msg/detail/spatial_detection__rosidl_typesupport_fastrtps_cpp.hpp
-- Symlinking: /workspaces/ROS_PointCloud_AGV/install/depthai_ros_msgs/include/depthai_ros_msgs/msg/detail/spatial_detection_array__rosidl_typesupport_fastrtps_cpp.hpp
-- Symlinking: /workspaces/ROS_PointCloud_AGV/install/depthai_ros_msgs/include/depthai_ros_msgs/msg/rosidl_typesupport_fastrtps_cpp__visibility_control.h
-- Symlinking: /workspaces/ROS_PointCloud_AGV/install/depthai_ros_msgs/include/depthai_ros_msgs/srv/detail/normalized_image_crop__rosidl_typesupport_fastrtps_cpp.hpp
-- Symlinking: /workspaces/ROS_PointCloud_AGV/install/depthai_ros_msgs/include/depthai_ros_msgs/srv/detail/trigger_named__rosidl_typesupport_fastrtps_cpp.hpp
-- Symlinking: /workspaces/ROS_PointCloud_AGV/install/depthai_ros_msgs/lib/libdepthai_ros_msgs__rosidl_typesupport_fastrtps_cpp.so
-- Symlinking: /workspaces/ROS_PointCloud_AGV/install/depthai_ros_msgs/include/depthai_ros_msgs/msg/detail/auto_focus_ctrl__rosidl_typesupport_introspection_c.h
-- Symlinking: /workspaces/ROS_PointCloud_AGV/install/depthai_ros_msgs/include/depthai_ros_msgs/msg/detail/hand_landmark__rosidl_typesupport_introspection_c.h
-- Symlinking: /workspaces/ROS_PointCloud_AGV/install/depthai_ros_msgs/include/depthai_ros_msgs/msg/detail/hand_landmark_array__rosidl_typesupport_introspection_c.h
-- Symlinking: /workspaces/ROS_PointCloud_AGV/install/depthai_ros_msgs/include/depthai_ros_msgs/msg/detail/spatial_detection__rosidl_typesupport_introspection_c.h
-- Symlinking: /workspaces/ROS_PointCloud_AGV/install/depthai_ros_msgs/include/depthai_ros_msgs/msg/detail/spatial_detection_array__rosidl_typesupport_introspection_c.h
-- Symlinking: /workspaces/ROS_PointCloud_AGV/install/depthai_ros_msgs/include/depthai_ros_msgs/msg/rosidl_typesupport_introspection_c__visibility_control.h
-- Symlinking: /workspaces/ROS_PointCloud_AGV/install/depthai_ros_msgs/include/depthai_ros_msgs/srv/detail/normalized_image_crop__rosidl_typesupport_introspection_c.h
-- Symlinking: /workspaces/ROS_PointCloud_AGV/install/depthai_ros_msgs/include/depthai_ros_msgs/srv/detail/trigger_named__rosidl_typesupport_introspection_c.h
-- Symlinking: /workspaces/ROS_PointCloud_AGV/install/depthai_ros_msgs/include/depthai_ros_msgs/msg/auto_focus_ctrl.hpp
-- Symlinking: /workspaces/ROS_PointCloud_AGV/install/depthai_ros_msgs/include/depthai_ros_msgs/msg/detail/auto_focus_ctrl__builder.hpp
-- Symlinking: /workspaces/ROS_PointCloud_AGV/install/depthai_ros_msgs/include/depthai_ros_msgs/msg/detail/auto_focus_ctrl__struct.hpp
-- Symlinking: /workspaces/ROS_PointCloud_AGV/install/depthai_ros_msgs/include/depthai_ros_msgs/msg/detail/auto_focus_ctrl__traits.hpp
-- Symlinking: /workspaces/ROS_PointCloud_AGV/install/depthai_ros_msgs/include/depthai_ros_msgs/msg/detail/auto_focus_ctrl__type_support.hpp
-- Symlinking: /workspaces/ROS_PointCloud_AGV/install/depthai_ros_msgs/include/depthai_ros_msgs/msg/detail/hand_landmark__builder.hpp
-- Symlinking: /workspaces/ROS_PointCloud_AGV/install/depthai_ros_msgs/include/depthai_ros_msgs/msg/detail/hand_landmark__struct.hpp
-- Symlinking: /workspaces/ROS_PointCloud_AGV/install/depthai_ros_msgs/include/depthai_ros_msgs/msg/detail/hand_landmark__traits.hpp
-- Symlinking: /workspaces/ROS_PointCloud_AGV/install/depthai_ros_msgs/include/depthai_ros_msgs/msg/detail/hand_landmark__type_support.hpp
-- Symlinking: /workspaces/ROS_PointCloud_AGV/install/depthai_ros_msgs/include/depthai_ros_msgs/msg/detail/hand_landmark_array__builder.hpp
-- Symlinking: /workspaces/ROS_PointCloud_AGV/install/depthai_ros_msgs/include/depthai_ros_msgs/msg/detail/hand_landmark_array__struct.hpp
-- Symlinking: /workspaces/ROS_PointCloud_AGV/install/depthai_ros_msgs/include/depthai_ros_msgs/msg/detail/hand_landmark_array__traits.hpp
-- Symlinking: /workspaces/ROS_PointCloud_AGV/install/depthai_ros_msgs/include/depthai_ros_msgs/msg/detail/hand_landmark_array__type_support.hpp
-- Symlinking: /workspaces/ROS_PointCloud_AGV/install/depthai_ros_msgs/include/depthai_ros_msgs/msg/detail/spatial_detection__builder.hpp
-- Symlinking: /workspaces/ROS_PointCloud_AGV/install/depthai_ros_msgs/include/depthai_ros_msgs/msg/detail/spatial_detection__struct.hpp
-- Symlinking: /workspaces/ROS_PointCloud_AGV/install/depthai_ros_msgs/include/depthai_ros_msgs/msg/detail/spatial_detection__traits.hpp
-- Symlinking: /workspaces/ROS_PointCloud_AGV/install/depthai_ros_msgs/include/depthai_ros_msgs/msg/detail/spatial_detection__type_support.hpp
-- Symlinking: /workspaces/ROS_PointCloud_AGV/install/depthai_ros_msgs/include/depthai_ros_msgs/msg/detail/spatial_detection_array__builder.hpp
-- Symlinking: /workspaces/ROS_PointCloud_AGV/install/depthai_ros_msgs/include/depthai_ros_msgs/msg/detail/spatial_detection_array__struct.hpp
-- Symlinking: /workspaces/ROS_PointCloud_AGV/install/depthai_ros_msgs/include/depthai_ros_msgs/msg/detail/spatial_detection_array__traits.hpp
-- Symlinking: /workspaces/ROS_PointCloud_AGV/install/depthai_ros_msgs/include/depthai_ros_msgs/msg/detail/spatial_detection_array__type_support.hpp
-- Symlinking: /workspaces/ROS_PointCloud_AGV/install/depthai_ros_msgs/include/depthai_ros_msgs/msg/hand_landmark.hpp
-- Symlinking: /workspaces/ROS_PointCloud_AGV/install/depthai_ros_msgs/include/depthai_ros_msgs/msg/hand_landmark_array.hpp
-- Symlinking: /workspaces/ROS_PointCloud_AGV/install/depthai_ros_msgs/include/depthai_ros_msgs/msg/rosidl_generator_cpp__visibility_control.hpp
-- Symlinking: /workspaces/ROS_PointCloud_AGV/install/depthai_ros_msgs/include/depthai_ros_msgs/msg/spatial_detection.hpp
-- Symlinking: /workspaces/ROS_PointCloud_AGV/install/depthai_ros_msgs/include/depthai_ros_msgs/msg/spatial_detection_array.hpp
-- Symlinking: /workspaces/ROS_PointCloud_AGV/install/depthai_ros_msgs/include/depthai_ros_msgs/srv/detail/normalized_image_crop__builder.hpp
-- Symlinking: /workspaces/ROS_PointCloud_AGV/install/depthai_ros_msgs/include/depthai_ros_msgs/srv/detail/normalized_image_crop__struct.hpp
-- Symlinking: /workspaces/ROS_PointCloud_AGV/install/depthai_ros_msgs/include/depthai_ros_msgs/srv/detail/normalized_image_crop__traits.hpp
-- Symlinking: /workspaces/ROS_PointCloud_AGV/install/depthai_ros_msgs/include/depthai_ros_msgs/srv/detail/normalized_image_crop__type_support.hpp
-- Symlinking: /workspaces/ROS_PointCloud_AGV/install/depthai_ros_msgs/include/depthai_ros_msgs/srv/detail/trigger_named__builder.hpp
-- Symlinking: /workspaces/ROS_PointCloud_AGV/install/depthai_ros_msgs/include/depthai_ros_msgs/srv/detail/trigger_named__struct.hpp
-- Symlinking: /workspaces/ROS_PointCloud_AGV/install/depthai_ros_msgs/include/depthai_ros_msgs/srv/detail/trigger_named__traits.hpp
-- Symlinking: /workspaces/ROS_PointCloud_AGV/install/depthai_ros_msgs/include/depthai_ros_msgs/srv/detail/trigger_named__type_support.hpp
-- Symlinking: /workspaces/ROS_PointCloud_AGV/install/depthai_ros_msgs/include/depthai_ros_msgs/srv/normalized_image_crop.hpp
-- Symlinking: /workspaces/ROS_PointCloud_AGV/install/depthai_ros_msgs/include/depthai_ros_msgs/srv/trigger_named.hpp
-- Symlinking: /workspaces/ROS_PointCloud_AGV/install/depthai_ros_msgs/include/depthai_ros_msgs/msg/detail/auto_focus_ctrl__rosidl_typesupport_introspection_cpp.hpp
-- Symlinking: /workspaces/ROS_PointCloud_AGV/install/depthai_ros_msgs/include/depthai_ros_msgs/msg/detail/hand_landmark__rosidl_typesupport_introspection_cpp.hpp
-- Symlinking: /workspaces/ROS_PointCloud_AGV/install/depthai_ros_msgs/include/depthai_ros_msgs/msg/detail/hand_landmark_array__rosidl_typesupport_introspection_cpp.hpp
-- Symlinking: /workspaces/ROS_PointCloud_AGV/install/depthai_ros_msgs/include/depthai_ros_msgs/msg/detail/spatial_detection__rosidl_typesupport_introspection_cpp.hpp
-- Symlinking: /workspaces/ROS_PointCloud_AGV/install/depthai_ros_msgs/include/depthai_ros_msgs/msg/detail/spatial_detection_array__rosidl_typesupport_introspection_cpp.hpp
-- Symlinking: /workspaces/ROS_PointCloud_AGV/install/depthai_ros_msgs/include/depthai_ros_msgs/srv/detail/normalized_image_crop__rosidl_typesupport_introspection_cpp.hpp
-- Symlinking: /workspaces/ROS_PointCloud_AGV/install/depthai_ros_msgs/include/depthai_ros_msgs/srv/detail/trigger_named__rosidl_typesupport_introspection_cpp.hpp
-- Symlinking: /workspaces/ROS_PointCloud_AGV/install/depthai_ros_msgs/share/depthai_ros_msgs/environment/pythonpath.sh
-- Symlinking: /workspaces/ROS_PointCloud_AGV/install/depthai_ros_msgs/share/depthai_ros_msgs/environment/pythonpath.dsv
-- Symlinking: /workspaces/ROS_PointCloud_AGV/install/depthai_ros_msgs/lib/python3.6/site-packages/depthai_ros_msgs/__init__.py
-- Symlinking: /workspaces/ROS_PointCloud_AGV/install/depthai_ros_msgs/lib/python3.6/site-packages/depthai_ros_msgs/msg/__init__.py
-- Symlinking: /workspaces/ROS_PointCloud_AGV/install/depthai_ros_msgs/lib/python3.6/site-packages/depthai_ros_msgs/msg/_auto_focus_ctrl.py
-- Symlinking: /workspaces/ROS_PointCloud_AGV/install/depthai_ros_msgs/lib/python3.6/site-packages/depthai_ros_msgs/msg/_hand_landmark.py
-- Symlinking: /workspaces/ROS_PointCloud_AGV/install/depthai_ros_msgs/lib/python3.6/site-packages/depthai_ros_msgs/msg/_hand_landmark_array.py
-- Symlinking: /workspaces/ROS_PointCloud_AGV/install/depthai_ros_msgs/lib/python3.6/site-packages/depthai_ros_msgs/msg/_spatial_detection.py
-- Symlinking: /workspaces/ROS_PointCloud_AGV/install/depthai_ros_msgs/lib/python3.6/site-packages/depthai_ros_msgs/msg/_spatial_detection_array.py
-- Symlinking: /workspaces/ROS_PointCloud_AGV/install/depthai_ros_msgs/lib/python3.6/site-packages/depthai_ros_msgs/srv/__init__.py
-- Symlinking: /workspaces/ROS_PointCloud_AGV/install/depthai_ros_msgs/lib/python3.6/site-packages/depthai_ros_msgs/srv/_normalized_image_crop.py
-- Symlinking: /workspaces/ROS_PointCloud_AGV/install/depthai_ros_msgs/lib/python3.6/site-packages/depthai_ros_msgs/srv/_trigger_named.py
-- Symlinking: /workspaces/ROS_PointCloud_AGV/install/depthai_ros_msgs/lib/python3.6/site-packages/depthai_ros_msgs/depthai_ros_msgs_s__rosidl_typesupport_fastrtps_c.cpython-36m-aarch64-linux-gnu.so
-- Symlinking: /workspaces/ROS_PointCloud_AGV/install/depthai_ros_msgs/lib/python3.6/site-packages/depthai_ros_msgs/depthai_ros_msgs_s__rosidl_typesupport_introspection_c.cpython-36m-aarch64-linux-gnu.so
-- Symlinking: /workspaces/ROS_PointCloud_AGV/install/depthai_ros_msgs/lib/python3.6/site-packages/depthai_ros_msgs/depthai_ros_msgs_s__rosidl_typesupport_c.cpython-36m-aarch64-linux-gnu.so
-- Symlinking: /workspaces/ROS_PointCloud_AGV/install/depthai_ros_msgs/lib/libdepthai_ros_msgs__python.so
-- Symlinking: /workspaces/ROS_PointCloud_AGV/install/depthai_ros_msgs/share/depthai_ros_msgs/msg/AutoFocusCtrl.idl
-- Symlinking: /workspaces/ROS_PointCloud_AGV/install/depthai_ros_msgs/share/depthai_ros_msgs/msg/HandLandmark.idl
-- Symlinking: /workspaces/ROS_PointCloud_AGV/install/depthai_ros_msgs/share/depthai_ros_msgs/msg/HandLandmarkArray.idl
-- Symlinking: /workspaces/ROS_PointCloud_AGV/install/depthai_ros_msgs/share/depthai_ros_msgs/msg/SpatialDetection.idl
-- Symlinking: /workspaces/ROS_PointCloud_AGV/install/depthai_ros_msgs/share/depthai_ros_msgs/msg/SpatialDetectionArray.idl
-- Symlinking: /workspaces/ROS_PointCloud_AGV/install/depthai_ros_msgs/share/depthai_ros_msgs/srv/TriggerNamed.idl
-- Symlinking: /workspaces/ROS_PointCloud_AGV/install/depthai_ros_msgs/share/depthai_ros_msgs/srv/NormalizedImageCrop.idl
-- Symlinking: /workspaces/ROS_PointCloud_AGV/install/depthai_ros_msgs/share/depthai_ros_msgs/msg/AutoFocusCtrl.msg
-- Symlinking: /workspaces/ROS_PointCloud_AGV/install/depthai_ros_msgs/share/depthai_ros_msgs/msg/HandLandmark.msg
-- Symlinking: /workspaces/ROS_PointCloud_AGV/install/depthai_ros_msgs/share/depthai_ros_msgs/msg/HandLandmarkArray.msg
-- Symlinking: /workspaces/ROS_PointCloud_AGV/install/depthai_ros_msgs/share/depthai_ros_msgs/msg/SpatialDetection.msg
-- Symlinking: /workspaces/ROS_PointCloud_AGV/install/depthai_ros_msgs/share/depthai_ros_msgs/msg/SpatialDetectionArray.msg
-- Symlinking: /workspaces/ROS_PointCloud_AGV/install/depthai_ros_msgs/share/depthai_ros_msgs/srv/TriggerNamed.srv
-- Symlinking: /workspaces/ROS_PointCloud_AGV/install/depthai_ros_msgs/share/depthai_ros_msgs/srv/TriggerNamed_Request.msg
-- Symlinking: /workspaces/ROS_PointCloud_AGV/install/depthai_ros_msgs/share/depthai_ros_msgs/srv/TriggerNamed_Response.msg
-- Symlinking: /workspaces/ROS_PointCloud_AGV/install/depthai_ros_msgs/share/depthai_ros_msgs/srv/NormalizedImageCrop.srv
-- Symlinking: /workspaces/ROS_PointCloud_AGV/install/depthai_ros_msgs/share/depthai_ros_msgs/srv/NormalizedImageCrop_Request.msg
-- Symlinking: /workspaces/ROS_PointCloud_AGV/install/depthai_ros_msgs/share/depthai_ros_msgs/srv/NormalizedImageCrop_Response.msg
-- Symlinking: /workspaces/ROS_PointCloud_AGV/install/depthai_ros_msgs/share/ament_index/resource_index/package_run_dependencies/depthai_ros_msgs
-- Symlinking: /workspaces/ROS_PointCloud_AGV/install/depthai_ros_msgs/share/ament_index/resource_index/parent_prefix_path/depthai_ros_msgs
-- Symlinking: /workspaces/ROS_PointCloud_AGV/install/depthai_ros_msgs/share/depthai_ros_msgs/environment/ament_prefix_path.sh
-- Symlinking: /workspaces/ROS_PointCloud_AGV/install/depthai_ros_msgs/share/depthai_ros_msgs/environment/ament_prefix_path.dsv
-- Symlinking: /workspaces/ROS_PointCloud_AGV/install/depthai_ros_msgs/share/depthai_ros_msgs/environment/path.sh
-- Symlinking: /workspaces/ROS_PointCloud_AGV/install/depthai_ros_msgs/share/depthai_ros_msgs/environment/path.dsv
-- Symlinking: /workspaces/ROS_PointCloud_AGV/install/depthai_ros_msgs/share/depthai_ros_msgs/local_setup.bash
-- Symlinking: /workspaces/ROS_PointCloud_AGV/install/depthai_ros_msgs/share/depthai_ros_msgs/local_setup.sh
-- Symlinking: /workspaces/ROS_PointCloud_AGV/install/depthai_ros_msgs/share/depthai_ros_msgs/local_setup.zsh
-- Symlinking: /workspaces/ROS_PointCloud_AGV/install/depthai_ros_msgs/share/depthai_ros_msgs/local_setup.dsv
-- Symlinking: /workspaces/ROS_PointCloud_AGV/install/depthai_ros_msgs/share/depthai_ros_msgs/package.dsv
-- Symlinking: /workspaces/ROS_PointCloud_AGV/install/depthai_ros_msgs/share/ament_index/resource_index/packages/depthai_ros_msgs
-- Symlinking: /workspaces/ROS_PointCloud_AGV/install/depthai_ros_msgs/share/depthai_ros_msgs/cmake/rosidl_cmake-extras.cmake
-- Symlinking: /workspaces/ROS_PointCloud_AGV/install/depthai_ros_msgs/share/depthai_ros_msgs/cmake/ament_cmake_export_dependencies-extras.cmake
-- Symlinking: /workspaces/ROS_PointCloud_AGV/install/depthai_ros_msgs/share/depthai_ros_msgs/cmake/ament_cmake_export_libraries-extras.cmake
-- Symlinking: /workspaces/ROS_PointCloud_AGV/install/depthai_ros_msgs/share/depthai_ros_msgs/cmake/ament_cmake_export_targets-extras.cmake
-- Symlinking: /workspaces/ROS_PointCloud_AGV/install/depthai_ros_msgs/share/depthai_ros_msgs/cmake/ament_cmake_export_include_directories-extras.cmake
-- Symlinking: /workspaces/ROS_PointCloud_AGV/install/depthai_ros_msgs/share/depthai_ros_msgs/cmake/rosidl_cmake_export_typesupport_libraries-extras.cmake
-- Symlinking: /workspaces/ROS_PointCloud_AGV/install/depthai_ros_msgs/share/depthai_ros_msgs/cmake/rosidl_cmake_export_typesupport_targets-extras.cmake
-- Symlinking: /workspaces/ROS_PointCloud_AGV/install/depthai_ros_msgs/share/depthai_ros_msgs/cmake/depthai_ros_msgsConfig.cmake
-- Symlinking: /workspaces/ROS_PointCloud_AGV/install/depthai_ros_msgs/share/depthai_ros_msgs/cmake/depthai_ros_msgsConfig-version.cmake
-- Symlinking: /workspaces/ROS_PointCloud_AGV/install/depthai_ros_msgs/share/depthai_ros_msgs/package.xml
-- Up-to-date: /workspaces/ROS_PointCloud_AGV/install/depthai_ros_msgs/lib/libdepthai_ros_msgs__rosidl_generator_c.so
-- Up-to-date: /workspaces/ROS_PointCloud_AGV/install/depthai_ros_msgs/lib/libdepthai_ros_msgs__rosidl_typesupport_introspection_c.so
-- Up-to-date: /workspaces/ROS_PointCloud_AGV/install/depthai_ros_msgs/lib/libdepthai_ros_msgs__rosidl_typesupport_c.so
-- Up-to-date: /workspaces/ROS_PointCloud_AGV/install/depthai_ros_msgs/lib/libdepthai_ros_msgs__rosidl_typesupport_introspection_cpp.so
-- Up-to-date: /workspaces/ROS_PointCloud_AGV/install/depthai_ros_msgs/lib/libdepthai_ros_msgs__rosidl_typesupport_cpp.so
Compiling '/workspaces/ROS_PointCloud_AGV/install/depthai_ros_msgs/lib/python3.6/site-packages/depthai_ros_msgs/__init__.py'...
-- Up-to-date: /workspaces/ROS_PointCloud_AGV/install/depthai_ros_msgs/share/depthai_ros_msgs/cmake/depthai_ros_msgs__rosidl_generator_cExport.cmake
-- Up-to-date: /workspaces/ROS_PointCloud_AGV/install/depthai_ros_msgs/share/depthai_ros_msgs/cmake/depthai_ros_msgs__rosidl_generator_cExport-noconfig.cmake
-- Up-to-date: /workspaces/ROS_PointCloud_AGV/install/depthai_ros_msgs/share/depthai_ros_msgs/cmake/depthai_ros_msgs__rosidl_typesupport_introspection_cExport.cmake
-- Up-to-date: /workspaces/ROS_PointCloud_AGV/install/depthai_ros_msgs/share/depthai_ros_msgs/cmake/depthai_ros_msgs__rosidl_typesupport_introspection_cExport-noconfig.cmake
-- Up-to-date: /workspaces/ROS_PointCloud_AGV/install/depthai_ros_msgs/share/depthai_ros_msgs/cmake/depthai_ros_msgs__rosidl_typesupport_cExport.cmake
-- Up-to-date: /workspaces/ROS_PointCloud_AGV/install/depthai_ros_msgs/share/depthai_ros_msgs/cmake/depthai_ros_msgs__rosidl_typesupport_cExport-noconfig.cmake
-- Up-to-date: /workspaces/ROS_PointCloud_AGV/install/depthai_ros_msgs/share/depthai_ros_msgs/cmake/depthai_ros_msgs__rosidl_generator_cppExport.cmake
-- Up-to-date: /workspaces/ROS_PointCloud_AGV/install/depthai_ros_msgs/share/depthai_ros_msgs/cmake/depthai_ros_msgs__rosidl_typesupport_introspection_cppExport.cmake
-- Up-to-date: /workspaces/ROS_PointCloud_AGV/install/depthai_ros_msgs/share/depthai_ros_msgs/cmake/depthai_ros_msgs__rosidl_typesupport_introspection_cppExport-noconfig.cmake
-- Up-to-date: /workspaces/ROS_PointCloud_AGV/install/depthai_ros_msgs/share/depthai_ros_msgs/cmake/depthai_ros_msgs__rosidl_typesupport_cppExport.cmake
-- Up-to-date: /workspaces/ROS_PointCloud_AGV/install/depthai_ros_msgs/share/depthai_ros_msgs/cmake/depthai_ros_msgs__rosidl_typesupport_cppExport-noconfig.cmake
