[1.656s] DEBUG:colcon:Command line arguments: ['/usr/bin/colcon', 'build', '--packages-select', 'cpp_pub_sub']
[1.657s] DEBUG:colcon:Parsed command line arguments: Namespace(ament_cmake_args=None, base_paths=['.'], build_base='build', catkin_cmake_args=None, catkin_skip_building_tests=False, cmake_args=None, cmake_clean_cache=False, cmake_clean_first=False, cmake_force_configure=False, cmake_target=None, cmake_target_skip_unavailable=False, continue_on_error=False, event_handlers=None, executor='parallel', ignore_user_meta=False, install_base='install', log_base=None, log_level=None, main=<bound method BuildVerb.main of <colcon_core.verb.build.BuildVerb object at 0x7fab342518>>, merge_install=False, metas=['./colcon.meta'], packages_above=None, packages_above_and_dependencies=None, packages_above_depth=None, packages_end=None, packages_ignore=None, packages_ignore_regex=None, packages_select=['cpp_pub_sub'], packages_select_build_failed=False, packages_select_by_dep=None, packages_select_regex=None, packages_select_test_failures=False, packages_skip=None, packages_skip_build_finished=False, packages_skip_by_dep=None, packages_skip_regex=None, packages_skip_test_passed=False, packages_skip_up_to=None, packages_start=None, packages_up_to=None, packages_up_to_regex=None, parallel_workers=4, paths=None, symlink_install=False, test_result_base=None, verb_extension=<colcon_core.verb.build.BuildVerb object at 0x7fab342518>, verb_name='build', verb_parser=<colcon_defaults.argument_parser.defaults.DefaultArgumentsDecorator object at 0x7fab21ff28>)
[1.759s] Level 1:colcon.colcon_core.package_discovery:discover_packages(colcon_meta) check parameters
[1.759s] Level 1:colcon.colcon_core.package_discovery:discover_packages(recursive) check parameters
[1.760s] Level 1:colcon.colcon_core.package_discovery:discover_packages(ignore) check parameters
[1.760s] Level 1:colcon.colcon_core.package_discovery:discover_packages(path) check parameters
[1.760s] Level 1:colcon.colcon_core.package_discovery:discover_packages(colcon_meta) discover
[1.762s] Level 1:colcon.colcon_core.package_discovery:discover_packages(recursive) discover
[1.762s] INFO:colcon.colcon_core.package_discovery:Crawling recursively for packages in '/workspaces/ROS_PointCloud_AGV/src/cpp_pub_sub'
[1.763s] Level 1:colcon.colcon_core.package_identification:_identify(.) by extensions ['ignore', 'ignore_ament_install']
[1.764s] Level 1:colcon.colcon_core.package_identification:_identify(.) by extension 'ignore'
[1.764s] Level 1:colcon.colcon_core.package_identification:_identify(.) by extension 'ignore_ament_install'
[1.765s] Level 1:colcon.colcon_core.package_identification:_identify(.) by extensions ['colcon_pkg']
[1.765s] Level 1:colcon.colcon_core.package_identification:_identify(.) by extension 'colcon_pkg'
[1.765s] Level 1:colcon.colcon_core.package_identification:_identify(.) by extensions ['colcon_meta']
[1.765s] Level 1:colcon.colcon_core.package_identification:_identify(.) by extension 'colcon_meta'
[1.766s] Level 1:colcon.colcon_core.package_identification:_identify(.) by extensions ['ros']
[1.766s] Level 1:colcon.colcon_core.package_identification:_identify(.) by extension 'ros'
[1.980s] DEBUG:colcon.colcon_core.package_identification:Package '.' with type 'ros.ament_cmake' and name 'cpp_pub_sub'
[1.981s] Level 1:colcon.colcon_core.package_discovery:discover_packages(recursive) using defaults
[1.983s] Level 1:colcon.colcon_core.package_discovery:discover_packages(ignore) discover
[1.983s] Level 1:colcon.colcon_core.package_discovery:discover_packages(ignore) using defaults
[1.983s] Level 1:colcon.colcon_core.package_discovery:discover_packages(path) discover
[1.983s] Level 1:colcon.colcon_core.package_discovery:discover_packages(path) using defaults
[2.094s] Level 5:colcon.colcon_core.verb:set package 'cpp_pub_sub' build argument 'cmake_args' from command line to 'None'
[2.094s] Level 5:colcon.colcon_core.verb:set package 'cpp_pub_sub' build argument 'cmake_target' from command line to 'None'
[2.095s] Level 5:colcon.colcon_core.verb:set package 'cpp_pub_sub' build argument 'cmake_target_skip_unavailable' from command line to 'False'
[2.095s] Level 5:colcon.colcon_core.verb:set package 'cpp_pub_sub' build argument 'cmake_clean_cache' from command line to 'False'
[2.095s] Level 5:colcon.colcon_core.verb:set package 'cpp_pub_sub' build argument 'cmake_clean_first' from command line to 'False'
[2.096s] Level 5:colcon.colcon_core.verb:set package 'cpp_pub_sub' build argument 'cmake_force_configure' from command line to 'False'
[2.096s] Level 5:colcon.colcon_core.verb:set package 'cpp_pub_sub' build argument 'ament_cmake_args' from command line to 'None'
[2.096s] Level 5:colcon.colcon_core.verb:set package 'cpp_pub_sub' build argument 'catkin_cmake_args' from command line to 'None'
[2.096s] Level 5:colcon.colcon_core.verb:set package 'cpp_pub_sub' build argument 'catkin_skip_building_tests' from command line to 'False'
[2.096s] DEBUG:colcon.colcon_core.verb:Building package 'cpp_pub_sub' with the following arguments: {'ament_cmake_args': None, 'build_base': '/workspaces/ROS_PointCloud_AGV/src/cpp_pub_sub/build/cpp_pub_sub', 'catkin_cmake_args': None, 'catkin_skip_building_tests': False, 'cmake_args': None, 'cmake_clean_cache': False, 'cmake_clean_first': False, 'cmake_force_configure': False, 'cmake_target': None, 'cmake_target_skip_unavailable': False, 'install_base': '/workspaces/ROS_PointCloud_AGV/src/cpp_pub_sub/install/cpp_pub_sub', 'merge_install': False, 'path': '/workspaces/ROS_PointCloud_AGV/src/cpp_pub_sub', 'symlink_install': False, 'test_result_base': None}
[2.098s] INFO:colcon.colcon_core.executor:Executing jobs using 'parallel' executor
[2.113s] DEBUG:colcon.colcon_parallel_executor.executor.parallel:run_until_complete
[2.119s] INFO:colcon.colcon_ros.task.ament_cmake.build:Building ROS package in '/workspaces/ROS_PointCloud_AGV/src/cpp_pub_sub' with build type 'ament_cmake'
[2.119s] INFO:colcon.colcon_cmake.task.cmake.build:Building CMake package in '/workspaces/ROS_PointCloud_AGV/src/cpp_pub_sub'
[2.133s] INFO:colcon.colcon_core.plugin_system:Skipping extension 'colcon_core.shell.bat': Not used on non-Windows systems
[2.135s] INFO:colcon.colcon_core.shell:Skip shell extension 'powershell' for command environment: Not usable outside of PowerShell
[2.135s] DEBUG:colcon.colcon_core.shell:Skip shell extension 'dsv' for command environment
[2.208s] DEBUG:colcon.colcon_core.event_handler.log_command:Invoking command in '/workspaces/ROS_PointCloud_AGV/src/cpp_pub_sub/build/cpp_pub_sub': /usr/local/bin/cmake /workspaces/ROS_PointCloud_AGV/src/cpp_pub_sub -DCMAKE_INSTALL_PREFIX=/workspaces/ROS_PointCloud_AGV/src/cpp_pub_sub/install/cpp_pub_sub
[8.142s] DEBUG:colcon.colcon_core.event_handler.log_command:Invoked command in '/workspaces/ROS_PointCloud_AGV/src/cpp_pub_sub/build/cpp_pub_sub' returned '1': /usr/local/bin/cmake /workspaces/ROS_PointCloud_AGV/src/cpp_pub_sub -DCMAKE_INSTALL_PREFIX=/workspaces/ROS_PointCloud_AGV/src/cpp_pub_sub/install/cpp_pub_sub
[8.333s] Level 1:colcon.colcon_core.environment:create_environment_scripts_only(cpp_pub_sub)
[8.346s] Level 1:colcon.colcon_core.environment:checking '/workspaces/ROS_PointCloud_AGV/src/cpp_pub_sub/install/cpp_pub_sub' for CMake module files
[8.349s] Level 1:colcon.colcon_core.environment:checking '/workspaces/ROS_PointCloud_AGV/src/cpp_pub_sub/install/cpp_pub_sub' for CMake config files
[8.352s] Level 1:colcon.colcon_core.environment:checking '/workspaces/ROS_PointCloud_AGV/src/cpp_pub_sub/install/cpp_pub_sub/bin'
[8.353s] Level 1:colcon.colcon_core.environment:checking '/workspaces/ROS_PointCloud_AGV/src/cpp_pub_sub/install/cpp_pub_sub/lib/pkgconfig/cpp_pub_sub.pc'
[8.354s] Level 1:colcon.colcon_core.environment:checking '/workspaces/ROS_PointCloud_AGV/src/cpp_pub_sub/install/cpp_pub_sub/lib/python3.6/site-packages'
[8.354s] Level 1:colcon.colcon_core.environment:checking '/workspaces/ROS_PointCloud_AGV/src/cpp_pub_sub/install/cpp_pub_sub/bin'
[8.356s] INFO:colcon.colcon_core.shell:Creating package script '/workspaces/ROS_PointCloud_AGV/src/cpp_pub_sub/install/cpp_pub_sub/share/cpp_pub_sub/package.ps1'
[8.362s] INFO:colcon.colcon_core.shell:Creating package descriptor '/workspaces/ROS_PointCloud_AGV/src/cpp_pub_sub/install/cpp_pub_sub/share/cpp_pub_sub/package.dsv'
[8.365s] INFO:colcon.colcon_core.shell:Creating package script '/workspaces/ROS_PointCloud_AGV/src/cpp_pub_sub/install/cpp_pub_sub/share/cpp_pub_sub/package.sh'
[8.369s] INFO:colcon.colcon_core.shell:Creating package script '/workspaces/ROS_PointCloud_AGV/src/cpp_pub_sub/install/cpp_pub_sub/share/cpp_pub_sub/package.bash'
[8.373s] INFO:colcon.colcon_core.shell:Creating package script '/workspaces/ROS_PointCloud_AGV/src/cpp_pub_sub/install/cpp_pub_sub/share/cpp_pub_sub/package.zsh'
[8.377s] Level 1:colcon.colcon_core.environment:create_file_with_runtime_dependencies(/workspaces/ROS_PointCloud_AGV/src/cpp_pub_sub/install/cpp_pub_sub/share/colcon-core/packages/cpp_pub_sub)
[8.391s] DEBUG:colcon.colcon_parallel_executor.executor.parallel:closing loop
[8.392s] DEBUG:colcon.colcon_parallel_executor.executor.parallel:loop closed
[8.392s] DEBUG:colcon.colcon_parallel_executor.executor.parallel:run_until_complete finished with '1'
[8.393s] DEBUG:colcon.colcon_core.event_reactor:joining thread
[8.420s] INFO:colcon.colcon_core.plugin_system:Skipping extension 'colcon_notification.desktop_notification.notify_send': Could not find 'notify-send'
[8.420s] INFO:colcon.colcon_core.plugin_system:Skipping extension 'colcon_notification.desktop_notification.terminal_notifier': Not used on non-Darwin systems
[8.421s] INFO:colcon.colcon_core.plugin_system:Skipping extension 'colcon_notification.desktop_notification.win32': Not used on non-Windows systems
[8.421s] INFO:colcon.colcon_notification.desktop_notification:Sending desktop notification using 'notify2'
[8.422s] DEBUG:colcon.colcon_notification.desktop_notification.notify2:Failed to initialize notify2: org.freedesktop.DBus.Error.InvalidFileContent: D-Bus library appears to be incorrectly set up: see the manual page for dbus-uuidgen to correct this issue. (Failed to open "/var/lib/dbus/machine-id": No such file or directory; UUID file '/etc/machine-id' should contain a hex string of length 32, not length 0, with no other text)
[8.422s] DEBUG:colcon.colcon_core.event_reactor:joined thread
[8.424s] INFO:colcon.colcon_core.shell:Creating prefix script '/workspaces/ROS_PointCloud_AGV/src/cpp_pub_sub/install/local_setup.ps1'
[8.431s] INFO:colcon.colcon_core.shell:Creating prefix util module '/workspaces/ROS_PointCloud_AGV/src/cpp_pub_sub/install/_local_setup_util_ps1.py'
[8.441s] INFO:colcon.colcon_core.shell:Creating prefix chain script '/workspaces/ROS_PointCloud_AGV/src/cpp_pub_sub/install/setup.ps1'
[8.448s] INFO:colcon.colcon_core.shell:Creating prefix script '/workspaces/ROS_PointCloud_AGV/src/cpp_pub_sub/install/local_setup.sh'
[8.451s] INFO:colcon.colcon_core.shell:Creating prefix util module '/workspaces/ROS_PointCloud_AGV/src/cpp_pub_sub/install/_local_setup_util_sh.py'
[8.454s] INFO:colcon.colcon_core.shell:Creating prefix chain script '/workspaces/ROS_PointCloud_AGV/src/cpp_pub_sub/install/setup.sh'
[8.461s] INFO:colcon.colcon_core.shell:Creating prefix script '/workspaces/ROS_PointCloud_AGV/src/cpp_pub_sub/install/local_setup.bash'
[8.464s] INFO:colcon.colcon_core.shell:Creating prefix chain script '/workspaces/ROS_PointCloud_AGV/src/cpp_pub_sub/install/setup.bash'
[8.471s] INFO:colcon.colcon_core.shell:Creating prefix script '/workspaces/ROS_PointCloud_AGV/src/cpp_pub_sub/install/local_setup.zsh'
[8.474s] INFO:colcon.colcon_core.shell:Creating prefix chain script '/workspaces/ROS_PointCloud_AGV/src/cpp_pub_sub/install/setup.zsh'
